{"/home/mhashim/Desktop/NewWork/AutoMart/server.js":{"path":"/home/mhashim/Desktop/NewWork/AutoMart/server.js","statementMap":{"0":{"start":{"line":3,"column":0},"end":{"line":5,"column":3}},"1":{"start":{"line":6,"column":0},"end":{"line":6,"column":25}},"2":{"start":{"line":8,"column":15},"end":{"line":8,"column":57}},"3":{"start":{"line":10,"column":18},"end":{"line":10,"column":81}},"4":{"start":{"line":12,"column":12},"end":{"line":12,"column":69}},"5":{"start":{"line":14,"column":14},"end":{"line":14,"column":73}},"6":{"start":{"line":16,"column":12},"end":{"line":16,"column":69}},"7":{"start":{"line":18,"column":32},"end":{"line":18,"column":109}},"8":{"start":{"line":20,"column":24},"end":{"line":20,"column":93}},"9":{"start":{"line":22,"column":20},"end":{"line":22,"column":85}},"10":{"start":{"line":24,"column":23},"end":{"line":24,"column":91}},"11":{"start":{"line":26,"column":23},"end":{"line":26,"column":91}},"12":{"start":{"line":28,"column":23},"end":{"line":28,"column":91}},"13":{"start":{"line":30,"column":18},"end":{"line":30,"column":81}},"14":{"start":{"line":32,"column":18},"end":{"line":32,"column":81}},"15":{"start":{"line":34,"column":39},"end":{"line":34,"column":93}},"16":{"start":{"line":37,"column":12},"end":{"line":37,"column":35}},"17":{"start":{"line":38,"column":0},"end":{"line":38,"column":33}},"18":{"start":{"line":39,"column":0},"end":{"line":43,"column":3}},"19":{"start":{"line":40,"column":2},"end":{"line":42,"column":5}},"20":{"start":{"line":45,"column":0},"end":{"line":45,"column":75}},"21":{"start":{"line":49,"column":0},"end":{"line":49,"column":84}},"22":{"start":{"line":53,"column":0},"end":{"line":53,"column":101}},"23":{"start":{"line":56,"column":0},"end":{"line":56,"column":102}},"24":{"start":{"line":58,"column":0},"end":{"line":58,"column":126}},"25":{"start":{"line":60,"column":0},"end":{"line":60,"column":87}},"26":{"start":{"line":62,"column":0},"end":{"line":62,"column":92}},"27":{"start":{"line":64,"column":0},"end":{"line":64,"column":126}},"28":{"start":{"line":66,"column":0},"end":{"line":66,"column":60}},"29":{"start":{"line":68,"column":0},"end":{"line":68,"column":132}},"30":{"start":{"line":70,"column":0},"end":{"line":70,"column":93}},"31":{"start":{"line":74,"column":0},"end":{"line":74,"column":61}},"32":{"start":{"line":76,"column":0},"end":{"line":76,"column":59}},"33":{"start":{"line":77,"column":0},"end":{"line":77,"column":63}},"34":{"start":{"line":78,"column":0},"end":{"line":78,"column":60}},"35":{"start":{"line":79,"column":0},"end":{"line":79,"column":63}},"36":{"start":{"line":80,"column":0},"end":{"line":80,"column":66}},"37":{"start":{"line":81,"column":0},"end":{"line":81,"column":17}},"38":{"start":{"line":82,"column":0},"end":{"line":82,"column":42}},"39":{"start":{"line":83,"column":15},"end":{"line":83,"column":18}},"40":{"start":{"line":84,"column":0},"end":{"line":84,"column":27}}},"fnMap":{"0":{"name":"_interopRequireDefault","decl":{"start":{"line":34,"column":9},"end":{"line":34,"column":31}},"loc":{"start":{"line":34,"column":37},"end":{"line":34,"column":95}},"line":34},"1":{"name":"(anonymous_1)","decl":{"start":{"line":39,"column":13},"end":{"line":39,"column":14}},"loc":{"start":{"line":39,"column":27},"end":{"line":43,"column":1}},"line":39}},"branchMap":{"0":{"loc":{"start":{"line":34,"column":46},"end":{"line":34,"column":92}},"type":"cond-expr","locations":[{"start":{"line":34,"column":70},"end":{"line":34,"column":73}},{"start":{"line":34,"column":76},"end":{"line":34,"column":92}}],"line":34},"1":{"loc":{"start":{"line":34,"column":46},"end":{"line":34,"column":67}},"type":"binary-expr","locations":[{"start":{"line":34,"column":46},"end":{"line":34,"column":49}},{"start":{"line":34,"column":53},"end":{"line":34,"column":67}}],"line":34}},"s":{"0":1,"1":1,"2":1,"3":1,"4":1,"5":1,"6":1,"7":1,"8":1,"9":1,"10":1,"11":1,"12":1,"13":1,"14":1,"15":13,"16":1,"17":1,"18":1,"19":0,"20":1,"21":1,"22":1,"23":1,"24":1,"25":1,"26":1,"27":1,"28":1,"29":1,"30":1,"31":1,"32":1,"33":1,"34":1,"35":1,"36":1,"37":1,"38":1,"39":1,"40":1},"f":{"0":13,"1":0},"b":{"0":[4,9],"1":[13,13]},"_coverageSchema":"43e27e138ebf9cfc5966b082cf9a028302ed4184","hash":"16992481d09f3e5ffaceb353f87aa517b51527a3","contentHash":"12ba0ae725b126cf810fc1bc10b46f8b2ac4df856ac114cd9c7a08dd047f391e"},"/home/mhashim/Desktop/NewWork/AutoMart/src/controllers/Reflection.js":{"path":"/home/mhashim/Desktop/NewWork/AutoMart/src/controllers/Reflection.js","statementMap":{"0":{"start":{"line":3,"column":0},"end":{"line":5,"column":3}},"1":{"start":{"line":6,"column":0},"end":{"line":6,"column":25}},"2":{"start":{"line":8,"column":18},"end":{"line":8,"column":73}},"3":{"start":{"line":10,"column":39},"end":{"line":10,"column":93}},"4":{"start":{"line":12,"column":12},"end":{"line":12,"column":26}},"5":{"start":{"line":14,"column":19},"end":{"line":385,"column":1}},"6":{"start":{"line":22,"column":4},"end":{"line":26,"column":5}},"7":{"start":{"line":23,"column":6},"end":{"line":25,"column":9}},"8":{"start":{"line":28,"column":23},"end":{"line":28,"column":64}},"9":{"start":{"line":30,"column":4},"end":{"line":30,"column":44}},"10":{"start":{"line":34,"column":4},"end":{"line":38,"column":5}},"11":{"start":{"line":35,"column":6},"end":{"line":37,"column":9}},"12":{"start":{"line":40,"column":23},"end":{"line":40,"column":70}},"13":{"start":{"line":42,"column":4},"end":{"line":42,"column":44}},"14":{"start":{"line":46,"column":16},"end":{"line":46,"column":43}},"15":{"start":{"line":48,"column":4},"end":{"line":52,"column":5}},"16":{"start":{"line":49,"column":6},"end":{"line":51,"column":9}},"17":{"start":{"line":54,"column":23},"end":{"line":54,"column":71}},"18":{"start":{"line":56,"column":24},"end":{"line":56,"column":54}},"19":{"start":{"line":58,"column":4},"end":{"line":71,"column":5}},"20":{"start":{"line":59,"column":6},"end":{"line":63,"column":9}},"21":{"start":{"line":65,"column":6},"end":{"line":65,"column":76}},"22":{"start":{"line":66,"column":6},"end":{"line":70,"column":9}},"23":{"start":{"line":75,"column":16},"end":{"line":75,"column":43}},"24":{"start":{"line":77,"column":4},"end":{"line":81,"column":5}},"25":{"start":{"line":78,"column":6},"end":{"line":80,"column":9}},"26":{"start":{"line":83,"column":23},"end":{"line":83,"column":92}},"27":{"start":{"line":85,"column":24},"end":{"line":85,"column":54}},"28":{"start":{"line":87,"column":4},"end":{"line":99,"column":5}},"29":{"start":{"line":88,"column":6},"end":{"line":92,"column":9}},"30":{"start":{"line":94,"column":6},"end":{"line":98,"column":9}},"31":{"start":{"line":110,"column":24},"end":{"line":110,"column":53}},"32":{"start":{"line":112,"column":4},"end":{"line":112,"column":45}},"33":{"start":{"line":116,"column":24},"end":{"line":116,"column":64}},"34":{"start":{"line":118,"column":4},"end":{"line":118,"column":45}},"35":{"start":{"line":122,"column":24},"end":{"line":122,"column":60}},"36":{"start":{"line":124,"column":4},"end":{"line":128,"column":7}},"37":{"start":{"line":132,"column":24},"end":{"line":132,"column":59}},"38":{"start":{"line":134,"column":4},"end":{"line":138,"column":7}},"39":{"start":{"line":148,"column":23},"end":{"line":148,"column":65}},"40":{"start":{"line":150,"column":4},"end":{"line":154,"column":5}},"41":{"start":{"line":151,"column":6},"end":{"line":153,"column":9}},"42":{"start":{"line":156,"column":4},"end":{"line":156,"column":44}},"43":{"start":{"line":160,"column":23},"end":{"line":160,"column":69}},"44":{"start":{"line":162,"column":4},"end":{"line":166,"column":5}},"45":{"start":{"line":163,"column":6},"end":{"line":165,"column":9}},"46":{"start":{"line":168,"column":4},"end":{"line":172,"column":7}},"47":{"start":{"line":176,"column":23},"end":{"line":176,"column":68}},"48":{"start":{"line":178,"column":4},"end":{"line":182,"column":5}},"49":{"start":{"line":179,"column":6},"end":{"line":181,"column":9}},"50":{"start":{"line":184,"column":4},"end":{"line":188,"column":7}},"51":{"start":{"line":192,"column":23},"end":{"line":192,"column":88}},"52":{"start":{"line":194,"column":4},"end":{"line":198,"column":5}},"53":{"start":{"line":195,"column":6},"end":{"line":197,"column":9}},"54":{"start":{"line":200,"column":4},"end":{"line":200,"column":44}},"55":{"start":{"line":204,"column":23},"end":{"line":204,"column":75}},"56":{"start":{"line":206,"column":4},"end":{"line":210,"column":5}},"57":{"start":{"line":207,"column":6},"end":{"line":209,"column":9}},"58":{"start":{"line":212,"column":4},"end":{"line":216,"column":7}},"59":{"start":{"line":220,"column":23},"end":{"line":220,"column":66}},"60":{"start":{"line":222,"column":4},"end":{"line":226,"column":5}},"61":{"start":{"line":223,"column":6},"end":{"line":225,"column":9}},"62":{"start":{"line":228,"column":4},"end":{"line":228,"column":44}},"63":{"start":{"line":238,"column":23},"end":{"line":238,"column":65}},"64":{"start":{"line":240,"column":4},"end":{"line":244,"column":5}},"65":{"start":{"line":241,"column":6},"end":{"line":243,"column":9}},"66":{"start":{"line":246,"column":30},"end":{"line":246,"column":81}},"67":{"start":{"line":248,"column":4},"end":{"line":248,"column":51}},"68":{"start":{"line":252,"column":16},"end":{"line":252,"column":43}},"69":{"start":{"line":253,"column":20},"end":{"line":253,"column":40}},"70":{"start":{"line":255,"column":23},"end":{"line":255,"column":69}},"71":{"start":{"line":263,"column":30},"end":{"line":263,"column":98}},"72":{"start":{"line":265,"column":4},"end":{"line":265,"column":35}},"73":{"start":{"line":266,"column":24},"end":{"line":266,"column":61}},"74":{"start":{"line":268,"column":4},"end":{"line":280,"column":5}},"75":{"start":{"line":269,"column":6},"end":{"line":273,"column":9}},"76":{"start":{"line":275,"column":6},"end":{"line":279,"column":9}},"77":{"start":{"line":285,"column":16},"end":{"line":285,"column":43}},"78":{"start":{"line":286,"column":20},"end":{"line":286,"column":40}},"79":{"start":{"line":288,"column":23},"end":{"line":288,"column":68}},"80":{"start":{"line":296,"column":30},"end":{"line":296,"column":97}},"81":{"start":{"line":298,"column":24},"end":{"line":298,"column":61}},"82":{"start":{"line":300,"column":4},"end":{"line":312,"column":5}},"83":{"start":{"line":301,"column":6},"end":{"line":305,"column":9}},"84":{"start":{"line":307,"column":6},"end":{"line":311,"column":9}},"85":{"start":{"line":316,"column":16},"end":{"line":316,"column":43}},"86":{"start":{"line":317,"column":20},"end":{"line":317,"column":40}},"87":{"start":{"line":319,"column":23},"end":{"line":319,"column":68}},"88":{"start":{"line":327,"column":30},"end":{"line":327,"column":96}},"89":{"start":{"line":329,"column":24},"end":{"line":329,"column":61}},"90":{"start":{"line":331,"column":4},"end":{"line":343,"column":5}},"91":{"start":{"line":332,"column":6},"end":{"line":336,"column":9}},"92":{"start":{"line":338,"column":6},"end":{"line":342,"column":9}},"93":{"start":{"line":353,"column":23},"end":{"line":353,"column":68}},"94":{"start":{"line":355,"column":4},"end":{"line":359,"column":5}},"95":{"start":{"line":356,"column":6},"end":{"line":358,"column":9}},"96":{"start":{"line":361,"column":16},"end":{"line":361,"column":62}},"97":{"start":{"line":363,"column":24},"end":{"line":363,"column":69}},"98":{"start":{"line":365,"column":4},"end":{"line":368,"column":7}},"99":{"start":{"line":372,"column":23},"end":{"line":372,"column":65}},"100":{"start":{"line":374,"column":4},"end":{"line":378,"column":5}},"101":{"start":{"line":375,"column":6},"end":{"line":377,"column":9}},"102":{"start":{"line":380,"column":16},"end":{"line":380,"column":57}},"103":{"start":{"line":382,"column":4},"end":{"line":382,"column":37}},"104":{"start":{"line":386,"column":15},"end":{"line":386,"column":25}},"105":{"start":{"line":387,"column":0},"end":{"line":387,"column":27}}},"fnMap":{"0":{"name":"_interopRequireDefault","decl":{"start":{"line":10,"column":9},"end":{"line":10,"column":31}},"loc":{"start":{"line":10,"column":37},"end":{"line":10,"column":95}},"line":10},"1":{"name":"(anonymous_1)","decl":{"start":{"line":21,"column":2},"end":{"line":21,"column":3}},"loc":{"start":{"line":21,"column":19},"end":{"line":31,"column":3}},"line":21},"2":{"name":"(anonymous_2)","decl":{"start":{"line":33,"column":2},"end":{"line":33,"column":3}},"loc":{"start":{"line":33,"column":25},"end":{"line":43,"column":3}},"line":33},"3":{"name":"(anonymous_3)","decl":{"start":{"line":45,"column":2},"end":{"line":45,"column":3}},"loc":{"start":{"line":45,"column":24},"end":{"line":72,"column":3}},"line":45},"4":{"name":"(anonymous_4)","decl":{"start":{"line":74,"column":2},"end":{"line":74,"column":3}},"loc":{"start":{"line":74,"column":26},"end":{"line":101,"column":3}},"line":74},"5":{"name":"(anonymous_5)","decl":{"start":{"line":109,"column":2},"end":{"line":109,"column":3}},"loc":{"start":{"line":109,"column":19},"end":{"line":113,"column":3}},"line":109},"6":{"name":"(anonymous_6)","decl":{"start":{"line":115,"column":2},"end":{"line":115,"column":3}},"loc":{"start":{"line":115,"column":30},"end":{"line":119,"column":3}},"line":115},"7":{"name":"(anonymous_7)","decl":{"start":{"line":121,"column":2},"end":{"line":121,"column":3}},"loc":{"start":{"line":121,"column":26},"end":{"line":129,"column":3}},"line":121},"8":{"name":"(anonymous_8)","decl":{"start":{"line":131,"column":2},"end":{"line":131,"column":3}},"loc":{"start":{"line":131,"column":25},"end":{"line":139,"column":3}},"line":131},"9":{"name":"(anonymous_9)","decl":{"start":{"line":147,"column":2},"end":{"line":147,"column":3}},"loc":{"start":{"line":147,"column":19},"end":{"line":157,"column":3}},"line":147},"10":{"name":"(anonymous_10)","decl":{"start":{"line":159,"column":2},"end":{"line":159,"column":3}},"loc":{"start":{"line":159,"column":24},"end":{"line":173,"column":3}},"line":159},"11":{"name":"(anonymous_11)","decl":{"start":{"line":175,"column":2},"end":{"line":175,"column":3}},"loc":{"start":{"line":175,"column":22},"end":{"line":189,"column":3}},"line":175},"12":{"name":"(anonymous_12)","decl":{"start":{"line":191,"column":2},"end":{"line":191,"column":3}},"loc":{"start":{"line":191,"column":18},"end":{"line":201,"column":3}},"line":191},"13":{"name":"(anonymous_13)","decl":{"start":{"line":203,"column":2},"end":{"line":203,"column":3}},"loc":{"start":{"line":203,"column":35},"end":{"line":217,"column":3}},"line":203},"14":{"name":"(anonymous_14)","decl":{"start":{"line":219,"column":2},"end":{"line":219,"column":3}},"loc":{"start":{"line":219,"column":25},"end":{"line":229,"column":3}},"line":219},"15":{"name":"(anonymous_15)","decl":{"start":{"line":237,"column":2},"end":{"line":237,"column":3}},"loc":{"start":{"line":237,"column":19},"end":{"line":249,"column":3}},"line":237},"16":{"name":"(anonymous_16)","decl":{"start":{"line":251,"column":2},"end":{"line":251,"column":3}},"loc":{"start":{"line":251,"column":29},"end":{"line":281,"column":3}},"line":251},"17":{"name":"(anonymous_17)","decl":{"start":{"line":284,"column":2},"end":{"line":284,"column":3}},"loc":{"start":{"line":284,"column":28},"end":{"line":313,"column":3}},"line":284},"18":{"name":"(anonymous_18)","decl":{"start":{"line":315,"column":2},"end":{"line":315,"column":3}},"loc":{"start":{"line":315,"column":27},"end":{"line":344,"column":3}},"line":315},"19":{"name":"(anonymous_19)","decl":{"start":{"line":352,"column":2},"end":{"line":352,"column":3}},"loc":{"start":{"line":352,"column":24},"end":{"line":369,"column":3}},"line":352},"20":{"name":"(anonymous_20)","decl":{"start":{"line":371,"column":2},"end":{"line":371,"column":3}},"loc":{"start":{"line":371,"column":19},"end":{"line":383,"column":3}},"line":371}},"branchMap":{"0":{"loc":{"start":{"line":10,"column":46},"end":{"line":10,"column":92}},"type":"cond-expr","locations":[{"start":{"line":10,"column":70},"end":{"line":10,"column":73}},{"start":{"line":10,"column":76},"end":{"line":10,"column":92}}],"line":10},"1":{"loc":{"start":{"line":10,"column":46},"end":{"line":10,"column":67}},"type":"binary-expr","locations":[{"start":{"line":10,"column":46},"end":{"line":10,"column":49}},{"start":{"line":10,"column":53},"end":{"line":10,"column":67}}],"line":10},"2":{"loc":{"start":{"line":22,"column":4},"end":{"line":26,"column":5}},"type":"if","locations":[{"start":{"line":22,"column":4},"end":{"line":26,"column":5}},{"start":{"line":22,"column":4},"end":{"line":26,"column":5}}],"line":22},"3":{"loc":{"start":{"line":22,"column":8},"end":{"line":22,"column":84}},"type":"binary-expr","locations":[{"start":{"line":22,"column":8},"end":{"line":22,"column":28}},{"start":{"line":22,"column":32},"end":{"line":22,"column":57}},{"start":{"line":22,"column":61},"end":{"line":22,"column":84}}],"line":22},"4":{"loc":{"start":{"line":34,"column":4},"end":{"line":38,"column":5}},"type":"if","locations":[{"start":{"line":34,"column":4},"end":{"line":38,"column":5}},{"start":{"line":34,"column":4},"end":{"line":38,"column":5}}],"line":34},"5":{"loc":{"start":{"line":34,"column":8},"end":{"line":34,"column":84}},"type":"binary-expr","locations":[{"start":{"line":34,"column":8},"end":{"line":34,"column":28}},{"start":{"line":34,"column":32},"end":{"line":34,"column":57}},{"start":{"line":34,"column":61},"end":{"line":34,"column":84}}],"line":34},"6":{"loc":{"start":{"line":48,"column":4},"end":{"line":52,"column":5}},"type":"if","locations":[{"start":{"line":48,"column":4},"end":{"line":52,"column":5}},{"start":{"line":48,"column":4},"end":{"line":52,"column":5}}],"line":48},"7":{"loc":{"start":{"line":48,"column":8},"end":{"line":48,"column":48}},"type":"binary-expr","locations":[{"start":{"line":48,"column":8},"end":{"line":48,"column":29}},{"start":{"line":48,"column":33},"end":{"line":48,"column":48}}],"line":48},"8":{"loc":{"start":{"line":58,"column":4},"end":{"line":71,"column":5}},"type":"if","locations":[{"start":{"line":58,"column":4},"end":{"line":71,"column":5}},{"start":{"line":58,"column":4},"end":{"line":71,"column":5}}],"line":58},"9":{"loc":{"start":{"line":77,"column":4},"end":{"line":81,"column":5}},"type":"if","locations":[{"start":{"line":77,"column":4},"end":{"line":81,"column":5}},{"start":{"line":77,"column":4},"end":{"line":81,"column":5}}],"line":77},"10":{"loc":{"start":{"line":87,"column":4},"end":{"line":99,"column":5}},"type":"if","locations":[{"start":{"line":87,"column":4},"end":{"line":99,"column":5}},{"start":{"line":87,"column":4},"end":{"line":99,"column":5}}],"line":87},"11":{"loc":{"start":{"line":150,"column":4},"end":{"line":154,"column":5}},"type":"if","locations":[{"start":{"line":150,"column":4},"end":{"line":154,"column":5}},{"start":{"line":150,"column":4},"end":{"line":154,"column":5}}],"line":150},"12":{"loc":{"start":{"line":162,"column":4},"end":{"line":166,"column":5}},"type":"if","locations":[{"start":{"line":162,"column":4},"end":{"line":166,"column":5}},{"start":{"line":162,"column":4},"end":{"line":166,"column":5}}],"line":162},"13":{"loc":{"start":{"line":178,"column":4},"end":{"line":182,"column":5}},"type":"if","locations":[{"start":{"line":178,"column":4},"end":{"line":182,"column":5}},{"start":{"line":178,"column":4},"end":{"line":182,"column":5}}],"line":178},"14":{"loc":{"start":{"line":194,"column":4},"end":{"line":198,"column":5}},"type":"if","locations":[{"start":{"line":194,"column":4},"end":{"line":198,"column":5}},{"start":{"line":194,"column":4},"end":{"line":198,"column":5}}],"line":194},"15":{"loc":{"start":{"line":206,"column":4},"end":{"line":210,"column":5}},"type":"if","locations":[{"start":{"line":206,"column":4},"end":{"line":210,"column":5}},{"start":{"line":206,"column":4},"end":{"line":210,"column":5}}],"line":206},"16":{"loc":{"start":{"line":222,"column":4},"end":{"line":226,"column":5}},"type":"if","locations":[{"start":{"line":222,"column":4},"end":{"line":226,"column":5}},{"start":{"line":222,"column":4},"end":{"line":226,"column":5}}],"line":222},"17":{"loc":{"start":{"line":240,"column":4},"end":{"line":244,"column":5}},"type":"if","locations":[{"start":{"line":240,"column":4},"end":{"line":244,"column":5}},{"start":{"line":240,"column":4},"end":{"line":244,"column":5}}],"line":240},"18":{"loc":{"start":{"line":268,"column":4},"end":{"line":280,"column":5}},"type":"if","locations":[{"start":{"line":268,"column":4},"end":{"line":280,"column":5}},{"start":{"line":268,"column":4},"end":{"line":280,"column":5}}],"line":268},"19":{"loc":{"start":{"line":300,"column":4},"end":{"line":312,"column":5}},"type":"if","locations":[{"start":{"line":300,"column":4},"end":{"line":312,"column":5}},{"start":{"line":300,"column":4},"end":{"line":312,"column":5}}],"line":300},"20":{"loc":{"start":{"line":331,"column":4},"end":{"line":343,"column":5}},"type":"if","locations":[{"start":{"line":331,"column":4},"end":{"line":343,"column":5}},{"start":{"line":331,"column":4},"end":{"line":343,"column":5}}],"line":331},"21":{"loc":{"start":{"line":355,"column":4},"end":{"line":359,"column":5}},"type":"if","locations":[{"start":{"line":355,"column":4},"end":{"line":359,"column":5}},{"start":{"line":355,"column":4},"end":{"line":359,"column":5}}],"line":355},"22":{"loc":{"start":{"line":374,"column":4},"end":{"line":378,"column":5}},"type":"if","locations":[{"start":{"line":374,"column":4},"end":{"line":378,"column":5}},{"start":{"line":374,"column":4},"end":{"line":378,"column":5}}],"line":374}},"s":{"0":1,"1":1,"2":1,"3":1,"4":1,"5":1,"6":0,"7":0,"8":0,"9":0,"10":0,"11":0,"12":0,"13":0,"14":0,"15":0,"16":0,"17":0,"18":0,"19":0,"20":0,"21":0,"22":0,"23":0,"24":0,"25":0,"26":0,"27":0,"28":0,"29":0,"30":0,"31":0,"32":0,"33":0,"34":0,"35":0,"36":0,"37":0,"38":0,"39":0,"40":0,"41":0,"42":0,"43":0,"44":0,"45":0,"46":0,"47":0,"48":0,"49":0,"50":0,"51":0,"52":0,"53":0,"54":0,"55":0,"56":0,"57":0,"58":0,"59":0,"60":0,"61":0,"62":0,"63":0,"64":0,"65":0,"66":0,"67":0,"68":0,"69":0,"70":0,"71":0,"72":0,"73":0,"74":0,"75":0,"76":0,"77":0,"78":0,"79":0,"80":0,"81":0,"82":0,"83":0,"84":0,"85":0,"86":0,"87":0,"88":0,"89":0,"90":0,"91":0,"92":0,"93":0,"94":0,"95":0,"96":0,"97":0,"98":0,"99":0,"100":0,"101":0,"102":0,"103":0,"104":1,"105":1},"f":{"0":1,"1":0,"2":0,"3":0,"4":0,"5":0,"6":0,"7":0,"8":0,"9":0,"10":0,"11":0,"12":0,"13":0,"14":0,"15":0,"16":0,"17":0,"18":0,"19":0,"20":0},"b":{"0":[1,0],"1":[1,1],"2":[0,0],"3":[0,0,0],"4":[0,0],"5":[0,0,0],"6":[0,0],"7":[0,0],"8":[0,0],"9":[0,0],"10":[0,0],"11":[0,0],"12":[0,0],"13":[0,0],"14":[0,0],"15":[0,0],"16":[0,0],"17":[0,0],"18":[0,0],"19":[0,0],"20":[0,0],"21":[0,0],"22":[0,0]},"_coverageSchema":"43e27e138ebf9cfc5966b082cf9a028302ed4184","hash":"1bf9f0fe169e5572a6f113de828167ef4d06d6bc","contentHash":"a095d5d8d0e106e687d1573442b36045e5927cf757cbb27de7cf63129e2d6604"},"/home/mhashim/Desktop/NewWork/AutoMart/src/models/Reflection.js":{"path":"/home/mhashim/Desktop/NewWork/AutoMart/src/models/Reflection.js","statementMap":{"0":{"start":{"line":3,"column":0},"end":{"line":5,"column":3}},"1":{"start":{"line":6,"column":0},"end":{"line":6,"column":25}},"2":{"start":{"line":8,"column":14},"end":{"line":8,"column":55}},"3":{"start":{"line":10,"column":12},"end":{"line":10,"column":51}},"4":{"start":{"line":12,"column":12},"end":{"line":12,"column":61}},"5":{"start":{"line":14,"column":39},"end":{"line":14,"column":93}},"6":{"start":{"line":22,"column":4},"end":{"line":22,"column":26}},"7":{"start":{"line":23,"column":4},"end":{"line":23,"column":32}},"8":{"start":{"line":24,"column":4},"end":{"line":24,"column":38}},"9":{"start":{"line":25,"column":4},"end":{"line":25,"column":36}},"10":{"start":{"line":35,"column":26},"end":{"line":49,"column":5}},"11":{"start":{"line":50,"column":4},"end":{"line":50,"column":41}},"12":{"start":{"line":51,"column":4},"end":{"line":51,"column":25}},"13":{"start":{"line":57,"column":30},"end":{"line":71,"column":5}},"14":{"start":{"line":72,"column":4},"end":{"line":72,"column":51}},"15":{"start":{"line":73,"column":4},"end":{"line":73,"column":29}},"16":{"start":{"line":80,"column":23},"end":{"line":80,"column":89}},"17":{"start":{"line":80,"column":65},"end":{"line":80,"column":88}},"18":{"start":{"line":82,"column":4},"end":{"line":105,"column":5}},"19":{"start":{"line":83,"column":39},"end":{"line":86,"column":7}},"20":{"start":{"line":88,"column":6},"end":{"line":88,"column":38}},"21":{"start":{"line":91,"column":39},"end":{"line":102,"column":7}},"22":{"start":{"line":103,"column":6},"end":{"line":103,"column":66}},"23":{"start":{"line":104,"column":6},"end":{"line":104,"column":38}},"24":{"start":{"line":111,"column":23},"end":{"line":111,"column":89}},"25":{"start":{"line":111,"column":65},"end":{"line":111,"column":88}},"26":{"start":{"line":113,"column":4},"end":{"line":152,"column":5}},"27":{"start":{"line":114,"column":37},"end":{"line":117,"column":7}},"28":{"start":{"line":118,"column":6},"end":{"line":118,"column":36}},"29":{"start":{"line":120,"column":39},"end":{"line":120,"column":106}},"30":{"start":{"line":120,"column":84},"end":{"line":120,"column":105}},"31":{"start":{"line":121,"column":46},"end":{"line":121,"column":115}},"32":{"start":{"line":121,"column":89},"end":{"line":121,"column":114}},"33":{"start":{"line":123,"column":6},"end":{"line":151,"column":7}},"34":{"start":{"line":124,"column":44},"end":{"line":127,"column":9}},"35":{"start":{"line":128,"column":8},"end":{"line":128,"column":43}},"36":{"start":{"line":130,"column":8},"end":{"line":150,"column":9}},"37":{"start":{"line":131,"column":47},"end":{"line":134,"column":11}},"38":{"start":{"line":135,"column":10},"end":{"line":135,"column":46}},"39":{"start":{"line":138,"column":43},"end":{"line":147,"column":11}},"40":{"start":{"line":148,"column":10},"end":{"line":148,"column":68}},"41":{"start":{"line":149,"column":10},"end":{"line":149,"column":42}},"42":{"start":{"line":163,"column":4},"end":{"line":163,"column":63}},"43":{"start":{"line":163,"column":44},"end":{"line":163,"column":61}},"44":{"start":{"line":167,"column":4},"end":{"line":167,"column":73}},"45":{"start":{"line":167,"column":54},"end":{"line":167,"column":71}},"46":{"start":{"line":171,"column":4},"end":{"line":171,"column":75}},"47":{"start":{"line":171,"column":56},"end":{"line":171,"column":73}},"48":{"start":{"line":175,"column":4},"end":{"line":175,"column":123}},"49":{"start":{"line":175,"column":47},"end":{"line":175,"column":76}},"50":{"start":{"line":175,"column":93},"end":{"line":175,"column":120}},"51":{"start":{"line":185,"column":4},"end":{"line":191,"column":5}},"52":{"start":{"line":186,"column":6},"end":{"line":186,"column":42}},"53":{"start":{"line":187,"column":11},"end":{"line":191,"column":5}},"54":{"start":{"line":188,"column":6},"end":{"line":188,"column":89}},"55":{"start":{"line":188,"column":60},"end":{"line":188,"column":87}},"56":{"start":{"line":190,"column":6},"end":{"line":190,"column":207}},"57":{"start":{"line":190,"column":60},"end":{"line":190,"column":87}},"58":{"start":{"line":190,"column":107},"end":{"line":190,"column":146}},"59":{"start":{"line":190,"column":166},"end":{"line":190,"column":205}},"60":{"start":{"line":195,"column":4},"end":{"line":195,"column":90}},"61":{"start":{"line":195,"column":58},"end":{"line":195,"column":88}},"62":{"start":{"line":203,"column":4},"end":{"line":203,"column":28}},"63":{"start":{"line":207,"column":4},"end":{"line":207,"column":34}},"64":{"start":{"line":211,"column":4},"end":{"line":211,"column":40}},"65":{"start":{"line":215,"column":4},"end":{"line":215,"column":38}},"66":{"start":{"line":225,"column":23},"end":{"line":225,"column":39}},"67":{"start":{"line":226,"column":18},"end":{"line":226,"column":54}},"68":{"start":{"line":227,"column":4},"end":{"line":227,"column":76}},"69":{"start":{"line":228,"column":4},"end":{"line":228,"column":79}},"70":{"start":{"line":229,"column":4},"end":{"line":229,"column":79}},"71":{"start":{"line":230,"column":4},"end":{"line":230,"column":65}},"72":{"start":{"line":231,"column":4},"end":{"line":231,"column":35}},"73":{"start":{"line":236,"column":23},"end":{"line":236,"column":43}},"74":{"start":{"line":237,"column":18},"end":{"line":237,"column":64}},"75":{"start":{"line":239,"column":24},"end":{"line":239,"column":90}},"76":{"start":{"line":239,"column":66},"end":{"line":239,"column":89}},"77":{"start":{"line":241,"column":4},"end":{"line":289,"column":5}},"78":{"start":{"line":242,"column":39},"end":{"line":245,"column":7}},"79":{"start":{"line":247,"column":6},"end":{"line":247,"column":38}},"80":{"start":{"line":249,"column":6},"end":{"line":288,"column":9}},"81":{"start":{"line":250,"column":8},"end":{"line":280,"column":9}},"82":{"start":{"line":251,"column":25},"end":{"line":251,"column":65}},"83":{"start":{"line":252,"column":10},"end":{"line":252,"column":42}},"84":{"start":{"line":253,"column":37},"end":{"line":253,"column":60}},"85":{"start":{"line":255,"column":10},"end":{"line":273,"column":11}},"86":{"start":{"line":256,"column":12},"end":{"line":256,"column":148}},"87":{"start":{"line":257,"column":12},"end":{"line":257,"column":114}},"88":{"start":{"line":258,"column":12},"end":{"line":258,"column":67}},"89":{"start":{"line":259,"column":12},"end":{"line":259,"column":77}},"90":{"start":{"line":266,"column":12},"end":{"line":266,"column":53}},"91":{"start":{"line":268,"column":38},"end":{"line":271,"column":13}},"92":{"start":{"line":272,"column":12},"end":{"line":272,"column":37}},"93":{"start":{"line":275,"column":36},"end":{"line":278,"column":11}},"94":{"start":{"line":279,"column":10},"end":{"line":279,"column":35}},"95":{"start":{"line":283,"column":32},"end":{"line":286,"column":11}},"96":{"start":{"line":287,"column":10},"end":{"line":287,"column":31}},"97":{"start":{"line":293,"column":23},"end":{"line":293,"column":42}},"98":{"start":{"line":294,"column":18},"end":{"line":294,"column":66}},"99":{"start":{"line":296,"column":24},"end":{"line":296,"column":90}},"100":{"start":{"line":296,"column":66},"end":{"line":296,"column":89}},"101":{"start":{"line":298,"column":4},"end":{"line":324,"column":5}},"102":{"start":{"line":299,"column":39},"end":{"line":302,"column":7}},"103":{"start":{"line":304,"column":6},"end":{"line":304,"column":38}},"104":{"start":{"line":306,"column":6},"end":{"line":323,"column":7}},"105":{"start":{"line":307,"column":8},"end":{"line":316,"column":9}},"106":{"start":{"line":308,"column":10},"end":{"line":308,"column":62}},"107":{"start":{"line":309,"column":10},"end":{"line":309,"column":53}},"108":{"start":{"line":311,"column":36},"end":{"line":314,"column":11}},"109":{"start":{"line":315,"column":10},"end":{"line":315,"column":35}},"110":{"start":{"line":318,"column":34},"end":{"line":321,"column":9}},"111":{"start":{"line":322,"column":8},"end":{"line":322,"column":33}},"112":{"start":{"line":328,"column":23},"end":{"line":328,"column":42}},"113":{"start":{"line":329,"column":18},"end":{"line":329,"column":66}},"114":{"start":{"line":331,"column":24},"end":{"line":331,"column":90}},"115":{"start":{"line":331,"column":66},"end":{"line":331,"column":89}},"116":{"start":{"line":333,"column":4},"end":{"line":369,"column":5}},"117":{"start":{"line":334,"column":39},"end":{"line":337,"column":7}},"118":{"start":{"line":339,"column":6},"end":{"line":339,"column":38}},"119":{"start":{"line":341,"column":6},"end":{"line":368,"column":9}},"120":{"start":{"line":343,"column":8},"end":{"line":360,"column":9}},"121":{"start":{"line":344,"column":10},"end":{"line":353,"column":11}},"122":{"start":{"line":345,"column":12},"end":{"line":345,"column":79}},"123":{"start":{"line":346,"column":12},"end":{"line":346,"column":55}},"124":{"start":{"line":348,"column":38},"end":{"line":351,"column":13}},"125":{"start":{"line":352,"column":12},"end":{"line":352,"column":37}},"126":{"start":{"line":355,"column":36},"end":{"line":358,"column":11}},"127":{"start":{"line":359,"column":10},"end":{"line":359,"column":35}},"128":{"start":{"line":363,"column":36},"end":{"line":366,"column":11}},"129":{"start":{"line":367,"column":10},"end":{"line":367,"column":35}},"130":{"start":{"line":378,"column":23},"end":{"line":378,"column":42}},"131":{"start":{"line":379,"column":18},"end":{"line":379,"column":66}},"132":{"start":{"line":380,"column":4},"end":{"line":380,"column":50}},"133":{"start":{"line":381,"column":4},"end":{"line":383,"column":6}},"134":{"start":{"line":387,"column":23},"end":{"line":387,"column":39}},"135":{"start":{"line":388,"column":18},"end":{"line":388,"column":54}},"136":{"start":{"line":389,"column":4},"end":{"line":389,"column":38}},"137":{"start":{"line":390,"column":4},"end":{"line":390,"column":14}},"138":{"start":{"line":395,"column":15},"end":{"line":395,"column":31}},"139":{"start":{"line":397,"column":0},"end":{"line":397,"column":27}}},"fnMap":{"0":{"name":"_interopRequireDefault","decl":{"start":{"line":14,"column":9},"end":{"line":14,"column":31}},"loc":{"start":{"line":14,"column":37},"end":{"line":14,"column":95}},"line":14},"1":{"name":"(anonymous_1)","decl":{"start":{"line":21,"column":2},"end":{"line":21,"column":3}},"loc":{"start":{"line":21,"column":16},"end":{"line":26,"column":3}},"line":21},"2":{"name":"(anonymous_2)","decl":{"start":{"line":34,"column":2},"end":{"line":34,"column":3}},"loc":{"start":{"line":34,"column":15},"end":{"line":52,"column":3}},"line":34},"3":{"name":"(anonymous_3)","decl":{"start":{"line":56,"column":2},"end":{"line":56,"column":3}},"loc":{"start":{"line":56,"column":21},"end":{"line":74,"column":3}},"line":56},"4":{"name":"(anonymous_4)","decl":{"start":{"line":78,"column":2},"end":{"line":78,"column":3}},"loc":{"start":{"line":78,"column":27},"end":{"line":106,"column":3}},"line":78},"5":{"name":"(anonymous_5)","decl":{"start":{"line":80,"column":54},"end":{"line":80,"column":55}},"loc":{"start":{"line":80,"column":65},"end":{"line":80,"column":88}},"line":80},"6":{"name":"(anonymous_6)","decl":{"start":{"line":110,"column":2},"end":{"line":110,"column":3}},"loc":{"start":{"line":110,"column":37},"end":{"line":153,"column":3}},"line":110},"7":{"name":"(anonymous_7)","decl":{"start":{"line":111,"column":54},"end":{"line":111,"column":55}},"loc":{"start":{"line":111,"column":65},"end":{"line":111,"column":88}},"line":111},"8":{"name":"(anonymous_8)","decl":{"start":{"line":120,"column":73},"end":{"line":120,"column":74}},"loc":{"start":{"line":120,"column":84},"end":{"line":120,"column":105}},"line":120},"9":{"name":"(anonymous_9)","decl":{"start":{"line":121,"column":78},"end":{"line":121,"column":79}},"loc":{"start":{"line":121,"column":89},"end":{"line":121,"column":114}},"line":121},"10":{"name":"(anonymous_10)","decl":{"start":{"line":162,"column":2},"end":{"line":162,"column":3}},"loc":{"start":{"line":162,"column":14},"end":{"line":164,"column":3}},"line":162},"11":{"name":"(anonymous_11)","decl":{"start":{"line":163,"column":33},"end":{"line":163,"column":34}},"loc":{"start":{"line":163,"column":44},"end":{"line":163,"column":61}},"line":163},"12":{"name":"(anonymous_12)","decl":{"start":{"line":166,"column":2},"end":{"line":166,"column":3}},"loc":{"start":{"line":166,"column":18},"end":{"line":168,"column":3}},"line":166},"13":{"name":"(anonymous_13)","decl":{"start":{"line":167,"column":43},"end":{"line":167,"column":44}},"loc":{"start":{"line":167,"column":54},"end":{"line":167,"column":71}},"line":167},"14":{"name":"(anonymous_14)","decl":{"start":{"line":170,"column":2},"end":{"line":170,"column":3}},"loc":{"start":{"line":170,"column":17},"end":{"line":172,"column":3}},"line":170},"15":{"name":"(anonymous_15)","decl":{"start":{"line":171,"column":45},"end":{"line":171,"column":46}},"loc":{"start":{"line":171,"column":56},"end":{"line":171,"column":73}},"line":171},"16":{"name":"(anonymous_16)","decl":{"start":{"line":174,"column":2},"end":{"line":174,"column":3}},"loc":{"start":{"line":174,"column":28},"end":{"line":176,"column":3}},"line":174},"17":{"name":"(anonymous_17)","decl":{"start":{"line":175,"column":36},"end":{"line":175,"column":37}},"loc":{"start":{"line":175,"column":47},"end":{"line":175,"column":76}},"line":175},"18":{"name":"(anonymous_18)","decl":{"start":{"line":175,"column":82},"end":{"line":175,"column":83}},"loc":{"start":{"line":175,"column":93},"end":{"line":175,"column":120}},"line":175},"19":{"name":"(anonymous_19)","decl":{"start":{"line":178,"column":2},"end":{"line":178,"column":3}},"loc":{"start":{"line":178,"column":27},"end":{"line":192,"column":3}},"line":178},"20":{"name":"(anonymous_20)","decl":{"start":{"line":188,"column":49},"end":{"line":188,"column":50}},"loc":{"start":{"line":188,"column":60},"end":{"line":188,"column":87}},"line":188},"21":{"name":"(anonymous_21)","decl":{"start":{"line":190,"column":49},"end":{"line":190,"column":50}},"loc":{"start":{"line":190,"column":60},"end":{"line":190,"column":87}},"line":190},"22":{"name":"(anonymous_22)","decl":{"start":{"line":190,"column":96},"end":{"line":190,"column":97}},"loc":{"start":{"line":190,"column":107},"end":{"line":190,"column":146}},"line":190},"23":{"name":"(anonymous_23)","decl":{"start":{"line":190,"column":155},"end":{"line":190,"column":156}},"loc":{"start":{"line":190,"column":166},"end":{"line":190,"column":205}},"line":190},"24":{"name":"(anonymous_24)","decl":{"start":{"line":194,"column":2},"end":{"line":194,"column":3}},"loc":{"start":{"line":194,"column":18},"end":{"line":196,"column":3}},"line":194},"25":{"name":"(anonymous_25)","decl":{"start":{"line":195,"column":47},"end":{"line":195,"column":48}},"loc":{"start":{"line":195,"column":58},"end":{"line":195,"column":88}},"line":195},"26":{"name":"(anonymous_26)","decl":{"start":{"line":202,"column":2},"end":{"line":202,"column":3}},"loc":{"start":{"line":202,"column":12},"end":{"line":204,"column":3}},"line":202},"27":{"name":"(anonymous_27)","decl":{"start":{"line":206,"column":2},"end":{"line":206,"column":3}},"loc":{"start":{"line":206,"column":23},"end":{"line":208,"column":3}},"line":206},"28":{"name":"(anonymous_28)","decl":{"start":{"line":210,"column":2},"end":{"line":210,"column":3}},"loc":{"start":{"line":210,"column":19},"end":{"line":212,"column":3}},"line":210},"29":{"name":"(anonymous_29)","decl":{"start":{"line":214,"column":2},"end":{"line":214,"column":3}},"loc":{"start":{"line":214,"column":18},"end":{"line":216,"column":3}},"line":214},"30":{"name":"(anonymous_30)","decl":{"start":{"line":224,"column":2},"end":{"line":224,"column":3}},"loc":{"start":{"line":224,"column":19},"end":{"line":232,"column":3}},"line":224},"31":{"name":"(anonymous_31)","decl":{"start":{"line":234,"column":2},"end":{"line":234,"column":3}},"loc":{"start":{"line":234,"column":36},"end":{"line":290,"column":3}},"line":234},"32":{"name":"(anonymous_32)","decl":{"start":{"line":239,"column":55},"end":{"line":239,"column":56}},"loc":{"start":{"line":239,"column":66},"end":{"line":239,"column":89}},"line":239},"33":{"name":"(anonymous_33)","decl":{"start":{"line":292,"column":2},"end":{"line":292,"column":3}},"loc":{"start":{"line":292,"column":35},"end":{"line":325,"column":3}},"line":292},"34":{"name":"(anonymous_34)","decl":{"start":{"line":296,"column":55},"end":{"line":296,"column":56}},"loc":{"start":{"line":296,"column":66},"end":{"line":296,"column":89}},"line":296},"35":{"name":"(anonymous_35)","decl":{"start":{"line":327,"column":2},"end":{"line":327,"column":3}},"loc":{"start":{"line":327,"column":34},"end":{"line":370,"column":3}},"line":327},"36":{"name":"(anonymous_36)","decl":{"start":{"line":331,"column":55},"end":{"line":331,"column":56}},"loc":{"start":{"line":331,"column":66},"end":{"line":331,"column":89}},"line":331},"37":{"name":"(anonymous_37)","decl":{"start":{"line":377,"column":2},"end":{"line":377,"column":3}},"loc":{"start":{"line":377,"column":18},"end":{"line":384,"column":3}},"line":377},"38":{"name":"(anonymous_38)","decl":{"start":{"line":386,"column":2},"end":{"line":386,"column":3}},"loc":{"start":{"line":386,"column":13},"end":{"line":391,"column":3}},"line":386}},"branchMap":{"0":{"loc":{"start":{"line":14,"column":46},"end":{"line":14,"column":92}},"type":"cond-expr","locations":[{"start":{"line":14,"column":70},"end":{"line":14,"column":73}},{"start":{"line":14,"column":76},"end":{"line":14,"column":92}}],"line":14},"1":{"loc":{"start":{"line":14,"column":46},"end":{"line":14,"column":67}},"type":"binary-expr","locations":[{"start":{"line":14,"column":46},"end":{"line":14,"column":49}},{"start":{"line":14,"column":53},"end":{"line":14,"column":67}}],"line":14},"2":{"loc":{"start":{"line":36,"column":14},"end":{"line":36,"column":24}},"type":"binary-expr","locations":[{"start":{"line":36,"column":14},"end":{"line":36,"column":17}},{"start":{"line":36,"column":21},"end":{"line":36,"column":24}}],"line":36},"3":{"loc":{"start":{"line":82,"column":4},"end":{"line":105,"column":5}},"type":"if","locations":[{"start":{"line":82,"column":4},"end":{"line":105,"column":5}},{"start":{"line":82,"column":4},"end":{"line":105,"column":5}}],"line":82},"4":{"loc":{"start":{"line":99,"column":16},"end":{"line":99,"column":42}},"type":"binary-expr","locations":[{"start":{"line":99,"column":16},"end":{"line":99,"column":27}},{"start":{"line":99,"column":31},"end":{"line":99,"column":42}}],"line":99},"5":{"loc":{"start":{"line":113,"column":4},"end":{"line":152,"column":5}},"type":"if","locations":[{"start":{"line":113,"column":4},"end":{"line":152,"column":5}},{"start":{"line":113,"column":4},"end":{"line":152,"column":5}}],"line":113},"6":{"loc":{"start":{"line":123,"column":6},"end":{"line":151,"column":7}},"type":"if","locations":[{"start":{"line":123,"column":6},"end":{"line":151,"column":7}},{"start":{"line":123,"column":6},"end":{"line":151,"column":7}}],"line":123},"7":{"loc":{"start":{"line":130,"column":8},"end":{"line":150,"column":9}},"type":"if","locations":[{"start":{"line":130,"column":8},"end":{"line":150,"column":9}},{"start":{"line":130,"column":8},"end":{"line":150,"column":9}}],"line":130},"8":{"loc":{"start":{"line":175,"column":35},"end":{"line":175,"column":121}},"type":"binary-expr","locations":[{"start":{"line":175,"column":36},"end":{"line":175,"column":76}},{"start":{"line":175,"column":82},"end":{"line":175,"column":120}}],"line":175},"9":{"loc":{"start":{"line":185,"column":4},"end":{"line":191,"column":5}},"type":"if","locations":[{"start":{"line":185,"column":4},"end":{"line":191,"column":5}},{"start":{"line":185,"column":4},"end":{"line":191,"column":5}}],"line":185},"10":{"loc":{"start":{"line":187,"column":11},"end":{"line":191,"column":5}},"type":"if","locations":[{"start":{"line":187,"column":11},"end":{"line":191,"column":5}},{"start":{"line":187,"column":11},"end":{"line":191,"column":5}}],"line":187},"11":{"loc":{"start":{"line":227,"column":38},"end":{"line":227,"column":75}},"type":"binary-expr","locations":[{"start":{"line":227,"column":38},"end":{"line":227,"column":53}},{"start":{"line":227,"column":57},"end":{"line":227,"column":75}}],"line":227},"12":{"loc":{"start":{"line":228,"column":39},"end":{"line":228,"column":78}},"type":"binary-expr","locations":[{"start":{"line":228,"column":39},"end":{"line":228,"column":55}},{"start":{"line":228,"column":59},"end":{"line":228,"column":78}}],"line":228},"13":{"loc":{"start":{"line":229,"column":39},"end":{"line":229,"column":78}},"type":"binary-expr","locations":[{"start":{"line":229,"column":39},"end":{"line":229,"column":55}},{"start":{"line":229,"column":59},"end":{"line":229,"column":78}}],"line":229},"14":{"loc":{"start":{"line":241,"column":4},"end":{"line":289,"column":5}},"type":"if","locations":[{"start":{"line":241,"column":4},"end":{"line":289,"column":5}},{"start":{"line":241,"column":4},"end":{"line":289,"column":5}}],"line":241},"15":{"loc":{"start":{"line":249,"column":6},"end":{"line":288,"column":9}},"type":"if","locations":[{"start":{"line":249,"column":6},"end":{"line":288,"column":9}},{"start":{"line":249,"column":6},"end":{"line":288,"column":9}}],"line":249},"16":{"loc":{"start":{"line":250,"column":8},"end":{"line":280,"column":9}},"type":"if","locations":[{"start":{"line":250,"column":8},"end":{"line":280,"column":9}},{"start":{"line":250,"column":8},"end":{"line":280,"column":9}}],"line":250},"17":{"loc":{"start":{"line":255,"column":10},"end":{"line":273,"column":11}},"type":"if","locations":[{"start":{"line":255,"column":10},"end":{"line":273,"column":11}},{"start":{"line":255,"column":10},"end":{"line":273,"column":11}}],"line":255},"18":{"loc":{"start":{"line":256,"column":66},"end":{"line":256,"column":147}},"type":"binary-expr","locations":[{"start":{"line":256,"column":66},"end":{"line":256,"column":87}},{"start":{"line":256,"column":91},"end":{"line":256,"column":115}},{"start":{"line":256,"column":119},"end":{"line":256,"column":147}}],"line":256},"19":{"loc":{"start":{"line":298,"column":4},"end":{"line":324,"column":5}},"type":"if","locations":[{"start":{"line":298,"column":4},"end":{"line":324,"column":5}},{"start":{"line":298,"column":4},"end":{"line":324,"column":5}}],"line":298},"20":{"loc":{"start":{"line":306,"column":6},"end":{"line":323,"column":7}},"type":"if","locations":[{"start":{"line":306,"column":6},"end":{"line":323,"column":7}},{"start":{"line":306,"column":6},"end":{"line":323,"column":7}}],"line":306},"21":{"loc":{"start":{"line":307,"column":8},"end":{"line":316,"column":9}},"type":"if","locations":[{"start":{"line":307,"column":8},"end":{"line":316,"column":9}},{"start":{"line":307,"column":8},"end":{"line":316,"column":9}}],"line":307},"22":{"loc":{"start":{"line":333,"column":4},"end":{"line":369,"column":5}},"type":"if","locations":[{"start":{"line":333,"column":4},"end":{"line":369,"column":5}},{"start":{"line":333,"column":4},"end":{"line":369,"column":5}}],"line":333},"23":{"loc":{"start":{"line":341,"column":6},"end":{"line":368,"column":9}},"type":"if","locations":[{"start":{"line":341,"column":6},"end":{"line":368,"column":9}},{"start":{"line":341,"column":6},"end":{"line":368,"column":9}}],"line":341},"24":{"loc":{"start":{"line":343,"column":8},"end":{"line":360,"column":9}},"type":"if","locations":[{"start":{"line":343,"column":8},"end":{"line":360,"column":9}},{"start":{"line":343,"column":8},"end":{"line":360,"column":9}}],"line":343},"25":{"loc":{"start":{"line":344,"column":10},"end":{"line":353,"column":11}},"type":"if","locations":[{"start":{"line":344,"column":10},"end":{"line":353,"column":11}},{"start":{"line":344,"column":10},"end":{"line":353,"column":11}}],"line":344}},"s":{"0":1,"1":1,"2":1,"3":1,"4":1,"5":3,"6":1,"7":1,"8":1,"9":1,"10":0,"11":0,"12":0,"13":0,"14":0,"15":0,"16":0,"17":0,"18":0,"19":0,"20":0,"21":0,"22":0,"23":0,"24":0,"25":0,"26":0,"27":0,"28":0,"29":0,"30":0,"31":0,"32":0,"33":0,"34":0,"35":0,"36":0,"37":0,"38":0,"39":0,"40":0,"41":0,"42":0,"43":0,"44":0,"45":0,"46":0,"47":0,"48":0,"49":0,"50":0,"51":0,"52":0,"53":0,"54":0,"55":0,"56":0,"57":0,"58":0,"59":0,"60":0,"61":0,"62":0,"63":0,"64":0,"65":0,"66":0,"67":0,"68":0,"69":0,"70":0,"71":0,"72":0,"73":0,"74":0,"75":0,"76":0,"77":0,"78":0,"79":0,"80":0,"81":0,"82":0,"83":0,"84":0,"85":0,"86":0,"87":0,"88":0,"89":0,"90":0,"91":0,"92":0,"93":0,"94":0,"95":0,"96":0,"97":0,"98":0,"99":0,"100":0,"101":0,"102":0,"103":0,"104":0,"105":0,"106":0,"107":0,"108":0,"109":0,"110":0,"111":0,"112":0,"113":0,"114":0,"115":0,"116":0,"117":0,"118":0,"119":0,"120":0,"121":0,"122":0,"123":0,"124":0,"125":0,"126":0,"127":0,"128":0,"129":0,"130":0,"131":0,"132":0,"133":0,"134":0,"135":0,"136":0,"137":0,"138":1,"139":1},"f":{"0":3,"1":1,"2":0,"3":0,"4":0,"5":0,"6":0,"7":0,"8":0,"9":0,"10":0,"11":0,"12":0,"13":0,"14":0,"15":0,"16":0,"17":0,"18":0,"19":0,"20":0,"21":0,"22":0,"23":0,"24":0,"25":0,"26":0,"27":0,"28":0,"29":0,"30":0,"31":0,"32":0,"33":0,"34":0,"35":0,"36":0,"37":0,"38":0},"b":{"0":[1,2],"1":[3,3],"2":[0,0],"3":[0,0],"4":[0,0],"5":[0,0],"6":[0,0],"7":[0,0],"8":[0,0],"9":[0,0],"10":[0,0],"11":[0,0],"12":[0,0],"13":[0,0],"14":[0,0],"15":[0,0],"16":[0,0],"17":[0,0],"18":[0,0,0],"19":[0,0],"20":[0,0],"21":[0,0],"22":[0,0],"23":[0,0],"24":[0,0],"25":[0,0]},"_coverageSchema":"43e27e138ebf9cfc5966b082cf9a028302ed4184","hash":"6b7f73f2cf35beb4daf9edc9dbb09fdf81f63263","contentHash":"f1c06e8f51156423647433bb0c3c40cd0843ba9ecfbabad368c94023a7279712"},"/home/mhashim/Desktop/NewWork/AutoMart/src/models/user.js":{"path":"/home/mhashim/Desktop/NewWork/AutoMart/src/models/user.js","statementMap":{"0":{"start":{"line":3,"column":0},"end":{"line":5,"column":3}},"1":{"start":{"line":6,"column":0},"end":{"line":6,"column":25}},"2":{"start":{"line":8,"column":14},"end":{"line":8,"column":55}},"3":{"start":{"line":10,"column":12},"end":{"line":10,"column":51}},"4":{"start":{"line":12,"column":20},"end":{"line":12,"column":67}},"5":{"start":{"line":14,"column":39},"end":{"line":14,"column":93}},"6":{"start":{"line":17,"column":12},"end":{"line":17,"column":26}},"7":{"start":{"line":19,"column":13},"end":{"line":19,"column":37}},"8":{"start":{"line":22,"column":12},"end":{"line":22,"column":41}},"9":{"start":{"line":30,"column":4},"end":{"line":30,"column":26}},"10":{"start":{"line":31,"column":4},"end":{"line":31,"column":32}},"11":{"start":{"line":42,"column":18},"end":{"line":42,"column":28}},"12":{"start":{"line":44,"column":18},"end":{"line":46,"column":20}},"13":{"start":{"line":48,"column":26},"end":{"line":59,"column":5}},"14":{"start":{"line":61,"column":4},"end":{"line":61,"column":41}},"15":{"start":{"line":62,"column":4},"end":{"line":62,"column":25}},"16":{"start":{"line":68,"column":4},"end":{"line":68,"column":25}},"17":{"start":{"line":69,"column":4},"end":{"line":69,"column":28}},"18":{"start":{"line":74,"column":23},"end":{"line":74,"column":82}},"19":{"start":{"line":74,"column":56},"end":{"line":74,"column":81}},"20":{"start":{"line":76,"column":4},"end":{"line":94,"column":5}},"21":{"start":{"line":77,"column":20},"end":{"line":77,"column":56}},"22":{"start":{"line":78,"column":6},"end":{"line":78,"column":36}},"23":{"start":{"line":79,"column":28},"end":{"line":79,"column":93}},"24":{"start":{"line":79,"column":61},"end":{"line":79,"column":92}},"25":{"start":{"line":81,"column":6},"end":{"line":88,"column":7}},"26":{"start":{"line":82,"column":8},"end":{"line":82,"column":75}},"27":{"start":{"line":82,"column":48},"end":{"line":82,"column":73}},"28":{"start":{"line":84,"column":8},"end":{"line":87,"column":10}},"29":{"start":{"line":90,"column":6},"end":{"line":93,"column":8}},"30":{"start":{"line":100,"column":4},"end":{"line":100,"column":63}},"31":{"start":{"line":100,"column":44},"end":{"line":100,"column":61}},"32":{"start":{"line":104,"column":4},"end":{"line":104,"column":123}},"33":{"start":{"line":104,"column":47},"end":{"line":104,"column":76}},"34":{"start":{"line":104,"column":93},"end":{"line":104,"column":120}},"35":{"start":{"line":112,"column":4},"end":{"line":112,"column":28}},"36":{"start":{"line":116,"column":4},"end":{"line":116,"column":34}},"37":{"start":{"line":120,"column":4},"end":{"line":120,"column":40}},"38":{"start":{"line":124,"column":4},"end":{"line":124,"column":38}},"39":{"start":{"line":134,"column":23},"end":{"line":134,"column":39}},"40":{"start":{"line":135,"column":18},"end":{"line":135,"column":54}},"41":{"start":{"line":136,"column":4},"end":{"line":136,"column":76}},"42":{"start":{"line":137,"column":4},"end":{"line":137,"column":79}},"43":{"start":{"line":138,"column":4},"end":{"line":138,"column":79}},"44":{"start":{"line":139,"column":4},"end":{"line":139,"column":65}},"45":{"start":{"line":140,"column":4},"end":{"line":140,"column":35}},"46":{"start":{"line":149,"column":23},"end":{"line":149,"column":39}},"47":{"start":{"line":150,"column":18},"end":{"line":150,"column":54}},"48":{"start":{"line":151,"column":4},"end":{"line":151,"column":38}},"49":{"start":{"line":152,"column":4},"end":{"line":152,"column":14}},"50":{"start":{"line":157,"column":15},"end":{"line":157,"column":25}},"51":{"start":{"line":159,"column":0},"end":{"line":159,"column":27}}},"fnMap":{"0":{"name":"_interopRequireDefault","decl":{"start":{"line":14,"column":9},"end":{"line":14,"column":31}},"loc":{"start":{"line":14,"column":37},"end":{"line":14,"column":95}},"line":14},"1":{"name":"(anonymous_1)","decl":{"start":{"line":29,"column":2},"end":{"line":29,"column":3}},"loc":{"start":{"line":29,"column":16},"end":{"line":32,"column":3}},"line":29},"2":{"name":"(anonymous_2)","decl":{"start":{"line":40,"column":2},"end":{"line":40,"column":3}},"loc":{"start":{"line":40,"column":15},"end":{"line":63,"column":3}},"line":40},"3":{"name":"(anonymous_3)","decl":{"start":{"line":67,"column":2},"end":{"line":67,"column":3}},"loc":{"start":{"line":67,"column":21},"end":{"line":95,"column":3}},"line":67},"4":{"name":"(anonymous_4)","decl":{"start":{"line":74,"column":45},"end":{"line":74,"column":46}},"loc":{"start":{"line":74,"column":56},"end":{"line":74,"column":81}},"line":74},"5":{"name":"(anonymous_5)","decl":{"start":{"line":79,"column":50},"end":{"line":79,"column":51}},"loc":{"start":{"line":79,"column":61},"end":{"line":79,"column":92}},"line":79},"6":{"name":"(anonymous_6)","decl":{"start":{"line":82,"column":37},"end":{"line":82,"column":38}},"loc":{"start":{"line":82,"column":48},"end":{"line":82,"column":73}},"line":82},"7":{"name":"(anonymous_7)","decl":{"start":{"line":99,"column":2},"end":{"line":99,"column":3}},"loc":{"start":{"line":99,"column":14},"end":{"line":101,"column":3}},"line":99},"8":{"name":"(anonymous_8)","decl":{"start":{"line":100,"column":33},"end":{"line":100,"column":34}},"loc":{"start":{"line":100,"column":44},"end":{"line":100,"column":61}},"line":100},"9":{"name":"(anonymous_9)","decl":{"start":{"line":103,"column":2},"end":{"line":103,"column":3}},"loc":{"start":{"line":103,"column":28},"end":{"line":105,"column":3}},"line":103},"10":{"name":"(anonymous_10)","decl":{"start":{"line":104,"column":36},"end":{"line":104,"column":37}},"loc":{"start":{"line":104,"column":47},"end":{"line":104,"column":76}},"line":104},"11":{"name":"(anonymous_11)","decl":{"start":{"line":104,"column":82},"end":{"line":104,"column":83}},"loc":{"start":{"line":104,"column":93},"end":{"line":104,"column":120}},"line":104},"12":{"name":"(anonymous_12)","decl":{"start":{"line":111,"column":2},"end":{"line":111,"column":3}},"loc":{"start":{"line":111,"column":12},"end":{"line":113,"column":3}},"line":111},"13":{"name":"(anonymous_13)","decl":{"start":{"line":115,"column":2},"end":{"line":115,"column":3}},"loc":{"start":{"line":115,"column":23},"end":{"line":117,"column":3}},"line":115},"14":{"name":"(anonymous_14)","decl":{"start":{"line":119,"column":2},"end":{"line":119,"column":3}},"loc":{"start":{"line":119,"column":19},"end":{"line":121,"column":3}},"line":119},"15":{"name":"(anonymous_15)","decl":{"start":{"line":123,"column":2},"end":{"line":123,"column":3}},"loc":{"start":{"line":123,"column":18},"end":{"line":125,"column":3}},"line":123},"16":{"name":"(anonymous_16)","decl":{"start":{"line":133,"column":2},"end":{"line":133,"column":3}},"loc":{"start":{"line":133,"column":19},"end":{"line":141,"column":3}},"line":133},"17":{"name":"(anonymous_17)","decl":{"start":{"line":148,"column":2},"end":{"line":148,"column":3}},"loc":{"start":{"line":148,"column":13},"end":{"line":153,"column":3}},"line":148}},"branchMap":{"0":{"loc":{"start":{"line":14,"column":46},"end":{"line":14,"column":92}},"type":"cond-expr","locations":[{"start":{"line":14,"column":70},"end":{"line":14,"column":73}},{"start":{"line":14,"column":76},"end":{"line":14,"column":92}}],"line":14},"1":{"loc":{"start":{"line":14,"column":46},"end":{"line":14,"column":67}},"type":"binary-expr","locations":[{"start":{"line":14,"column":46},"end":{"line":14,"column":49}},{"start":{"line":14,"column":53},"end":{"line":14,"column":67}}],"line":14},"2":{"loc":{"start":{"line":76,"column":4},"end":{"line":94,"column":5}},"type":"if","locations":[{"start":{"line":76,"column":4},"end":{"line":94,"column":5}},{"start":{"line":76,"column":4},"end":{"line":94,"column":5}}],"line":76},"3":{"loc":{"start":{"line":81,"column":6},"end":{"line":88,"column":7}},"type":"if","locations":[{"start":{"line":81,"column":6},"end":{"line":88,"column":7}},{"start":{"line":81,"column":6},"end":{"line":88,"column":7}}],"line":81},"4":{"loc":{"start":{"line":81,"column":10},"end":{"line":81,"column":102}},"type":"binary-expr","locations":[{"start":{"line":81,"column":10},"end":{"line":81,"column":51}},{"start":{"line":81,"column":55},"end":{"line":81,"column":102}}],"line":81},"5":{"loc":{"start":{"line":104,"column":35},"end":{"line":104,"column":121}},"type":"binary-expr","locations":[{"start":{"line":104,"column":36},"end":{"line":104,"column":76}},{"start":{"line":104,"column":82},"end":{"line":104,"column":120}}],"line":104},"6":{"loc":{"start":{"line":136,"column":38},"end":{"line":136,"column":75}},"type":"binary-expr","locations":[{"start":{"line":136,"column":38},"end":{"line":136,"column":53}},{"start":{"line":136,"column":57},"end":{"line":136,"column":75}}],"line":136},"7":{"loc":{"start":{"line":137,"column":39},"end":{"line":137,"column":78}},"type":"binary-expr","locations":[{"start":{"line":137,"column":39},"end":{"line":137,"column":55}},{"start":{"line":137,"column":59},"end":{"line":137,"column":78}}],"line":137},"8":{"loc":{"start":{"line":138,"column":39},"end":{"line":138,"column":78}},"type":"binary-expr","locations":[{"start":{"line":138,"column":39},"end":{"line":138,"column":55}},{"start":{"line":138,"column":59},"end":{"line":138,"column":78}}],"line":138}},"s":{"0":1,"1":1,"2":1,"3":1,"4":1,"5":3,"6":1,"7":1,"8":1,"9":1,"10":1,"11":1,"12":1,"13":1,"14":1,"15":1,"16":1,"17":1,"18":1,"19":1,"20":1,"21":1,"22":1,"23":1,"24":1,"25":1,"26":1,"27":1,"28":0,"29":0,"30":0,"31":0,"32":0,"33":0,"34":0,"35":0,"36":0,"37":0,"38":0,"39":0,"40":0,"41":0,"42":0,"43":0,"44":0,"45":0,"46":0,"47":0,"48":0,"49":0,"50":1,"51":1},"f":{"0":3,"1":1,"2":1,"3":1,"4":1,"5":1,"6":1,"7":0,"8":0,"9":0,"10":0,"11":0,"12":0,"13":0,"14":0,"15":0,"16":0,"17":0},"b":{"0":[0,3],"1":[3,3],"2":[1,0],"3":[1,0],"4":[1,1],"5":[0,0],"6":[0,0],"7":[0,0],"8":[0,0]},"_coverageSchema":"43e27e138ebf9cfc5966b082cf9a028302ed4184","hash":"471fce05886a67e144cbcf76483272460e925f08","contentHash":"46c5172dfabaa3b54fc1f3878f2cdb8b41e32b0c2a075ec8433d4c506f946045"},"/home/mhashim/Desktop/NewWork/AutoMart/src/middlewares/key.js":{"path":"/home/mhashim/Desktop/NewWork/AutoMart/src/middlewares/key.js","statementMap":{"0":{"start":{"line":3,"column":0},"end":{"line":5,"column":3}},"1":{"start":{"line":6,"column":0},"end":{"line":6,"column":26}},"2":{"start":{"line":7,"column":17},"end":{"line":7,"column":45}},"3":{"start":{"line":8,"column":0},"end":{"line":8,"column":28}}},"fnMap":{},"branchMap":{},"s":{"0":1,"1":1,"2":1,"3":1},"f":{},"b":{},"_coverageSchema":"43e27e138ebf9cfc5966b082cf9a028302ed4184","hash":"64e0df3a4a957fdc181181eed40a8dabd10b7c2f","contentHash":"bbed3483de7545a5346474b68c46e77079554609f785fa2d29828dd1eba64c7c"},"/home/mhashim/Desktop/NewWork/AutoMart/src/controllers/Cars.js":{"path":"/home/mhashim/Desktop/NewWork/AutoMart/src/controllers/Cars.js","statementMap":{"0":{"start":{"line":3,"column":0},"end":{"line":5,"column":3}},"1":{"start":{"line":6,"column":0},"end":{"line":6,"column":25}},"2":{"start":{"line":8,"column":12},"end":{"line":8,"column":61}},"3":{"start":{"line":10,"column":39},"end":{"line":10,"column":93}},"4":{"start":{"line":13,"column":12},"end":{"line":13,"column":26}},"5":{"start":{"line":15,"column":12},"end":{"line":386,"column":1}},"6":{"start":{"line":23,"column":4},"end":{"line":27,"column":5}},"7":{"start":{"line":24,"column":6},"end":{"line":26,"column":9}},"8":{"start":{"line":29,"column":23},"end":{"line":29,"column":58}},"9":{"start":{"line":31,"column":4},"end":{"line":31,"column":44}},"10":{"start":{"line":35,"column":4},"end":{"line":39,"column":5}},"11":{"start":{"line":36,"column":6},"end":{"line":38,"column":9}},"12":{"start":{"line":41,"column":23},"end":{"line":41,"column":64}},"13":{"start":{"line":43,"column":4},"end":{"line":43,"column":44}},"14":{"start":{"line":47,"column":16},"end":{"line":47,"column":43}},"15":{"start":{"line":49,"column":4},"end":{"line":53,"column":5}},"16":{"start":{"line":50,"column":6},"end":{"line":52,"column":9}},"17":{"start":{"line":55,"column":23},"end":{"line":55,"column":65}},"18":{"start":{"line":57,"column":24},"end":{"line":57,"column":54}},"19":{"start":{"line":59,"column":4},"end":{"line":72,"column":5}},"20":{"start":{"line":60,"column":6},"end":{"line":64,"column":9}},"21":{"start":{"line":67,"column":6},"end":{"line":71,"column":9}},"22":{"start":{"line":76,"column":16},"end":{"line":76,"column":43}},"23":{"start":{"line":78,"column":4},"end":{"line":82,"column":5}},"24":{"start":{"line":79,"column":6},"end":{"line":81,"column":9}},"25":{"start":{"line":84,"column":23},"end":{"line":84,"column":86}},"26":{"start":{"line":86,"column":24},"end":{"line":86,"column":54}},"27":{"start":{"line":88,"column":4},"end":{"line":100,"column":5}},"28":{"start":{"line":89,"column":6},"end":{"line":93,"column":9}},"29":{"start":{"line":95,"column":6},"end":{"line":99,"column":9}},"30":{"start":{"line":111,"column":24},"end":{"line":111,"column":47}},"31":{"start":{"line":113,"column":4},"end":{"line":113,"column":45}},"32":{"start":{"line":117,"column":24},"end":{"line":117,"column":58}},"33":{"start":{"line":119,"column":4},"end":{"line":119,"column":45}},"34":{"start":{"line":123,"column":24},"end":{"line":123,"column":54}},"35":{"start":{"line":125,"column":4},"end":{"line":129,"column":7}},"36":{"start":{"line":133,"column":24},"end":{"line":133,"column":53}},"37":{"start":{"line":135,"column":4},"end":{"line":139,"column":7}},"38":{"start":{"line":149,"column":23},"end":{"line":149,"column":59}},"39":{"start":{"line":151,"column":4},"end":{"line":155,"column":5}},"40":{"start":{"line":152,"column":6},"end":{"line":154,"column":9}},"41":{"start":{"line":157,"column":4},"end":{"line":157,"column":44}},"42":{"start":{"line":161,"column":23},"end":{"line":161,"column":63}},"43":{"start":{"line":163,"column":4},"end":{"line":167,"column":5}},"44":{"start":{"line":164,"column":6},"end":{"line":166,"column":9}},"45":{"start":{"line":169,"column":4},"end":{"line":173,"column":7}},"46":{"start":{"line":177,"column":23},"end":{"line":177,"column":62}},"47":{"start":{"line":179,"column":4},"end":{"line":183,"column":5}},"48":{"start":{"line":180,"column":6},"end":{"line":182,"column":9}},"49":{"start":{"line":185,"column":4},"end":{"line":189,"column":7}},"50":{"start":{"line":193,"column":23},"end":{"line":193,"column":82}},"51":{"start":{"line":195,"column":4},"end":{"line":199,"column":5}},"52":{"start":{"line":196,"column":6},"end":{"line":198,"column":9}},"53":{"start":{"line":201,"column":4},"end":{"line":201,"column":44}},"54":{"start":{"line":205,"column":23},"end":{"line":205,"column":69}},"55":{"start":{"line":207,"column":4},"end":{"line":211,"column":5}},"56":{"start":{"line":208,"column":6},"end":{"line":210,"column":9}},"57":{"start":{"line":213,"column":4},"end":{"line":217,"column":7}},"58":{"start":{"line":221,"column":23},"end":{"line":221,"column":60}},"59":{"start":{"line":223,"column":4},"end":{"line":227,"column":5}},"60":{"start":{"line":224,"column":6},"end":{"line":226,"column":9}},"61":{"start":{"line":229,"column":4},"end":{"line":229,"column":44}},"62":{"start":{"line":239,"column":23},"end":{"line":239,"column":59}},"63":{"start":{"line":241,"column":4},"end":{"line":245,"column":5}},"64":{"start":{"line":242,"column":6},"end":{"line":244,"column":9}},"65":{"start":{"line":247,"column":30},"end":{"line":247,"column":75}},"66":{"start":{"line":249,"column":4},"end":{"line":249,"column":51}},"67":{"start":{"line":253,"column":16},"end":{"line":253,"column":43}},"68":{"start":{"line":254,"column":20},"end":{"line":254,"column":40}},"69":{"start":{"line":256,"column":23},"end":{"line":256,"column":63}},"70":{"start":{"line":264,"column":30},"end":{"line":264,"column":92}},"71":{"start":{"line":266,"column":4},"end":{"line":266,"column":35}},"72":{"start":{"line":267,"column":24},"end":{"line":267,"column":61}},"73":{"start":{"line":269,"column":4},"end":{"line":281,"column":5}},"74":{"start":{"line":270,"column":6},"end":{"line":274,"column":9}},"75":{"start":{"line":276,"column":6},"end":{"line":280,"column":9}},"76":{"start":{"line":286,"column":16},"end":{"line":286,"column":43}},"77":{"start":{"line":287,"column":20},"end":{"line":287,"column":40}},"78":{"start":{"line":289,"column":23},"end":{"line":289,"column":62}},"79":{"start":{"line":297,"column":30},"end":{"line":297,"column":91}},"80":{"start":{"line":299,"column":24},"end":{"line":299,"column":61}},"81":{"start":{"line":301,"column":4},"end":{"line":313,"column":5}},"82":{"start":{"line":302,"column":6},"end":{"line":306,"column":9}},"83":{"start":{"line":308,"column":6},"end":{"line":312,"column":9}},"84":{"start":{"line":317,"column":16},"end":{"line":317,"column":43}},"85":{"start":{"line":318,"column":20},"end":{"line":318,"column":40}},"86":{"start":{"line":320,"column":23},"end":{"line":320,"column":62}},"87":{"start":{"line":328,"column":30},"end":{"line":328,"column":90}},"88":{"start":{"line":330,"column":24},"end":{"line":330,"column":61}},"89":{"start":{"line":332,"column":4},"end":{"line":344,"column":5}},"90":{"start":{"line":333,"column":6},"end":{"line":337,"column":9}},"91":{"start":{"line":339,"column":6},"end":{"line":343,"column":9}},"92":{"start":{"line":354,"column":23},"end":{"line":354,"column":62}},"93":{"start":{"line":356,"column":4},"end":{"line":360,"column":5}},"94":{"start":{"line":357,"column":6},"end":{"line":359,"column":9}},"95":{"start":{"line":362,"column":16},"end":{"line":362,"column":56}},"96":{"start":{"line":364,"column":24},"end":{"line":364,"column":63}},"97":{"start":{"line":366,"column":4},"end":{"line":369,"column":7}},"98":{"start":{"line":373,"column":23},"end":{"line":373,"column":59}},"99":{"start":{"line":375,"column":4},"end":{"line":379,"column":5}},"100":{"start":{"line":376,"column":6},"end":{"line":378,"column":9}},"101":{"start":{"line":381,"column":16},"end":{"line":381,"column":51}},"102":{"start":{"line":383,"column":4},"end":{"line":383,"column":37}},"103":{"start":{"line":387,"column":15},"end":{"line":387,"column":18}},"104":{"start":{"line":388,"column":0},"end":{"line":388,"column":27}}},"fnMap":{"0":{"name":"_interopRequireDefault","decl":{"start":{"line":10,"column":9},"end":{"line":10,"column":31}},"loc":{"start":{"line":10,"column":37},"end":{"line":10,"column":95}},"line":10},"1":{"name":"(anonymous_1)","decl":{"start":{"line":22,"column":2},"end":{"line":22,"column":3}},"loc":{"start":{"line":22,"column":19},"end":{"line":32,"column":3}},"line":22},"2":{"name":"(anonymous_2)","decl":{"start":{"line":34,"column":2},"end":{"line":34,"column":3}},"loc":{"start":{"line":34,"column":25},"end":{"line":44,"column":3}},"line":34},"3":{"name":"(anonymous_3)","decl":{"start":{"line":46,"column":2},"end":{"line":46,"column":3}},"loc":{"start":{"line":46,"column":24},"end":{"line":73,"column":3}},"line":46},"4":{"name":"(anonymous_4)","decl":{"start":{"line":75,"column":2},"end":{"line":75,"column":3}},"loc":{"start":{"line":75,"column":26},"end":{"line":102,"column":3}},"line":75},"5":{"name":"(anonymous_5)","decl":{"start":{"line":110,"column":2},"end":{"line":110,"column":3}},"loc":{"start":{"line":110,"column":19},"end":{"line":114,"column":3}},"line":110},"6":{"name":"(anonymous_6)","decl":{"start":{"line":116,"column":2},"end":{"line":116,"column":3}},"loc":{"start":{"line":116,"column":30},"end":{"line":120,"column":3}},"line":116},"7":{"name":"(anonymous_7)","decl":{"start":{"line":122,"column":2},"end":{"line":122,"column":3}},"loc":{"start":{"line":122,"column":26},"end":{"line":130,"column":3}},"line":122},"8":{"name":"(anonymous_8)","decl":{"start":{"line":132,"column":2},"end":{"line":132,"column":3}},"loc":{"start":{"line":132,"column":25},"end":{"line":140,"column":3}},"line":132},"9":{"name":"(anonymous_9)","decl":{"start":{"line":148,"column":2},"end":{"line":148,"column":3}},"loc":{"start":{"line":148,"column":19},"end":{"line":158,"column":3}},"line":148},"10":{"name":"(anonymous_10)","decl":{"start":{"line":160,"column":2},"end":{"line":160,"column":3}},"loc":{"start":{"line":160,"column":24},"end":{"line":174,"column":3}},"line":160},"11":{"name":"(anonymous_11)","decl":{"start":{"line":176,"column":2},"end":{"line":176,"column":3}},"loc":{"start":{"line":176,"column":22},"end":{"line":190,"column":3}},"line":176},"12":{"name":"(anonymous_12)","decl":{"start":{"line":192,"column":2},"end":{"line":192,"column":3}},"loc":{"start":{"line":192,"column":18},"end":{"line":202,"column":3}},"line":192},"13":{"name":"(anonymous_13)","decl":{"start":{"line":204,"column":2},"end":{"line":204,"column":3}},"loc":{"start":{"line":204,"column":35},"end":{"line":218,"column":3}},"line":204},"14":{"name":"(anonymous_14)","decl":{"start":{"line":220,"column":2},"end":{"line":220,"column":3}},"loc":{"start":{"line":220,"column":25},"end":{"line":230,"column":3}},"line":220},"15":{"name":"(anonymous_15)","decl":{"start":{"line":238,"column":2},"end":{"line":238,"column":3}},"loc":{"start":{"line":238,"column":19},"end":{"line":250,"column":3}},"line":238},"16":{"name":"(anonymous_16)","decl":{"start":{"line":252,"column":2},"end":{"line":252,"column":3}},"loc":{"start":{"line":252,"column":29},"end":{"line":282,"column":3}},"line":252},"17":{"name":"(anonymous_17)","decl":{"start":{"line":285,"column":2},"end":{"line":285,"column":3}},"loc":{"start":{"line":285,"column":28},"end":{"line":314,"column":3}},"line":285},"18":{"name":"(anonymous_18)","decl":{"start":{"line":316,"column":2},"end":{"line":316,"column":3}},"loc":{"start":{"line":316,"column":27},"end":{"line":345,"column":3}},"line":316},"19":{"name":"(anonymous_19)","decl":{"start":{"line":353,"column":2},"end":{"line":353,"column":3}},"loc":{"start":{"line":353,"column":24},"end":{"line":370,"column":3}},"line":353},"20":{"name":"(anonymous_20)","decl":{"start":{"line":372,"column":2},"end":{"line":372,"column":3}},"loc":{"start":{"line":372,"column":19},"end":{"line":384,"column":3}},"line":372}},"branchMap":{"0":{"loc":{"start":{"line":10,"column":46},"end":{"line":10,"column":92}},"type":"cond-expr","locations":[{"start":{"line":10,"column":70},"end":{"line":10,"column":73}},{"start":{"line":10,"column":76},"end":{"line":10,"column":92}}],"line":10},"1":{"loc":{"start":{"line":10,"column":46},"end":{"line":10,"column":67}},"type":"binary-expr","locations":[{"start":{"line":10,"column":46},"end":{"line":10,"column":49}},{"start":{"line":10,"column":53},"end":{"line":10,"column":67}}],"line":10},"2":{"loc":{"start":{"line":23,"column":4},"end":{"line":27,"column":5}},"type":"if","locations":[{"start":{"line":23,"column":4},"end":{"line":27,"column":5}},{"start":{"line":23,"column":4},"end":{"line":27,"column":5}}],"line":23},"3":{"loc":{"start":{"line":23,"column":8},"end":{"line":23,"column":84}},"type":"binary-expr","locations":[{"start":{"line":23,"column":8},"end":{"line":23,"column":28}},{"start":{"line":23,"column":32},"end":{"line":23,"column":57}},{"start":{"line":23,"column":61},"end":{"line":23,"column":84}}],"line":23},"4":{"loc":{"start":{"line":35,"column":4},"end":{"line":39,"column":5}},"type":"if","locations":[{"start":{"line":35,"column":4},"end":{"line":39,"column":5}},{"start":{"line":35,"column":4},"end":{"line":39,"column":5}}],"line":35},"5":{"loc":{"start":{"line":35,"column":8},"end":{"line":35,"column":84}},"type":"binary-expr","locations":[{"start":{"line":35,"column":8},"end":{"line":35,"column":28}},{"start":{"line":35,"column":32},"end":{"line":35,"column":57}},{"start":{"line":35,"column":61},"end":{"line":35,"column":84}}],"line":35},"6":{"loc":{"start":{"line":49,"column":4},"end":{"line":53,"column":5}},"type":"if","locations":[{"start":{"line":49,"column":4},"end":{"line":53,"column":5}},{"start":{"line":49,"column":4},"end":{"line":53,"column":5}}],"line":49},"7":{"loc":{"start":{"line":49,"column":8},"end":{"line":49,"column":48}},"type":"binary-expr","locations":[{"start":{"line":49,"column":8},"end":{"line":49,"column":29}},{"start":{"line":49,"column":33},"end":{"line":49,"column":48}}],"line":49},"8":{"loc":{"start":{"line":59,"column":4},"end":{"line":72,"column":5}},"type":"if","locations":[{"start":{"line":59,"column":4},"end":{"line":72,"column":5}},{"start":{"line":59,"column":4},"end":{"line":72,"column":5}}],"line":59},"9":{"loc":{"start":{"line":78,"column":4},"end":{"line":82,"column":5}},"type":"if","locations":[{"start":{"line":78,"column":4},"end":{"line":82,"column":5}},{"start":{"line":78,"column":4},"end":{"line":82,"column":5}}],"line":78},"10":{"loc":{"start":{"line":88,"column":4},"end":{"line":100,"column":5}},"type":"if","locations":[{"start":{"line":88,"column":4},"end":{"line":100,"column":5}},{"start":{"line":88,"column":4},"end":{"line":100,"column":5}}],"line":88},"11":{"loc":{"start":{"line":151,"column":4},"end":{"line":155,"column":5}},"type":"if","locations":[{"start":{"line":151,"column":4},"end":{"line":155,"column":5}},{"start":{"line":151,"column":4},"end":{"line":155,"column":5}}],"line":151},"12":{"loc":{"start":{"line":163,"column":4},"end":{"line":167,"column":5}},"type":"if","locations":[{"start":{"line":163,"column":4},"end":{"line":167,"column":5}},{"start":{"line":163,"column":4},"end":{"line":167,"column":5}}],"line":163},"13":{"loc":{"start":{"line":179,"column":4},"end":{"line":183,"column":5}},"type":"if","locations":[{"start":{"line":179,"column":4},"end":{"line":183,"column":5}},{"start":{"line":179,"column":4},"end":{"line":183,"column":5}}],"line":179},"14":{"loc":{"start":{"line":195,"column":4},"end":{"line":199,"column":5}},"type":"if","locations":[{"start":{"line":195,"column":4},"end":{"line":199,"column":5}},{"start":{"line":195,"column":4},"end":{"line":199,"column":5}}],"line":195},"15":{"loc":{"start":{"line":207,"column":4},"end":{"line":211,"column":5}},"type":"if","locations":[{"start":{"line":207,"column":4},"end":{"line":211,"column":5}},{"start":{"line":207,"column":4},"end":{"line":211,"column":5}}],"line":207},"16":{"loc":{"start":{"line":223,"column":4},"end":{"line":227,"column":5}},"type":"if","locations":[{"start":{"line":223,"column":4},"end":{"line":227,"column":5}},{"start":{"line":223,"column":4},"end":{"line":227,"column":5}}],"line":223},"17":{"loc":{"start":{"line":241,"column":4},"end":{"line":245,"column":5}},"type":"if","locations":[{"start":{"line":241,"column":4},"end":{"line":245,"column":5}},{"start":{"line":241,"column":4},"end":{"line":245,"column":5}}],"line":241},"18":{"loc":{"start":{"line":269,"column":4},"end":{"line":281,"column":5}},"type":"if","locations":[{"start":{"line":269,"column":4},"end":{"line":281,"column":5}},{"start":{"line":269,"column":4},"end":{"line":281,"column":5}}],"line":269},"19":{"loc":{"start":{"line":301,"column":4},"end":{"line":313,"column":5}},"type":"if","locations":[{"start":{"line":301,"column":4},"end":{"line":313,"column":5}},{"start":{"line":301,"column":4},"end":{"line":313,"column":5}}],"line":301},"20":{"loc":{"start":{"line":332,"column":4},"end":{"line":344,"column":5}},"type":"if","locations":[{"start":{"line":332,"column":4},"end":{"line":344,"column":5}},{"start":{"line":332,"column":4},"end":{"line":344,"column":5}}],"line":332},"21":{"loc":{"start":{"line":356,"column":4},"end":{"line":360,"column":5}},"type":"if","locations":[{"start":{"line":356,"column":4},"end":{"line":360,"column":5}},{"start":{"line":356,"column":4},"end":{"line":360,"column":5}}],"line":356},"22":{"loc":{"start":{"line":375,"column":4},"end":{"line":379,"column":5}},"type":"if","locations":[{"start":{"line":375,"column":4},"end":{"line":379,"column":5}},{"start":{"line":375,"column":4},"end":{"line":379,"column":5}}],"line":375}},"s":{"0":1,"1":1,"2":1,"3":1,"4":1,"5":1,"6":0,"7":0,"8":0,"9":0,"10":0,"11":0,"12":0,"13":0,"14":1,"15":1,"16":0,"17":1,"18":1,"19":1,"20":1,"21":0,"22":0,"23":0,"24":0,"25":0,"26":0,"27":0,"28":0,"29":0,"30":0,"31":0,"32":0,"33":0,"34":0,"35":0,"36":0,"37":0,"38":0,"39":0,"40":0,"41":0,"42":0,"43":0,"44":0,"45":0,"46":1,"47":1,"48":0,"49":1,"50":0,"51":0,"52":0,"53":0,"54":2,"55":2,"56":0,"57":2,"58":0,"59":0,"60":0,"61":0,"62":0,"63":0,"64":0,"65":0,"66":0,"67":0,"68":0,"69":0,"70":0,"71":0,"72":0,"73":0,"74":0,"75":0,"76":1,"77":1,"78":1,"79":1,"80":1,"81":1,"82":1,"83":0,"84":2,"85":2,"86":2,"87":2,"88":2,"89":2,"90":0,"91":2,"92":0,"93":0,"94":0,"95":0,"96":0,"97":0,"98":0,"99":0,"100":0,"101":0,"102":0,"103":1,"104":1},"f":{"0":1,"1":0,"2":0,"3":1,"4":0,"5":0,"6":0,"7":0,"8":0,"9":0,"10":0,"11":1,"12":0,"13":2,"14":0,"15":0,"16":0,"17":1,"18":2,"19":0,"20":0},"b":{"0":[1,0],"1":[1,1],"2":[0,0],"3":[0,0,0],"4":[0,0],"5":[0,0,0],"6":[0,1],"7":[1,1],"8":[1,0],"9":[0,0],"10":[0,0],"11":[0,0],"12":[0,0],"13":[0,1],"14":[0,0],"15":[0,2],"16":[0,0],"17":[0,0],"18":[0,0],"19":[1,0],"20":[0,2],"21":[0,0],"22":[0,0]},"_coverageSchema":"43e27e138ebf9cfc5966b082cf9a028302ed4184","hash":"49b1559122eb764e4d0f34ed63652dfa89c27248","contentHash":"61363ba7f4bfff9cd2a0b59cf4b94e12212e1bcce585ef499feba0e50bd049ab"},"/home/mhashim/Desktop/NewWork/AutoMart/src/models/Cars.js":{"path":"/home/mhashim/Desktop/NewWork/AutoMart/src/models/Cars.js","statementMap":{"0":{"start":{"line":3,"column":0},"end":{"line":5,"column":3}},"1":{"start":{"line":6,"column":0},"end":{"line":6,"column":25}},"2":{"start":{"line":8,"column":14},"end":{"line":8,"column":55}},"3":{"start":{"line":10,"column":12},"end":{"line":10,"column":51}},"4":{"start":{"line":12,"column":12},"end":{"line":12,"column":61}},"5":{"start":{"line":14,"column":39},"end":{"line":14,"column":93}},"6":{"start":{"line":22,"column":4},"end":{"line":22,"column":26}},"7":{"start":{"line":23,"column":4},"end":{"line":23,"column":32}},"8":{"start":{"line":24,"column":4},"end":{"line":24,"column":38}},"9":{"start":{"line":25,"column":4},"end":{"line":25,"column":36}},"10":{"start":{"line":35,"column":26},"end":{"line":49,"column":5}},"11":{"start":{"line":50,"column":4},"end":{"line":50,"column":41}},"12":{"start":{"line":51,"column":4},"end":{"line":51,"column":25}},"13":{"start":{"line":57,"column":30},"end":{"line":71,"column":5}},"14":{"start":{"line":72,"column":4},"end":{"line":72,"column":51}},"15":{"start":{"line":73,"column":4},"end":{"line":73,"column":29}},"16":{"start":{"line":80,"column":23},"end":{"line":80,"column":89}},"17":{"start":{"line":80,"column":65},"end":{"line":80,"column":88}},"18":{"start":{"line":82,"column":4},"end":{"line":105,"column":5}},"19":{"start":{"line":83,"column":39},"end":{"line":86,"column":7}},"20":{"start":{"line":88,"column":6},"end":{"line":88,"column":38}},"21":{"start":{"line":91,"column":39},"end":{"line":102,"column":7}},"22":{"start":{"line":103,"column":6},"end":{"line":103,"column":66}},"23":{"start":{"line":104,"column":6},"end":{"line":104,"column":38}},"24":{"start":{"line":111,"column":23},"end":{"line":111,"column":89}},"25":{"start":{"line":111,"column":65},"end":{"line":111,"column":88}},"26":{"start":{"line":113,"column":4},"end":{"line":152,"column":5}},"27":{"start":{"line":114,"column":37},"end":{"line":117,"column":7}},"28":{"start":{"line":118,"column":6},"end":{"line":118,"column":36}},"29":{"start":{"line":120,"column":39},"end":{"line":120,"column":106}},"30":{"start":{"line":120,"column":84},"end":{"line":120,"column":105}},"31":{"start":{"line":121,"column":46},"end":{"line":121,"column":115}},"32":{"start":{"line":121,"column":89},"end":{"line":121,"column":114}},"33":{"start":{"line":123,"column":6},"end":{"line":151,"column":7}},"34":{"start":{"line":124,"column":44},"end":{"line":127,"column":9}},"35":{"start":{"line":128,"column":8},"end":{"line":128,"column":43}},"36":{"start":{"line":130,"column":8},"end":{"line":150,"column":9}},"37":{"start":{"line":131,"column":47},"end":{"line":134,"column":11}},"38":{"start":{"line":135,"column":10},"end":{"line":135,"co
[...]
onymous_4)","decl":{"start":{"line":45,"column":65},"end":{"line":45,"column":66}},"loc":{"start":{"line":45,"column":76},"end":{"line":45,"column":104}},"line":45}},"branchMap":{"0":{"loc":{"start":{"line":13,"column":46},"end":{"line":13,"column":92}},"type":"cond-expr","locations":[{"start":{"line":13,"column":70},"end":{"line":13,"column":73}},{"start":{"line":13,"column":76},"end":{"line":13,"column":92}}],"line":13},"1":{"loc":{"start":{"line":13,"column":46},"end":{"line":13,"column":67}},"type":"binary-expr","locations":[{"start":{"line":13,"column":46},"end":{"line":13,"column":49}},{"start":{"line":13,"column":53},"end":{"line":13,"column":67}}],"line":13},"2":{"loc":{"start":{"line":29,"column":2},"end":{"line":83,"column":3}},"type":"if","locations":[{"start":{"line":29,"column":2},"end":{"line":83,"column":3}},{"start":{"line":29,"column":2},"end":{"line":83,"column":3}}],"line":29},"3":{"loc":{"start":{"line":34,"column":6},"end":{"line":72,"column":7}},"type":"if","locations":[{"start":{"line":34,"column":6},"end":{"line":72,"column":7}},{"start":{"line":34,"column":6},"end":{"line":72,"column":7}}],"line":34},"4":{"loc":{"start":{"line":44,"column":8},"end":{"line":71,"column":9}},"type":"if","locations":[{"start":{"line":44,"column":8},"end":{"line":71,"column":9}},{"start":{"line":44,"column":8},"end":{"line":71,"column":9}}],"line":44},"5":{"loc":{"start":{"line":49,"column":10},"end":{"line":62,"column":11}},"type":"if","locations":[{"start":{"line":49,"column":10},"end":{"line":62,"column":11}},{"start":{"line":49,"column":10},"end":{"line":62,"column":11}}],"line":49}},"s":{"0":1,"1":1,"2":1,"3":1,"4":1,"5":5,"6":1,"7":1,"8":1,"9":1,"10":1,"11":1,"12":1,"13":1,"14":1,"15":1,"16":0,"17":1,"18":1,"19":1,"20":1,"21":1,"22":1,"23":1,"24":0,"25":0,"26":0},"f":{"0":5,"1":1,"2":1,"3":1,"4":1},"b":{"0":[3,2],"1":[5,5],"2":[1,0],"3":[0,1],"4":[1,0],"5":[1,0]},"_coverageSchema":"43e27e138ebf9cfc5966b082cf9a028302ed4184","hash":"a0d2950b27c99e93a65f2bb5c13a5a801007ed32","contentHash":"a5deadbfe567ef5a75f065e09614478eb0434e4fad310a51486fe3779aecc9e1"},"/home/mhashim/Desktop/NewWork/AutoMart/src/middlewares/createAdVali.js":{"path":"/home/mhashim/Desktop/NewWork/AutoMart/src/middlewares/createAdVali.js","statementMap":{"0":{"start":{"line":3,"column":15},"end":{"line":3,"column":57}},"1":{"start":{"line":5,"column":18},"end":{"line":5,"column":78}},"2":{"start":{"line":7,"column":12},"end":{"line":7,"column":66}},"3":{"start":{"line":9,"column":20},"end":{"line":9,"column":67}},"4":{"start":{"line":11,"column":39},"end":{"line":11,"column":93}},"5":{"start":{"line":14,"column":12},"end":{"line":14,"column":26}},"6":{"start":{"line":16,"column":12},"end":{"line":16,"column":28}},"7":{"start":{"line":18,"column":12},"end":{"line":18,"column":35}},"8":{"start":{"line":19,"column":0},"end":{"line":19,"column":33}},"9":{"start":{"line":21,"column":0},"end":{"line":39,"column":2}},"10":{"start":{"line":22,"column":15},"end":{"line":22,"column":23}},"11":{"start":{"line":23,"column":17},"end":{"line":26,"column":4}},"12":{"start":{"line":27,"column":2},"end":{"line":38,"column":5}},"13":{"start":{"line":28,"column":4},"end":{"line":37,"column":5}},"14":{"start":{"line":29,"column":6},"end":{"line":29,"column":32}},"15":{"start":{"line":31,"column":6},"end":{"line":34,"column":9}},"16":{"start":{"line":36,"column":6},"end":{"line":36,"column":13}}},"fnMap":{"0":{"name":"_interopRequireDefault","decl":{"start":{"line":11,"column":9},"end":{"line":11,"column":31}},"loc":{"start":{"line":11,"column":37},"end":{"line":11,"column":95}},"line":11},"1":{"name":"(anonymous_1)","decl":{"start":{"line":21,"column":17},"end":{"line":21,"column":18}},"loc":{"start":{"line":21,"column":37},"end":{"line":39,"column":1}},"line":21},"2":{"name":"(anonymous_2)","decl":{"start":{"line":27,"column":29},"end":{"line":27,"column":30}},"loc":{"start":{"line":27,"column":45},"end":{"line":38,"column":3}},"line":27}},"branchMap":{"0":{"loc":{"start":{"line":11,"column":46},"end":{"line":11,"column":92}},"type":"cond-expr","locations":[{"start":{"line":11,"column":70},"end":{"line":11,"column":73}},{"start":{"line":11,"column":76},"end":{"line":11,"column":92}}],"line":11},"1":{"loc":{"start":{"line":11,"column":46},"end":{"line":11,"column":67}},"type":"binary-expr","locations":[{"start":{"line":11,"column":46},"end":{"line":11,"column":49}},{"start":{"line":11,"column":53},"end":{"line":11,"column":67}}],"line":11},"2":{"loc":{"start":{"line":28,"column":4},"end":{"line":37,"column":5}},"type":"if","locations":[{"start":{"line":28,"column":4},"end":{"line":37,"column":5}},{"start":{"line":28,"column":4},"end":{"line":37,"column":5}}],"line":28}},"s":{"0":1,"1":1,"2":1,"3":1,"4":4,"5":1,"6":1,"7":1,"8":1,"9":1,"10":1,"11":1,"12":1,"13":1,"14":0,"15":0,"16":1},"f":{"0":4,"1":1,"2":1},"b":{"0":[2,2],"1":[4,4],"2":[0,1]},"_coverageSchema":"43e27e138ebf9cfc5966b082cf9a028302ed4184","hash":"96bd2573923be44fdcd23ee018076b7464aa31db","contentHash":"96afa1c99f14897f838b96daa0292f2f290bc0090ffefdd746c36fd23cf6ceb5"},"/home/mhashim/Desktop/NewWork/AutoMart/src/middlewares/createOrderVali.js":{"path":"/home/mhashim/Desktop/NewWork/AutoMart/src/middlewares/createOrderVali.js","statementMap":{"0":{"start":{"line":3,"column":15},"end":{"line":3,"column":57}},"1":{"start":{"line":5,"column":18},"end":{"line":5,"column":78}},"2":{"start":{"line":7,"column":12},"end":{"line":7,"column":66}},"3":{"start":{"line":9,"column":20},"end":{"line":9,"column":67}},"4":{"start":{"line":11,"column":39},"end":{"line":11,"column":93}},"5":{"start":{"line":14,"column":12},"end":{"line":14,"column":26}},"6":{"start":{"line":16,"column":12},"end":{"line":16,"column":28}},"7":{"start":{"line":18,"column":12},"end":{"line":18,"column":35}},"8":{"start":{"line":19,"column":0},"end":{"line":19,"column":33}},"9":{"start":{"line":21,"column":0},"end":{"line":38,"column":2}},"10":{"start":{"line":22,"column":15},"end":{"line":22,"column":23}},"11":{"start":{"line":23,"column":17},"end":{"line":25,"column":4}},"12":{"start":{"line":26,"column":2},"end":{"line":37,"column":5}},"13":{"start":{"line":27,"column":4},"end":{"line":36,"column":5}},"14":{"start":{"line":28,"column":6},"end":{"line":28,"column":32}},"15":{"start":{"line":30,"column":6},"end":{"line":33,"column":9}},"16":{"start":{"line":35,"column":6},"end":{"line":35,"column":13}}},"fnMap":{"0":{"name":"_interopRequireDefault","decl":{"start":{"line":11,"column":9},"end":{"line":11,"column":31}},"loc":{"start":{"line":11,"column":37},"end":{"line":11,"column":95}},"line":11},"1":{"name":"(anonymous_1)","decl":{"start":{"line":21,"column":17},"end":{"line":21,"column":18}},"loc":{"start":{"line":21,"column":37},"end":{"line":38,"column":1}},"line":21},"2":{"name":"(anonymous_2)","decl":{"start":{"line":26,"column":29},"end":{"line":26,"column":30}},"loc":{"start":{"line":26,"column":45},"end":{"line":37,"column":3}},"line":26}},"branchMap":{"0":{"loc":{"start":{"line":11,"column":46},"end":{"line":11,"column":92}},"type":"cond-expr","locations":[{"start":{"line":11,"column":70},"end":{"line":11,"column":73}},{"start":{"line":11,"column":76},"end":{"line":11,"column":92}}],"line":11},"1":{"loc":{"start":{"line":11,"column":46},"end":{"line":11,"column":67}},"type":"binary-expr","locations":[{"start":{"line":11,"column":46},"end":{"line":11,"column":49}},{"start":{"line":11,"column":53},"end":{"line":11,"column":67}}],"line":11},"2":{"loc":{"start":{"line":27,"column":4},"end":{"line":36,"column":5}},"type":"if","locations":[{"start":{"line":27,"column":4},"end":{"line":36,"column":5}},{"start":{"line":27,"column":4},"end":{"line":36,"column":5}}],"line":27}},"s":{"0":1,"1":1,"2":1,"3":1,"4":4,"5":1,"6":1,"7":1,"8":1,"9":1,"10":1,"11":1,"12":1,"13":1,"14":0,"15":0,"16":1},"f":{"0":4,"1":1,"2":1},"b":{"0":[2,2],"1":[4,4],"2":[0,1]},"_coverageSchema":"43e27e138ebf9cfc5966b082cf9a028302ed4184","hash":"343a392ee62945117cfedad17d6682d241560d30","contentHash":"0d7952665914749c5d265989a39f7cea144bcac0af1be7d456450ee857d01ebd"},"/home/mhashim/Desktop/NewWork/AutoMart/src/middlewares/UpdatecarAdVali.js":{"path":"/home/mhashim/Desktop/NewWork/AutoMart/src/middlewares/UpdatecarAdVali.js","statementMap":{"0":{"start":{"line":3,"column":15},"end":{"line":3,"column":57}},"1":{"start":{"line":5,"column":18},"end":{"line":5,"column":78}},"2":{"start":{"line":7,"column":12},"end":{"line":7,"column":66}},"3":{"start":{"line":9,"column":20},"end":{"line":9,"column":67}},"4":{"start":{"line":11,"column":39},"end":{"line":11,"column":93}},"5":{"start":{"line":14,"column":12},"end":{"line":14,"column":26}},"6":{"start":{"line":16,"column":12},"end":{"line":16,"column":28}},"7":{"start":{"line":18,"column":12},"end":{"line":18,"column":35}},"8":{"start":{"line":19,"column":0},"end":{"line":19,"column":33}},"9":{"start":{"line":21,"column":0},"end":{"line":38,"column":2}},"10":{"start":{"line":22,"column":15},"end":{"line":22,"column":23}},"11":{"start":{"line":23,"column":17},"end":{"line":25,"column":4}},"12":{"start":{"line":26,"column":2},"end":{"line":37,"column":5}},"13":{"start":{"line":27,"column":4},"end":{"line":36,"column":5}},"14":{"start":{"line":28,"column":6},"end":{"line":28,"column":32}},"15":{"start":{"line":30,"column":6},"end":{"line":33,"column":9}},"16":{"start":{"line":35,"column":6},"end":{"line":35,"column":13}}},"fnMap":{"0":{"name":"_interopRequireDefault","decl":{"start":{"line":11,"column":9},"end":{"line":11,"column":31}},"loc":{"start":{"line":11,"column":37},"end":{"line":11,"column":95}},"line":11},"1":{"name":"(anonymous_1)","decl":{"start":{"line":21,"column":17},"end":{"line":21,"column":18}},"loc":{"start":{"line":21,"column":37},"end":{"line":38,"column":1}},"line":21},"2":{"name":"(anonymous_2)","decl":{"start":{"line":26,"column":29},"end":{"line":26,"column":30}},"loc":{"start":{"line":26,"column":45},"end":{"line":37,"column":3}},"line":26}},"branchMap":{"0":{"loc":{"start":{"line":11,"column":46},"end":{"line":11,"column":92}},"type":"cond-expr","locations":[{"start":{"line":11,"column":70},"end":{"line":11,"column":73}},{"start":{"line":11,"column":76},"end":{"line":11,"column":92}}],"line":11},"1":{"loc":{"start":{"line":11,"column":46},"end":{"line":11,"column":67}},"type":"binary-expr","locations":[{"start":{"line":11,"column":46},"end":{"line":11,"column":49}},{"start":{"line":11,"column":53},"end":{"line":11,"column":67}}],"line":11},"2":{"loc":{"start":{"line":27,"column":4},"end":{"line":36,"column":5}},"type":"if","locations":[{"start":{"line":27,"column":4},"end":{"line":36,"column":5}},{"start":{"line":27,"column":4},"end":{"line":36,"column":5}}],"line":27}},"s":{"0":1,"1":1,"2":1,"3":1,"4":4,"5":1,"6":1,"7":1,"8":1,"9":1,"10":2,"11":2,"12":2,"13":2,"14":0,"15":0,"16":2},"f":{"0":4,"1":2,"2":2},"b":{"0":[2,2],"1":[4,4],"2":[0,2]},"_coverageSchema":"43e27e138ebf9cfc5966b082cf9a028302ed4184","hash":"a77fbcd59398151703a7d5bfb038ae8ad78102dd","contentHash":"d90ec2936643a553fa7624a2fdf40ec0c8837344e34a7373e928719e19f344e9"},"/home/mhashim/Desktop/NewWork/AutoMart/src/middlewares/UpdateOrderVali.js":{"path":"/home/mhashim/Desktop/NewWork/AutoMart/src/middlewares/UpdateOrderVali.js","statementMap":{"0":{"start":{"line":3,"column":15},"end":{"line":3,"column":57}},"1":{"start":{"line":5,"column":18},"end":{"line":5,"column":78}},"2":{"start":{"line":7,"column":12},"end":{"line":7,"column":66}},"3":{"start":{"line":9,"column":20},"end":{"line":9,"column":67}},"4":{"start":{"line":11,"column":39},"end":{"line":11,"column":93}},"5":{"start":{"line":14,"column":12},"end":{"line":14,"column":26}},"6":{"start":{"line":16,"column":12},"end":{"line":16,"column":28}},"7":{"start":{"line":18,"column":12},"end":{"line":18,"column":35}},"8":{"start":{"line":19,"column":0},"end":{"line":19,"column":33}},"9":{"start":{"line":21,"column":0},"end":{"line":38,"column":2}},"10":{"start":{"line":22,"column":15},"end":{"line":22,"column":23}},"11":{"start":{"line":23,"column":17},"end":{"line":25,"column":4}},"12":{"start":{"line":26,"column":2},"end":{"line":37,"column":5}},"13":{"start":{"line":27,"column":4},"end":{"line":36,"column":5}},"14":{"start":{"line":28,"column":6},"end":{"line":28,"column":32}},"15":{"start":{"line":30,"column":6},"end":{"line":33,"column":9}},"16":{"start":{"line":35,"column":6},"end":{"line":35,"column":13}}},"fnMap":{"0":{"name":"_interopRequireDefault","decl":{"start":{"line":11,"column":9},"end":{"line":11,"column":31}},"loc":{"start":{"line":11,"column":37},"end":{"line":11,"column":95}},"line":11},"1":{"name":"(anonymous_1)","decl":{"start":{"line":21,"column":17},"end":{"line":21,"column":18}},"loc":{"start":{"line":21,"column":37},"end":{"line":38,"column":1}},"line":21},"2":{"name":"(anonymous_2)","decl":{"start":{"line":26,"column":29},"end":{"line":26,"column":30}},"loc":{"start":{"line":26,"column":45},"end":{"line":37,"column":3}},"line":26}},"branchMap":{"0":{"loc":{"start":{"line":11,"column":46},"end":{"line":11,"column":92}},"type":"cond-expr","locations":[{"start":{"line":11,"column":70},"end":{"line":11,"column":73}},{"start":{"line":11,"column":76},"end":{"line":11,"column":92}}],"line":11},"1":{"loc":{"start":{"line":11,"column":46},"end":{"line":11,"column":67}},"type":"binary-expr","locations":[{"start":{"line":11,"column":46},"end":{"line":11,"column":49}},{"start":{"line":11,"column":53},"end":{"line":11,"column":67}}],"line":11},"2":{"loc":{"start":{"line":27,"column":4},"end":{"line":36,"column":5}},"type":"if","locations":[{"start":{"line":27,"column":4},"end":{"line":36,"column":5}},{"start":{"line":27,"column":4},"end":{"line":36,"column":5}}],"line":27}},"s":{"0":1,"1":1,"2":1,"3":1,"4":4,"5":1,"6":1,"7":1,"8":1,"9":1,"10":0,"11":0,"12":0,"13":0,"14":0,"15":0,"16":0},"f":{"0":4,"1":0,"2":0},"b":{"0":[2,2],"1":[4,4],"2":[0,0]},"_coverageSchema":"43e27e138ebf9cfc5966b082cf9a028302ed4184","hash":"8dcc31473090c59724d64c486d2b929e6ecb967a","contentHash":"c3dd8eb106050a7f35e896ba5d3f6f1bdee4866e1f3e3c81f8cf905da447805c"},"/home/mhashim/Desktop/NewWork/AutoMart/src/middlewares/SignupVali.js":{"path":"/home/mhashim/Desktop/NewWork/AutoMart/src/middlewares/SignupVali.js","statementMap":{"0":{"start":{"line":3,"column":15},"end":{"line":3,"column":57}},"1":{"start":{"line":5,"column":18},"end":{"line":5,"column":78}},"2":{"start":{"line":7,"column":12},"end":{"line":7,"column":66}},"3":{"start":{"line":9,"column":20},"end":{"line":9,"column":67}},"4":{"start":{"line":11,"column":39},"end":{"line":11,"column":93}},"5":{"start":{"line":14,"column":12},"end":{"line":14,"column":26}},"6":{"start":{"line":16,"column":12},"end":{"line":16,"column":28}},"7":{"start":{"line":18,"column":12},"end":{"line":18,"column":35}},"8":{"start":{"line":19,"column":0},"end":{"line":19,"column":33}},"9":{"start":{"line":21,"column":0},"end":{"line":43,"column":2}},"10":{"start":{"line":22,"column":15},"end":{"line":22,"column":23}},"11":{"start":{"line":23,"column":17},"end":{"line":30,"column":4}},"12":{"start":{"line":31,"column":2},"end":{"line":42,"column":5}},"13":{"start":{"line":32,"column":4},"end":{"line":41,"column":5}},"14":{"start":{"line":33,"column":6},"end":{"line":33,"column":32}},"15":{"start":{"line":35,"column":6},"end":{"line":38,"column":9}},"16":{"start":{"line":40,"column":6},"end":{"line":40,"column":13}}},"fnMap":{"0":{"name":"_interopRequireDefault","decl":{"start":{"line":11,"column":9},"end":{"line":11,"column":31}},"loc":{"start":{"line":11,"column":37},"end":{"line":11,"column":95}},"line":11},"1":{"name":"(anonymous_1)","decl":{"start":{"line":21,"column":17},"end":{"line":21,"column":18}},"loc":{"start":{"line":21,"column":37},"end":{"line":43,"column":1}},"line":21},"2":{"name":"(anonymous_2)","decl":{"start":{"line":31,"column":29},"end":{"line":31,"column":30}},"loc":{"start":{"line":31,"column":45},"end":{"line":42,"column":3}},"line":31}},"branchMap":{"0":{"loc":{"start":{"line":11,"column":46},"end":{"line":11,"column":92}},"type":"cond-expr","locations":[{"start":{"line":11,"column":70},"end":{"line":11,"column":73}},{"start":{"line":11,"column":76},"end":{"line":11,"column":92}}],"line":11},"1":{"loc":{"start":{"line":11,"column":46},"end":{"line":11,"column":67}},"type":"binary-expr","locations":[{"start":{"line":11,"column":46},"end":{"line":11,"column":49}},{"start":{"line":11,"column":53},"end":{"line":11,"column":67}}],"line":11},"2":{"loc":{"start":{"line":32,"column":4},"end":{"line":41,"column":5}},"type":"if","locations":[{"start":{"line":32,"column":4},"end":{"line":41,"column":5}},{"start":{"line":32,"column":4},"end":{"line":41,"column":5}}],"line":32}},"s":{"0":1,"1":1,"2":1,"3":1,"4":4,"5":1,"6":1,"7":1,"8":1,"9":1,"10":1,"11":1,"12":1,"13":1,"14":0,"15":0,"16":1},"f":{"0":4,"1":1,"2":1},"b":{"0":[2,2],"1":[4,4],"2":[0,1]},"_coverageSchema":"43e27e138ebf9cfc5966b082cf9a028302ed4184","hash":"f83c646b0cf23538e8ba5066fe24a1cb1ed740f7","contentHash":"108657f9d3fcafa8be12ca0a6bef834eea09920aa33bc5ff3625ec492d74d03f"},"/home/mhashim/Desktop/NewWork/AutoMart/src/middlewares/SigninVali.js":{"path":"/home/mhashim/Desktop/NewWork/AutoMart/src/middlewares/SigninVali.js","statementMap":{"0":{"start":{"line":3,"column":15},"end":{"line":3,"column":57}},"1":{"start":{"line":5,"column":18},"end":{"line":5,"column":78}},"2":{"start":{"line":7,"column":12},"end":{"line":7,"column":66}},"3":{"start":{"line":9,"column":20},"end":{"line":9,"column":67}},"4":{"start":{"line":11,"column":39},"end":{"line":11,"column":93}},"5":{"start":{"line":14,"column":12},"end":{"line":14,"column":26}},"6":{"start":{"line":16,"column":12},"end":{"line":16,"column":28}},"7":{"start":{"line":18,"column":12},"end":{"line":18,"column":35}},"8":{"start":{"line":19,"column":0},"end":{"line":19,"column":33}},"9":{"start":{"line":21,"column":0},"end":{"line":39,"column":2}},"10":{"start":{"line":22,"column":15},"end":{"line":22,"column":23}},"11":{"start":{"line":23,"column":17},"end":{"line":26,"column":4}},"12":{"start":{"line":27,"column":2},"end":{"line":38,"column":5}},"13":{"start":{"line":28,"column":4},"end":{"line":37,"column":5}},"14":{"start":{"line":29,"column":6},"end":{"line":29,"column":32}},"15":{"start":{"line":31,"column":6},"end":{"line":34,"column":9}},"16":{"start":{"line":36,"column":6},"end":{"line":36,"column":13}}},"fnMap":{"0":{"name":"_interopRequireDefault","decl":{"start":{"line":11,"column":9},"end":{"line":11,"column":31}},"loc":{"start":{"line":11,"column":37},"end":{"line":11,"column":95}},"line":11},"1":{"name":"(anonymous_1)","decl":{"start":{"line":21,"column":17},"end":{"line":21,"column":18}},"loc":{"start":{"line":21,"column":37},"end":{"line":39,"column":1}},"line":21},"2":{"name":"(anonymous_2)","decl":{"start":{"line":27,"column":29},"end":{"line":27,"column":30}},"loc":{"start":{"line":27,"column":45},"end":{"line":38,"column":3}},"line":27}},"branchMap":{"0":{"loc":{"start":{"line":11,"column":46},"end":{"line":11,"column":92}},"type":"cond-expr","locations":[{"start":{"line":11,"column":70},"end":{"line":11,"column":73}},{"start":{"line":11,"column":76},"end":{"line":11,"column":92}}],"line":11},"1":{"loc":{"start":{"line":11,"column":46},"end":{"line":11,"column":67}},"type":"binary-expr","locations":[{"start":{"line":11,"column":46},"end":{"line":11,"column":49}},{"start":{"line":11,"column":53},"end":{"line":11,"column":67}}],"line":11},"2":{"loc":{"start":{"line":28,"column":4},"end":{"line":37,"column":5}},"type":"if","locations":[{"start":{"line":28,"column":4},"end":{"line":37,"column":5}},{"start":{"line":28,"column":4},"end":{"line":37,"column":5}}],"line":28}},"s":{"0":1,"1":1,"2":1,"3":1,"4":4,"5":1,"6":1,"7":1,"8":1,"9":1,"10":1,"11":1,"12":1,"13":1,"14":0,"15":0,"16":1},"f":{"0":4,"1":1,"2":1},"b":{"0":[2,2],"1":[4,4],"2":[0,1]},"_coverageSchema":"43e27e138ebf9cfc5966b082cf9a028302ed4184","hash":"8a68ba846dc0f0bd51cbd6caf0058089e8d0343d","contentHash":"f5461774c518fa4d358596b89ff60595f2a6ac6f364dec83c12eb0d1afd2284f"}}