{"/home/mhashim/Desktop/NewWork/AutoMart/server.js":{"path":"/home/mhashim/Desktop/NewWork/AutoMart/server.js","statementMap":{"0":{"start":{"line":3,"column":0},"end":{"line":5,"column":3}},"1":{"start":{"line":6,"column":0},"end":{"line":6,"column":25}},"2":{"start":{"line":8,"column":15},"end":{"line":8,"column":57}},"3":{"start":{"line":10,"column":12},"end":{"line":10,"column":69}},"4":{"start":{"line":12,"column":14},"end":{"line":12,"column":73}},"5":{"start":{"line":14,"column":12},"end":{"line":14,"column":69}},"6":{"start":{"line":16,"column":32},"end":{"line":16,"column":109}},"7":{"start":{"line":18,"column":24},"end":{"line":18,"column":93}},"8":{"start":{"line":20,"column":20},"end":{"line":20,"column":85}},"9":{"start":{"line":22,"column":23},"end":{"line":22,"column":91}},"10":{"start":{"line":24,"column":23},"end":{"line":24,"column":91}},"11":{"start":{"line":26,"column":23},"end":{"line":26,"column":91}},"12":{"start":{"line":28,"column":18},"end":{"line":28,"column":81}},"13":{"start":{"line":30,"column":18},"end":{"line":30,"column":81}},"14":{"start":{"line":32,"column":39},"end":{"line":32,"column":93}},"15":{"start":{"line":35,"column":12},"end":{"line":35,"column":35}},"16":{"start":{"line":36,"column":0},"end":{"line":36,"column":33}},"17":{"start":{"line":37,"column":0},"end":{"line":41,"column":3}},"18":{"start":{"line":38,"column":2},"end":{"line":40,"column":5}},"19":{"start":{"line":43,"column":0},"end":{"line":43,"column":75}},"20":{"start":{"line":47,"column":0},"end":{"line":47,"column":84}},"21":{"start":{"line":51,"column":0},"end":{"line":51,"column":101}},"22":{"start":{"line":54,"column":0},"end":{"line":54,"column":102}},"23":{"start":{"line":56,"column":0},"end":{"line":56,"column":126}},"24":{"start":{"line":58,"column":0},"end":{"line":58,"column":87}},"25":{"start":{"line":60,"column":0},"end":{"line":60,"column":92}},"26":{"start":{"line":62,"column":0},"end":{"line":62,"column":65}},"27":{"start":{"line":64,"column":0},"end":{"line":64,"column":60}},"28":{"start":{"line":66,"column":0},"end":{"line":66,"column":132}},"29":{"start":{"line":68,"column":0},"end":{"line":68,"column":93}},"30":{"start":{"line":72,"column":0},"end":{"line":72,"column":61}},"31":{"start":{"line":82,"column":0},"end":{"line":82,"column":17}},"32":{"start":{"line":83,"column":0},"end":{"line":83,"column":42}},"33":{"start":{"line":84,"column":15},"end":{"line":84,"column":18}},"34":{"start":{"line":85,"column":0},"end":{"line":85,"column":27}}},"fnMap":{"0":{"name":"_interopRequireDefault","decl":{"start":{"line":32,"column":9},"end":{"line":32,"column":31}},"loc":{"start":{"line":32,"column":37},"end":{"line":32,"column":95}},"line":32},"1":{"name":"(anonymous_1)","decl":{"start":{"line":37,"column":13},"end":{"line":37,"column":14}},"loc":{"start":{"line":37,"column":27},"end":{"line":41,"column":1}},"line":37}},"branchMap":{"0":{"loc":{"start":{"line":32,"column":46},"end":{"line":32,"column":92}},"type":"cond-expr","locations":[{"start":{"line":32,"column":70},"end":{"line":32,"column":73}},{"start":{"line":32,"column":76},"end":{"line":32,"column":92}}],"line":32},"1":{"loc":{"start":{"line":32,"column":46},"end":{"line":32,"column":67}},"type":"binary-expr","locations":[{"start":{"line":32,"column":46},"end":{"line":32,"column":49}},{"start":{"line":32,"column":53},"end":{"line":32,"column":67}}],"line":32}},"s":{"0":1,"1":1,"2":1,"3":1,"4":1,"5":1,"6":1,"7":1,"8":1,"9":1,"10":1,"11":1,"12":1,"13":1,"14":12,"15":1,"16":1,"17":1,"18":0,"19":1,"20":1,"21":1,"22":1,"23":1,"24":1,"25":1,"26":1,"27":1,"28":1,"29":1,"30":1,"31":1,"32":1,"33":1,"34":1},"f":{"0":12,"1":0},"b":{"0":[3,9],"1":[12,12]},"_coverageSchema":"43e27e138ebf9cfc5966b082cf9a028302ed4184","hash":"44027713d87e7f0044468cd2ba1af956e3d8b4d4","contentHash":"e75c428abb06f3c0e2d4ac29bd0e623bdaee855d0f59955f49df6e05358f6398"},"/home/mhashim/Desktop/NewWork/AutoMart/src/controllers/Cars.js":{"path":"/home/mhashim/Desktop/NewWork/AutoMart/src/controllers/Cars.js","statementMap":{"0":{"start":{"line":3,"column":0},"end":{"line":5,"column":3}},"1":{"start":{"line":6,"column":0},"end":{"line":6,"column":25}},"2":{"start":{"line":8,"column":12},"end":{"line":8,"column":61}},"3":{"start":{"line":10,"column":10},"end":{"line":10,"column":29}},"4":{"start":{"line":12,"column":39},"end":{"line":12,"column":93}},"5":{"start":{"line":15,"column":12},"end":{"line":15,"column":26}},"6":{"start":{"line":17,"column":12},"end":{"line":383,"column":1}},"7":{"start":{"line":25,"column":16},"end":{"line":25,"column":43}},"8":{"start":{"line":27,"column":4},"end":{"line":31,"column":5}},"9":{"start":{"line":28,"column":6},"end":{"line":30,"column":9}},"10":{"start":{"line":33,"column":23},"end":{"line":33,"column":65}},"11":{"start":{"line":35,"column":24},"end":{"line":35,"column":54}},"12":{"start":{"line":37,"column":4},"end":{"line":69,"column":5}},"13":{"start":{"line":39,"column":19},"end":{"line":42,"column":18}},"14":{"start":{"line":43,"column":21},"end":{"line":43,"column":200}},"15":{"start":{"line":45,"column":6},"end":{"line":59,"column":7}},"16":{"start":{"line":48,"column":12},"end":{"line":48,"column":46}},"17":{"start":{"line":49,"column":8},"end":{"line":53,"column":11}},"18":{"start":{"line":56,"column":8},"end":{"line":58,"column":11}},"19":{"start":{"line":64,"column":6},"end":{"line":68,"column":9}},"20":{"start":{"line":73,"column":16},"end":{"line":73,"column":43}},"21":{"start":{"line":75,"column":4},"end":{"line":79,"column":5}},"22":{"start":{"line":76,"column":6},"end":{"line":78,"column":9}},"23":{"start":{"line":81,"column":23},"end":{"line":81,"column":86}},"24":{"start":{"line":83,"column":24},"end":{"line":83,"column":54}},"25":{"start":{"line":85,"column":4},"end":{"line":97,"column":5}},"26":{"start":{"line":86,"column":6},"end":{"line":90,"column":9}},"27":{"start":{"line":92,"column":6},"end":{"line":96,"column":9}},"28":{"start":{"line":108,"column":24},"end":{"line":108,"column":47}},"29":{"start":{"line":110,"column":4},"end":{"line":110,"column":45}},"30":{"start":{"line":114,"column":24},"end":{"line":114,"column":58}},"31":{"start":{"line":116,"column":4},"end":{"line":116,"column":45}},"32":{"start":{"line":120,"column":24},"end":{"line":120,"column":54}},"33":{"start":{"line":122,"column":4},"end":{"line":126,"column":7}},"34":{"start":{"line":130,"column":24},"end":{"line":130,"column":53}},"35":{"start":{"line":132,"column":4},"end":{"line":136,"column":7}},"36":{"start":{"line":146,"column":23},"end":{"line":146,"column":59}},"37":{"start":{"line":148,"column":4},"end":{"line":152,"column":5}},"38":{"start":{"line":149,"column":6},"end":{"line":151,"column":9}},"39":{"start":{"line":154,"column":4},"end":{"line":154,"column":44}},"40":{"start":{"line":158,"column":23},"end":{"line":158,"column":63}},"41":{"start":{"line":160,"column":4},"end":{"line":164,"column":5}},"42":{"start":{"line":161,"column":6},"end":{"line":163,"column":9}},"43":{"start":{"line":166,"column":4},"end":{"line":170,"column":7}},"44":{"start":{"line":174,"column":23},"end":{"line":174,"column":62}},"45":{"start":{"line":176,"column":4},"end":{"line":180,"column":5}},"46":{"start":{"line":177,"column":6},"end":{"line":179,"column":9}},"47":{"start":{"line":182,"column":4},"end":{"line":186,"column":7}},"48":{"start":{"line":190,"column":23},"end":{"line":190,"column":82}},"49":{"start":{"line":192,"column":4},"end":{"line":196,"column":5}},"50":{"start":{"line":193,"column":6},"end":{"line":195,"column":9}},"51":{"start":{"line":198,"column":4},"end":{"line":198,"column":44}},"52":{"start":{"line":202,"column":23},"end":{"line":202,"column":69}},"53":{"start":{"line":204,"column":4},"end":{"line":208,"column":5}},"54":{"start":{"line":205,"column":6},"end":{"line":207,"column":9}},"55":{"start":{"line":210,"column":4},"end":{"line":214,"column":7}},"56":{"start":{"line":218,"column":23},"end":{"line":218,"column":60}},"57":{"start":{"line":220,"column":4},"end":{"line":224,"column":5}},"58":{"start":{"line":221,"column":6},"end":{"line":223,"column":9}},"59":{"start":{"line":226,"column":4},"end":{"line":226,"column":44}},"60":{"start":{"line":236,"column":23},"end":{"line":236,"column":59}},"61":{"start":{"line":238,"column":4},"end":{"line":242,"column":5}},"62":{"start":{"line":239,"column":6},"end":{"line":241,"column":9}},"63":{"start":{"line":244,"column":30},"end":{"line":244,"column":75}},"64":{"start":{"line":246,"column":4},"end":{"line":246,"column":51}},"65":{"start":{"line":250,"column":16},"end":{"line":250,"column":43}},"66":{"start":{"line":251,"column":20},"end":{"line":251,"column":40}},"67":{"start":{"line":253,"column":23},"end":{"line":253,"column":63}},"68":{"start":{"line":261,"column":30},"end":{"line":261,"column":92}},"69":{"start":{"line":263,"column":4},"end":{"line":263,"column":35}},"70":{"start":{"line":264,"column":24},"end":{"line":264,"column":61}},"71":{"start":{"line":266,"column":4},"end":{"line":278,"column":5}},"72":{"start":{"line":267,"column":6},"end":{"line":271,"column":9}},"73":{"start":{"line":273,"column":6},"end":{"line":277,"column":9}},"74":{"start":{"line":283,"column":16},"end":{"line":283,"column":43}},"75":{"start":{"line":284,"column":20},"end":{"line":284,"column":40}},"76":{"start":{"line":286,"column":23},"end":{"line":286,"column":62}},"77":{"start":{"line":294,"column":30},"end":{"line":294,"column":91}},"78":{"start":{"line":296,"column":24},"end":{"line":296,"column":61}},"79":{"start":{"line":298,"column":4},"end":{"line":310,"column":5}},"80":{"start":{"line":299,"column":6},"end":{"line":303,"column":9}},"81":{"start":{"line":305,"column":6},"end":{"line":309,"column":9}},"82":{"start":{"line":314,"column":16},"end":{"line":314,"column":43}},"83":{"start":{"line":315,"column":20},"end":{"line":315,"column":40}},"84":{"start":{"line":317,"column":23},"end":{"line":317,"column":62}},"85":{"start":{"line":325,"column":30},"end":{"line":325,"column":90}},"86":{"start":{"line":327,"column":24},"end":{"line":327,"column":61}},"87":{"start":{"line":329,"column":4},"end":{"line":341,"column":5}},"88":{"start":{"line":330,"column":6},"end":{"line":334,"column":9}},"89":{"start":{"line":336,"column":6},"end":{"line":340,"column":9}},"90":{"start":{"line":351,"column":23},"end":{"line":351,"column":62}},"91":{"start":{"line":353,"column":4},"end":{"line":357,"column":5}},"92":{"start":{"line":354,"column":6},"end":{"line":356,"column":9}},"93":{"start":{"line":359,"column":16},"end":{"line":359,"column":56}},"94":{"start":{"line":361,"column":24},"end":{"line":361,"column":63}},"95":{"start":{"line":363,"column":4},"end":{"line":366,"column":7}},"96":{"start":{"line":370,"column":23},"end":{"line":370,"column":59}},"97":{"start":{"line":372,"column":4},"end":{"line":376,"column":5}},"98":{"start":{"line":373,"column":6},"end":{"line":375,"column":9}},"99":{"start":{"line":378,"column":16},"end":{"line":378,"column":51}},"100":{"start":{"line":380,"column":4},"end":{"line":380,"column":37}},"101":{"start":{"line":384,"column":15},"end":{"line":384,"column":18}},"102":{"start":{"line":385,"column":0},"end":{"line":385,"column":27}}},"fnMap":{"0":{"name":"_interopRequireDefault","decl":{"start":{"line":12,"column":9},"end":{"line":12,"column":31}},"loc":{"start":{"line":12,"column":37},"end":{"line":12,"column":95}},"line":12},"1":{"name":"(anonymous_1)","decl":{"start":{"line":24,"column":2},"end":{"line":24,"column":3}},"loc":{"start":{"line":24,"column":30},"end":{"line":70,"column":3}},"line":24},"2":{"name":"(anonymous_2)","decl":{"start":{"line":72,"column":2},"end":{"line":72,"column":3}},"loc":{"start":{"line":72,"column":26},"end":{"line":99,"column":3}},"line":72},"3":{"name":"(anonymous_3)","decl":{"start":{"line":107,"column":2},"end":{"line":107,"column":3}},"loc":{"start":{"line":107,"column":19},"end":{"line":111,"column":3}},"line":107},"4":{"name":"(anonymous_4)","decl":{"start":{"line":113,"column":2},"end":{"line":113,"column":3}},"loc":{"start":{"line":113,"column":30},"end":{"line":117,"column":3}},"line":113},"5":{"name":"(anonymous_5)","decl":{"start":{"line":119,"column":2},"end":{"line":119,"column":3}},"loc":{"start":{"line":119,"column":26},"end":{"line":127,"column":3}},"line":119},"6":{"name":"(anonymous_6)","decl":{"start":{"line":129,"column":2},"end":{"line":129,"column":3}},"loc":{"start":{"line":129,"column":25},"end":{"line":137,"column":3}},"line":129},"7":{"name":"(anonymous_7)","decl":{"start":{"line":145,"column":2},"end":{"line":145,"column":3}},"loc":{"start":{"line":145,"column":19},"end":{"line":155,"column":3}},"line":145},"8":{"name":"(anonymous_8)","decl":{"start":{"line":157,"column":2},"end":{"line":157,"column":3}},"loc":{"start":{"line":157,"column":24},"end":{"line":171,"column":3}},"line":157},"9":{"name":"(anonymous_9)","decl":{"start":{"line":173,"column":2},"end":{"line":173,"column":3}},"loc":{"start":{"line":173,"column":22},"end":{"line":187,"column":3}},"line":173},"10":{"name":"(anonymous_10)","decl":{"start":{"line":189,"column":2},"end":{"line":189,"column":3}},"loc":{"start":{"line":189,"column":18},"end":{"line":199,"column":3}},"line":189},"11":{"name":"(anonymous_11)","decl":{"start":{"line":201,"column":2},"end":{"line":201,"column":3}},"loc":{"start":{"line":201,"column":35},"end":{"line":215,"column":3}},"line":201},"12":{"name":"(anonymous_12)","decl":{"start":{"line":217,"column":2},"end":{"line":217,"column":3}},"loc":{"start":{"line":217,"column":25},"end":{"line":227,"column":3}},"line":217},"13":{"name":"(anonymous_13)","decl":{"start":{"line":235,"column":2},"end":{"line":235,"column":3}},"loc":{"start":{"line":235,"column":19},"end":{"line":247,"column":3}},"line":235},"14":{"name":"(anonymous_14)","decl":{"start":{"line":249,"column":2},"end":{"line":249,"column":3}},"loc":{"start":{"line":249,"column":29},"end":{"line":279,"column":3}},"line":249},"15":{"name":"(anonymous_15)","decl":{"start":{"line":282,"column":2},"end":{"line":282,"column":3}},"loc":{"start":{"line":282,"column":28},"end":{"line":311,"column":3}},"line":282},"16":{"name":"(anonymous_16)","decl":{"start":{"line":313,"column":2},"end":{"line":313,"column":3}},"loc":{"start":{"line":313,"column":27},"end":{"line":342,"column":3}},"line":313},"17":{"name":"(anonymous_17)","decl":{"start":{"line":350,"column":2},"end":{"line":350,"column":3}},"loc":{"start":{"line":350,"column":24},"end":{"line":367,"column":3}},"line":350},"18":{"name":"(anonymous_18)","decl":{"start":{"line":369,"column":2},"end":{"line":369,"column":3}},"loc":{"start":{"line":369,"column":19},"end":{"line":381,"column":3}},"line":369}},"branchMap":{"0":{"loc":{"start":{"line":12,"column":46},"end":{"line":12,"column":92}},"type":"cond-expr","locations":[{"start":{"line":12,"column":70},"end":{"line":12,"column":73}},{"start":{"line":12,"column":76},"end":{"line":12,"column":92}}],"line":12},"1":{"loc":{"start":{"line":12,"column":46},"end":{"line":12,"column":67}},"type":"binary-expr","locations":[{"start":{"line":12,"column":46},"end":{"line":12,"column":49}},{"start":{"line":12,"column":53},"end":{"line":12,"column":67}}],"line":12},"2":{"loc":{"start":{"line":27,"column":4},"end":{"line":31,"column":5}},"type":"if","locations":[{"start":{"line":27,"column":4},"end":{"line":31,"column":5}},{"start":{"line":27,"column":4},"end":{"line":31,"column":5}}],"line":27},"3":{"loc":{"start":{"line":27,"column":8},"end":{"line":27,"column":48}},"type":"binary-expr","locations":[{"start":{"line":27,"column":8},"end":{"line":27,"column":29}},{"start":{"line":27,"column":33},"end":{"line":27,"column":48}}],"line":27},"4":{"loc":{"start":{"line":37,"column":4},"end":{"line":69,"column":5}},"type":"if","locations":[{"start":{"line":37,"column":4},"end":{"line":69,"column":5}},{"start":{"line":37,"column":4},"end":{"line":69,"column":5}}],"line":37},"5":{"loc":{"start":{"line":75,"column":4},"end":{"line":79,"column":5}},"type":"if","locations":[{"start":{"line":75,"column":4},"end":{"line":79,"column":5}},{"start":{"line":75,"column":4},"end":{"line":79,"column":5}}],"line":75},"6":{"loc":{"start":{"line":85,"column":4},"end":{"line":97,"column":5}},"type":"if","locations":[{"start":{"line":85,"column":4},"end":{"line":97,"column":5}},{"start":{"line":85,"column":4},"end":{"line":97,"column":5}}],"line":85},"7":{"loc":{"start":{"line":148,"column":4},"end":{"line":152,"column":5}},"type":"if","locations":[{"start":{"line":148,"column":4},"end":{"line":152,"column":5}},{"start":{"line":148,"column":4},"end":{"line":152,"column":5}}],"line":148},"8":{"loc":{"start":{"line":160,"column":4},"end":{"line":164,"column":5}},"type":"if","locations":[{"start":{"line":160,"column":4},"end":{"line":164,"column":5}},{"start":{"line":160,"column":4},"end":{"line":164,"column":5}}],"line":160},"9":{"loc":{"start":{"line":176,"column":4},"end":{"line":180,"column":5}},"type":"if","locations":[{"start":{"line":176,"column":4},"end":{"line":180,"column":5}},{"start":{"line":176,"column":4},"end":{"line":180,"column":5}}],"line":176},"10":{"loc":{"start":{"line":192,"column":4},"end":{"line":196,"column":5}},"type":"if","locations":[{"start":{"line":192,"column":4},"end":{"line":196,"column":5}},{"start":{"line":192,"column":4},"end":{"line":196,"column":5}}],"line":192},"11":{"loc":{"start":{"line":204,"column":4},"end":{"line":208,"column":5}},"type":"if","locations":[{"start":{"line":204,"column":4},"end":{"line":208,"column":5}},{"start":{"line":204,"column":4},"end":{"line":208,"column":5}}],"line":204},"12":{"loc":{"start":{"line":220,"column":4},"end":{"line":224,"column":5}},"type":"if","locations":[{"start":{"line":220,"column":4},"end":{"line":224,"column":5}},{"start":{"line":220,"column":4},"end":{"line":224,"column":5}}],"line":220},"13":{"loc":{"start":{"line":238,"column":4},"end":{"line":242,"column":5}},"type":"if","locations":[{"start":{"line":238,"column":4},"end":{"line":242,"column":5}},{"start":{"line":238,"column":4},"end":{"line":242,"column":5}}],"line":238},"14":{"loc":{"start":{"line":266,"column":4},"end":{"line":278,"column":5}},"type":"if","locations":[{"start":{"line":266,"column":4},"end":{"line":278,"column":5}},{"start":{"line":266,"column":4},"end":{"line":278,"column":5}}],"line":266},"15":{"loc":{"start":{"line":298,"column":4},"end":{"line":310,"column":5}},"type":"if","locations":[{"start":{"line":298,"column":4},"end":{"line":310,"column":5}},{"start":{"line":298,"column":4},"end":{"line":310,"column":5}}],"line":298},"16":{"loc":{"start":{"line":329,"column":4},"end":{"line":341,"column":5}},"type":"if","locations":[{"start":{"line":329,"column":4},"end":{"line":341,"column":5}},{"start":{"line":329,"column":4},"end":{"line":341,"column":5}}],"line":329},"17":{"loc":{"start":{"line":353,"column":4},"end":{"line":357,"column":5}},"type":"if","locations":[{"start":{"line":353,"column":4},"end":{"line":357,"column":5}},{"start":{"line":353,"column":4},"end":{"line":357,"column":5}}],"line":353},"18":{"loc":{"start":{"line":372,"column":4},"end":{"line":376,"column":5}},"type":"if","locations":[{"start":{"line":372,"column":4},"end":{"line":376,"column":5}},{"start":{"line":372,"column":4},"end":{"line":376,"column":5}}],"line":372}},"s":{"0":1,"1":1,"2":1,"3":1,"4":1,"5":1,"6":1,"7":1,"8":1,"9":0,"10":1,"11":1,"12":1,"13":1,"14":1,"15":1,"16":1,"17":1,"18":0,"19":0,"20":0,"21":0,"22":0,"23":0,"24":0,"25":0,"26":0,"27":0,"28":0,"29":0,"30":0,"31":0,"32":0,"33":0,"34":0,"35":0,"36":0,"37":0,"38":0,"39":0,"40":0,"41":0,"42":0,"43":0,"44":1,"45":1,"46":0,"47":1,"48":0,"49":0,"50":0,"51":0,"52":2,"53":2,"54":0,"55":2,"56":0,"57":0,"58":0,"59":0,"60":0,"61":0,"62":0,"63":0,"64":0,"65":0,"66":0,"67":0,"68":0,"69":0,"70":0,"71":0,"72":0,"73":0,"74":1,"75":1,"76":1,"77":1,"78":1,"79":1,"80":1,"81":0,"82":2,"83":2,"84":2,"85":2,"86":2,"87":2,"88":0,"89":2,"90":0,"91":0,"92":0,"93":0,"94":0,"95":0,"96":0,"97":0,"98":0,"99":0,"100":0,"101":1,"102":1},"f":{"0":1,"1":1,"2":0,"3":0,"4":0,"5":0,"6":0,"7":0,"8":0,"9":1,"10":0,"11":2,"12":0,"13":0,"14":0,"15":1,"16":2,"17":0,"18":0},"b":{"0":[1,0],"1":[1,1],"2":[0,1],"3":[1,1],"4":[1,0],"5":[0,0],"6":[0,0],"7":[0,0],"8":[0,0],"9":[0,1],"10":[0,0],"11":[0,2],"12":[0,0],"13":[0,0],"14":[0,0],"15":[1,0],"16":[0,2],"17":[0,0],"18":[0,0]},"_coverageSchema":"43e27e138ebf9cfc5966b082cf9a028302ed4184","hash":"fdf5a9272d5d8baacb63ab0a3448939a42d713fa","contentHash":"3d21ea0ecc317ea9b26e1d9b0829c43ce65862d662914c040b5062eb5b2f6f53"},"/home/mhashim/Desktop/NewWork/AutoMart/src/models/Cars.js":{"path":"/home/mhashim/Desktop/NewWork/AutoMart/src/models/Cars.js","statementMap":{"0":{"start":{"line":3,"column":0},"end":{"line":5,"column":3}},"1":{"start":{"line":6,"column":0},"end":{"line":6,"column":25}},"2":{"start":{"line":8,"column":14},"end":{"line":8,"column":55}},"3":{"start":{"line":10,"column":12},"end":{"line":10,"column":51}},"4":{"start":{"line":12,"column":12},"end":{"line":12,"column":61}},"5":{"start":{"line":14,"column":39},"end":{"line":14,"column":93}},"6":{"start":{"line":22,"column":4},"end":{"line":22,"column":26}},"7":{"start":{"line":23,"column":4},"end":{"line":23,"column":32}},"8":{"start":{"line":24,"column":4},"end":{"line":24,"column":38}},"9":{"start":{"line":25,"column":4},"end":{"line":25,"column":36}},"10":{"start":{"line":38,"column":23},"end":{"line":38,"column":89}},"11":{"start":{"line":38,"column":65},"end":{"line":38,"column":88}},"12":{"start":{"line":40,"column":4},"end":{"line":63,"column":5}},"13":{"start":{"line":41,"column":39},"end":{"line":44,"column":7}},"14":{"start":{"line":46,"column":6},"end":{"line":46,"column":38}},"15":{"start":{"line":49,"column":21},"end":{"line":49,"column":83}},"16":{"start":{"line":50,"column":39},"end":{"line":60,"column":7}},"17":{"start":{"line":61,"column":6},"end":{"line":61,"column":66}},"18":{"start":{"line":62,"column":6},"end":{"line":62,"column":38}},"19":{"start":{"line":76,"column":4},"end":{"line":76,"column":63}},"20":{"start":{"line":76,"column":44},"end":{"line":76,"column":61}},"21":{"start":{"line":80,"column":4},"end":{"line":80,"column":73}},"22":{"start":{"line":80,"column":54},"end":{"line":80,"column":71}},"23":{"start":{"line":84,"column":4},"end":{"line":84,"column":75}},"24":{"start":{"line":84,"column":56},"end":{"line":84,"column":73}},"25":{"start":{"line":88,"column":4},"end":{"line":88,"column":123}},"26":{"start":{"line":88,"column":47},"end":{"line":88,"column":76}},"27":{"start":{"line":88,"column":93},"end":{"line":88,"column":120}},"28":{"start":{"line":98,"column":4},"end":{"line":104,"column":5}},"29":{"start":{"line":99,"column":6},"end":{"line":99,"column":42}},"30":{"start":{"line":100,"column":11},"end":{"line":104,"column":5}},"31":{"start":{"line":101,"column":6},"end":{"line":101,"column":89}},"32":{"start":{"line":101,"column":60},"end":{"line":101,"column":87}},"33":{"start":{"line":103,"column":6},"end":{"line":103,"column":207}},"34":{"start":{"line":103,"column":60},"end":{"line":103,"column":87}},"35":{"start":{"line":103,"column":107},"end":{"line":103,"column":146}},"36":{"start":{"line":103,"column":166},"end":{"line":103,"column":205}},"37":{"start":{"line":108,"column":4},"end":{"line":108,"column":90}},"38":{"start":{"line":108,"column":58},"end":{"line":108,"column":88}},"39":{"start":{"line":116,"column":4},"end":{"line":116,"column":28}},"40":{"start":{"line":120,"column":4},"end":{"line":120,"column":34}},"41":{"start":{"line":124,"column":4},"end":{"line":124,"column":40}},"42":{"start":{"line":128,"column":4},"end":{"line":128,"column":38}},"43":{"start":{"line":138,"column":23},"end":{"line":138,"column":39}},"44":{"start":{"line":139,"column":18},"end":{"line":139,"column":54}},"45":{"start":{"line":140,"column":4},"end":{"line":140,"column":76}},"46":{"start":{"line":141,"column":4},"end":{"line":141,"column":79}},"47":{"start":{"line":142,"column":4},"end":{"line":142,"column":79}},"48":{"start":{"line":143,"column":4},"end":{"line":143,"column":65}},"49":{"start":{"line":144,"column":4},"end":{"line":144,"column":35}},"50":{"start":{"line":148,"column":23},"end":{"line":148,"column":42}},"51":{"start":{"line":149,"column":18},"end":{"line":149,"column":66}},"52":{"start":{"line":151,"column":24},"end":{"line":151,"column":90}},"53":{"start":{"line":151,"column":66},"end":{"line":151,"column":89}},"54":{"start":{"line":153,"column":4},"end":{"line":179,"column":5}},"55":{"start":{"line":154,"column":39},"end":{"line":157,"column":7}},"56":{"start":{"line":159,"column":6},"end":{"line":159,"column":38}},"57":{"start":{"line":161,"column":6},"end":{"line":178,"column":7}},"58":{"start":{"line":162,"column":8},"end":{"line":171,"column":9}},"59":{"start":{"line":163,"column":10},"end":{"line":163,"column":62}},"60":{"start":{"line":164,"column":10},"end":{"line":164,"column":53}},"61":{"start":{"line":166,"column":36},"end":{"line":169,"column":11}},"62":{"start":{"line":170,"column":10},"end":{"line":170,"column":35}},"63":{"start":{"line":173,"column":34},"end":{"line":176,"column":9}},"64":{"start":{"line":177,"column":8},"end":{"line":177,"column":33}},"65":{"start":{"line":183,"column":23},"end":{"line":183,"column":42}},"66":{"start":{"line":184,"column":18},"end":{"line":184,"column":66}},"67":{"start":{"line":186,"column":24},"end":{"line":186,"column":90}},"68":{"start":{"line":186,"column":66},"end":{"line":186,"column":89}},"69":{"start":{"line":188,"column":4},"end":{"line":224,"column":5}},"70":{"start":{"line":189,"column":39},"end":{"line":192,"column":7}},"71":{"start":{"line":194,"column":6},"end":{"line":194,"column":38}},"72":{"start":{"line":196,"column":6},"end":{"line":223,"column":9}},"73":{"start":{"line":198,"column":8},"end":{"line":215,"column":9}},"74":{"start":{"line":199,"column":10},"end":{"line":208,"column":11}},"75":{"start":{"line":200,"column":12},"end":{"line":200,"column":79}},"76":{"start":{"line":201,"column":12},"end":{"line":201,"column":55}},"77":{"start":{"line":203,"column":38},"end":{"line":206,"column":13}},"78":{"start":{"line":207,"column":12},"end":{"line":207,"column":37}},"79":{"start":{"line":210,"column":36},"end":{"line":213,"column":11}},"80":{"start":{"line":214,"column":10},"end":{"line":214,"column":35}},"81":{"start":{"line":218,"column":36},"end":{"line":221,"column":11}},"82":{"start":{"line":222,"column":10},"end":{"line":222,"column":35}},"83":{"start":{"line":233,"column":23},"end":{"line":233,"column":42}},"84":{"start":{"line":234,"column":18},"end":{"line":234,"column":66}},"85":{"start":{"line":235,"column":4},"end":{"line":235,"column":50}},"86":{"start":{"line":236,"column":4},"end":{"line":238,"column":6}},"87":{"start":{"line":242,"column":23},"end":{"line":242,"column":39}},"88":{"start":{"line":243,"column":18},"end":{"line":243,"column":54}},"89":{"start":{"line":244,"column":4},"end":{"line":244,"column":38}},"90":{"start":{"line":245,"column":4},"end":{"line":245,"column":14}},"91":{"start":{"line":250,"column":15},"end":{"line":250,"column":31}},"92":{"start":{"line":252,"column":0},"end":{"line":252,"column":27}}},"fnMap":{"0":{"name":"_interopRequireDefault","decl":{"start":{"line":14,"column":9},"end":{"line":14,"column":31}},"loc":{"start":{"line":14,"column":37},"end":{"line":14,"column":95}},"line":14},"1":{"name":"(anonymous_1)","decl":{"start":{"line":21,"column":2},"end":{"line":21,"column":3}},"loc":{"start":{"line":21,"column":16},"end":{"line":26,"column":3}},"line":21},"2":{"name":"(anonymous_2)","decl":{"start":{"line":36,"column":2},"end":{"line":36,"column":3}},"loc":{"start":{"line":36,"column":27},"end":{"line":64,"column":3}},"line":36},"3":{"name":"(anonymous_3)","decl":{"start":{"line":38,"column":54},"end":{"line":38,"column":55}},"loc":{"start":{"line":38,"column":65},"end":{"line":38,"column":88}},"line":38},"4":{"name":"(anonymous_4)","decl":{"start":{"line":75,"column":2},"end":{"line":75,"column":3}},"loc":{"start":{"line":75,"column":14},"end":{"line":77,"column":3}},"line":75},"5":{"name":"(anonymous_5)","decl":{"start":{"line":76,"column":33},"end":{"line":76,"column":34}},"loc":{"start":{"line":76,"column":44},"end":{"line":76,"column":61}},"line":76},"6":{"name":"(anonymous_6)","decl":{"start":{"line":79,"column":2},"end":{"line":79,"column":3}},"loc":{"start":{"line":79,"column":18},"end":{"line":81,"column":3}},"line":79},"7":{"name":"(anonymous_7)","decl":{"start":{"line":80,"column":43},"end":{"line":80,"column":44}},"loc":{"start":{"line":80,"column":54},"end":{"line":80,"column":71}},"line":80},"8":{"name":"(anonymous_8)","decl":{"start":{"line":83,"column":2},"end":{"line":83,"column":3}},"loc":{"start":{"line":83,"column":17},"end":{"line":85,"column":3}},"line":83},"9":{"name":"(anonymous_9)","decl":{"start":{"line":84,"column":45},"end":{"line":84,"column":46}},"loc":{"start":{"line":84,"column":56},"end":{"line":84,"column":73}},"line":84},"10":{"name":"(anonymous_10)","decl":{"start":{"line":87,"column":2},"end":{"line":87,"column":3}},"loc":{"start":{"line":87,"column":28},"end":{"line":89,"column":3}},"line":87},"11":{"name":"(anonymous_11)","decl":{"start":{"line":88,"column":36},"end":{"line":88,"column":37}},"loc":{"start":{"line":88,"column":47},"end":{"line":88,"column":76}},"line":88},"12":{"name":"(anonymous_12)","decl":{"start":{"line":88,"column":82},"end":{"line":88,"column":83}},"loc":{"start":{"line":88,"column":93},"end":{"line":88,"column":120}},"line":88},"13":{"name":"(anonymous_13)","decl":{"start":{"line":91,"column":2},"end":{"line":91,"column":3}},"loc":{"start":{"line":91,"column":27},"end":{"line":105,"column":3}},"line":91},"14":{"name":"(anonymous_14)","decl":{"start":{"line":101,"column":49},"end":{"line":101,"column":50}},"loc":{"start":{"line":101,"column":60},"end":{"line":101,"column":87}},"line":101},"15":{"name":"(anonymous_15)","decl":{"start":{"line":103,"column":49},"end":{"line":103,"column":50}},"loc":{"start":{"line":103,"column":60},"end":{"line":103,"column":87}},"line":103},"16":{"name":"(anonymous_16)","decl":{"start":{"line":103,"column":96},"end":{"line":103,"column":97}},"loc":{"start":{"line":103,"column":107},"end":{"line":103,"column":146}},"line":103},"17":{"name":"(anonymous_17)","decl":{"start":{"line":103,"column":155},"end":{"line":103,"column":156}},"loc":{"start":{"line":103,"column":166},"end":{"line":103,"column":205}},"line":103},"18":{"name":"(anonymous_18)","decl":{"start":{"line":107,"column":2},"end":{"line":107,"column":3}},"loc":{"start":{"line":107,"column":18},"end":{"line":109,"column":3}},"line":107},"19":{"name":"(anonymous_19)","decl":{"start":{"line":108,"column":47},"end":{"line":108,"column":48}},"loc":{"start":{"line":108,"column":58},"end":{"line":108,"column":88}},"line":108},"20":{"name":"(anonymous_20)","decl":{"start":{"line":115,"column":2},"end":{"line":115,"column":3}},"loc":{"start":{"line":115,"column":12},"end":{"line":117,"column":3}},"line":115},"21":{"name":"(anonymous_21)","decl":{"start":{"line":119,"column":2},"end":{"line":119,"column":3}},"loc":{"start":{"line":119,"column":23},"end":{"line":121,"column":3}},"line":119},"22":{"name":"(anonymous_22)","decl":{"start":{"line":123,"column":2},"end":{"line":123,"column":3}},"loc":{"start":{"line":123,"column":19},"end":{"line":125,"column":3}},"line":123},"23":{"name":"(anonymous_23)","decl":{"start":{"line":127,"column":2},"end":{"line":127,"column":3}},"loc":{"start":{"line":127,"column":18},"end":{"line":129,"column":3}},"line":127},"24":{"name":"(anonymous_24)","decl":{"start":{"line":137,"column":2},"end":{"line":137,"column":3}},"loc":{"start":{"line":137,"column":19},"end":{"line":145,"column":3}},"line":137},"25":{"name":"(anonymous_25)","decl":{"start":{"line":147,"column":2},"end":{"line":147,"column":3}},"loc":{"start":{"line":147,"column":35},"end":{"line":180,"column":3}},"line":147},"26":{"name":"(anonymous_26)","decl":{"start":{"line":151,"column":55},"end":{"line":151,"column":56}},"loc":{"start":{"line":151,"column":66},"end":{"line":151,"column":89}},"line":151},"27":{"name":"(anonymous_27)","decl":{"start":{"line":182,"column":2},"end":{"line":182,"column":3}},"loc":{"start":{"line":182,"column":34},"end":{"line":225,"column":3}},"line":182},"28":{"name":"(anonymous_28)","decl":{"start":{"line":186,"column":55},"end":{"line":186,"column":56}},"loc":{"start":{"line":186,"column":66},"end":{"line":186,"column":89}},"line":186},"29":{"name":"(anonymous_29)","decl":{"start":{"line":232,"column":2},"end":{"line":232,"column":3}},"loc":{"start":{"line":232,"column":18},"end":{"line":239,"column":3}},"line":232},"30":{"name":"(anonymous_30)","decl":{"start":{"line":241,"column":2},"end":{"line":241,"column":3}},"loc":{"start":{"line":241,"column":13},"end":{"line":246,"column":3}},"line":241}},"branchMap":{"0":{"loc":{"start":{"line":14,"column":46},"end":{"line":14,"column":92}},"type":"cond-expr","locations":[{"start":{"line":14,"column":70},"end":{"line":14,"column":73}},{"start":{"line":14,"column":76},"end":{"line":14,"column":92}}],"line":14},"1":{"loc":{"start":{"line":14,"column":46},"end":{"line":14,"column":67}},"type":"binary-expr","locations":[{"start":{"line":14,"column":46},"end":{"line":14,"column":49}},{"start":{"line":14,"column":53},"end":{"line":14,"column":67}}],"line":14},"2":{"loc":{"start":{"line":40,"column":4},"end":{"line":63,"column":5}},"type":"if","locations":[{"start":{"line":40,"column":4},"end":{"line":63,"column":5}},{"start":{"line":40,"column":4},"end":{"line":63,"column":5}}],"line":40},"3":{"loc":{"start":{"line":57,"column":16},"end":{"line":57,"column":42}},"type":"binary-expr","locations":[{"start":{"line":57,"column":16},"end":{"line":57,"column":27}},{"start":{"line":57,"column":31},"end":{"line":57,"column":42}}],"line":57},"4":{"loc":{"start":{"line":88,"column":35},"end":{"line":88,"column":121}},"type":"binary-expr","locations":[{"start":{"line":88,"column":36},"end":{"line":88,"column":76}},{"start":{"line":88,"column":82},"end":{"line":88,"column":120}}],"line":88},"5":{"loc":{"start":{"line":98,"column":4},"end":{"line":104,"column":5}},"type":"if","locations":[{"start":{"line":98,"column":4},"end":{"line":104,"column":5}},{"start":{"line":98,"column":4},"end":{"line":104,"column":5}}],"line":98},"6":{"loc":{"start":{"line":100,"column":11},"end":{"line":104,"column":5}},"type":"if","locations":[{"start":{"line":100,"column":11},"end":{"line":104,"column":5}},{"start":{"line":100,"column":11},"end":{"line":104,"column":5}}],"line":100},"7":{"loc":{"start":{"line":140,"column":38},"end":{"line":140,"column":75}},"type":"binary-expr","locations":[{"start":{"line":140,"column":38},"end":{"line":140,"column":53}},{"start":{"line":140,"column":57},"end":{"line":140,"column":75}}],"line":140},"8":{"loc":{"start":{"line":141,"column":39},"end":{"line":141,"column":78}},"type":"binary-expr","locations":[{"start":{"line":141,"column":39},"end":{"line":141,"column":55}},{"start":{"line":141,"column":59},"end":{"line":141,"column":78}}],"line":141},"9":{"loc":{"start":{"line":142,"column":39},"end":{"line":142,"column":78}},"type":"binary-expr","locations":[{"start":{"line":142,"column":39},"end":{"line":142,"column":55}},{"start":{"line":142,"column":59},"end":{"line":142,"column":78}}],"line":142},"10":{"loc":{"start":{"line":153,"column":4},"end":{"line":179,"column":5}},"type":"if","locations":[{"start":{"line":153,"column":4},"end":{"line":179,"column":5}},{"start":{"line":153,"column":4},"end":{"line":179,"column":5}}],"line":153},"11":{"loc":{"start":{"line":161,"column":6},"end":{"line":178,"column":7}},"type":"if","locations":[{"start":{"line":161,"column":6},"end":{"line":178,"column":7}},{"start":{"line":161,"column":6},"end":{"line":178,"column":7}}],"line":161},"12":{"loc":{"start":{"line":162,"column":8},"end":{"line":171,"column":9}},"type":"if","locations":[{"start":{"line":162,"column":8},"end":{"line":171,"column":9}},{"start":{"line":162,"column":8},"end":{"line":171,"column":9}}],"line":162},"13":{"loc":{"start":{"line":188,"column":4},"end":{"line":224,"column":5}},"type":"if","locations":[{"start":{"line":188,"column":4},"end":{"line":224,"column":5}},{"start":{"line":188,"column":4},"end":{"line":224,"column":5}}],"line":188},"14":{"loc":{"start":{"line":196,"column":6},"end":{"line":223,"column":9}},"type":"if","locations":[{"start":{"line":196,"column":6},"end":{"line":223,"column":9}},{"start":{"line":196,"column":6},"end":{"line":223,"column":9}}],"line":196},"15":{"loc":{"start":{"line":198,"column":8},"end":{"line":215,"column":9}},"type":"if","locations":[{"start":{"line":198,"column":8},"end":{"line":215,"column":9}},{"start":{"line":198,"column":8},"end":{"line":215,"column":9}}],"line":198},"16":{"loc":{"start":{"line":199,"column":10},"end":{"line":208,"column":11}},"type":"if","locations":[{"start":{"line":199,"column":10},"end":{"line":208,"column":11}},{"start":{"line":199,"column":10},"end":{"line":208,"column":11}}],"line":199}},"s":{"0":1,"1":1,"2":1,"3":1,"4":1,"5":3,"6":1,"7":1,"8":1,"9":1,"10":1,"11":1,"12":1,"13":0,"14":0,"15":1,"16":1,"17":1,"18":1,"19":0,"20":0,"21":0,"22":0,"23":7,"24":7,"25":0,"26":0,"27":0,"28":2,"29":2,"30":0,"31":0,"32":0,"33":0,"34":0,"35":0,"36":0,"37":0,"38":0,"39":0,"40":0,"41":0,"42":0,"43":0,"44":0,"45":0,"46":0,"47":0,"48":0,"49":0,"50":1,"51":1,"52":1,"53":1,"54":1,"55":0,"56":0,"57":1,"58":1,"59":1,"60":1,"61":0,"62":0,"63":0,"64":0,"65":2,"66":2,"67":2,"68":2,"69":2,"70":0,"71":0,"72":2,"73":1,"74":0,"75":0,"76":0,"77":0,"78":0,"79":1,"80":1,"81":1,"82":1,"83":0,"84":0,"85":0,"86":0,"87":0,"88":0,"89":0,"90":0,"91":1,"92":1},"f":{"0":3,"1":1,"2":1,"3":1,"4":0,"5":0,"6":0,"7":0,"8":7,"9":7,"10":0,"11":0,"12":0,"13":2,"14":0,"15":0,"16":0,"17":0,"18":0,"19":0,"20":0,"21":0,"22":0,"23":0,"24":0,"25":1,"26":1,"27":2,"28":2,"29":0,"30":0},"b":{"0":[1,2],"1":[3,3],"2":[0,1],"3":[1,1],"4":[0,0],"5":[2,0],"6":[0,0],"7":[0,0],"8":[0,0],"9":[0,0],"10":[0,1],"11":[1,0],"12":[1,0],"13":[0,2],"14":[1,1],"15":[0,1],"16":[0,0]},"_coverageSchema":"43e27e138ebf9cfc5966b082cf9a028302ed4184","hash":"cb3086879a04c36208fbd64ffa1d5efb58a9e783","contentHash":"9cba0441da76a921c9cbdeb98a43fed3fdedd9386bb8d44bc15c01fa7dfd57b7"},"/home/mhashim/Desktop/NewWork/AutoMart/src/models/user.js":{"path":"/home/mhashim/Desktop/NewWork/AutoMart/src/models/user.js","statementMap":{"0":{"start":{"line":3,"column":0},"end":{"line":5,"column":3}},"1":{"start":{"line":6,"column":0},"end":{"line":6,"column":25}},"2":{"start":{"line":8,"column":14},"end":{"line":8,"column":55}},"3":{"start":{"line":10,"column":12},"end":{"line":10,"column":51}},"4":{"start":{"line":12,"column":20},"end":{"line":12,"column":67}},"5":{"start":{"line":14,"column":39},"end":{"line":14,"column":93}},"6":{"start":{"line":17,"column":12},"end":{"line":17,"column":26}},"7":{"start":{"line":19,"column":13},"end":{"line":19,"column":37}},"8":{"start":{"line":22,"column":12},"end":{"line":22,"column":41}},"9":{"start":{"line":30,"column":4},"end":{"line":30,"column":26}},"10":{"start":{"line":31,"column":4},"end":{"line":31,"column":32}},"11":{"start":{"line":42,"column":18},"end":{"line":42,"column":28}},"12":{"start":{"line":44,"column":18},"end":{"line":46,"column":20}},"13":{"start":{"line":48,"column":19},"end":{"line":48,"column":81}},"14":{"start":{"line":49,"column":26},"end":{"line":60,"column":5}},"15":{"start":{"line":62,"column":4},"end":{"line":62,"column":41}},"16":{"start":{"line":63,"column":4},"end":{"line":63,"column":25}},"17":{"start":{"line":69,"column":4},"end":{"line":69,"column":25}},"18":{"start":{"line":70,"column":4},"end":{"line":70,"column":28}},"19":{"start":{"line":75,"column":23},"end":{"line":75,"column":82}},"20":{"start":{"line":75,"column":56},"end":{"line":75,"column":81}},"21":{"start":{"line":77,"column":4},"end":{"line":95,"column":5}},"22":{"start":{"line":78,"column":20},"end":{"line":78,"column":56}},"23":{"start":{"line":79,"column":6},"end":{"line":79,"column":36}},"24":{"start":{"line":80,"column":28},"end":{"line":80,"column":93}},"25":{"start":{"line":80,"column":61},"end":{"line":80,"column":92}},"26":{"start":{"line":82,"column":6},"end":{"line":89,"column":7}},"27":{"start":{"line":83,"column":8},"end":{"line":83,"column":75}},"28":{"start":{"line":83,"column":48},"end":{"line":83,"column":73}},"29":{"start":{"line":85,"column":8},"end":{"line":88,"column":10}},"30":{"start":{"line":91,"column":6},"end":{"line":94,"column":8}},"31":{"start":{"line":101,"column":4},"end":{"line":101,"column":63}},"32":{"start":{"line":101,"column":44},"end":{"line":101,"column":61}},"33":{"start":{"line":105,"column":4},"end":{"line":105,"column":123}},"34":{"start":{"line":105,"column":47},"end":{"line":105,"column":76}},"35":{"start":{"line":105,"column":93},"end":{"line":105,"column":120}},"36":{"start":{"line":113,"column":4},"end":{"line":113,"column":28}},"37":{"start":{"line":117,"column":4},"end":{"line":117,"column":34}},"38":{"start":{"line":121,"column":4},"end":{"line":121,"column":40}},"39":{"start":{"line":125,"column":4},"end":{"line":125,"column":38}},"40":{"start":{"line":135,"column":23},"end":{"line":135,"column":39}},"41":{"start":{"line":136,"column":18},"end":{"line":136,"column":54}},"42":{"start":{"line":137,"column":4},"end":{"line":137,"column":76}},"43":{"start":{"line":138,"column":4},"end":{"line":138,"column":79}},"44":{"start":{"line":139,"column":4},"end":{"line":139,"column":79}},"45":{"start":{"line":140,"column":4},"end":{"line":140,"column":65}},"46":{"start":{"line":141,"column":4},"end":{"line":141,"column":35}},"47":{"start":{"line":150,"column":23},"end":{"line":150,"column":39}},"48":{"start":{"line":151,"column":18},"end":{"line":151,"column":54}},"49":{"start":{"line":152,"column":4},"end":{"line":152,"column":38}},"50":{"start":{"line":153,"column":4},"end":{"line":153,"column":14}},"51":{"start":{"line":158,"column":15},"end":{"line":158,"column":25}},"52":{"start":{"line":160,"column":0},"end":{"line":160,"column":27}}},"fnMap":{"0":{"name":"_interopRequireDefault","decl":{"start":{"line":14,"column":9},"end":{"line":14,"column":31}},"loc":{"start":{"line":14,"column":37},"end":{"line":14,"column":95}},"line":14},"1":{"name":"(anonymous_1)","decl":{"start":{"line":29,"column":2},"end":{"line":29,"column":3}},"loc":{"start":{"line":29,"column":16},"end":{"line":32,"column":3}},"line":29},"2":{"name":"(anonymous_2)","decl":{"start":{"line":40,"column":2},"end":{"line":40,"column":3}},"loc":{"start":{"line":40,"column":15},"end":{"line":64,"column":3}},"line":40},"3":{"name":"(anonymous_3)","decl":{"start":{"line":68,"column":2},"end":{"line":68,"column":3}},"loc":{"start":{"line":68,"column":21},"end":{"line":96,"column":3}},"line":68},"4":{"name":"(anonymous_4)","decl":{"start":{"line":75,"column":45},"end":{"line":75,"column":46}},"loc":{"start":{"line":75,"column":56},"end":{"line":75,"column":81}},"line":75},"5":{"name":"(anonymous_5)","decl":{"start":{"line":80,"column":50},"end":{"line":80,"column":51}},"loc":{"start":{"line":80,"column":61},"end":{"line":80,"column":92}},"line":80},"6":{"name":"(anonymous_6)","decl":{"start":{"line":83,"column":37},"end":{"line":83,"column":38}},"loc":{"start":{"line":83,"column":48},"end":{"line":83,"column":73}},"line":83},"7":{"name":"(anonymous_7)","decl":{"start":{"line":100,"column":2},"end":{"line":100,"column":3}},"loc":{"start":{"line":100,"column":14},"end":{"line":102,"column":3}},"line":100},"8":{"name":"(anonymous_8)","decl":{"start":{"line":101,"column":33},"end":{"line":101,"column":34}},"loc":{"start":{"line":101,"column":44},"end":{"line":101,"column":61}},"line":101},"9":{"name":"(anonymous_9)","decl":{"start":{"line":104,"column":2},"end":{"line":104,"column":3}},"loc":{"start":{"line":104,"column":28},"end":{"line":106,"column":3}},"line":104},"10":{"name":"(anonymous_10)","decl":{"start":{"line":105,"column":36},"end":{"line":105,"column":37}},"loc":{"start":{"line":105,"column":47},"end":{"line":105,"column":76}},"line":105},"11":{"name":"(anonymous_11)","decl":{"start":{"line":105,"column":82},"end":{"line":105,"column":83}},"loc":{"start":{"line":105,"column":93},"end":{"line":105,"column":120}},"line":105},"12":{"name":"(anonymous_12)","decl":{"start":{"line":112,"column":2},"end":{"line":112,"column":3}},"loc":{"start":{"line":112,"column":12},"end":{"line":114,"column":3}},"line":112},"13":{"name":"(anonymous_13)","decl":{"start":{"line":116,"column":2},"end":{"line":116,"column":3}},"loc":{"start":{"line":116,"column":23},"end":{"line":118,"column":3}},"line":116},"14":{"name":"(anonymous_14)","decl":{"start":{"line":120,"column":2},"end":{"line":120,"column":3}},"loc":{"start":{"line":120,"column":19},"end":{"line":122,"column":3}},"line":120},"15":{"name":"(anonymous_15)","decl":{"start":{"line":124,"column":2},"end":{"line":124,"column":3}},"loc":{"start":{"line":124,"column":18},"end":{"line":126,"column":3}},"line":124},"16":{"name":"(anonymous_16)","decl":{"start":{"line":134,"column":2},"end":{"line":134,"column":3}},"loc":{"start":{"line":134,"column":19},"end":{"line":142,"column":3}},"line":134},"17":{"name":"(anonymous_17)","decl":{"start":{"line":149,"column":2},"end":{"line":149,"column":3}},"loc":{"start":{"line":149,"column":13},"end":{"line":154,"column":3}},"line":149}},"branchMap":{"0":{"loc":{"start":{"line":14,"column":46},"end":{"line":14,"column":92}},"type":"cond-expr","locations":[{"start":{"line":14,"column":70},"end":{"line":14,"column":73}},{"start":{"line":14,"column":76},"end":{"line":14,"column":92}}],"line":14},"1":{"loc":{"start":{"line":14,"column":46},"end":{"line":14,"column":67}},"type":"binary-expr","locations":[{"start":{"line":14,"column":46},"end":{"line":14,"column":49}},{"start":{"line":14,"column":53},"end":{"line":14,"column":67}}],"line":14},"2":{"loc":{"start":{"line":77,"column":4},"end":{"line":95,"column":5}},"type":"if","locations":[{"start":{"line":77,"column":4},"end":{"line":95,"column":5}},{"start":{"line":77,"column":4},"end":{"line":95,"column":5}}],"line":77},"3":{"loc":{"start":{"line":82,"column":6},"end":{"line":89,"column":7}},"type":"if","locations":[{"start":{"line":82,"column":6},"end":{"line":89,"column":7}},{"start":{"line":82,"column":6},"end":{"line":89,"column":7}}],"line":82},"4":{"loc":{"start":{"line":82,"column":10},"end":{"line":82,"column":102}},"type":"binary-expr","locations":[{"start":{"line":82,"column":10},"end":{"line":82,"column":51}},{"start":{"line":82,"column":55},"end":{"line":82,"column":102}}],"line":82},"5":{"loc":{"start":{"line":105,"column":35},"end":{"line":105,"column":121}},"type":"binary-expr","locations":[{"start":{"line":105,"column":36},"end":{"line":105,"column":76}},{"start":{"line":105,"column":82},"end":{"line":105,"column":120}}],"line":105},"6":{"loc":{"start":{"line":137,"column":38},"end":{"line":137,"column":75}},"type":"binary-expr","locations":[{"start":{"line":137,"column":38},"end":{"line":137,"column":53}},{"start":{"line":137,"column":57},"end":{"line":137,"column":75}}],"line":137},"7":{"loc":{"start":{"line":138,"column":39},"end":{"line":138,"column":78}},"type":"binary-expr","locations":[{"start":{"line":138,"column":39},"end":{"line":138,"column":55}},{"start":{"line":138,"column":59},"end":{"line":138,"column":78}}],"line":138},"8":{"loc":{"start":{"line":139,"column":39},"end":{"line":139,"column":78}},"type":"binary-expr","locations":[{"start":{"line":139,"column":39},"end":{"line":139,"column":55}},{"start":{"line":139,"column":59},"end":{"line":139,"column":78}}],"line":139}},"s":{"0":1,"1":1,"2":1,"3":1,"4":1,"5":3,"6":1,"7":1,"8":1,"9":1,"10":1,"11":1,"12":1,"13":1,"14":1,"15":1,"16":1,"17":1,"18":1,"19":1,"20":1,"21":1,"22":1,"23":1,"24":1,"25":1,"26":1,"27":1,"28":1,"29":0,"30":0,"31":0,"32":0,"33":0,"34":0,"35":0,"36":0,"37":0,"38":0,"39":0,"40":0,"41":0,"42":0,"43":0,"44":0,"45":0,"46":0,"47":0,"48":0,"49":0,"50":0,"51":1,"52":1},"f":{"0":3,"1":1,"2":1,"3":1,"4":1,"5":1,"6":1,"7":0,"8":0,"9":0,"10":0,"11":0,"12":0,"13":0,"14":0,"15":0,"16":0,"17":0},"b":{"0":[0,3],"1":[3,3],"2":[1,0],"3":[1,0],"4":[1,1],"5":[0,0],"6":[0,0],"7":[0,0],"8":[0,0]},"_coverageSchema":"43e27e138ebf9cfc5966b082cf9a028302ed4184","hash":"5eaf21b0928e8a17b793093f00aa650dfc4c0d5b","contentHash":"a8a5ea7d1d689e99c4e2d09495551663d1254da6aa79e1e749265cc8aec74173"},"/home/mhashim/Desktop/NewWork/AutoMart/src/middlewares/key.js":{"path":"/home/mhashim/Desktop/NewWork/AutoMart/src/middlewares/key.js","statementMap":{"0":{"start":{"line":3,"column":0},"end":{"line":5,"column":3}},"1":{"start":{"line":6,"column":0},"end":{"line":6,"column":26}},"2":{"start":{"line":7,"column":17},"end":{"line":7,"column":45}},"3":{"start":{"line":8,"column":0},"end":{"line":8,"column":28}}},"fnMap":{},"branchMap":{},"s":{"0":1,"1":1,"2":1,"3":1},"f":{},"b":{},"_coverageSchema":"43e27e138ebf9cfc5966b082cf9a028302ed4184","hash":"64e0df3a4a957fdc181181eed40a8dabd10b7c2f","contentHash":"bbed3483de7545a5346474b68c46e77079554609f785fa2d29828dd1eba64c7c"},"/home/mhashim/Desktop/NewWork/AutoMart/db.js":{"path":"/home/mhashim/Desktop/NewWork/AutoMart/db.js","statementMap":{"0":{"start":{"line":5,"column":4},"end":{"line":5,"column":17}},"1":{"start":{"line":7,"column":15},"end":{"line":7,"column":32}},"2":{"start":{"line":9,"column":0},"end":{"line":9,"column":16}},"3":{"start":{"line":10,"column":13},"end":{"line":12,"column":2}},"4":{"start":{"line":13,"column":0},"end":{"line":15,"column":3}},"5":{"start":{"line":14,"column":2},"end":{"line":14,"column":37}},"6":{"start":{"line":17,"column":21},"end":{"line":58,"column":1}},"7":{"start":{"line":18,"column":20},"end":{"line":56,"column":7}},"8":{"start":{"line":57,"column":2},"end":{"line":57,"column":30}},"9":{"start":{"line":60,"column":0},"end":{"line":60,"column":15}},"10":{"start":{"line":62,"column":0},"end":{"line":62,"column":27}}},"fnMap":{"0":{"name":"(anonymous_0)","decl":{"start":{"line":13,"column":19},"end":{"line":13,"column":20}},"loc":{"start":{"line":13,"column":25},"end":{"line":15,"column":1}},"line":13},"1":{"name":"(anonymous_1)","decl":{"start":{"line":17,"column":21},"end":{"line":17,"column":22}},"loc":{"start":{"line":17,"column":33},"end":{"line":58,"column":1}},"line":17}},"branchMap":{},"s":{"0":1,"1":1,"2":1,"3":1,"4":1,"5":2,"6":1,"7":1,"8":1,"9":1,"10":1},"f":{"0":2,"1":1},"b":{},"_coverageSchema":"43e27e138ebf9cfc5966b082cf9a028302ed4184","hash":"3053b06eac16ee38ab18ca642a0cc6c398080426","contentHash":"55d9736a214e7d91a7308985ffa0362ae6580fc8661d9d3e8e93de4e747dd519"},"/home/mhashim/Desktop/NewWork/AutoMart/src/controllers/Orders.js":{"path":"/home/mhashim/Desktop/NewWork/AutoMart/src/controllers/Orders.js","statementMap":{"0":{"start":{"line":3,"column":0},"end":{"line":5,"column":3}},"1":{"start":{"line":6,"column":0},"end":{"line":6,"column":25}},"2":{"start":{"line":8,"column":14},"end":{"line":8,"column":65}},"3":{"start":{"line":10,"column":10},"end":{"line":10,"column":29}},"4":{"start":{"line":12,"column":39},"end":{"line":12,"column":93}},"5":{"start":{"line":14,"column":12},"end":{"line":14,"column":26}},"6":{"start":{"line":16,"column":14},"end":{"line":381,"column":1}},"7":{"start":{"line":24,"column":16},"end":{"line":24,"column":43}},"8":{"start":{"line":26,"column":4},"end":{"line":30,"column":5}},"9":{"start":{"line":27,"column":6},"end":{"line":29,"column":9}},"10":{"start":{"line":32,"column":23},"end":{"line":32,"column":67}},"11":{"start":{"line":34,"column":24},"end":{"line":34,"column":54}},"12":{"start":{"line":36,"column":4},"end":{"line":49,"column":5}},"13":{"start":{"line":37,"column":6},"end":{"line":41,"column":9}},"14":{"start":{"line":44,"column":6},"end":{"line":48,"column":9}},"15":{"start":{"line":53,"column":16},"end":{"line":53,"column":43}},"16":{"start":{"line":55,"column":4},"end":{"line":59,"column":5}},"17":{"start":{"line":56,"column":6},"end":{"line":58,"column":9}},"18":{"start":{"line":61,"column":23},"end":{"line":61,"column":88}},"19":{"start":{"line":63,"column":24},"end":{"line":63,"column":54}},"20":{"start":{"line":65,"column":4},"end":{"line":95,"column":5}},"21":{"start":{"line":68,"column":6},"end":{"line":68,"column":58}},"22":{"start":{"line":69,"column":19},"end":{"line":72,"column":18}},"23":{"start":{"line":73,"column":21},"end":{"line":73,"column":166}},"24":{"start":{"line":75,"column":6},"end":{"line":87,"column":7}},"25":{"start":{"line":78,"column":12},"end":{"line":78,"column":46}},"26":{"start":{"line":79,"column":8},"end":{"line":83,"column":11}},"27":{"start":{"line":86,"column":8},"end":{"line":86,"column":51}},"28":{"start":{"line":90,"column":6},"end":{"line":94,"column":9}},"29":{"start":{"line":106,"column":24},"end":{"line":106,"column":49}},"30":{"start":{"line":108,"column":4},"end":{"line":108,"column":45}},"31":{"start":{"line":112,"column":24},"end":{"line":112,"column":60}},"32":{"start":{"line":114,"column":4},"end":{"line":114,"column":45}},"33":{"start":{"line":118,"column":24},"end":{"line":118,"column":56}},"34":{"start":{"line":120,"column":4},"end":{"line":124,"column":7}},"35":{"start":{"line":128,"column":24},"end":{"line":128,"column":55}},"36":{"start":{"line":130,"column":4},"end":{"line":134,"column":7}},"37":{"start":{"line":144,"column":23},"end":{"line":144,"column":61}},"38":{"start":{"line":146,"column":4},"end":{"line":150,"column":5}},"39":{"start":{"line":147,"column":6},"end":{"line":149,"column":9}},"40":{"start":{"line":152,"column":4},"end":{"line":152,"column":44}},"41":{"start":{"line":156,"column":23},"end":{"line":156,"column":65}},"42":{"start":{"line":158,"column":4},"end":{"line":162,"column":5}},"43":{"start":{"line":159,"column":6},"end":{"line":161,"column":9}},"44":{"start":{"line":164,"column":4},"end":{"line":168,"column":7}},"45":{"start":{"line":172,"column":23},"end":{"line":172,"column":64}},"46":{"start":{"line":174,"column":4},"end":{"line":178,"column":5}},"47":{"start":{"line":175,"column":6},"end":{"line":177,"column":9}},"48":{"start":{"line":180,"column":4},"end":{"line":184,"column":7}},"49":{"start":{"line":188,"column":23},"end":{"line":188,"column":84}},"50":{"start":{"line":190,"column":4},"end":{"line":194,"column":5}},"51":{"start":{"line":191,"column":6},"end":{"line":193,"column":9}},"52":{"start":{"line":196,"column":4},"end":{"line":196,"column":44}},"53":{"start":{"line":200,"column":23},"end":{"line":200,"column":71}},"54":{"start":{"line":202,"column":4},"end":{"line":206,"column":5}},"55":{"start":{"line":203,"column":6},"end":{"line":205,"column":9}},"56":{"start":{"line":208,"column":4},"end":{"line":212,"column":7}},"57":{"start":{"line":216,"column":23},"end":{"line":216,"column":62}},"58":{"start":{"line":218,"column":4},"end":{"line":222,"column":5}},"59":{"start":{"line":219,"column":6},"end":{"line":221,"column":9}},"60":{"start":{"line":224,"column":4},"end":{"line":224,"column":44}},"61":{"start":{"line":234,"column":23},"end":{"line":234,"column":61}},"62":{"start":{"line":236,"column":4},"end":{"line":240,"column":5}},"63":{"start":{"line":237,"column":6},"end":{"line":239,"column":9}},"64":{"start":{"line":242,"column":30},"end":{"line":242,"column":77}},"65":{"start":{"line":244,"column":4},"end":{"line":244,"column":51}},"66":{"start":{"line":248,"column":16},"end":{"line":248,"column":43}},"67":{"start":{"line":249,"column":20},"end":{"line":249,"column":40}},"68":{"start":{"line":251,"column":23},"end":{"line":251,"column":65}},"69":{"start":{"line":259,"column":30},"end":{"line":259,"column":94}},"70":{"start":{"line":261,"column":4},"end":{"line":261,"column":35}},"71":{"start":{"line":262,"column":24},"end":{"line":262,"column":61}},"72":{"start":{"line":264,"column":4},"end":{"line":276,"column":5}},"73":{"start":{"line":265,"column":6},"end":{"line":269,"column":9}},"74":{"start":{"line":271,"column":6},"end":{"line":275,"column":9}},"75":{"start":{"line":281,"column":16},"end":{"line":281,"column":43}},"76":{"start":{"line":282,"column":20},"end":{"line":282,"column":40}},"77":{"start":{"line":284,"column":23},"end":{"line":284,"column":64}},"78":{"start":{"line":292,"column":30},"end":{"line":292,"column":93}},"79":{"start":{"line":294,"column":24},"end":{"line":294,"column":61}},"80":{"start":{"line":296,"column":4},"end":{"line":308,"column":5}},"81":{"start":{"line":297,"column":6},"end":{"line":301,"column":9}},"82":{"start":{"line":303,"column":6},"end":{"line":307,"column":9}},"83":{"start":{"line":312,"column":16},"end":{"line":312,"column":43}},"84":{"start":{"line":313,"column":20},"end":{"line":313,"column":40}},"85":{"start":{"line":315,"column":23},"end":{"line":315,"column":64}},"86":{"start":{"line":323,"column":30},"end":{"line":323,"column":92}},"87":{"start":{"line":325,"column":24},"end":{"line":325,"column":61}},"88":{"start":{"line":327,"column":4},"end":{"line":339,"column":5}},"89":{"start":{"line":328,"column":6},"end":{"line":332,"column":9}},"90":{"start":{"line":334,"column":6},"end":{"line":338,"column":9}},"91":{"start":{"line":349,"column":23},"end":{"line":349,"column":64}},"92":{"start":{"line":351,"column":4},"end":{"line":355,"column":5}},"93":{"start":{"line":352,"column":6},"end":{"line":354,"column":9}},"94":{"start":{"line":357,"column":16},"end":{"line":357,"column":58}},"95":{"start":{"line":359,"column":24},"end":{"line":359,"column":65}},"96":{"start":{"line":361,"column":4},"end":{"line":364,"column":7}},"97":{"start":{"line":368,"column":23},"end":{"line":368,"column":61}},"98":{"start":{"line":370,"column":4},"end":{"line":374,"column":5}},"99":{"start":{"line":371,"column":6},"end":{"line":373,"column":9}},"100":{"start":{"line":376,"column":16},"end":{"line":376,"column":53}},"101":{"start":{"line":378,"column":4},"end":{"line":378,"column":37}},"102":{"start":{"line":382,"column":15},"end":{"line":382,"column":20}},"103":{"start":{"line":383,"column":0},"end":{"line":383,"column":27}}},"fnMap":{"0":{"name":"_interopRequireDefault","decl":{"start":{"line":12,"column":9},"end":{"line":12,"column":31}},"loc":{"start":{"line":12,"column":37},"end":{"line":12,"column":95}},"line":12},"1":{"name":"(anonymous_1)","decl":{"start":{"line":23,"column":2},"end":{"line":23,"column":3}},"loc":{"start":{"line":23,"column":24},"end":{"line":50,"column":3}},"line":23},"2":{"name":"(anonymous_2)","decl":{"start":{"line":52,"column":2},"end":{"line":52,"column":3}},"loc":{"start":{"line":52,"column":32},"end":{"line":97,"column":3}},"line":52},"3":{"name":"(anonymous_3)","decl":{"start":{"line":105,"column":2},"end":{"line":105,"column":3}},"loc":{"start":{"line":105,"column":19},"end":{"line":109,"column":3}},"line":105},"4":{"name":"(anonymous_4)","decl":{"start":{"line":111,"column":2},"end":{"line":111,"column":3}},"loc":{"start":{"line":111,"column":30},"end":{"line":115,"column":3}},"line":111},"5":{"name":"(anonymous_5)","decl":{"start":{"line":117,"column":2},"end":{"line":117,"column":3}},"loc":{"start":{"line":117,"column":26},"end":{"line":125,"column":3}},"line":117},"6":{"name":"(anonymous_6)","decl":{"start":{"line":127,"column":2},"end":{"line":127,"column":3}},"loc":{"start":{"line":127,"column":25},"end":{"line":135,"column":3}},"line":127},"7":{"name":"(anonymous_7)","decl":{"start":{"line":143,"column":2},"end":{"line":143,"column":3}},"loc":{"start":{"line":143,"column":19},"end":{"line":153,"column":3}},"line":143},"8":{"name":"(anonymous_8)","decl":{"start":{"line":155,"column":2},"end":{"line":155,"column":3}},"loc":{"start":{"line":155,"column":24},"end":{"line":169,"column":3}},"line":155},"9":{"name":"(anonymous_9)","decl":{"start":{"line":171,"column":2},"end":{"line":171,"column":3}},"loc":{"start":{"line":171,"column":22},"end":{"line":185,"column":3}},"line":171},"10":{"name":"(anonymous_10)","decl":{"start":{"line":187,"column":2},"end":{"line":187,"column":3}},"loc":{"start":{"line":187,"column":18},"end":{"line":197,"column":3}},"line":187},"11":{"name":"(anonymous_11)","decl":{"start":{"line":199,"column":2},"end":{"line":199,"column":3}},"loc":{"start":{"line":199,"column":35},"end":{"line":213,"column":3}},"line":199},"12":{"name":"(anonymous_12)","decl":{"start":{"line":215,"column":2},"end":{"line":215,"column":3}},"loc":{"start":{"line":215,"column":25},"end":{"line":225,"column":3}},"line":215},"13":{"name":"(anonymous_13)","decl":{"start":{"line":233,"column":2},"end":{"line":233,"column":3}},"loc":{"start":{"line":233,"column":19},"end":{"line":245,"column":3}},"line":233},"14":{"name":"(anonymous_14)","decl":{"start":{"line":247,"column":2},"end":{"line":247,"column":3}},"loc":{"start":{"line":247,"column":29},"end":{"line":277,"column":3}},"line":247},"15":{"name":"(anonymous_15)","decl":{"start":{"line":280,"column":2},"end":{"line":280,"column":3}},"loc":{"start":{"line":280,"column":28},"end":{"line":309,"column":3}},"line":280},"16":{"name":"(anonymous_16)","decl":{"start":{"line":311,"column":2},"end":{"line":311,"column":3}},"loc":{"start":{"line":311,"column":27},"end":{"line":340,"column":3}},"line":311},"17":{"name":"(anonymous_17)","decl":{"start":{"line":348,"column":2},"end":{"line":348,"column":3}},"loc":{"start":{"line":348,"column":24},"end":{"line":365,"column":3}},"line":348},"18":{"name":"(anonymous_18)","decl":{"start":{"line":367,"column":2},"end":{"line":367,"column":3}},"loc":{"start":{"line":367,"column":19},"end":{"line":379,"column":3}},"line":367}},"branchMap":{"0":{"loc":{"start":{"line":12,"column":46},"end":{"line":12,"column":92}},"type":"cond-expr","locations":[{"start":{"line":12,"column":70},"end":{"line":12,"column":73}},{"start":{"line":12,"column":76},"end":{"line":12,"column":92}}],"line":12},"1":{"loc":{"start":{"line":12,"column":46},"end":{"line":12,"column":67}},"type":"binary-expr","locations":[{"start":{"line":12,"column":46},"end":{"line":12,"column":49}},{"start":{"line":12,"column":53},"end":{"line":12,"column":67}}],"line":12},"2":{"loc":{"start":{"line":26,"column":4},"end":{"line":30,"column":5}},"type":"if","locations":[{"start":{"line":26,"column":4},"end":{"line":30,"column":5}},{"start":{"line":26,"column":4},"end":{"line":30,"column":5}}],"line":26},"3":{"loc":{"start":{"line":26,"column":8},"end":{"line":26,"column":48}},"type":"binary-expr","locations":[{"start":{"line":26,"column":8},"end":{"line":26,"column":29}},{"start":{"line":26,"column":33},"end":{"line":26,"column":48}}],"line":26},"4":{"loc":{"start":{"line":36,"column":4},"end":{"line":49,"column":5}},"type":"if","locations":[{"start":{"line":36,"column":4},"end":{"line":49,"column":5}},{"start":{"line":36,"column":4},"end":{"line":49,"column":5}}],"line":36},"5":{"loc":{"start":{"line":55,"column":4},"end":{"line":59,"column":5}},"type":"if","locations":[{"start":{"line":55,"column":4},"end":{"line":59,"column":5}},{"start":{"line":55,"column":4},"end":{"line":59,"column":5}}],"line":55},"6":{"loc":{"start":{"line":65,"column":4},"end":{"line":95,"column":5}},"type":"if","locations":[{"start":{"line":65,"column":4},"end":{"line":95,"column":5}},{"start":{"line":65,"column":4},"end":{"line":95,"column":5}}],"line":65},"7":{"loc":{"start":{"line":146,"column":4},"end":{"line":150,"column":5}},"type":"if","locations":[{"start":{"line":146,"column":4},"end":{"line":150,"column":5}},{"start":{"line":146,"column":4},"end":{"line":150,"column":5}}],"line":146},"8":{"loc":{"start":{"line":158,"column":4},"end":{"line":162,"column":5}},"type":"if","locations":[{"start":{"line":158,"column":4},"end":{"line":162,"column":5}},{"start":{"line":158,"column":4},"end":{"line":162,"column":5}}],"line":158},"9":{"loc":{"start":{"line":174,"column":4},"end":{"line":178,"column":5}},"type":"if","locations":[{"start":{"line":174,"column":4},"end":{"line":178,"column":5}},{"start":{"line":174,"column":4},"end":{"line":178,"column":5}}],"line":174},"10":{"loc":{"start":{"line":190,"column":4},"end":{"line":194,"column":5}},"type":"if","locations":[{"start":{"line":190,"column":4},"end":{"line":194,"column":5}},{"start":{"line":190,"column":4},"end":{"line":194,"column":5}}],"line":190},"11":{"loc":{"start":{"line":202,"column":4},"end":{"line":206,"column":5}},"type":"if","locations":[{"start":{"line":202,"column":4},"end":{"line":206,"column":5}},{"start":{"line":202,"column":4},"end":{"line":206,"column":5}}],"line":202},"12":{"loc":{"start":{"line":218,"column":4},"end":{"line":222,"column":5}},"type":"if","locations":[{"start":{"line":218,"column":4},"end":{"line":222,"column":5}},{"start":{"line":218,"column":4},"end":{"line":222,"column":5}}],"line":218},"13":{"loc":{"start":{"line":236,"column":4},"end":{"line":240,"column":5}},"type":"if","locations":[{"start":{"line":236,"column":4},"end":{"line":240,"column":5}},{"start":{"line":236,"column":4},"end":{"line":240,"column":5}}],"line":236},"14":{"loc":{"start":{"line":264,"column":4},"end":{"line":276,"column":5}},"type":"if","locations":[{"start":{"line":264,"column":4},"end":{"line":276,"column":5}},{"start":{"line":264,"column":4},"end":{"line":276,"column":5}}],"line":264},"15":{"loc":{"start":{"line":296,"column":4},"end":{"line":308,"column":5}},"type":"if","locations":[{"start":{"line":296,"column":4},"end":{"line":308,"column":5}},{"start":{"line":296,"column":4},"end":{"line":308,"column":5}}],"line":296},"16":{"loc":{"start":{"line":327,"column":4},"end":{"line":339,"column":5}},"type":"if","locations":[{"start":{"line":327,"column":4},"end":{"line":339,"column":5}},{"start":{"line":327,"column":4},"end":{"line":339,"column":5}}],"line":327},"17":{"loc":{"start":{"line":351,"column":4},"end":{"line":355,"column":5}},"type":"if","locations":[{"start":{"line":351,"column":4},"end":{"line":355,"column":5}},{"start":{"line":351,"column":4},"end":{"line":355,"column":5}}],"line":351},"18":{"loc":{"start":{"line":370,"column":4},"end":{"line":374,"column":5}},"type":"if","locations":[{"start":{"line":370,"column":4},"end":{"line":374,"column":5}},{"start":{"line":370,"column":4},"end":{"line":374,"column":5}}],"line":370}},"s":{"0":1,"1":1,"2":1,"3":1,"4":1,"5":1,"6":1,"7":0,"8":0,"9":0,"10":0,"11":0,"12":0,"13":0,"14":0,"15":1,"16":1,"17":0,"18":1,"19":1,"20":1,"21":1,"22":1,"23":1,"24":1,"25":1,"26":1,"27":0,"28":0,"29":0,"30":0,"31":0,"32":0,"33":0,"34":0,"35":1,"36":1,"37":0,"38":0,"39":0,"40":0,"41":1,"42":1,"43":0,"44":1,"45":0,"46":0,"47":0,"48":0,"49":0,"50":0,"51":0,"52":0,"53":0,"54":0,"55":0,"56":0,"57":0,"58":0,"59":0,"60":0,"61":0,"62":0,"63":0,"64":0,"65":0,"66":0,"67":0,"68":0,"69":0,"70":0,"71":0,"72":0,"73":0,"74":0,"75":0,"76":0,"77":0,"78":0,"79":0,"80":0,"81":0,"82":0,"83":0,"84":0,"85":0,"86":0,"87":0,"88":0,"89":0,"90":0,"91":0,"92":0,"93":0,"94":0,"95":0,"96":0,"97":0,"98":0,"99":0,"100":0,"101":0,"102":1,"103":1},"f":{"0":1,"1":0,"2":1,"3":0,"4":0,"5":0,"6":1,"7":0,"8":1,"9":0,"10":0,"11":0,"12":0,"13":0,"14":0,"15":0,"16":0,"17":0,"18":0},"b":{"0":[1,0],"1":[1,1],"2":[0,0],"3":[0,0],"4":[0,0],"5":[0,1],"6":[1,0],"7":[0,0],"8":[0,1],"9":[0,0],"10":[0,0],"11":[0,0],"12":[0,0],"13":[0,0],"14":[0,0],"15":[0,0],"16":[0,0],"17":[0,0],"18":[0,0]},"_coverageSchema":"43e27e138ebf9cfc5966b082cf9a028302ed4184","hash":"0fca9a2f5e8256997d9ddbcd94090584f6798be2","contentHash":"49fbf71a1d297fc3330f39fe32f40638df7b6802ce3b01d84a150fa335c046b9"},"/home/mhashim/Desktop/NewWork/AutoMart/src/models/Orders.js":{"path":"/home/mhashim/Desktop/NewWork/AutoMart/src/models/Orders.js","statementMap":{"0":{"start":{"line":3,"column":0},"end":{"line":5,"column":3}},"1":{"start":{"line":6,"column":0},"end":{"line":6,"column":25}},"2":{"start":{"line":8,"column":14},"end":{"line":8,"column":55}},"3":{"start":{"line":10,"column":12},"end":{"line":10,"column":51}},"4":{"start":{"line":12,"column":12},"end":{"line":12,"column":61}},"5":{"start":{"line":14,"column":12},"end":{"line":14,"column":61}},"6":{"start":{"line":16,"column":39},"end":{"line":16,"column":93}},"7":{"start":{"line":24,"column":4},"end":{"line":24,"column":26}},"8":{"start":{"line":25,"column":4},"end":{"line":25,"column":32}},"9":{"start":{"line":26,"column":4},"end":{"line":26,"column":38}},"10":{"start":{"line":27,"column":4},"end":{"line":27,"column":36}},"11":{"start":{"line":40,"column":23},"end":{"line":40,"column":89}},"12":{"start":{"line":40,"column":65},"end":{"line":40,"column":88}},"13":{"start":{"line":42,"column":4},"end":{"line":65,"column":5}},"14":{"start":{"line":43,"column":39},"end":{"line":46,"column":7}},"15":{"start":{"line":48,"column":6},"end":{"line":48,"column":38}},"16":{"start":{"line":51,"column":39},"end":{"line":62,"column":7}},"17":{"start":{"line":63,"column":6},"end":{"line":63,"column":66}},"18":{"start":{"line":64,"column":6},"end":{"line":64,"column":38}},"19":{"start":{"line":71,"column":19},"end":{"line":71,"column":81}},"20":{"start":{"line":72,"column":4},"end":{"line":72,"column":57}},"21":{"start":{"line":74,"column":23},"end":{"line":74,"column":89}},"22":{"start":{"line":74,"column":65},"end":{"line":74,"column":88}},"23":{"start":{"line":76,"column":4},"end":{"line":115,"column":5}},"24":{"start":{"line":77,"column":37},"end":{"line":80,"column":7}},"25":{"start":{"line":81,"column":6},"end":{"line":81,"column":36}},"26":{"start":{"line":83,"column":39},"end":{"line":83,"column":115}},"27":{"start":{"line":83,"column":93},"end":{"line":83,"column":114}},"28":{"start":{"line":85,"column":46},"end":{"line":85,"column":115}},"29":{"start":{"line":85,"column":89},"end":{"line":85,"column":114}},"30":{"start":{"line":87,"column":6},"end":{"line":114,"column":7}},"31":{"start":{"line":88,"column":44},"end":{"line":91,"column":9}},"32":{"start":{"line":92,"column":8},"end":{"line":92,"column":43}},"33":{"start":{"line":94,"column":8},"end":{"line":113,"column":9}},"34":{"start":{"line":95,"column":47},"end":{"line":98,"column":11}},"35":{"start":{"line":99,"column":10},"end":{"line":99,"column":46}},"36":{"start":{"line":102,"column":43},"end":{"line":110,"column":11}},"37":{"start":{"line":111,"column":10},"end":{"line":111,"column":68}},"38":{"start":{"line":112,"column":10},"end":{"line":112,"column":42}},"39":{"start":{"line":126,"column":4},"end":{"line":126,"column":63}},"40":{"start":{"line":126,"column":44},"end":{"line":126,"column":61}},"41":{"start":{"line":130,"column":4},"end":{"line":130,"column":73}},"42":{"start":{"line":130,"column":54},"end":{"line":130,"column":71}},"43":{"start":{"line":134,"column":4},"end":{"line":134,"column":75}},"44":{"start":{"line":134,"column":56},"end":{"line":134,"column":73}},"45":{"start":{"line":138,"column":4},"end":{"line":138,"column":123}},"46":{"start":{"line":138,"column":47},"end":{"line":138,"column":76}},"47":{"start":{"line":138,"column":93},"end":{"line":138,"column":120}},"48":{"start":{"line":148,"column":4},"end":{"line":154,"column":5}},"49":{"start":{"line":149,"column":6},"end":{"line":149,"column":42}},"50":{"start":{"line":150,"column":11},"end":{"line":154,"column":5}},"51":{"start":{"line":151,"column":6},"end":{"line":151,"column":89}},"52":{"start":{"line":151,"column":60},"end":{"line":151,"column":87}},"53":{"start":{"line":153,"column":6},"end":{"line":153,"column":207}},"54":{"start":{"line":153,"column":60},"end":{"line":153,"column":87}},"55":{"start":{"line":153,"column":107},"end":{"line":153,"column":146}},"56":{"start":{"line":153,"column":166},"end":{"line":153,"column":205}},"57":{"start":{"line":158,"column":4},"end":{"line":158,"column":90}},"58":{"start":{"line":158,"column":58},"end":{"line":158,"column":88}},"59":{"start":{"line":166,"column":4},"end":{"line":166,"column":28}},"60":{"start":{"line":170,"column":4},"end":{"line":170,"column":34}},"61":{"start":{"line":174,"column":4},"end":{"line":174,"column":40}},"62":{"start":{"line":178,"column":4},"end":{"line":178,"column":38}},"63":{"start":{"line":188,"column":23},"end":{"line":188,"column":39}},"64":{"start":{"line":189,"column":18},"end":{"line":189,"column":54}},"65":{"start":{"line":190,"column":4},"end":{"line":190,"column":76}},"66":{"start":{"line":191,"column":4},"end":{"line":191,"column":79}},"67":{"start":{"line":192,"column":4},"end":{"line":192,"column":79}},"68":{"start":{"line":193,"column":4},"end":{"line":193,"column":65}},"69":{"start":{"line":194,"column":4},"end":{"line":194,"column":35}},"70":{"start":{"line":199,"column":23},"end":{"line":199,"column":43}},"71":{"start":{"line":200,"column":18},"end":{"line":200,"column":64}},"72":{"start":{"line":202,"column":24},"end":{"line":202,"column":90}},"73":{"start":{"line":202,"column":66},"end":{"line":202,"column":89}},"74":{"start":{"line":204,"column":4},"end":{"line":253,"column":5}},"75":{"start":{"line":205,"column":39},"end":{"line":208,"column":7}},"76":{"start":{"line":210,"column":6},"end":{"line":210,"column":38}},"77":{"start":{"line":212,"column":6},"end":{"line":252,"column":9}},"78":{"start":{"line":213,"column":8},"end":{"line":244,"column":9}},"79":{"start":{"line":214,"column":25},"end":{"line":214,"column":65}},"80":{"start":{"line":215,"column":10},"end":{"line":215,"column":42}},"81":{"start":{"line":217,"column":37},"end":{"line":217,"column":69}},"82":{"start":{"line":219,"column":10},"end":{"line":237,"column":11}},"83":{"start":{"line":220,"column":12},"end":{"line":220,"column":148}},"84":{"start":{"line":221,"column":12},"end":{"line":221,"column":114}},"85":{"start":{"line":222,"column":12},"end":{"line":222,"column":67}},"86":{"start":{"line":223,"column":12},"end":{"line":223,"column":77}},"87":{"start":{"line":230,"column":12},"end":{"line":230,"column":53}},"88":{"start":{"line":232,"column":38},"end":{"line":235,"column":13}},"89":{"start":{"line":236,"column":12},"end":{"line":236,"column":37}},"90":{"start":{"line":239,"column":36},"end":{"line":242,"column":11}},"91":{"start":{"line":243,"column":10},"end":{"line":243,"column":35}},"92":{"start":{"line":247,"column":32},"end":{"line":250,"column":11}},"93":{"start":{"line":251,"column":10},"end":{"line":251,"column":31}},"94":{"start":{"line":257,"column":23},"end":{"line":257,"column":42}},"95":{"start":{"line":258,"column":18},"end":{"line":258,"column":66}},"96":{"start":{"line":260,"column":24},"end":{"line":260,"column":90}},"97":{"start":{"line":260,"column":66},"end":{"line":260,"column":89}},"98":{"start":{"line":262,"column":4},"end":{"line":288,"column":5}},"99":{"start":{"line":263,"column":39},"end":{"line":266,"column":7}},"100":{"start":{"line":268,"column":6},"end":{"line":268,"column":38}},"101":{"start":{"line":270,"column":6},"end":{"line":287,"column":7}},"102":{"start":{"line":271,"column":8},"end":{"line":280,"column":9}},"103":{"start":{"line":272,"column":10},"end":{"line":272,"column":62}},"104":{"start":{"line":273,"column":10},"end":{"line":273,"column":53}},"105":{"start":{"line":275,"column":36},"end":{"line":278,"column":11}},"106":{"start":{"line":279,"column":10},"end":{"line":279,"column":35}},"107":{"start":{"line":282,"column":34},"end":{"line":285,"column":9}},"108":{"start":{"line":286,"column":8},"end":{"line":286,"column":33}},"109":{"start":{"line":292,"column":23},"end":{"line":292,"column":42}},"110":{"start":{"line":293,"column":18},"end":{"line":293,"column":66}},"111":{"start":{"line":295,"column":24},"end":{"line":295,"column":90}},"112":{"start":{"line":295,"column":66},"end":{"line":295,"column":89}},"113":{"start":{"line":297,"column":4},"end":{"line":333,"column":5}},"114":{"start":{"line":298,"column":39},"end":{"line":301,"column":7}},"115":{"start":{"line":303,"column":6},"end":{"line":303,"column":38}},"116":{"start":{"line":305,"column":6},"end":{"line":332,"column":9}},"117":{"start":{"line":307,"column":8},"end":{"line":324,"column":9}},"118":{"start":{"line":308,"column":10},"end":{"line":317,"column":11}},"119":{"start":{"line":309,"column":12},"end":{"line":309,"column":79}},"120":{"start":{"line":310,"column":12},"end":{"line":310,"column":55}},"121":{"start":{"line":312,"column":38},"end":{"line":315,"column":13}},"122":{"start":{"line":316,"column":12},"end":{"line":316,"column":37}},"123":{"start":{"line":319,"column":36},"end":{"line":322,"column":11}},"124":{"start":{"line":323,"column":10},"end":{"line":323,"column":35}},"125":{"start":{"line":327,"column":36},"end":{"line":330,"column":11}},"126":{"start":{"line":331,"column":10},"end":{"line":331,"column":35}},"127":{"start":{"line":342,"column":23},"end":{"line":342,"column":42}},"128":{"start":{"line":343,"column":18},"end":{"line":343,"column":66}},"129":{"start":{"line":344,"column":4},"end":{"line":344,"column":50}},"130":{"start":{"line":345,"column":4},"end":{"line":347,"column":6}},"131":{"start":{"line":351,"column":23},"end":{"line":351,"column":39}},"132":{"start":{"line":352,"column":18},"end":{"line":352,"column":54}},"133":{"start":{"line":353,"column":4},"end":{"line":353,"column":38}},"134":{"start":{"line":354,"column":4},"end":{"line":354,"column":14}},"135":{"start":{"line":359,"column":15},"end":{"line":359,"column":31}},"136":{"start":{"line":361,"column":0},"end":{"line":361,"column":27}}},"fnMap":{"0":{"name":"_interopRequireDefault","decl":{"start":{"line":16,"column":9},"end":{"line":16,"column":31}},"loc":{"start":{"line":16,"column":37},"end":{"line":16,"column":95}},"line":16},"1":{"name":"(anonymous_1)","decl":{"start":{"line":23,"column":2},"end":{"line":23,"column":3}},"loc":{"start":{"line":23,"column":16},"end":{"line":28,"column":3}},"line":23},"2":{"name":"(anonymous_2)","decl":{"start":{"line":38,"column":2},"end":{"line":38,"column":3}},"loc":{"start":{"line":38,"column":27},"end":{"line":66,"column":3}},"line":38},"3":{"name":"(anonymous_3)","decl":{"start":{"line":40,"column":54},"end":{"line":40,"column":55}},"loc":{"start":{"line":40,"column":65},"end":{"line":40,"column":88}},"line":40},"4":{"name":"(anonymous_4)","decl":{"start":{"line":70,"column":2},"end":{"line":70,"column":3}},"loc":{"start":{"line":70,"column":37},"end":{"line":116,"column":3}},"line":70},"5":{"name":"(anonymous_5)","decl":{"start":{"line":74,"column":54},"end":{"line":74,"column":55}},"loc":{"start":{"line":74,"column":65},"end":{"line":74,"column":88}},"line":74},"6":{"name":"(anonymous_6)","decl":{"start":{"line":83,"column":82},"end":{"line":83,"column":83}},"loc":{"start":{"line":83,"column":93},"end":{"line":83,"column":114}},"line":83},"7":{"name":"(anonymous_7)","decl":{"start":{"line":85,"column":78},"end":{"line":85,"column":79}},"loc":{"start":{"line":85,"column":89},"end":{"line":85,"column":114}},"line":85},"8":{"name":"(anonymous_8)","decl":{"start":{"line":125,"column":2},"end":{"line":125,"column":3}},"loc":{"start":{"line":125,"column":14},"end":{"line":127,"column":3}},"line":125},"9":{"name":"(anonymous_9)","decl":{"start":{"line":126,"column":33},"end":{"line":126,"column":34}},"loc":{"start":{"line":126,"column":44},"end":{"line":126,"column":61}},"line":126},"10":{"name":"(anonymous_10)","decl":{"start":{"line":129,"column":2},"end":{"line":129,"column":3}},"loc":{"start":{"line":129,"column":18},"end":{"line":131,"column":3}},"line":129},"11":{"name":"(anonymous_11)","decl":{"start":{"line":130,"column":43},"end":{"line":130,"column":44}},"loc":{"start":{"line":130,"column":54},"end":{"line":130,"column":71}},"line":130},"12":{"name":"(anonymous_12)","decl":{"start":{"line":133,"column":2},"end":{"line":133,"column":3}},"loc":{"start":{"line":133,"column":17},"end":{"line":135,"column":3}},"line":133},"13":{"name":"(anonymous_13)","decl":{"start":{"line":134,"column":45},"end":{"line":134,"column":46}},"loc":{"start":{"line":134,"column":56},"end":{"line":134,"column":73}},"line":134},"14":{"name":"(anonymous_14)","decl":{"start":{"line":137,"column":2},"end":{"line":137,"column":3}},"loc":{"start":{"line":137,"column":28},"end":{"line":139,"column":3}},"line":137},"15":{"name":"(anonymous_15)","decl":{"start":{"line":138,"column":36},"end":{"line":138,"column":37}},"loc":{"start":{"line":138,"column":47},"end":{"line":138,"column":76}},"line":138},"16":{"name":"(anonymous_16)","decl":
[...]
olumn":95}},"line":11},"1":{"name":"(anonymous_1)","decl":{"start":{"line":19,"column":17},"end":{"line":19,"column":18}},"loc":{"start":{"line":19,"column":37},"end":{"line":79,"column":1}},"line":19},"2":{"name":"(anonymous_2)","decl":{"start":{"line":23,"column":53},"end":{"line":23,"column":54}},"loc":{"start":{"line":23,"column":64},"end":{"line":23,"column":87}},"line":23},"3":{"name":"(anonymous_3)","decl":{"start":{"line":30,"column":54},"end":{"line":30,"column":55}},"loc":{"start":{"line":30,"column":72},"end":{"line":68,"column":5}},"line":30},"4":{"name":"(anonymous_4)","decl":{"start":{"line":43,"column":65},"end":{"line":43,"column":66}},"loc":{"start":{"line":43,"column":76},"end":{"line":43,"column":104}},"line":43}},"branchMap":{"0":{"loc":{"start":{"line":11,"column":46},"end":{"line":11,"column":92}},"type":"cond-expr","locations":[{"start":{"line":11,"column":70},"end":{"line":11,"column":73}},{"start":{"line":11,"column":76},"end":{"line":11,"column":92}}],"line":11},"1":{"loc":{"start":{"line":11,"column":46},"end":{"line":11,"column":67}},"type":"binary-expr","locations":[{"start":{"line":11,"column":46},"end":{"line":11,"column":49}},{"start":{"line":11,"column":53},"end":{"line":11,"column":67}}],"line":11},"2":{"loc":{"start":{"line":27,"column":2},"end":{"line":78,"column":3}},"type":"if","locations":[{"start":{"line":27,"column":2},"end":{"line":78,"column":3}},{"start":{"line":27,"column":2},"end":{"line":78,"column":3}}],"line":27},"3":{"loc":{"start":{"line":32,"column":6},"end":{"line":67,"column":7}},"type":"if","locations":[{"start":{"line":32,"column":6},"end":{"line":67,"column":7}},{"start":{"line":32,"column":6},"end":{"line":67,"column":7}}],"line":32},"4":{"loc":{"start":{"line":42,"column":8},"end":{"line":66,"column":9}},"type":"if","locations":[{"start":{"line":42,"column":8},"end":{"line":66,"column":9}},{"start":{"line":42,"column":8},"end":{"line":66,"column":9}}],"line":42},"5":{"loc":{"start":{"line":47,"column":10},"end":{"line":60,"column":11}},"type":"if","locations":[{"start":{"line":47,"column":10},"end":{"line":60,"column":11}},{"start":{"line":47,"column":10},"end":{"line":60,"column":11}}],"line":47}},"s":{"0":1,"1":1,"2":1,"3":1,"4":4,"5":1,"6":1,"7":1,"8":1,"9":1,"10":1,"11":1,"12":1,"13":1,"14":1,"15":0,"16":1,"17":1,"18":1,"19":1,"20":1,"21":1,"22":1,"23":0,"24":0,"25":0},"f":{"0":4,"1":1,"2":1,"3":1,"4":1},"b":{"0":[2,2],"1":[4,4],"2":[1,0],"3":[0,1],"4":[1,0],"5":[1,0]},"_coverageSchema":"43e27e138ebf9cfc5966b082cf9a028302ed4184","hash":"af658c79f4a5407eacb4ab3d5515936cb0382cc7","contentHash":"5e9aaf4f7d69ba61276e41cdd9283a83b018a1593f8f75d293e0d91b163430da"},"/home/mhashim/Desktop/NewWork/AutoMart/src/middlewares/createAdVali.js":{"path":"/home/mhashim/Desktop/NewWork/AutoMart/src/middlewares/createAdVali.js","statementMap":{"0":{"start":{"line":3,"column":15},"end":{"line":3,"column":57}},"1":{"start":{"line":5,"column":12},"end":{"line":5,"column":66}},"2":{"start":{"line":7,"column":20},"end":{"line":7,"column":67}},"3":{"start":{"line":9,"column":39},"end":{"line":9,"column":93}},"4":{"start":{"line":12,"column":12},"end":{"line":12,"column":26}},"5":{"start":{"line":14,"column":12},"end":{"line":14,"column":28}},"6":{"start":{"line":16,"column":12},"end":{"line":16,"column":35}},"7":{"start":{"line":17,"column":0},"end":{"line":17,"column":33}},"8":{"start":{"line":19,"column":0},"end":{"line":39,"column":2}},"9":{"start":{"line":20,"column":15},"end":{"line":20,"column":23}},"10":{"start":{"line":22,"column":17},"end":{"line":26,"column":4}},"11":{"start":{"line":27,"column":2},"end":{"line":38,"column":5}},"12":{"start":{"line":28,"column":4},"end":{"line":37,"column":5}},"13":{"start":{"line":29,"column":6},"end":{"line":29,"column":32}},"14":{"start":{"line":31,"column":6},"end":{"line":34,"column":9}},"15":{"start":{"line":36,"column":6},"end":{"line":36,"column":13}}},"fnMap":{"0":{"name":"_interopRequireDefault","decl":{"start":{"line":9,"column":9},"end":{"line":9,"column":31}},"loc":{"start":{"line":9,"column":37},"end":{"line":9,"column":95}},"line":9},"1":{"name":"(anonymous_1)","decl":{"start":{"line":19,"column":17},"end":{"line":19,"column":18}},"loc":{"start":{"line":19,"column":37},"end":{"line":39,"column":1}},"line":19},"2":{"name":"(anonymous_2)","decl":{"start":{"line":27,"column":29},"end":{"line":27,"column":30}},"loc":{"start":{"line":27,"column":45},"end":{"line":38,"column":3}},"line":27}},"branchMap":{"0":{"loc":{"start":{"line":9,"column":46},"end":{"line":9,"column":92}},"type":"cond-expr","locations":[{"start":{"line":9,"column":70},"end":{"line":9,"column":73}},{"start":{"line":9,"column":76},"end":{"line":9,"column":92}}],"line":9},"1":{"loc":{"start":{"line":9,"column":46},"end":{"line":9,"column":67}},"type":"binary-expr","locations":[{"start":{"line":9,"column":46},"end":{"line":9,"column":49}},{"start":{"line":9,"column":53},"end":{"line":9,"column":67}}],"line":9},"2":{"loc":{"start":{"line":28,"column":4},"end":{"line":37,"column":5}},"type":"if","locations":[{"start":{"line":28,"column":4},"end":{"line":37,"column":5}},{"start":{"line":28,"column":4},"end":{"line":37,"column":5}}],"line":28}},"s":{"0":1,"1":1,"2":1,"3":3,"4":1,"5":1,"6":1,"7":1,"8":1,"9":1,"10":1,"11":1,"12":1,"13":0,"14":0,"15":1},"f":{"0":3,"1":1,"2":1},"b":{"0":[1,2],"1":[3,3],"2":[0,1]},"_coverageSchema":"43e27e138ebf9cfc5966b082cf9a028302ed4184","hash":"5582b615806ca60468c0efded9df2bee741468b8","contentHash":"1429c4ae44064c115f54b3186b388524f2f1ec54fa05fae39ee64bc0f6539d7a"},"/home/mhashim/Desktop/NewWork/AutoMart/src/middlewares/createOrderVali.js":{"path":"/home/mhashim/Desktop/NewWork/AutoMart/src/middlewares/createOrderVali.js","statementMap":{"0":{"start":{"line":3,"column":15},"end":{"line":3,"column":57}},"1":{"start":{"line":5,"column":12},"end":{"line":5,"column":66}},"2":{"start":{"line":7,"column":20},"end":{"line":7,"column":67}},"3":{"start":{"line":9,"column":39},"end":{"line":9,"column":93}},"4":{"start":{"line":12,"column":12},"end":{"line":12,"column":26}},"5":{"start":{"line":14,"column":12},"end":{"line":14,"column":28}},"6":{"start":{"line":16,"column":12},"end":{"line":16,"column":35}},"7":{"start":{"line":17,"column":0},"end":{"line":17,"column":33}},"8":{"start":{"line":19,"column":0},"end":{"line":36,"column":2}},"9":{"start":{"line":20,"column":15},"end":{"line":20,"column":23}},"10":{"start":{"line":21,"column":17},"end":{"line":23,"column":4}},"11":{"start":{"line":24,"column":2},"end":{"line":35,"column":5}},"12":{"start":{"line":25,"column":4},"end":{"line":34,"column":5}},"13":{"start":{"line":26,"column":6},"end":{"line":26,"column":32}},"14":{"start":{"line":28,"column":6},"end":{"line":31,"column":9}},"15":{"start":{"line":33,"column":6},"end":{"line":33,"column":13}}},"fnMap":{"0":{"name":"_interopRequireDefault","decl":{"start":{"line":9,"column":9},"end":{"line":9,"column":31}},"loc":{"start":{"line":9,"column":37},"end":{"line":9,"column":95}},"line":9},"1":{"name":"(anonymous_1)","decl":{"start":{"line":19,"column":17},"end":{"line":19,"column":18}},"loc":{"start":{"line":19,"column":37},"end":{"line":36,"column":1}},"line":19},"2":{"name":"(anonymous_2)","decl":{"start":{"line":24,"column":29},"end":{"line":24,"column":30}},"loc":{"start":{"line":24,"column":45},"end":{"line":35,"column":3}},"line":24}},"branchMap":{"0":{"loc":{"start":{"line":9,"column":46},"end":{"line":9,"column":92}},"type":"cond-expr","locations":[{"start":{"line":9,"column":70},"end":{"line":9,"column":73}},{"start":{"line":9,"column":76},"end":{"line":9,"column":92}}],"line":9},"1":{"loc":{"start":{"line":9,"column":46},"end":{"line":9,"column":67}},"type":"binary-expr","locations":[{"start":{"line":9,"column":46},"end":{"line":9,"column":49}},{"start":{"line":9,"column":53},"end":{"line":9,"column":67}}],"line":9},"2":{"loc":{"start":{"line":25,"column":4},"end":{"line":34,"column":5}},"type":"if","locations":[{"start":{"line":25,"column":4},"end":{"line":34,"column":5}},{"start":{"line":25,"column":4},"end":{"line":34,"column":5}}],"line":25}},"s":{"0":1,"1":1,"2":1,"3":3,"4":1,"5":1,"6":1,"7":1,"8":1,"9":0,"10":0,"11":0,"12":0,"13":0,"14":0,"15":0},"f":{"0":3,"1":0,"2":0},"b":{"0":[1,2],"1":[3,3],"2":[0,0]},"_coverageSchema":"43e27e138ebf9cfc5966b082cf9a028302ed4184","hash":"60e8891629bf8460525d1b79ea9fd4b7d6ba021c","contentHash":"4ce17f699a770322610f7b0596458e894a3a9879f397619dfd033b07e32cb3a9"},"/home/mhashim/Desktop/NewWork/AutoMart/src/middlewares/UpdatecarAdVali.js":{"path":"/home/mhashim/Desktop/NewWork/AutoMart/src/middlewares/UpdatecarAdVali.js","statementMap":{"0":{"start":{"line":3,"column":15},"end":{"line":3,"column":57}},"1":{"start":{"line":5,"column":12},"end":{"line":5,"column":66}},"2":{"start":{"line":7,"column":20},"end":{"line":7,"column":67}},"3":{"start":{"line":9,"column":39},"end":{"line":9,"column":93}},"4":{"start":{"line":12,"column":12},"end":{"line":12,"column":26}},"5":{"start":{"line":14,"column":12},"end":{"line":14,"column":28}},"6":{"start":{"line":16,"column":12},"end":{"line":16,"column":35}},"7":{"start":{"line":17,"column":0},"end":{"line":17,"column":33}},"8":{"start":{"line":19,"column":0},"end":{"line":36,"column":2}},"9":{"start":{"line":20,"column":15},"end":{"line":20,"column":23}},"10":{"start":{"line":21,"column":17},"end":{"line":23,"column":4}},"11":{"start":{"line":24,"column":2},"end":{"line":35,"column":5}},"12":{"start":{"line":25,"column":4},"end":{"line":34,"column":5}},"13":{"start":{"line":26,"column":6},"end":{"line":26,"column":32}},"14":{"start":{"line":28,"column":6},"end":{"line":31,"column":9}},"15":{"start":{"line":33,"column":6},"end":{"line":33,"column":13}}},"fnMap":{"0":{"name":"_interopRequireDefault","decl":{"start":{"line":9,"column":9},"end":{"line":9,"column":31}},"loc":{"start":{"line":9,"column":37},"end":{"line":9,"column":95}},"line":9},"1":{"name":"(anonymous_1)","decl":{"start":{"line":19,"column":17},"end":{"line":19,"column":18}},"loc":{"start":{"line":19,"column":37},"end":{"line":36,"column":1}},"line":19},"2":{"name":"(anonymous_2)","decl":{"start":{"line":24,"column":29},"end":{"line":24,"column":30}},"loc":{"start":{"line":24,"column":45},"end":{"line":35,"column":3}},"line":24}},"branchMap":{"0":{"loc":{"start":{"line":9,"column":46},"end":{"line":9,"column":92}},"type":"cond-expr","locations":[{"start":{"line":9,"column":70},"end":{"line":9,"column":73}},{"start":{"line":9,"column":76},"end":{"line":9,"column":92}}],"line":9},"1":{"loc":{"start":{"line":9,"column":46},"end":{"line":9,"column":67}},"type":"binary-expr","locations":[{"start":{"line":9,"column":46},"end":{"line":9,"column":49}},{"start":{"line":9,"column":53},"end":{"line":9,"column":67}}],"line":9},"2":{"loc":{"start":{"line":25,"column":4},"end":{"line":34,"column":5}},"type":"if","locations":[{"start":{"line":25,"column":4},"end":{"line":34,"column":5}},{"start":{"line":25,"column":4},"end":{"line":34,"column":5}}],"line":25}},"s":{"0":1,"1":1,"2":1,"3":3,"4":1,"5":1,"6":1,"7":1,"8":1,"9":2,"10":2,"11":2,"12":2,"13":0,"14":0,"15":2},"f":{"0":3,"1":2,"2":2},"b":{"0":[1,2],"1":[3,3],"2":[0,2]},"_coverageSchema":"43e27e138ebf9cfc5966b082cf9a028302ed4184","hash":"bcd574cb26245790382724b147987676bdd23602","contentHash":"120230f304aba7905debc491bb561c50e611f3ce1dee82372a565c072017c979"},"/home/mhashim/Desktop/NewWork/AutoMart/src/middlewares/UpdateOrderVali.js":{"path":"/home/mhashim/Desktop/NewWork/AutoMart/src/middlewares/UpdateOrderVali.js","statementMap":{"0":{"start":{"line":3,"column":15},"end":{"line":3,"column":57}},"1":{"start":{"line":5,"column":12},"end":{"line":5,"column":66}},"2":{"start":{"line":7,"column":20},"end":{"line":7,"column":67}},"3":{"start":{"line":9,"column":39},"end":{"line":9,"column":93}},"4":{"start":{"line":12,"column":12},"end":{"line":12,"column":26}},"5":{"start":{"line":14,"column":12},"end":{"line":14,"column":28}},"6":{"start":{"line":16,"column":12},"end":{"line":16,"column":35}},"7":{"start":{"line":17,"column":0},"end":{"line":17,"column":33}},"8":{"start":{"line":19,"column":0},"end":{"line":36,"column":2}},"9":{"start":{"line":20,"column":15},"end":{"line":20,"column":23}},"10":{"start":{"line":21,"column":17},"end":{"line":23,"column":4}},"11":{"start":{"line":24,"column":2},"end":{"line":35,"column":5}},"12":{"start":{"line":25,"column":4},"end":{"line":34,"column":5}},"13":{"start":{"line":26,"column":6},"end":{"line":26,"column":32}},"14":{"start":{"line":28,"column":6},"end":{"line":31,"column":9}},"15":{"start":{"line":33,"column":6},"end":{"line":33,"column":13}}},"fnMap":{"0":{"name":"_interopRequireDefault","decl":{"start":{"line":9,"column":9},"end":{"line":9,"column":31}},"loc":{"start":{"line":9,"column":37},"end":{"line":9,"column":95}},"line":9},"1":{"name":"(anonymous_1)","decl":{"start":{"line":19,"column":17},"end":{"line":19,"column":18}},"loc":{"start":{"line":19,"column":37},"end":{"line":36,"column":1}},"line":19},"2":{"name":"(anonymous_2)","decl":{"start":{"line":24,"column":29},"end":{"line":24,"column":30}},"loc":{"start":{"line":24,"column":45},"end":{"line":35,"column":3}},"line":24}},"branchMap":{"0":{"loc":{"start":{"line":9,"column":46},"end":{"line":9,"column":92}},"type":"cond-expr","locations":[{"start":{"line":9,"column":70},"end":{"line":9,"column":73}},{"start":{"line":9,"column":76},"end":{"line":9,"column":92}}],"line":9},"1":{"loc":{"start":{"line":9,"column":46},"end":{"line":9,"column":67}},"type":"binary-expr","locations":[{"start":{"line":9,"column":46},"end":{"line":9,"column":49}},{"start":{"line":9,"column":53},"end":{"line":9,"column":67}}],"line":9},"2":{"loc":{"start":{"line":25,"column":4},"end":{"line":34,"column":5}},"type":"if","locations":[{"start":{"line":25,"column":4},"end":{"line":34,"column":5}},{"start":{"line":25,"column":4},"end":{"line":34,"column":5}}],"line":25}},"s":{"0":1,"1":1,"2":1,"3":3,"4":1,"5":1,"6":1,"7":1,"8":1,"9":0,"10":0,"11":0,"12":0,"13":0,"14":0,"15":0},"f":{"0":3,"1":0,"2":0},"b":{"0":[1,2],"1":[3,3],"2":[0,0]},"_coverageSchema":"43e27e138ebf9cfc5966b082cf9a028302ed4184","hash":"b4f57010a6a6bb633c5ac171673b07883024c3b9","contentHash":"7aacfec33f49db6b5fbb2cbcfb3591607af612d9687e2e1eb6a04449d5006ff6"},"/home/mhashim/Desktop/NewWork/AutoMart/src/middlewares/SignupVali.js":{"path":"/home/mhashim/Desktop/NewWork/AutoMart/src/middlewares/SignupVali.js","statementMap":{"0":{"start":{"line":3,"column":15},"end":{"line":3,"column":57}},"1":{"start":{"line":5,"column":12},"end":{"line":5,"column":66}},"2":{"start":{"line":7,"column":20},"end":{"line":7,"column":67}},"3":{"start":{"line":9,"column":39},"end":{"line":9,"column":93}},"4":{"start":{"line":12,"column":12},"end":{"line":12,"column":26}},"5":{"start":{"line":14,"column":12},"end":{"line":14,"column":28}},"6":{"start":{"line":16,"column":12},"end":{"line":16,"column":35}},"7":{"start":{"line":17,"column":0},"end":{"line":17,"column":33}},"8":{"start":{"line":19,"column":0},"end":{"line":41,"column":2}},"9":{"start":{"line":20,"column":15},"end":{"line":20,"column":23}},"10":{"start":{"line":21,"column":17},"end":{"line":28,"column":4}},"11":{"start":{"line":29,"column":2},"end":{"line":40,"column":5}},"12":{"start":{"line":30,"column":4},"end":{"line":39,"column":5}},"13":{"start":{"line":31,"column":6},"end":{"line":31,"column":32}},"14":{"start":{"line":33,"column":6},"end":{"line":36,"column":9}},"15":{"start":{"line":38,"column":6},"end":{"line":38,"column":13}}},"fnMap":{"0":{"name":"_interopRequireDefault","decl":{"start":{"line":9,"column":9},"end":{"line":9,"column":31}},"loc":{"start":{"line":9,"column":37},"end":{"line":9,"column":95}},"line":9},"1":{"name":"(anonymous_1)","decl":{"start":{"line":19,"column":17},"end":{"line":19,"column":18}},"loc":{"start":{"line":19,"column":37},"end":{"line":41,"column":1}},"line":19},"2":{"name":"(anonymous_2)","decl":{"start":{"line":29,"column":29},"end":{"line":29,"column":30}},"loc":{"start":{"line":29,"column":45},"end":{"line":40,"column":3}},"line":29}},"branchMap":{"0":{"loc":{"start":{"line":9,"column":46},"end":{"line":9,"column":92}},"type":"cond-expr","locations":[{"start":{"line":9,"column":70},"end":{"line":9,"column":73}},{"start":{"line":9,"column":76},"end":{"line":9,"column":92}}],"line":9},"1":{"loc":{"start":{"line":9,"column":46},"end":{"line":9,"column":67}},"type":"binary-expr","locations":[{"start":{"line":9,"column":46},"end":{"line":9,"column":49}},{"start":{"line":9,"column":53},"end":{"line":9,"column":67}}],"line":9},"2":{"loc":{"start":{"line":30,"column":4},"end":{"line":39,"column":5}},"type":"if","locations":[{"start":{"line":30,"column":4},"end":{"line":39,"column":5}},{"start":{"line":30,"column":4},"end":{"line":39,"column":5}}],"line":30}},"s":{"0":1,"1":1,"2":1,"3":3,"4":1,"5":1,"6":1,"7":1,"8":1,"9":1,"10":1,"11":1,"12":1,"13":0,"14":0,"15":1},"f":{"0":3,"1":1,"2":1},"b":{"0":[1,2],"1":[3,3],"2":[0,1]},"_coverageSchema":"43e27e138ebf9cfc5966b082cf9a028302ed4184","hash":"5a889b02e70cb5b92f781441369b9f36068d09f0","contentHash":"12b37e1a37d1aedab41cf25689504d3b79ff2f45cf3eac37b2c0af9cc42c6aee"},"/home/mhashim/Desktop/NewWork/AutoMart/src/middlewares/SigninVali.js":{"path":"/home/mhashim/Desktop/NewWork/AutoMart/src/middlewares/SigninVali.js","statementMap":{"0":{"start":{"line":3,"column":15},"end":{"line":3,"column":57}},"1":{"start":{"line":5,"column":12},"end":{"line":5,"column":66}},"2":{"start":{"line":7,"column":20},"end":{"line":7,"column":67}},"3":{"start":{"line":9,"column":39},"end":{"line":9,"column":93}},"4":{"start":{"line":12,"column":12},"end":{"line":12,"column":26}},"5":{"start":{"line":14,"column":12},"end":{"line":14,"column":28}},"6":{"start":{"line":16,"column":12},"end":{"line":16,"column":35}},"7":{"start":{"line":17,"column":0},"end":{"line":17,"column":33}},"8":{"start":{"line":19,"column":0},"end":{"line":37,"column":2}},"9":{"start":{"line":20,"column":15},"end":{"line":20,"column":23}},"10":{"start":{"line":21,"column":17},"end":{"line":24,"column":4}},"11":{"start":{"line":25,"column":2},"end":{"line":36,"column":5}},"12":{"start":{"line":26,"column":4},"end":{"line":35,"column":5}},"13":{"start":{"line":27,"column":6},"end":{"line":27,"column":32}},"14":{"start":{"line":29,"column":6},"end":{"line":32,"column":9}},"15":{"start":{"line":34,"column":6},"end":{"line":34,"column":13}}},"fnMap":{"0":{"name":"_interopRequireDefault","decl":{"start":{"line":9,"column":9},"end":{"line":9,"column":31}},"loc":{"start":{"line":9,"column":37},"end":{"line":9,"column":95}},"line":9},"1":{"name":"(anonymous_1)","decl":{"start":{"line":19,"column":17},"end":{"line":19,"column":18}},"loc":{"start":{"line":19,"column":37},"end":{"line":37,"column":1}},"line":19},"2":{"name":"(anonymous_2)","decl":{"start":{"line":25,"column":29},"end":{"line":25,"column":30}},"loc":{"start":{"line":25,"column":45},"end":{"line":36,"column":3}},"line":25}},"branchMap":{"0":{"loc":{"start":{"line":9,"column":46},"end":{"line":9,"column":92}},"type":"cond-expr","locations":[{"start":{"line":9,"column":70},"end":{"line":9,"column":73}},{"start":{"line":9,"column":76},"end":{"line":9,"column":92}}],"line":9},"1":{"loc":{"start":{"line":9,"column":46},"end":{"line":9,"column":67}},"type":"binary-expr","locations":[{"start":{"line":9,"column":46},"end":{"line":9,"column":49}},{"start":{"line":9,"column":53},"end":{"line":9,"column":67}}],"line":9},"2":{"loc":{"start":{"line":26,"column":4},"end":{"line":35,"column":5}},"type":"if","locations":[{"start":{"line":26,"column":4},"end":{"line":35,"column":5}},{"start":{"line":26,"column":4},"end":{"line":35,"column":5}}],"line":26}},"s":{"0":1,"1":1,"2":1,"3":3,"4":1,"5":1,"6":1,"7":1,"8":1,"9":1,"10":1,"11":1,"12":1,"13":0,"14":0,"15":1},"f":{"0":3,"1":1,"2":1},"b":{"0":[1,2],"1":[3,3],"2":[0,1]},"_coverageSchema":"43e27e138ebf9cfc5966b082cf9a028302ed4184","hash":"c283ba3d53d1fd13b75e280f74afb13113622d9b","contentHash":"a78ae3fe82977e9487742e198fb06a02582db7e1375b9482943065df2b56dac7"}}