{"/home/mhashim/Desktop/NewWork/AutoMart/build/server.js":{"path":"/home/mhashim/Desktop/NewWork/AutoMart/build/server.js","s":{"1":1,"2":1,"3":1,"4":1,"5":1,"6":1,"7":1,"8":1,"9":1,"10":1,"11":1,"12":1,"13":1,"14":1,"15":1,"16":1,"17":13,"18":1,"19":1,"20":1,"21":0,"22":1,"23":1,"24":1,"25":1,"26":1,"27":1,"28":1,"29":1,"30":1,"31":1,"32":1,"33":1,"34":1,"35":1,"36":1,"37":1,"38":1,"39":1,"40":1,"41":1,"42":1},"b":{"1":[4,9],"2":[13,13]},"f":{"1":13},"fnMap":{"1":{"name":"_interopRequireDefault","line":34,"loc":{"start":{"line":34,"column":0},"end":{"line":34,"column":37}}}},"statementMap":{"1":{"start":{"line":3,"column":0},"end":{"line":5,"column":3}},"2":{"start":{"line":6,"column":0},"end":{"line":6,"column":25}},"3":{"start":{"line":8,"column":0},"end":{"line":8,"column":58}},"4":{"start":{"line":10,"column":0},"end":{"line":10,"column":82}},"5":{"start":{"line":12,"column":0},"end":{"line":12,"column":70}},"6":{"start":{"line":14,"column":0},"end":{"line":14,"column":74}},"7":{"start":{"line":16,"column":0},"end":{"line":16,"column":70}},"8":{"start":{"line":18,"column":0},"end":{"line":18,"column":110}},"9":{"start":{"line":20,"column":0},"end":{"line":20,"column":94}},"10":{"start":{"line":22,"column":0},"end":{"line":22,"column":86}},"11":{"start":{"line":24,"column":0},"end":{"line":24,"column":92}},"12":{"start":{"line":26,"column":0},"end":{"line":26,"column":92}},"13":{"start":{"line":28,"column":0},"end":{"line":28,"column":92}},"14":{"start":{"line":30,"column":0},"end":{"line":30,"column":82}},"15":{"start":{"line":32,"column":0},"end":{"line":32,"column":82}},"16":{"start":{"line":34,"column":0},"end":{"line":34,"column":95}},"17":{"start":{"line":34,"column":39},"end":{"line":34,"column":93}},"18":{"start":{"line":37,"column":0},"end":{"line":37,"column":36}},"19":{"start":{"line":38,"column":0},"end":{"line":38,"column":33}},"20":{"start":{"line":39,"column":0},"end":{"line":43,"column":3}},"21":{"start":{"line":40,"column":2},"end":{"line":42,"column":5}},"22":{"start":{"line":45,"column":0},"end":{"line":45,"column":75}},"23":{"start":{"line":49,"column":0},"end":{"line":49,"column":84}},"24":{"start":{"line":53,"column":0},"end":{"line":53,"column":101}},"25":{"start":{"line":56,"column":0},"end":{"line":56,"column":102}},"26":{"start":{"line":58,"column":0},"end":{"line":58,"column":126}},"27":{"start":{"line":60,"column":0},"end":{"line":60,"column":87}},"28":{"start":{"line":62,"column":0},"end":{"line":62,"column":92}},"29":{"start":{"line":64,"column":0},"end":{"line":64,"column":126}},"30":{"start":{"line":66,"column":0},"end":{"line":66,"column":60}},"31":{"start":{"line":68,"column":0},"end":{"line":68,"column":132}},"32":{"start":{"line":70,"column":0},"end":{"line":70,"column":93}},"33":{"start":{"line":74,"column":0},"end":{"line":74,"column":61}},"34":{"start":{"line":76,"column":0},"end":{"line":76,"column":59}},"35":{"start":{"line":77,"column":0},"end":{"line":77,"column":63}},"36":{"start":{"line":78,"column":0},"end":{"line":78,"column":60}},"37":{"start":{"line":79,"column":0},"end":{"line":79,"column":63}},"38":{"start":{"line":80,"column":0},"end":{"line":80,"column":66}},"39":{"start":{"line":81,"column":0},"end":{"line":81,"column":17}},"40":{"start":{"line":82,"column":0},"end":{"line":82,"column":42}},"41":{"start":{"line":83,"column":0},"end":{"line":83,"column":19}},"42":{"start":{"line":84,"column":0},"end":{"line":84,"column":27}}},"branchMap":{"1":{"line":34,"type":"cond-expr","locations":[{"start":{"line":34,"column":70},"end":{"line":34,"column":73}},{"start":{"line":34,"column":76},"end":{"line":34,"column":92}}]},"2":{"line":34,"type":"binary-expr","locations":[{"start":{"line":34,"column":46},"end":{"line":34,"column":49}},{"start":{"line":34,"column":53},"end":{"line":34,"column":67}}]}}},"/home/mhashim/Desktop/NewWork/AutoMart/build/src/controllers/Reflection.js":{"path":"/home/mhashim/Desktop/NewWork/AutoMart/build/src/controllers/Reflection.js","s":{"1":1,"2":1,"3":1,"4":1,"5":1,"6":1,"7":1,"8":0,"9":0,"10":0,"11":0,"12":0,"13":0,"14":0,"15":0,"16":0,"17":0,"18":0,"19":0,"20":0,"21":0,"22":0,"23":0,"24":0,"25":0,"26":0,"27":0,"28":0,"29":0,"30":0,"31":0,"32":0,"33":0,"34":0,"35":0,"36":0,"37":0,"38":0,"39":0,"40":0,"41":0,"42":0,"43":0,"44":0,"45":0,"46":0,"47":0,"48":0,"49":0,"50":0,"51":0,"52":0,"53":0,"54":0,"55":0,"56":0,"57":0,"58":0,"59":0,"60":0,"61":0,"62":0,"63":0,"64":0,"65":0,"66":0,"67":0,"68":0,"69":0,"70":0,"71":0,"72":0,"73":0,"74":0,"75":0,"76":0,"77":0,"78":0,"79":0,"80":0,"81":0,"82":0,"83":0,"84":0,"85":0,"86":0,"87":0,"88":0,"89":0,"90":0,"91":0,"92":0,"93":0,"94":0,"95":0,"96":0,"97":0,"98":0,"99":0,"100":0,"101":0,"102":0,"103":0,"104":0,"105":0,"106":1,"107":1},"b":{"1":[1,0],"2":[1,1],"3":[0,0],"4":[0,0,0],"5":[0,0],"6":[0,0,0],"7":[0,0],"8":[0,0],"9":[0,0],"10":[0,0],"11":[0,0],"12":[0,0],"13":[0,0],"14":[0,0],"15":[0,0],"16":[0,0],"17":[0,0],"18":[0,0],"19":[0,0],"20":[0,0],"21":[0,0],"22":[0,0],"23":[0,0]},"f":{"1":1,"2":0,"3":0,"4":0,"5":0,"6":0,"7":0,"8":0,"9":0,"10":0,"11":0,"12":0,"13":0,"14":0,"15":0,"16":0,"17":0,"18":0,"19":0,"20":0,"21":0},"fnMap":{"1":{"name":"_interopRequireDefault","line":10,"loc":{"start":{"line":10,"column":0},"end":{"line":10,"column":37}}},"2":{"name":"(anonymous_2)","line":21,"loc":{"start":{"line":21,"column":8},"end":{"line":21,"column":19}}},"3":{"name":"(anonymous_3)","line":33,"loc":{"start":{"line":33,"column":14},"end":{"line":33,"column":25}}},"4":{"name":"(anonymous_4)","line":45,"loc":{"start":{"line":45,"column":13},"end":{"line":45,"column":24}}},"5":{"name":"(anonymous_5)","line":74,"loc":{"start":{"line":74,"column":15},"end":{"line":74,"column":26}}},"6":{"name":"(anonymous_6)","line":109,"loc":{"start":{"line":109,"column":8},"end":{"line":109,"column":19}}},"7":{"name":"(anonymous_7)","line":115,"loc":{"start":{"line":115,"column":19},"end":{"line":115,"column":30}}},"8":{"name":"(anonymous_8)","line":121,"loc":{"start":{"line":121,"column":15},"end":{"line":121,"column":26}}},"9":{"name":"(anonymous_9)","line":131,"loc":{"start":{"line":131,"column":14},"end":{"line":131,"column":25}}},"10":{"name":"(anonymous_10)","line":147,"loc":{"start":{"line":147,"column":8},"end":{"line":147,"column":19}}},"11":{"name":"(anonymous_11)","line":159,"loc":{"start":{"line":159,"column":13},"end":{"line":159,"column":24}}},"12":{"name":"(anonymous_12)","line":175,"loc":{"start":{"line":175,"column":11},"end":{"line":175,"column":22}}},"13":{"name":"(anonymous_13)","line":191,"loc":{"start":{"line":191,"column":7},"end":{"line":191,"column":18}}},"14":{"name":"(anonymous_14)","line":203,"loc":{"start":{"line":203,"column":24},"end":{"line":203,"column":35}}},"15":{"name":"(anonymous_15)","line":219,"loc":{"start":{"line":219,"column":14},"end":{"line":219,"column":25}}},"16":{"name":"(anonymous_16)","line":237,"loc":{"start":{"line":237,"column":8},"end":{"line":237,"column":19}}},"17":{"name":"(anonymous_17)","line":251,"loc":{"start":{"line":251,"column":18},"end":{"line":251,"column":29}}},"18":{"name":"(anonymous_18)","line":284,"loc":{"start":{"line":284,"column":17},"end":{"line":284,"column":28}}},"19":{"name":"(anonymous_19)","line":315,"loc":{"start":{"line":315,"column":16},"end":{"line":315,"column":27}}},"20":{"name":"(anonymous_20)","line":352,"loc":{"start":{"line":352,"column":13},"end":{"line":352,"column":24}}},"21":{"name":"(anonymous_21)","line":371,"loc":{"start":{"line":371,"column":8},"end":{"line":371,"column":19}}}},"statementMap":{"1":{"start":{"line":3,"column":0},"end":{"line":5,"column":3}},"2":{"start":{"line":6,"column":0},"end":{"line":6,"column":25}},"3":{"start":{"line":8,"column":0},"end":{"line":8,"column":74}},"4":{"start":{"line":10,"column":0},"end":{"line":10,"column":95}},"5":{"start":{"line":10,"column":39},"end":{"line":10,"column":93}},"6":{"start":{"line":12,"column":0},"end":{"line":12,"column":27}},"7":{"start":{"line":14,"column":0},"end":{"line":385,"column":2}},"8":{"start":{"line":22,"column":4},"end":{"line":26,"column":5}},"9":{"start":{"line":23,"column":6},"end":{"line":25,"column":9}},"10":{"start":{"line":28,"column":4},"end":{"line":28,"column":65}},"11":{"start":{"line":30,"column":4},"end":{"line":30,"column":44}},"12":{"start":{"line":34,"column":4},"end":{"line":38,"column":5}},"13":{"start":{"line":35,"column":6},"end":{"line":37,"column":9}},"14":{"start":{"line":40,"column":4},"end":{"line":40,"column":71}},"15":{"start":{"line":42,"column":4},"end":{"line":42,"column":44}},"16":{"start":{"line":46,"column":4},"end":{"line":46,"column":44}},"17":{"start":{"line":48,"column":4},"end":{"line":52,"column":5}},"18":{"start":{"line":49,"column":6},"end":{"line":51,"column":9}},"19":{"start":{"line":54,"column":4},"end":{"line":54,"column":72}},"20":{"start":{"line":56,"column":4},"end":{"line":56,"column":55}},"21":{"start":{"line":58,"column":4},"end":{"line":71,"column":5}},"22":{"start":{"line":59,"column":6},"end":{"line":63,"column":9}},"23":{"start":{"line":65,"column":6},"end":{"line":65,"column":76}},"24":{"start":{"line":66,"column":6},"end":{"line":70,"column":9}},"25":{"start":{"line":75,"column":4},"end":{"line":75,"column":44}},"26":{"start":{"line":77,"column":4},"end":{"line":81,"column":5}},"27":{"start":{"line":78,"column":6},"end":{"line":80,"column":9}},"28":{"start":{"line":83,"column":4},"end":{"line":83,"column":93}},"29":{"start":{"line":85,"column":4},"end":{"line":85,"column":55}},"30":{"start":{"line":87,"column":4},"end":{"line":99,"column":5}},"31":{"start":{"line":88,"column":6},"end":{"line":92,"column":9}},"32":{"start":{"line":94,"column":6},"end":{"line":98,"column":9}},"33":{"start":{"line":110,"column":4},"end":{"line":110,"column":54}},"34":{"start":{"line":112,"column":4},"end":{"line":112,"column":45}},"35":{"start":{"line":116,"column":4},"end":{"line":116,"column":65}},"36":{"start":{"line":118,"column":4},"end":{"line":118,"column":45}},"37":{"start":{"line":122,"column":4},"end":{"line":122,"column":61}},"38":{"start":{"line":124,"column":4},"end":{"line":128,"column":7}},"39":{"start":{"line":132,"column":4},"end":{"line":132,"column":60}},"40":{"start":{"line":134,"column":4},"end":{"line":138,"column":7}},"41":{"start":{"line":148,"column":4},"end":{"line":148,"column":66}},"42":{"start":{"line":150,"column":4},"end":{"line":154,"column":5}},"43":{"start":{"line":151,"column":6},"end":{"line":153,"column":9}},"44":{"start":{"line":156,"column":4},"end":{"line":156,"column":44}},"45":{"start":{"line":160,"column":4},"end":{"line":160,"column":70}},"46":{"start":{"line":162,"column":4},"end":{"line":166,"column":5}},"47":{"start":{"line":163,"column":6},"end":{"line":165,"column":9}},"48":{"start":{"line":168,"column":4},"end":{"line":172,"column":7}},"49":{"start":{"line":176,"column":4},"end":{"line":176,"column":69}},"50":{"start":{"line":178,"column":4},"end":{"line":182,"column":5}},"51":{"start":{"line":179,"column":6},"end":{"line":181,"column":9}},"52":{"start":{"line":184,"column":4},"end":{"line":188,"column":7}},"53":{"start":{"line":192,"column":4},"end":{"line":192,"column":89}},"54":{"start":{"line":194,"column":4},"end":{"line":198,"column":5}},"55":{"start":{"line":195,"column":6},"end":{"line":197,"column":9}},"56":{"start":{"line":200,"column":4},"end":{"line":200,"column":44}},"57":{"start":{"line":204,"column":4},"end":{"line":204,"column":76}},"58":{"start":{"line":206,"column":4},"end":{"line":210,"column":5}},"59":{"start":{"line":207,"column":6},"end":{"line":209,"column":9}},"60":{"start":{"line":212,"column":4},"end":{"line":216,"column":7}},"61":{"start":{"line":220,"column":4},"end":{"line":220,"column":67}},"62":{"start":{"line":222,"column":4},"end":{"line":226,"column":5}},"63":{"start":{"line":223,"column":6},"end":{"line":225,"column":9}},"64":{"start":{"line":228,"column":4},"end":{"line":228,"column":44}},"65":{"start":{"line":238,"column":4},"end":{"line":238,"column":66}},"66":{"start":{"line":240,"column":4},"end":{"line":244,"column":5}},"67":{"start":{"line":241,"column":6},"end":{"line":243,"column":9}},"68":{"start":{"line":246,"column":4},"end":{"line":246,"column":82}},"69":{"start":{"line":248,"column":4},"end":{"line":248,"column":51}},"70":{"start":{"line":252,"column":4},"end":{"line":252,"column":44}},"71":{"start":{"line":253,"column":4},"end":{"line":253,"column":41}},"72":{"start":{"line":255,"column":4},"end":{"line":255,"column":70}},"73":{"start":{"line":263,"column":4},"end":{"line":263,"column":99}},"74":{"start":{"line":265,"column":4},"end":{"line":265,"column":35}},"75":{"start":{"line":266,"column":4},"end":{"line":266,"column":62}},"76":{"start":{"line":268,"column":4},"end":{"line":280,"column":5}},"77":{"start":{"line":269,"column":6},"end":{"line":273,"column":9}},"78":{"start":{"line":275,"column":6},"end":{"line":279,"column":9}},"79":{"start":{"line":285,"column":4},"end":{"line":285,"column":44}},"80":{"start":{"line":286,"column":4},"end":{"line":286,"column":41}},"81":{"start":{"line":288,"column":4},"end":{"line":288,"column":69}},"82":{"start":{"line":296,"column":4},"end":{"line":296,"column":98}},"83":{"start":{"line":298,"column":4},"end":{"line":298,"column":62}},"84":{"start":{"line":300,"column":4},"end":{"line":312,"column":5}},"85":{"start":{"line":301,"column":6},"end":{"line":305,"column":9}},"86":{"start":{"line":307,"column":6},"end":{"line":311,"column":9}},"87":{"start":{"line":316,"column":4},"end":{"line":316,"column":44}},"88":{"start":{"line":317,"column":4},"end":{"line":317,"column":41}},"89":{"start":{"line":319,"column":4},"end":{"line":319,"column":69}},"90":{"start":{"line":327,"column":4},"end":{"line":327,"column":97}},"91":{"start":{"line":329,"column":4},"end":{"line":329,"column":62}},"92":{"start":{"line":331,"column":4},"end":{"line":343,"column":5}},"93":{"start":{"line":332,"column":6},"end":{"line":336,"column":9}},"94":{"start":{"line":338,"column":6},"end":{"line":342,"column":9}},"95":{"start":{"line":353,"column":4},"end":{"line":353,"column":69}},"96":{"start":{"line":355,"column":4},"end":{"line":359,"column":5}},"97":{"start":{"line":356,"column":6},"end":{"line":358,"column":9}},"98":{"start":{"line":361,"column":4},"end":{"line":361,"column":63}},"99":{"start":{"line":363,"column":4},"end":{"line":363,"column":70}},"100":{"start":{"line":365,"column":4},"end":{"line":368,"column":7}},"101":{"start":{"line":372,"column":4},"end":{"line":372,"column":66}},"102":{"start":{"line":374,"column":4},"end":{"line":378,"column":5}},"103":{"start":{"line":375,"column":6},"end":{"line":377,"column":9}},"104":{"start":{"line":380,"column":4},"end":{"line":380,"column":58}},"105":{"start":{"line":382,"column":4},"end":{"line":382,"column":37}},"106":{"start":{"line":386,"column":0},"end":{"line":386,"column":26}},"107":{"start":{"line":387,"column":0},"end":{"line":387,"column":27}}},"branchMap":{"1":{"line":10,"type":"cond-expr","locations":[{"start":{"line":10,"column":70},"end":{"line":10,"column":73}},{"start":{"line":10,"column":76},"end":{"line":10,"column":92}}]},"2":{"line":10,"type":"binary-expr","locations":[{"start":{"line":10,"column":46},"end":{"line":10,"column":49}},{"start":{"line":10,"column":53},"end":{"line":10,"column":67}}]},"3":{"line":22,"type":"if","locations":[{"start":{"line":22,"column":4},"end":{"line":22,"column":4}},{"start":{"line":22,"column":4},"end":{"line":22,"column":4}}]},"4":{"line":22,"type":"binary-expr","locations":[{"start":{"line":22,"column":8},"end":{"line":22,"column":28}},{"start":{"line":22,"column":32},"end":{"line":22,"column":57}},{"start":{"line":22,"column":61},"end":{"line":22,"column":84}}]},"5":{"line":34,"type":"if","locations":[{"start":{"line":34,"column":4},"end":{"line":34,"column":4}},{"start":{"line":34,"column":4},"end":{"line":34,"column":4}}]},"6":{"line":34,"type":"binary-expr","locations":[{"start":{"line":34,"column":8},"end":{"line":34,"column":28}},{"start":{"line":34,"column":32},"end":{"line":34,"column":57}},{"start":{"line":34,"column":61},"end":{"line":34,"column":84}}]},"7":{"line":48,"type":"if","locations":[{"start":{"line":48,"column":4},"end":{"line":48,"column":4}},{"start":{"line":48,"column":4},"end":{"line":48,"column":4}}]},"8":{"line":48,"type":"binary-expr","locations":[{"start":{"line":48,"column":8},"end":{"line":48,"column":29}},{"start":{"line":48,"column":33},"end":{"line":48,"column":48}}]},"9":{"line":58,"type":"if","locations":[{"start":{"line":58,"column":4},"end":{"line":58,"column":4}},{"start":{"line":58,"column":4},"end":{"line":58,"column":4}}]},"10":{"line":77,"type":"if","locations":[{"start":{"line":77,"column":4},"end":{"line":77,"column":4}},{"start":{"line":77,"column":4},"end":{"line":77,"column":4}}]},"11":{"line":87,"type":"if","locations":[{"start":{"line":87,"column":4},"end":{"line":87,"column":4}},{"start":{"line":87,"column":4},"end":{"line":87,"column":4}}]},"12":{"line":150,"type":"if","locations":[{"start":{"line":150,"column":4},"end":{"line":150,"column":4}},{"start":{"line":150,"column":4},"end":{"line":150,"column":4}}]},"13":{"line":162,"type":"if","locations":[{"start":{"line":162,"column":4},"end":{"line":162,"column":4}},{"start":{"line":162,"column":4},"end":{"line":162,"column":4}}]},"14":{"line":178,"type":"if","locations":[{"start":{"line":178,"column":4},"end":{"line":178,"column":4}},{"start":{"line":178,"column":4},"end":{"line":178,"column":4}}]},"15":{"line":194,"type":"if","locations":[{"start":{"line":194,"column":4},"end":{"line":194,"column":4}},{"start":{"line":194,"column":4},"end":{"line":194,"column":4}}]},"16":{"line":206,"type":"if","locations":[{"start":{"line":206,"column":4},"end":{"line":206,"column":4}},{"start":{"line":206,"column":4},"end":{"line":206,"column":4}}]},"17":{"line":222,"type":"if","locations":[{"start":{"line":222,"column":4},"end":{"line":222,"column":4}},{"start":{"line":222,"column":4},"end":{"line":222,"column":4}}]},"18":{"line":240,"type":"if","locations":[{"start":{"line":240,"column":4},"end":{"line":240,"column":4}},{"start":{"line":240,"column":4},"end":{"line":240,"column":4}}]},"19":{"line":268,"type":"if","locations":[{"start":{"line":268,"column":4},"end":{"line":268,"column":4}},{"start":{"line":268,"column":4},"end":{"line":268,"column":4}}]},"20":{"line":300,"type":"if","locations":[{"start":{"line":300,"column":4},"end":{"line":300,"column":4}},{"start":{"line":300,"column":4},"end":{"line":300,"column":4}}]},"21":{"line":331,"type":"if","locations":[{"start":{"line":331,"column":4},"end":{"line":331,"column":4}},{"start":{"line":331,"column":4},"end":{"line":331,"column":4}}]},"22":{"line":355,"type":"if","locations":[{"start":{"line":355,"column":4},"end":{"line":355,"column":4}},{"start":{"line":355,"column":4},"end":{"line":355,"column":4}}]},"23":{"line":374,"type":"if","locations":[{"start":{"line":374,"column":4},"end":{"line":374,"column":4}},{"start":{"line":374,"column":4},"end":{"line":374,"column":4}}]}}},"/home/mhashim/Desktop/NewWork/AutoMart/build/src/models/Reflection.js":{"path":"/home/mhashim/Desktop/NewWork/AutoMart/build/src/models/Reflection.js","s":{"1":1,"2":1,"3":1,"4":1,"5":1,"6":1,"7":3,"8":1,"9":1,"10":1,"11":1,"12":0,"13":0,"14":0,"15":0,"16":0,"17":0,"18":0,"19":0,"20":0,"21":0,"22":0,"23":0,"24":0,"25":0,"26":0,"27":0,"28":0,"29":0,"30":0,"31":0,"32":0,"33":0,"34":0,"35":0,"36":0,"37":0,"38":0,"39":0,"40":0,"41":0,"42":0,"43":0,"44":0,"45":0,"46":0,"47":0,"48":0,"49":0,"50":0,"51":0,"52":0,"53":0,"54":0,"55":0,"56":0,"57":0,"58":0,"59":0,"60":0,"61":0,"62":0,"63":0,"64":0,"65":0,"66":0,"67":0,"68":0,"69":0,"70":0,"71":0,"72":0,"73":0,"74":0,"75":0,"76":0,"77":0,"78":0,"79":0,"80":0,"81":0,"82":0,"83":0,"84":0,"85":0,"86":0,"87":0,"88":0,"89":0,"90":0,"91":0,"92":0,"93":0,"94":0,"95":0,"96":0,"97":0,"98":0,"99":0,"100":0,"101":0,"102":0,"103":0,"104":0,"105":0,"106":0,"107":0,"108":0,"109":0,"110":0,"111":0,"112":0,"113":0,"114":0,"115":0,"116":0,"117":0,"118":0,"119":0,"120":0,"121":0,"122":0,"123":0,"124":0,"125":0,"126":0,"127":0,"128":0,"129":0,"130":0,"131":0,"132":0,"133":0,"134":0,"135":0,"136":0,"137":0,"138":0,"139":0,"140":1,"141":1},"b":{"1":[1,2],"2":[3,3],"3":[0,0],"4":[0,0],"5":[0,0],"6":[0,0],"7":[0,0],"8":[0,0],"9":[0,0],"10":[0,0],"11":[0,0],"12":[0,0],"13":[0,0],"14":[0,0],"15":[0,0],"16":[0,0],"17":[0,0],"18":[0,0],"19":[0,0,0],"20":[0,0],"21":[0,0],"22":[0,0],"23":[0,0],"24":[0,0],"25":[0,0],"26":[0,0]},"f":{"1":3,"2":1,"3":0,"4":0,"5":0,"6":0,"7":0,"8":0,"9":0,"10":0,"11":0,"12":0,"13":0,"14":0,"15":0,"16":0,"17":0,"18":0,"19":0,"20":0,"21":0,"22":0},"fnMap":{"1":{"name":"_interopRequireDefault","line":14,"loc":{"start":{"line":14,"column":0},"end":{"line":14,"column":37}}},"2":{"name":"(anonymous_2)","line":21,"loc":{"start":{"line":21,"column":13},"end":{"line":21,"column":16}}},"3":{"name":"(anonymous_3)","line":34,"loc":{"start":{"line":34,"column":8},"end":{"line":34,"column":15}}},"4":{"name":"(anonymous_4)","line":56,"loc":{"start":{"line":56,"column":14},"end":{"line":56,"column":21}}},"5":{"name":"(anonymous_5)","line":78,"loc":{"start":{"line":78,"column":13},"end":{"line":78,"column":27}}},"6":{"name":"(anonymous_6)","line":110,"loc":{"start":{"line":110,"column":15},"end":{"line":110,"column":37}}},"7":{"name":"(anonymous_7)","line":162,"loc":{"start":{"line":162,"column":9},"end":{"line":162,"column":14}}},"8":{"name":"(anonymous_8)","line":166,"loc":{"start":{"line":166,"column":13},"end":{"line":166,"column":18}}},"9":{"name":"(anonymous_9)","line":170,"loc":{"start":{"line":170,"column":12},"end":{"line":170,"column":17}}},"10":{"name":"(anonymous_10)","line":174,"loc":{"start":{"line":174,"column":8},"end":{"line":174,"column":28}}},"11":{"name":"(anonymous_11)","line":178,"loc":{"start":{"line":178,"column":23},"end":{"line":178,"column":27}}},"12":{"name":"(anonymous_12)","line":194,"loc":{"start":{"line":194,"column":14},"end":{"line":194,"column":18}}},"13":{"name":"(anonymous_13)","line":202,"loc":{"start":{"line":202,"column":9},"end":{"line":202,"column":12}}},"14":{"name":"(anonymous_14)","line":206,"loc":{"start":{"line":206,"column":20},"end":{"line":206,"column":23}}},"15":{"name":"(anonymous_15)","line":210,"loc":{"start":{"line":210,"column":16},"end":{"line":210,"column":19}}},"16":{"name":"(anonymous_16)","line":214,"loc":{"start":{"line":214,"column":15},"end":{"line":214,"column":18}}},"17":{"name":"(anonymous_17)","line":224,"loc":{"start":{"line":224,"column":8},"end":{"line":224,"column":19}}},"18":{"name":"(anonymous_18)","line":234,"loc":{"start":{"line":234,"column":18},"end":{"line":234,"column":36}}},"19":{"name":"(anonymous_19)","line":292,"loc":{"start":{"line":292,"column":17},"end":{"line":292,"column":35}}},"20":{"name":"(anonymous_20)","line":327,"loc":{"start":{"line":327,"column":16},"end":{"line":327,"column":34}}},"21":{"name":"(anonymous_21)","line":377,"loc":{"start":{"line":377,"column":13},"end":{"line":377,"column":18}}},"22":{"name":"(anonymous_22)","line":386,"loc":{"start":{"line":386,"column":8},"end":{"line":386,"column":13}}}},"statementMap":{"1":{"start":{"line":3,"column":0},"end":{"line":5,"column":3}},"2":{"start":{"line":6,"column":0},"end":{"line":6,"column":25}},"3":{"start":{"line":8,"column":0},"end":{"line":8,"column":56}},"4":{"start":{"line":10,"column":0},"end":{"line":10,"column":52}},"5":{"start":{"line":12,"column":0},"end":{"line":12,"column":62}},"6":{"start":{"line":14,"column":0},"end":{"line":14,"column":95}},"7":{"start":{"line":14,"column":39},"end":{"line":14,"column":93}},"8":{"start":{"line":22,"column":4},"end":{"line":22,"column":26}},"9":{"start":{"line":23,"column":4},"end":{"line":23,"column":32}},"10":{"start":{"line":24,"column":4},"end":{"line":24,"column":38}},"11":{"start":{"line":25,"column":4},"end":{"line":25,"column":36}},"12":{"start":{"line":35,"column":4},"end":{"line":49,"column":6}},"13":{"start":{"line":50,"column":4},"end":{"line":50,"column":41}},"14":{"start":{"line":51,"column":4},"end":{"line":51,"column":25}},"15":{"start":{"line":57,"column":4},"end":{"line":71,"column":6}},"16":{"start":{"line":72,"column":4},"end":{"line":72,"column":51}},"17":{"start":{"line":73,"column":4},"end":{"line":73,"column":29}},"18":{"start":{"line":80,"column":4},"end":{"line":80,"column":90}},"19":{"start":{"line":80,"column":65},"end":{"line":80,"column":88}},"20":{"start":{"line":82,"column":4},"end":{"line":105,"column":5}},"21":{"start":{"line":83,"column":6},"end":{"line":86,"column":8}},"22":{"start":{"line":88,"column":6},"end":{"line":88,"column":38}},"23":{"start":{"line":91,"column":6},"end":{"line":102,"column":8}},"24":{"start":{"line":103,"column":6},"end":{"line":103,"column":66}},"25":{"start":{"line":104,"column":6},"end":{"line":104,"column":38}},"26":{"start":{"line":111,"column":4},"end":{"line":111,"column":90}},"27":{"start":{"line":111,"column":65},"end":{"line":111,"column":88}},"28":{"start":{"line":113,"column":4},"end":{"line":152,"column":5}},"29":{"start":{"line":114,"column":6},"end":{"line":117,"column":8}},"30":{"start":{"line":118,"column":6},"end":{"line":118,"column":36}},"31":{"start":{"line":120,"column":6},"end":{"line":120,"column":107}},"32":{"start":{"line":120,"column":84},"end":{"line":120,"column":105}},"33":{"start":{"line":121,"column":6},"end":{"line":121,"column":116}},"34":{"start":{"line":121,"column":89},"end":{"line":121,"column":114}},"35":{"start":{"line":123,"column":6},"end":{"line":151,"column":7}},"36":{"start":{"line":124,"column":8},"end":{"line":127,"column":10}},"37":{"start":{"line":128,"column":8},"end":{"line":128,"column":43}},"38":{"start":{"line":130,"column":8},"end":{"line":150,"column":9}},"39":{"start":{"line":131,"column":10},"end":{"line":134,"column":12}},"40":{"start":{"line":135,"column":10},"end":{"line":135,"column":46}},"41":{"start":{"line":138,"column":10},"end":{"line":147,"column":12}},"42":{"start":{"line":148,"column":10},"end":{"line":148,"column":68}},"43":{"start":{"line":149,"column":10},"end":{"line":149,"column":42}},"44":{"start":{"line":163,"column":4},"end":{"line":163,"column":63}},"45":{"start":{"line":163,"column":44},"end":{"line":163,"column":61}},"46":{"start":{"line":167,"column":4},"end":{"line":167,"column":73}},"47":{"start":{"line":167,"column":54},"end":{"line":167,"column":71}},"48":{"start":{"line":171,"column":4},"end":{"line":171,"column":75}},"49":{"start":{"line":171,"column":56},"end":{"line":171,"column":73}},"50":{"start":{"line":175,"column":4},"end":{"line":175,"column":123}},"51":{"start":{"line":175,"column":47},"end":{"line":175,"column":76}},"52":{"start":{"line":175,"column":93},"end":{"line":175,"column":120}},"53":{"start":{"line":185,"column":4},"end":{"line":191,"column":5}},"54":{"start":{"line":186,"column":6},"end":{"line":186,"column":42}},"55":{"start":{"line":187,"column":11},"end":{"line":191,"column":5}},"56":{"start":{"line":188,"column":6},"end":{"line":188,"column":89}},"57":{"start":{"line":188,"column":60},"end":{"line":188,"column":87}},"58":{"start":{"line":190,"column":6},"end":{"line":190,"column":207}},"59":{"start":{"line":190,"column":60},"end":{"line":190,"column":87}},"60":{"start":{"line":190,"column":107},"end":{"line":190,"column":146}},"61":{"start":{"line":190,"column":166},"end":{"line":190,"column":205}},"62":{"start":{"line":195,"column":4},"end":{"line":195,"column":90}},"63":{"start":{"line":195,"column":58},"end":{"line":195,"column":88}},"64":{"start":{"line":203,"column":4},"end":{"line":203,"column":28}},"65":{"start":{"line":207,"column":4},"end":{"line":207,"column":34}},"66":{"start":{"line":211,"column":4},"end":{"line":211,"column":40}},"67":{"start":{"line":215,"column":4},"end":{"line":215,"column":38}},"68":{"start":{"line":225,"column":4},"end":{"line":225,"column":40}},"69":{"start":{"line":226,"column":4},"end":{"line":226,"column":55}},"70":{"start":{"line":227,"column":4},"end":{"line":227,"column":76}},"71":{"start":{"line":228,"column":4},"end":{"line":228,"column":79}},"72":{"start":{"line":229,"column":4},"end":{"line":229,"column":79}},"73":{"start":{"line":230,"column":4},"end":{"line":230,"column":65}},"74":{"start":{"line":231,"column":4},"end":{"line":231,"column":35}},"75":{"start":{"line":236,"column":4},"end":{"line":236,"column":44}},"76":{"start":{"line":237,"column":4},"end":{"line":237,"column":65}},"77":{"start":{"line":239,"column":4},"end":{"line":239,"column":91}},"78":{"start":{"line":239,"column":66},"end":{"line":239,"column":89}},"79":{"start":{"line":241,"column":4},"end":{"line":289,"column":5}},"80":{"start":{"line":242,"column":6},"end":{"line":245,"column":8}},"81":{"start":{"line":247,"column":6},"end":{"line":247,"column":38}},"82":{"start":{"line":249,"column":6},"end":{"line":288,"column":9}},"83":{"start":{"line":250,"column":8},"end":{"line":280,"column":9}},"84":{"start":{"line":251,"column":10},"end":{"line":251,"column":66}},"85":{"start":{"line":252,"column":10},"end":{"line":252,"column":42}},"86":{"start":{"line":253,"column":10},"end":{"line":253,"column":61}},"87":{"start":{"line":255,"column":10},"end":{"line":273,"column":11}},"88":{"start":{"line":256,"column":12},"end":{"line":256,"column":148}},"89":{"start":{"line":257,"column":12},"end":{"line":257,"column":114}},"90":{"start":{"line":258,"column":12},"end":{"line":258,"column":67}},"91":{"start":{"line":259,"column":12},"end":{"line":259,"column":77}},"92":{"start":{"line":266,"column":12},"end":{"line":266,"column":53}},"93":{"start":{"line":268,"column":12},"end":{"line":271,"column":14}},"94":{"start":{"line":272,"column":12},"end":{"line":272,"column":37}},"95":{"start":{"line":275,"column":10},"end":{"line":278,"column":12}},"96":{"start":{"line":279,"column":10},"end":{"line":279,"column":35}},"97":{"start":{"line":283,"column":10},"end":{"line":286,"column":12}},"98":{"start":{"line":287,"column":10},"end":{"line":287,"column":31}},"99":{"start":{"line":293,"column":4},"end":{"line":293,"column":43}},"100":{"start":{"line":294,"column":4},"end":{"line":294,"column":67}},"101":{"start":{"line":296,"column":4},"end":{"line":296,"column":91}},"102":{"start":{"line":296,"column":66},"end":{"line":296,"column":89}},"103":{"start":{"line":298,"column":4},"end":{"line":324,"column":5}},"104":{"start":{"line":299,"column":6},"end":{"line":302,"column":8}},"105":{"start":{"line":304,"column":6},"end":{"line":304,"column":38}},"106":{"start":{"line":306,"column":6},"end":{"line":323,"column":7}},"107":{"start":{"line":307,"column":8},"end":{"line":316,"column":9}},"108":{"start":{"line":308,"column":10},"end":{"line":308,"column":62}},"109":{"start":{"line":309,"column":10},"end":{"line":309,"column":53}},"110":{"start":{"line":311,"column":10},"end":{"line":314,"column":12}},"111":{"start":{"line":315,"column":10},"end":{"line":315,"column":35}},"112":{"start":{"line":318,"column":8},"end":{"line":321,"column":10}},"113":{"start":{"line":322,"column":8},"end":{"line":322,"column":33}},"114":{"start":{"line":328,"column":4},"end":{"line":328,"column":43}},"115":{"start":{"line":329,"column":4},"end":{"line":329,"column":67}},"116":{"start":{"line":331,"column":4},"end":{"line":331,"column":91}},"117":{"start":{"line":331,"column":66},"end":{"line":331,"column":89}},"118":{"start":{"line":333,"column":4},"end":{"line":369,"column":5}},"119":{"start":{"line":334,"column":6},"end":{"line":337,"column":8}},"120":{"start":{"line":339,"column":6},"end":{"line":339,"column":38}},"121":{"start":{"line":341,"column":6},"end":{"line":368,"column":9}},"122":{"start":{"line":343,"column":8},"end":{"line":360,"column":9}},"123":{"start":{"line":344,"column":10},"end":{"line":353,"column":11}},"124":{"start":{"line":345,"column":12},"end":{"line":345,"column":79}},"125":{"start":{"line":346,"column":12},"end":{"line":346,"column":55}},"126":{"start":{"line":348,"column":12},"end":{"line":351,"column":14}},"127":{"start":{"line":352,"column":12},"end":{"line":352,"column":37}},"128":{"start":{"line":355,"column":10},"end":{"line":358,"column":12}},"129":{"start":{"line":359,"column":10},"end":{"line":359,"column":35}},"130":{"start":{"line":363,"column":10},"end":{"line":366,"column":12}},"131":{"start":{"line":367,"column":10},"end":{"line":367,"column":35}},"132":{"start":{"line":378,"column":4},"end":{"line":378,"column":43}},"133":{"start":{"line":379,"column":4},"end":{"line":379,"column":67}},"134":{"start":{"line":380,"column":4},"end":{"line":380,"column":50}},"135":{"start":{"line":381,"column":4},"end":{"line":383,"column":6}},"136":{"start":{"line":387,"column":4},"end":{"line":387,"column":40}},"137":{"start":{"line":388,"column":4},"end":{"line":388,"column":55}},"138":{"start":{"line":389,"column":4},"end":{"line":389,"column":38}},"139":{"start":{"line":390,"column":4},"end":{"line":390,"column":14}},"140":{"start":{"line":395,"column":0},"end":{"line":395,"column":32}},"141":{"start":{"line":397,"column":0},"end":{"line":397,"column":27}}},"branchMap":{"1":{"line":14,"type":"cond-expr","locations":[{"start":{"line":14,"column":70},"end":{"line":14,"column":73}},{"start":{"line":14,"column":76},"end":{"line":14,"column":92}}]},"2":{"line":14,"type":"binary-expr","locations":[{"start":{"line":14,"column":46},"end":{"line":14,"column":49}},{"start":{"line":14,"column":53},"end":{"line":14,"column":67}}]},"3":{"line":36,"type":"binary-expr","locations":[{"start":{"line":36,"column":14},"end":{"line":36,"column":17}},{"start":{"line":36,"column":21},"end":{"line":36,"column":24}}]},"4":{"line":82,"type":"if","locations":[{"start":{"line":82,"column":4},"end":{"line":82,"column":4}},{"start":{"line":82,"column":4},"end":{"line":82,"column":4}}]},"5":{"line":99,"type":"binary-expr","locations":[{"start":{"line":99,"column":16},"end":{"line":99,"column":27}},{"start":{"line":99,"column":31},"end":{"line":99,"column":42}}]},"6":{"line":113,"type":"if","locations":[{"start":{"line":113,"column":4},"end":{"line":113,"column":4}},{"start":{"line":113,"column":4},"end":{"line":113,"column":4}}]},"7":{"line":123,"type":"if","locations":[{"start":{"line":123,"column":6},"end":{"line":123,"column":6}},{"start":{"line":123,"column":6},"end":{"line":123,"column":6}}]},"8":{"line":130,"type":"if","locations":[{"start":{"line":130,"column":8},"end":{"line":130,"column":8}},{"start":{"line":130,"column":8},"end":{"line":130,"column":8}}]},"9":{"line":175,"type":"binary-expr","locations":[{"start":{"line":175,"column":36},"end":{"line":175,"column":76}},{"start":{"line":175,"column":82},"end":{"line":175,"column":120}}]},"10":{"line":185,"type":"if","locations":[{"start":{"line":185,"column":4},"end":{"line":185,"column":4}},{"start":{"line":185,"column":4},"end":{"line":185,"column":4}}]},"11":{"line":187,"type":"if","locations":[{"start":{"line":187,"column":11},"end":{"line":187,"column":11}},{"start":{"line":187,"column":11},"end":{"line":187,"column":11}}]},"12":{"line":227,"type":"binary-expr","locations":[{"start":{"line":227,"column":38},"end":{"line":227,"column":53}},{"start":{"line":227,"column":57},"end":{"line":227,"column":75}}]},"13":{"line":228,"type":"binary-expr","locations":[{"start":{"line":228,"column":39},"end":{"line":228,"column":55}},{"start":{"line":228,"column":59},"end":{"line":228,"column":78}}]},"14":{"line":229,"type":"binary-expr","locations":[{"start":{"line":229,"column":39},"end":{"line":229,"column":55}},{"start":{"line":229,"column":59},"end":{"line":229,"column":78}}]},"15":{"line":241,"type":"if","locations":[{"start":{"line":241,"column":4},"end":{"line":241,"column":4}},{"start":{"line":241,"column":4},"end":{"line":241,"column":4}}]},"16":{"line":249,"type":"if","locations":[{"start":{"line":249,"column":6},"end":{"line":249,"column":6}},{"start":{"line":249,"column":6},"end":{"line":249,"column":6}}]},"17":{"line":250,"type":"if","locations":[{"start":{"line":250,"column":8},"end":{"line":250,"column":8}},{"start":{"line":250,"column":8},"end":{"line":250,"column":8}}]},"18":{"line":255,"type":"if","locations":[{"start":{"line":255,"column":10},"end":{"line":255,"column":10}},{"start":{"line":255,"column":10},"end":{"line":255,"column":10}}]},"19":{"line":256,"type":"binary-expr","locations":[{"start":{"line":256,"column":66},"end":{"line":256,"column":87}},{"start":{"line":256,"column":91},"end":{"line":256,"column":115}},{"start":{"line":256,"column":119},"end":{"line":256,"column":147}}]},"20":{"line":298,"type":"if","locations":[{"start":{"line":298,"column":4},"end":{"line":298,"column":4}},{"start":{"line":298,"column":4},"end":{"line":298,"column":4}}]},"21":{"line":306,"type":"if","locations":[{"start":{"line":306,"column":6},"end":{"line":306,"column":6}},{"start":{"line":306,"column":6},"end":{"line":306,"column":6}}]},"22":{"line":307,"type":"if","locations":[{"start":{"line":307,"column":8},"end":{"line":307,"column":8}},{"start":{"line":307,"column":8},"end":{"line":307,"column":8}}]},"23":{"line":333,"type":"if","locations":[{"start":{"line":333,"column":4},"end":{"line":333,"column":4}},{"start":{"line":333,"column":4},"end":{"line":333,"column":4}}]},"24":{"line":341,"type":"if","locations":[{"start":{"line":341,"column":6},"end":{"line":341,"column":6}},{"start":{"line":341,"column":6},"end":{"line":341,"column":6}}]},"25":{"line":343,"type":"if","locations":[{"start":{"line":343,"column":8},"end":{"line":343,"column":8}},{"start":{"line":343,"column":8},"end":{"line":343,"column":8}}]},"26":{"line":344,"type":"if","locations":[{"start":{"line":344,"column":10},"end":{"line":344,"column":10}},{"start":{"line":344,"column":10},"end":{"line":344,"column":10}}]}}},"/home/mhashim/Desktop/NewWork/AutoMart/build/src/models/user.js":{"path":"/home/mhashim/Desktop/NewWork/AutoMart/build/src/models/user.js","s":{"1":1,"2":1,"3":1,"4":1,"5":1,"6":1,"7":3,"8":1,"9":1,"10":1,"11":1,"12":1,"13":1,"14":1,"15":1,"16":1,"17":1,"18":1,"19":1,"20":1,"21":1,"22":1,"23":1,"24":1,"25":1,"26":1,"27":1,"28":1,"29":1,"30":0,"31":0,"32":0,"33":0,"34":0,"35":0,"36":0,"37":0,"38":0,"39":0,"40":0,"41":0,"42":0,"43":0,"44":0,"45":0,"46":0,"47":0,"48":0,"49":0,"50":0,"51":0,"52":1,"53":1},"b":{"1":[0,3],"2":[3,3],"3":[1,0],"4":[1,0],"5":[1,1],"6":[0,0],"7":[0,0],"8":[0,0],"9":[0,0]},"f":{"1":3,"2":1,"3":1,"4":1,"5":0,"6":0,"7":0,"8":0,"9":0,"10":0,"11":0,"12":0},"fnMap":{"1":{"name":"_interopRequireDefault","line":14,"loc":{"start":{"line":14,"column":0},"end":{"line":14,"column":37}}},"2":{"name":"(anonymous_2)","line":29,"loc":{"start":{"line":29,"column":13},"end":{"line":29,"column":16}}},"3":{"name":"(anonymous_3)","line":40,"loc":{"start":{"line":40,"column":8},"end":{"line":40,"column":15}}},"4":{"name":"(anonymous_4)","line":67,"loc":{"start":{"line":67,"column":17},"end":{"line":67,"column":21}}},"5":{"name":"(anonymous_5)","line":99,"loc":{"start":{"line":99,"column":9},"end":{"line":99,"column":14}}},"6":{"name":"(anonymous_6)","line":103,"loc":{"start":{"line":103,"column":8},"end":{"line":103,"column":28}}},"7":{"name":"(anonymous_7)","line":111,"loc":{"start":{"line":111,"column":9},"end":{"line":111,"column":12}}},"8":{"name":"(anonymous_8)","line":115,"loc":{"start":{"line":115,"column":20},"end":{"line":115,"column":23}}},"9":{"name":"(anonymous_9)","line":119,"loc":{"start":{"line":119,"column":16},"end":{"line":119,"column":19}}},"10":{"name":"(anonymous_10)","line":123,"loc":{"start":{"line":123,"column":15},"end":{"line":123,"column":18}}},"11":{"name":"(anonymous_11)","line":133,"loc":{"start":{"line":133,"column":8},"end":{"line":133,"column":19}}},"12":{"name":"(anonymous_12)","line":148,"loc":{"start":{"line":148,"column":8},"end":{"line":148,"column":13}}}},"statementMap":{"1":{"start":{"line":3,"column":0},"end":{"line":5,"column":3}},"2":{"start":{"line":6,"column":0},"end":{"line":6,"column":25}},"3":{"start":{"line":8,"column":0},"end":{"line":8,"column":56}},"4":{"start":{"line":10,"column":0},"end":{"line":10,"column":52}},"5":{"start":{"line":12,"column":0},"end":{"line":12,"column":68}},"6":{"start":{"line":14,"column":0},"end":{"line":14,"column":95}},"7":{"start":{"line":14,"column":39},"end":{"line":14,"column":93}},"8":{"start":{"line":17,"column":0},"end":{"line":17,"column":27}},"9":{"start":{"line":19,"column":0},"end":{"line":19,"column":38}},"10":{"start":{"line":22,"column":0},"end":{"line":22,"column":42}},"11":{"start":{"line":30,"column":4},"end":{"line":30,"column":26}},"12":{"start":{"line":31,"column":4},"end":{"line":31,"column":32}},"13":{"start":{"line":42,"column":4},"end":{"line":42,"column":29}},"14":{"start":{"line":44,"column":4},"end":{"line":46,"column":21}},"15":{"start":{"line":48,"column":4},"end":{"line":59,"column":6}},"16":{"start":{"line":61,"column":4},"end":{"line":61,"column":41}},"17":{"start":{"line":62,"column":4},"end":{"line":62,"column":25}},"18":{"start":{"line":68,"column":4},"end":{"line":68,"column":25}},"19":{"start":{"line":69,"column":4},"end":{"line":69,"column":28}},"20":{"start":{"line":74,"column":4},"end":{"line":74,"column":83}},"21":{"start":{"line":74,"column":56},"end":{"line":74,"column":81}},"22":{"start":{"line":76,"column":4},"end":{"line":94,"column":5}},"23":{"start":{"line":77,"column":6},"end":{"line":77,"column":57}},"24":{"start":{"line":78,"column":6},"end":{"line":78,"column":36}},"25":{"start":{"line":79,"column":6},"end":{"line":79,"column":94}},"26":{"start":{"line":79,"column":61},"end":{"line":79,"column":92}},"27":{"start":{"line":81,"column":6},"end":{"line":88,"column":7}},"28":{"start":{"line":82,"column":8},"end":{"line":82,"column":75}},"29":{"start":{"line":82,"column":48},"end":{"line":82,"column":73}},"30":{"start":{"line":84,"column":8},"end":{"line":87,"column":10}},"31":{"start":{"line":90,"column":6},"end":{"line":93,"column":8}},"32":{"start":{"line":100,"column":4},"end":{"line":100,"column":63}},"33":{"start":{"line":100,"column":44},"end":{"line":100,"column":61}},"34":{"start":{"line":104,"column":4},"end":{"line":104,"column":123}},"35":{"start":{"line":104,"column":47},"end":{"line":104,"column":76}},"36":{"start":{"line":104,"column":93},"end":{"line":104,"column":120}},"37":{"start":{"line":112,"column":4},"end":{"line":112,"column":28}},"38":{"start":{"line":116,"column":4},"end":{"line":116,"column":34}},"39":{"start":{"line":120,"column":4},"end":{"line":120,"column":40}},"40":{"start":{"line":124,"column":4},"end":{"line":124,"column":38}},"41":{"start":{"line":134,"column":4},"end":{"line":134,"column":40}},"42":{"start":{"line":135,"column":4},"end":{"line":135,"column":55}},"43":{"start":{"line":136,"column":4},"end":{"line":136,"column":76}},"44":{"start":{"line":137,"column":4},"end":{"line":137,"column":79}},"45":{"start":{"line":138,"column":4},"end":{"line":138,"column":79}},"46":{"start":{"line":139,"column":4},"end":{"line":139,"column":65}},"47":{"start":{"line":140,"column":4},"end":{"line":140,"column":35}},"48":{"start":{"line":149,"column":4},"end":{"line":149,"column":40}},"49":{"start":{"line":150,"column":4},"end":{"line":150,"column":55}},"50":{"start":{"line":151,"column":4},"end":{"line":151,"column":38}},"51":{"start":{"line":152,"column":4},"end":{"line":152,"column":14}},"52":{"start":{"line":157,"column":0},"end":{"line":157,"column":26}},"53":{"start":{"line":159,"column":0},"end":{"line":159,"column":27}}},"branchMap":{"1":{"line":14,"type":"cond-expr","locations":[{"start":{"line":14,"column":70},"end":{"line":14,"column":73}},{"start":{"line":14,"column":76},"end":{"line":14,"column":92}}]},"2":{"line":14,"type":"binary-expr","locations":[{"start":{"line":14,"column":46},"end":{"line":14,"column":49}},{"start":{"line":14,"column":53},"end":{"line":14,"column":67}}]},"3":{"line":76,"type":"if","locations":[{"start":{"line":76,"column":4},"end":{"line":76,"column":4}},{"start":{"line":76,"column":4},"end":{"line":76,"column":4}}]},"4":{"line":81,"type":"if","locations":[{"start":{"line":81,"column":6},"end":{"line":81,"column":6}},{"start":{"line":81,"column":6},"end":{"line":81,"column":6}}]},"5":{"line":81,"type":"binary-expr","locations":[{"start":{"line":81,"column":10},"end":{"line":81,"column":51}},{"start":{"line":81,"column":55},"end":{"line":81,"column":102}}]},"6":{"line":104,"type":"binary-expr","locations":[{"start":{"line":104,"column":36},"end":{"line":104,"column":76}},{"start":{"line":104,"column":82},"end":{"line":104,"column":120}}]},"7":{"line":136,"type":"binary-expr","locations":[{"start":{"line":136,"column":38},"end":{"line":136,"column":53}},{"start":{"line":136,"column":57},"end":{"line":136,"column":75}}]},"8":{"line":137,"type":"binary-expr","locations":[{"start":{"line":137,"column":39},"end":{"line":137,"column":55}},{"start":{"line":137,"column":59},"end":{"line":137,"column":78}}]},"9":{"line":138,"type":"binary-expr","locations":[{"start":{"line":138,"column":39},"end":{"line":138,"column":55}},{"start":{"line":138,"column":59},"end":{"line":138,"column":78}}]}}},"/home/mhashim/Desktop/NewWork/AutoMart/build/src/middlewares/key.js":{"path":"/home/mhashim/Desktop/NewWork/AutoMart/build/src/middlewares/key.js","s":{"1":1,"2":1,"3":1,"4":1},"b":{},"f":{},"fnMap":{},"statementMap":{"1":{"start":{"line":3,"column":0},"end":{"line":5,"column":3}},"2":{"start":{"line":6,"column":0},"end":{"line":6,"column":26}},"3":{"start":{"line":7,"column":0},"end":{"line":7,"column":46}},"4":{"start":{"line":8,"column":0},"end":{"line":8,"column":28}}},"branchMap":{}},"/home/mhashim/Desktop/NewWork/AutoMart/build/src/controllers/Cars.js":{"path":"/home/mhashim/Desktop/NewWork/AutoMart/build/src/controllers/Cars.js","s":{"1":1,"2":1,"3":1,"4":1,"5":1,"6":1,"7":1,"8":0,"9":0,"10":0,"11":0,"12":0,"13":0,"14":0,"15":0,"16":1,"17":1,"18":0,"19":1,"20":1,"21":1,"22":1,"23":0,"24":0,"25":0,"26":0,"27":0,"28":0,"29":0,"30":0,"31":0,"32":0,"33":0,"34":0,"35":0,"36":0,"37":0,"38":0,"39":0,"40":0,"41":0,"42":0,"43":0,"44":0,"45":0,"46":0,"47":0,"48":1,"49":1,"50":0,"51":1,"52":0,"53":0,"54":0,"55":0,"56":2,"57":2,"58":0,"59":2,"60":0,"61":0,"62":0,"63":0,"64":0,"65":0,"66":0,"67":0,"68":0,"69":0,"70":0,"71":0,"72":0,"73":0,"74":0,"75":0,"76":0,"77":0,"78":1,"79":1,"80":1,"81":1,"82":1,"83":1,"84":1,"85":0,"86":2,"87":2,"88":2,"89":2,"90":2,"91":2,"92":0,"93":2,"94":0,"95":0,"96":0,"97":0,"98":0,"99":0,"100":0,"101":0,"102":0,"103":0,"104":0,"105":1,"106":1},"b":{"1":[1,0],"2":[1,1],"3":[0,0],"4":[0,0,0],"5":[0,0],"6":[0,0,0],"7":[0,1],"8":[1,1],"9":[1,0],"10":[0,0],"11":[0,0],"12":[0,0],"13":[0,0],"14":[0,1],"15":[0,0],"16":[0,2],"17":[0,0],"18":[0,0],"19":[0,0],"20":[1,0],"21":[0,2],"22":[0,0],"23":[0,0]},"f":{"1":1,"2":0,"3":0,"4":1,"5":0,"6":0,"7":0,"8":0,"9":0,"10":0,"11":0,"12":1,"13":0,"14":2,"15":0,"16":0,"17":0,"18":1,"19":2,"20":0,"21":0},"fnMap":{"1":{"name":"_interopRequireDefault","line":10,"loc":{"start":{"line":10,"column":0},"end":{"line":10,"column":37}}},"2":{"name":"(anonymous_2)","line":22,"loc":{"start":{"line":22,"column":8},"end":{"line":22,"column":19}}},"3":{"name":"(anonymous_3)","line":34,"loc":{"start":{"line":34,"column":14},"end":{"line":34,"column":25}}},"4":{"name":"(anonymous_4)","line":46,"loc":{"start":{"line":46,"column":13},"end":{"line":46,"column":24}}},"5":{"name":"(anonymous_5)","line":75,"loc":{"start":{"line":75,"column":15},"end":{"line":75,"column":26}}},"6":{"name":"(anonymous_6)","line":110,"loc":{"start":{"line":110,"column":8},"end":{"line":110,"column":19}}},"7":{"name":"(anonymous_7)","line":116,"loc":{"start":{"line":116,"column":19},"end":{"line":116,"column":30}}},"8":{"name":"(anonymous_8)","line":122,"loc":{"start":{"line":122,"column":15},"end":{"line":122,"column":26}}},"9":{"name":"(anonymous_9)","line":132,"loc":{"start":{"line":132,"column":14},"end":{"line":132,"column":25}}},"10":{"name":"(anonymous_10)","line":148,"loc":{"start":{"line":148,"column":8},"end":{"line":148,"column":19}}},"11":{"name":"(anonymous_11)","line":160,"loc":{"start":{"line":160,"column":13},"end":{"line":160,"column":24}}},"12":{"name":"(anonymous_12)","line":176,"loc":{"start":{"line":176,"column":11},"end":{"line":176,"column":22}}},"13":{"name":"(anonymous_13)","line":192,"loc":{"start":{"line":192,"column":7},"end":{"line":192,"column":18}}},"14":{"name":"(anonymous_14)","line":204,"loc":{"start":{"line":204,"column":24},"end":{"line":204,"column":35}}},"15":{"name":"(anonymous_15)","line":220,"loc":{"start":{"line":220,"column":14},"end":{"line":220,"column":25}}},"16":{"name":"(anonymous_16)","line":238,"loc":{"start":{"line":238,"column":8},"end":{"line":238,"column":19}}},"17":{"name":"(anonymous_17)","line":252,"loc":{"start":{"line":252,"column":18},"end":{"line":252,"column":29}}},"18":{"name":"(anonymous_18)","line":285,"loc":{"start":{"line":285,"column":17},"end":{"line":285,"column":28}}},"19":{"name":"(anonymous_19)","line":316,"loc":{"start":{"line":316,"column":16},"end":{"line":316,"column":27}}},"20":{"name":"(anonymous_20)","line":353,"loc":{"start":{"line":353,"column":13},"end":{"line":353,"column":24}}},"21":{"name":"(anonymous_21)","line":372,"loc":{"start":{"line":372,"column":8},"end":{"line":372,"column":19}}}},"statementMap":{"1":{"start":{"line":3,"column":0},"end":{"line":5,"column":3}},"2":{"start":{"line":6,"column":0},"end":{"line":6,"column":25}},"3":{"start":{"line":8,"column":0},"end":{"line":8,"column":62}},"4":{"start":{"line":10,"column":0},"end":{"line":10,"column":95}},"5":{"start":{"line":10,"column":39},"end":{"line":10,"column":93}},"6":{"start":{"line":13,"column":0},"end":{"line":13,"column":27}},"7":{"start":{"line":15,"column":0},"end":{"line":386,"column":2}},"8":{"start":{"line":23,"column":4},"end":{"line":27,"column":5}},"9":{"start":{"line":24,"column":6},"end":{"line":26,"column":9}},"10":{"start":{"line":29,"column":4},"end":{"line":29,"column":59}},"11":{"start":{"line":31,"column":4},"end":{"line":31,"column":44}},"12":{"start":{"line":35,"column":4},"end":{"line":39,"column":5}},"13":{"start":{"line":36,"column":6},"end":{"line":38,"column":9}},"14":{"start":{"line":41,"column":4},"end":{"line":41,"column":65}},"15":{"start":{"line":43,"column":4},"end":{"line":43,"column":44}},"16":{"start":{"line":47,"column":4},"end":{"line":47,"column":44}},"17":{"start":{"line":49,"column":4},"end":{"line":53,"column":5}},"18":{"start":{"line":50,"column":6},"end":{"line":52,"column":9}},"19":{"start":{"line":55,"column":4},"end":{"line":55,"column":66}},"20":{"start":{"line":57,"column":4},"end":{"line":57,"column":55}},"21":{"start":{"line":59,"column":4},"end":{"line":72,"column":5}},"22":{"start":{"line":60,"column":6},"end":{"line":64,"column":9}},"23":{"start":{"line":67,"column":6},"end":{"line":71,"column":9}},"24":{"start":{"line":76,"column":4},"end":{"line":76,"column":44}},"25":{"start":{"line":78,"column":4},"end":{"line":82,"column":5}},"26":{"start":{"line":79,"column":6},"end":{"line":81,"column":9}},"27":{"start":{"line":84,"column":4},"end":{"line":84,"column":87}},"28":{"start":{"line":86,"column":4},"end":{"line":86,"column":55}},"29":{"start":{"line":88,"column":4},"end":{"line":100,"column":5}},"30":{"start":{"line":89,"column":6},"end":{"line":93,"column":9}},"31":{"start":{"line":95,"column":6},"end":{"line":99,"column":9}},"32":{"start":{"line":111,"column":4},"end":{"line":111,"column":48}},"33":{"start":{"line":113,"column":4},"end":{"line":113,"column":45}},"34":{"start":{"line":117,"column":4},"end":{"line":117,"column":59}},"35":{"start":{"line":119,"column":4},"end":{"line":119,"column":45}},"36":{"start":{"line":123,"column":4},"end":{"line":123,"column":55}},"37":{"start":{"line":125,"column":4},"end":{"line":129,"column":7}},"38":{"start":{"line":133,"column":4},"end":{"line":133,"column":54}},"39":{"start":{"line":135,"column":4},"end":{"line":139,"column":7}},"40":{"start":{"line":149,"column":4},"end":{"line":149,"column":60}},"41":{"start":{"line":151,"column":4},"end":{"line":155,"column":5}},"42":{"start":{"line":152,"column":6},"end":{"line":154,"column":9}},"43":{"start":{"line":157,"column":4},"end":{"line":157,"column":44}},"44":{"start":{"line":161,"column":4},"end":{"line":161,"column":64}},"45":{"start":{"line":163,"column":4},"end":{"line":167,"column":5}},"46":{"start":{"line":164,"column":6},"end":{"line":166,"column":9}},"47":{"start":{"line":169,"column":4},"end":{"line":173,"column":7}},"48":{"start":{"line":177,"column":4},"end":{"line":177,"column":63}},"49":{"start":{"line":179,"column":4},"end":{"line":183,"column":5}},"50":{"start":{"line":180,"column":6},"end":{"line":182,"column":9}},"51":{"start":{"line":185,"column":4},"end":{"line":189,"column":7}},"52":{"start":{"line":193,"column":4},"end":{"line":193,"column":83}},"53":{"start":{"line":195,"column":4},"end":{"line":199,"column":5}},"54":{"start":{"line":196,"column":6},"end":{"line":198,"column":9}},"55":{"start":{"line":201,"column":4},"end":{"line":201,"column":44}},"56":{"start":{"line":205,"column":4},"end":{"line":205,"column":70}},"57":{"start":{"line":207,"column":4},"end":{"line":211,"column":5}},"58":{"start":{"line":208,"column":6},"end":{"line":210,"column":9}},"59":{"start":{"line":213,"column":4},"end":{"line":217,"column":7}},"60":{"start":{"line":221,"column":4},"end":{"line":221,"column":61}},"61":{"start":{"line":223,"column":4},"end":{"line":227,"column":5}},"62":{"start":{"line":224,"column":6},"end":{"line":226,"column":9}},"63":{"start":{"line":229,"column":4},"end":{"line":229,"column":44}},"64":{"start":{"line":239,"column":4},"end":{"line":239,"column":60}},"65":{"start":{"line":241,"column":4},"end":{"line":245,"column":5}},"66":{"start":{"line":242,"column":6},"end":{"line":244,"column":9}},"67":{"start":{"line":247,"column":4},"end":{"line":247,"column":76}},"68":{"start":{"line":249,"column":4},"end":{"line":249,"column":51}},"69":{"start":{"line":253,"column":4},"end":{"line":253,"column":44}},"70":{"start":{"line":254,"column":4},"end":{"line":254,"column":41}},"71":{"start":{"line":256,"column":4},"end":{"line":256,"column":64}},"72":{"start":{"line":264,"column":4},"end":{"line":264,"column":93}},"73":{"start":{"line":266,"column":4},"end":{"line":266,"column":35}},"74":{"start":{"line":267,"column":4},"end":{"line":267,"column":62}},"75":{"start":{"line":269,"column":4},"end":{"line":281,"column":5}},"76":{"start":{"line":270,"column":6},"end":{"line":274,"column":9}},"77":{"start":{"line":276,"column":6},"end":{"line":280,"column":9}},"78":{"start":{"line":286,"column":4},"end":{"line":286,"column":44}},"79":{"start":{"line":287,"column":4},"end":{"line":287,"column":41}},"80":{"start":{"line":289,"column":4},"end":{"line":289,"column":63}},"81":{"start":{"line":297,"column":4},"end":{"line":297,"column":92}},"82":{"start":{"line":299,"column":4},"end":{"line":299,"column":62}},"83":{"start":{"line":301,"column":4},"end":{"line":313,"column":5}},"84":{"start":{"line":302,"column":6},"end":{"line":306,"column":9}},"85":{"start":{"line":308,"column":6},"end":{"line":312,"column":9}},"86":{"start":{"line":317,"column":4},"end":{"line":317,"column":44}},"87":{"start":{"line":318,"column":4},"end":{"line":318,"column":41}},"88":{"start":{"line":320,"column":4},"end":{"line":320,"column":63}},"89":{"start":{"line":328,"column":4},"end":{"line":328,"column":91}},"90":{"start":{"line":330,"column":4},"end":{"line":330,"column":62}},"91":{"start":{"line":332,"column":4},"end":{"line":344,"column":5}},"92":{"start":{"line":333,"column":6},"end":{"line":337,"column":9}},"93":{"start":{"line":339,"column":6},"end":{"line":343,"column":9}},"94":{"start":{"line":354,"column":4},"end":{"line":354,"column":63}},"95":{"start":{"line":356,"column":4},"end":{"line":360,"column":5}},"96":{"start":{"line":357,"column":6},"end":{"line":359,"column":9}},"97":{"start":{"line":362,"column":4},"end":{"line":362,"column":57}},"98":{"start":{"line":364,"column":4},"end":{"line":364,"column":64}},"99":{"start":{"line":366,"column":4},"end":{"line":369,"column":7}},"100":{"start":{"line":373,"column":4},"end":{"line":373,"column":60}},"101":{"start":{"line":375,"column":4},"end":{"line":379,"column":5}},"102":{"start":{"line":376,"column":6},"end":{"line":378,"column":9}},"103":{"start":{"line":381,"column":4},"end":{"line":381,"column":52}},"104":{"start":{"line":383,"column":4},"end":{"line":383,"column":37}},"105":{"start":{"line":387,"column":0},"end":{"line":387,"column":19}},"106":{"start":{"line":388,"column":0},"end":{"line":388,"column":27}}},"branchMap":{"1":{"line":10,"type":"cond-expr","locations":[{"start":{"line":10,"column":70},"end":{"line":10,"column":73}},{"start":{"line":10,"column":76},"end":{"line":10,"column":92}}]},"2":{"line":10,"type":"binary-expr","locations":[{"start":{"line":10,"column":46},"end":{"line":10,"column":49}},{"start":{"line":10,"column":53},"end":{"line":10,"column":67}}]},"3":{"line":23,"type":"if","locations":[{"start":{"line":23,"column":4},"end":{"line":23,"column":4}},{"start":{"line":23,"column":4},"end":{"line":23,"column":4}}]},"4":{"line":23,"type":"binary-expr","locations":[{"start":{"line":23,"column":8},"end":{"line":23,"column":28}},{"start":{"line":23,"column":32},"end":{"line":23,"column":57}},{"start":{"line":23,"column":61},"end":{"line":23,"column":84}}]},"5":{"line":35,"type":"if","locations":[{"start":{"line":35,"column":4},"end":{"line":35,"column":4}},{"start":{"line":35,"column":4},"end":{"line":35,"column":4}}]},"6":{"line":35,"type":"binary-expr","locations":[{"start":{"line":35,"column":8},"end":{"line":35,"column":28}},{"start":{"line":35,"column":32},"end":{"line":35,"column":57}},{"start":{"line":35,"column":61},"end":{"line":35,"column":84}}]},"7":{"line":49,"type":"if","locations":[{"start":{"line":49,"column":4},"end":{"line":49,"column":4}},{"start":{"line":49,"column":4},"end":{"line":49,"column":4}}]},"8":{"line":49,"type":"binary-expr","locations":[{"start":{"line":49,"column":8},"end":{"line":49,"column":29}},{"start":{"line":49,"column":33},"end":{"line":49,"column":48}}]},"9":{"line":59,"type":"if","locations":[{"start":{"line":59,"column":4},"end":{"line":59,"column":4}},{"start":{"line":59,"column":4},"end":{"line":59,"column":4}}]},"10":{"line":78,"type":"if","locations":[{"start":{"line":78,"column":4},"end":{"line":78,"column":4}},{"start":{"line":78,"column":4},"end":{"line":78,"column":4}}]},"11":{"line":88,"type":"if","locations":[{"start":{"line":88,"column":4},"end":{"line":88,"column":4}},{"start":{"line":88,"column":4},"end":{"line":88,"column":4}}]},"12":{"line":151,"type":"if","locations":[{"start":{"line":151,"column":4},"end":{"line":151,"column":4}},{"start":{"line":151,"column":4},"end":{"line":151,"column":4}}]},"13":{"line":163,"type":"if","locations":[{"start":{"line":163,"column":4},"end":{"line":163,"column":4}},{"start":{"line":163,"column":4},"end":{"line":163,"column":4}}]},"14":{"line":179,"type":"if","locations":[{"start":{"line":179,"column":4},"end":{"line":179,"column":4}},{"start":{"line":179,"column":4},"end":{"line":179,"column":4}}]},"15":{"line":195,"type":"if","locations":[{"start":{"line":195,"column":4},"end":{"line":195,"column":4}},{"start":{"line":195,"column":4},"end":{"line":195,"column":4}}]},"16":{"line":207,"type":"if","locations":[{"start":{"line":207,"column":4},"end":{"line":207,"column":4}},{"start":{"line":207,"column":4},"end":{"line":207,"column":4}}]},"17":{"line":223,"type":"if","locations":[{"start":{"line":223,"column":4},"end":{"line":223,"column":4}},{"start":{"line":223,"column":4},"end":{"line":223,"column":4}}]},"18":{"line":241,"type":"if","locations":[{"start":{"line":241,"column":4},"end":{"line":241,"column":4}},{"start":{"line":241,"column":4},"end":{"line":241,"column":4}}]},"19":{"line":269,"type":"if","locations":[{"start":{"line":269,"column":4},"end":{"line":269,"column":4}},{"start":{"line":269,"column":4},"end":{"line":269,"column":4}}]},"20":{"line":301,"type":"if","locations":[{"start":{"line":301,"column":4},"end":{"line":301,"column":4}},{"start":{"line":301,"column":4},"end":{"line":301,"column":4}}]},"21":{"line":332,"type":"if","locations":[{"start":{"line":332,"column":4},"end":{"line":332,"column":4}},{"start":{"line":332,"column":4},"end":{"line":332,"column":4}}]},"22":{"line":356,"type":"if","locations":[{"start":{"line":356,"column":4},"end":{"line":356,"column":4}},{"start":{"line":356,"column":4},"end":{"line":356,"column":4}}]},"23":{"line":375,"type":"if","locations":[{"start":{"line":375,"column":4},"end":{"line":375,"column":4}},{"start":{"line":375,"column":4},"end":{"line":375,"column":4}}]}}},"/home/mhashim/Desktop/NewWork/AutoMart/build/src/models/Cars.js":{"path":"/home/mhashim/Desktop/NewWork/AutoMart/build/src/models/Cars.js","s":{"1":1,"2":1,"3":1,"4":1,"5":1,"6":1,"7":3,"8":1,"9":1,"10":1,"11":1,"12":0,"13":0,"14":0,"15":0,"16":0,"17":0,"18":1,"19":1,"20":1,"21":0,"22":0,"23":1,"24":1,"25":1,"26":0,"27":0,"28":0,"29":0,"30":0,"31":0,"32":0,"33":0,"34":0,"35":0,"36":0,"37":0,"38":0,"39":0,"40":0,"41":0,"42":0,"43":0,"44":0,"45":0,"46":0,"47":0,"48":7,"49":7,"50":0,"51":0,"52":0,"53":2,"54":2,"55":0,"56":0,"57":0,"58":0,"59":0,"60":0,"61":0,"62":0,"63":0,"64":0,"65":0,"66":0,"67":0,"68":0,"69":0,"70":0,"71":0,"72":0,"73":0,"74":0,"75":0,"76":0,"77":0,"78":0,"79":0,"80":0,"81":0,"82":0,"83":0,"84":0,"85":0,"86":0,"87":0,"88":0,"89":0,"90":0,"91":0,"92":0,"93":0,"94":0,"95":0,"96":0,"97":0,"98":0,"99":1,"100":1,"101":1,"102":1,"103":1,"104":0,"105":0,"106":1,"107":1,"108":1,"109":1,"110":0,"111":0,"112":0,"113":0,"114":2,"115":2,"116":2,"117":2,"118":2,"119":0,"120":0,"121":2,"122":1,"123":0,"124":0,"125":0,"126":0,"127":0,"128":1,"129":1,"130":1,"131":1,"132":0,"133":0,"134":0,"135":0,"136":0,"137":0,"138":0,"139":0,"140":1,"141":1},"b":{"1":[1,2],"2":[3,3],"3":[0,0],"4":[0,1],"5":[1,1],"6":[0,0],"7":[0,0],"8":[0,0],"9":[0,0],"10":[2,0],"11":[0,0],"12":[0,0],"13":[0,0],"14":[0,0],"15":[0,0],"16":[0,0],"17":[0,0],"18":[0,0],"19":[0,0,0],"20":[0,1],"21":[1,0],"22":[1,0],"23":[0,2],"24":[1,1],"25":[0,1],"26":[0,0]},"f":{"1":3,"2":1,"3":0,"4":0,"5":1,"6":0,"7":0,"8":0,"9":7,"10":0,"11":2,"12":0,"13":0,"14":0,"15":0,"16":0,"17":0,"18":0,"19":1,"20":2,"21":0,"22":0},"fnMap":{"1":{"name":"_interopRequireDefault","line":14,"loc":{"start":{"line":14,"column":0},"end":{"line":14,"column":37}}},"2":{"name":"(anonymous_2)","line":21,"loc":{"start":{"line":21,"column":13},"end":{"line":21,"column":16}}},"3":{"name":"(anonymous_3)","line":34,"loc":{"start":{"line":34,"column":8},"end":{"line":34,"column":15}}},"4":{"name":"(anonymous_4)","line":56,"loc":{"start":{"line":56,"column":14},"end":{"line":56,"column":21}}},"5":{"name":"(anonymous_5)","line":78,"loc":{"start":{"line":78,"column":13},"end":{"line":78,"column":27}}},"6":{"name":"(anonymous_6)","line":110,"loc":{"start":{"line":110,"column":15},"end":{"line":110,"column":37}}},"7":{"name":"(anonymous_7)","line":162,"loc":{"start":{"line":162,"column":9},"end":{"line":162,"column":14}}},"8":{"name":"(anonymous_8)","line":166,"loc":{"start":{"line":166,"column":13},"end":{"line":166,"column":18}}},"9":{"name":"(anonymous_9)","line":170,"loc":{"start":{"line":170,"column":12},"end":{"line":170,"column":17}}},"10":{"name":"(anonymous_10)","line":174,"loc":{"start":{"line":174,"column":8},"end":{"line":174,"column":28}}},"11":{"name":"(anonymous_11)","line":178,"loc":{"start":{"line":178,"column":23},"end":{"line":178,"column":27}}},"12":{"name":"(anonymous_12)","line":194,"loc":{"start":{"line":194,"column":14},"end":{"line":194,"column":18}}},"13":{"name":"(anonymous_13)","line":202,"loc":{"start":{"line":202,"column":9},"end":{"line":202,"column":12}}},"14":{"name":"(anonymous_14)","line":206,"loc":{"start":{"line":206,"column":20},"end":{"line":206,"column":23}}},"15":{"name":"(anonymous_15)","line":210,"loc":{"start":{"line":210,"column":16},"end":{"line":210,"column":19}}},"16":{"name":"(anonymous_16)","line":214,"loc":{"start":{"line":214,"column":15},"end":{"line":214,"column":18}}},"17":{"name":"(anonymous_17)","line":224,"loc":{"start":{"line":224,"column":8},"end":{"line":224,"column":19}}},"18":{"name":"(anonymous_18)","line":234,"loc":{"start":{"line":234,"column":18},"end":{"line":234,"column":36}}},"19":{"name":"(anonymous_19)","line":292,"loc":{"start":{"line":292,"column":17},"end":{"line":292,"column":35}}},"20":{"name":"(anonymous_20)","line":327,"loc":{"start":{"line":327,"column":16},"end":{"line":327,"column":34}}},"21":{"name":"(anonymous_21)","line":377,"loc":{"start":{"line":377,"column":13},"end":{"line":377,"column":18}}},"22":{"name":"(anonymous_22)","line":386,"loc":{"start":{"line":386,"column":8},"end":{"line":386,"column":13}}}},"statementMap":{"1":{"start":{"line":3,"column":0},"end":{"line":5,"column":3}},"2":{"start":{"line":6,"column":0},"end":{"line":6,"column":25}},"3":{"start":{"line":8,"column":0},"end":{"line":8,"column":56}},"4":{"start":{"line":10,"column":0},"end":{"line":10,"column":52}},"5":{"start":{"line":12,"column":0},"end":{"line":12,"column":62}},"6":{"start":{"line":14,"column":0},"end":{"line":14,"column":95}},"7":{"start":{"line":14,"column":39},"end":{"line":14,"column":93}},"8":{"start":{"line":22,"column":4},"end":{"line":22,"column":26}},"9":{"start":{"line":23,"column":4},"end":{"line":23,"column":32}},"10":{"start":{"line":24,"column":4},"end":{"line":24,"column":38}},"11":{"start":{"line":25,"column":4},"end":{"line":25,"column":36}},"12":{"start":{"line":35,"column":4},"end":{"line":49,"column":6}},"13":{"start":{"line":50,"column":4},"end":{"line":50,"column":41}},"14":{"start":{"line":51,"column":4},"end":{"line":51,"column":25}},"15":{"start":{"line":57,"column":4},"end":{"line":71,"column":6}},"16":{"start":{"line":72,"column":4},"end":{"line":72,"column":51}},"17":{"start":{"line":73,"column":4},"end":{"line":73,"column":29}},"18":{"start":{"line":80,"column":4},"end":{"line":80,"column":90}},"19":{"start":{"line":80,"column":65},"end":{"line":80,"column":88}},"20":{"start":{"line":82,"column":4},"end":{"line":105,"column":5}},"21":{"start":{"line":83,"column":6},"end":{"line":86,"column":8}},"22":{"start":{"line":88,"column":6},"end":{"line":88,"column":38}},"23":{"start":{"line":91,"column":6},"end":{"line":102,"column":8}},"24":{"start":{"line":103,"column":6},"end":{"line":103,"column":66}},"25":{"start":{"line":104,"column":6},"end":{"line":104,"column":38}},"26":{"start":{"line":111,"column":4},"end":{"line":111,"column":90}},"27":{"start":{"line":111,"column":65},"end":{"line":111,"column":88}},"28":{"start":{"line":113,"column":4},"end":{"line":152,"column":5}},"29":{"start":{"line":114,"column":6},"end":{"line":117,"column":8}},"30":{"start":{"line":118,"column":6},"end":{"line":118,"column":36}},"31":{"start":{"line":120,"column":6},"end":{"line":120,"column":107}},"32":{"start":{"line":120,"column":84},"end":{"line":120,"column":105}},"33":{"start":{"line":121,"column":6},"end":{"line":121,"column":116}},"34":{"start":{"line":121,"column":89},"end":{"line":121,"column":114}},"35":{"start":{"line":123,"column":6},"end":{"line":151,"column":7}},"36":{"start":{"line":124,"column":8},"end":{"line":127,"column":10}},"37":{"start":{"line":128,"column":8},"end":{"line":128,"column":43}},"38":{"start":{"line":130,"column":8},"end":{"line":150,"column":9}},"39":{"start":{"line":131,"column":10},"end":{"line":134,"column":12}},"40":{"start":{"line":135,"column":10},"end":{"line":135,"column":46}},"41":{"start":{"line":138,"column":10},"end":{"line":147,"column":12}},"42":{"start":{"line":148,"column":10},"end":{"line":148,"column":68}},"43":{"start":{"line":149,"column":10},"end":{"line":149,"column":42}},"44":{"start":{"line":163,"column":4},"end":{"line":163,"column":63}},"45":{"start":{"line":163,"column":44},"end":{"line":163,"column":61}},"46":{"start":{"line":167,"column":4},"end":{"line":167,"column":73}},"47":{"start":{"line":167,"column":54},"end":{"line":167,"column":71}},"48":{"start":{"line":171,"column":4},"end":{"line":171,"column":75}},"49":{"start":{"line":171,"column":56},"end":{"line":171,"column":73}},"50":{"start":{"line":175,"column":4},"end":{"line":175,"column":123}},"51":{"start":{"line":175,"column":47},"end":{"line":175,"column":76}},"52":{"start":{"line":175,"column":93},"end":{"line":175,"column":120}},"53":{"start":{"line":185,"column":4},"end":{"line":191,"column":5}},"54":{"start":{"line":186,"column":6},"end":{"line":186,"column":42}},"55":{"start":{"line":187,"column":11},"end":{"line":191,"column":5}},"56":{"start":{"line":188,"column":6},"end":{"line":188,"column":89}},"57":{"start":{"line":188,"column":60},"end":{"line":188,"column":87}},"58":{"start":{"line":190,"column":6},"end":{"line":190,"column":207}},"59":{"start":{"line":190,"column":60},"end":{"line":190,"column":87}},"60":{"start":{"line":190,"column":107},"end":{"line":190,"column":146}},"61":{"start":{"line":190,"column":166},"end":{"line":190,"column":205}},"62":{"start":{"line":195,"column":4},"end":{"line":195,"column":90}},"63":{"start":{"line":195,"column":58},"end":{"line":195,"column":88}},"64":{"start":{"line":203,"column":4},"end":{"line":203,"column":28}},"65":{"start":{"line":207,"column":4},"end":{"line":207,"column":34}},"66":{"start":{"line":211,"column":4},"end":{"line":211,"column":40}},"67":{"start":{"line":215,"column":4},"end":{"line":215,"column":38}},"68":{"start":{"line":225,"column":4},"end":{"line":225,"column":40}},"69":{"start":{"line":226,"column":4},"end":{"line":226,"column":55}},"70":{"start":{"line":227,"column":4},"end":{"line":227,"column":76}},"71":{"start":{"line":228,"column":4},"end":{"line":228,"column":79}},"72":{"start":{"line":229,"column":4},"end":{"line":229,"column":79}},"73":{"start":{"line":230,"column":4},"end":{"line":230,"column":65}},"74":{"start":{"line":231,"column":4},"end":{"line":231,"column":35}},"75":{"start":{"line":236,"column":4},"end":{"line":236,"column":44}},"76":{"start":{"line":237,"column":4},"end":{"line":237,"column":65}},"77":{"start":{"line":239,"column":4},"end":{"line":239,"column":91}},"78":{"start":{"line":239,"column":66},"end":{"line":239,"column":89}},"79":{"start":{"line":241,"column":4},"end":{"line":289,"column":5}},"80":{"start":{"line":242,"column":6},"end":{"line":245,"column":8}},"81":{"start":{"line":247,"column":6},"end":{"line":247,"column":38}},"82":{"start":{"line":249,"column":6},"end":{"line":288,"column":9}},"83":{"start":{"line":250,"column":8},"end":{"line":280,"column":9}},"84":{"start":{"line":251,"column":10},"end":{"line":251,"column":66}},"85":{"start":{"line":252,"column":10},"end":{"line":252,"column":42}},"86":{"start":{"line":253,"column":10},"end":{"line":253,"column":61}},"87":{"start":{"line":255,"column":10},"end":{"line":273,"column":11}},"88":{"start":{"line":256,"column":12},"end":{"line":256,"column":148}},"89":{"start":{"line":257,"column":12},"end":{"line":257,"column":114}},"90":{"start":{"line":258,"column":12},"end":{"line":258,"column":67}},"91":{"start":{"line":259,"column":12},"end":{"line":259,"column":77}},"92":{"start":{"line":266,"column":12},"end":{"line":266,"column":53}},"93":{"start":{"line":268,"column":12},"end":{"line":271,"column":14}},"94":{"start":{"line":272,"column":12},"end":{"line":272,"column":37}},"95":{"start":{"line":275,"column":10},"end":{"line":278,"column":12}},"96":{"start":{"line":279,"column":10},"end":{"line":279,"column":35}},"97":{"start":{"line":283,"column":10},"end":{"line":286,"column":12}},"98":{"start":{"line":287,"column":10},"end":{"line":287,"column":31}},"99":{"start":{"line":293,"column":4},"end":{"line":293,"column":43}},"100":{"start":{"line":294,"column":4},"end":{"line":294,"column":67}},"101":{"start":{"line":296,"column":4},"end":{"line":296,"column":91}},"102":{"start":{"line":296,"column":66},"end":{"line":296,"column":89}},"103":{"start":{"line":298,"column":4},"end":{"line":324,"column":5}},"104":{"start":{"line":299,"column":6},"end":{"line":302,"column":8}},"105":{"start":{"line":304,"column":6},"end":{"line":304,"column":38}},"106":{"start":{"line":306,"column":6},"end":{"line":323,"column":7}},"107":{"start":{"line":307,"column":8},"end":{"line":316,"column":9}},"108":{"start":{"line":308,"column":10},"end":{"line":308,"column":62}},"109":{"start":{"line":309,"column":10},"end":{"line":309,"column":53}},"110":{"start":{"line":311,"column":10},"end":{"line":314,"column":12}},"111":{"start":{"line":315,"column":10},"end":{"line":315,"column":35}},"112":{"start":{"line":318,"column":8},"end":{"line":321,"column":10}},"113":{"start":{"line":322,"column":8},"end":{"line":322,"column":33}},"114":{"start":{"line":328,"column":4},"end":{"line":328,"column":43}},"115":{"start":{"line":329,"column":4},"end":{"line":329,"column":67}},"116":{"start":{"line":331,"column":4},"end":{"line":331,"column":91}},"117":{"start":{"line":331,"column":66},"end":{"line":331,"column":89}},"118":{"start":{"line":333,"column":4},"end":{"line":369,"column":5}},"119":{"start":{"line":334,"column":6},"end":{"line":337,"column":8}},"120":{"start":{"line":339,"column":6},"end":{"line":339,"column":38}},"121":{"start":{"line":341,"column":6},"end":{"line":368,"column":9}},"122":{"start":{"line":343,"column":8},"end":{"line":360,"column":9}},"123":{"start":{"line":344,"column":10},"end":{"line":353,"column":11}},"124":{"start":{"line":345,"column":12},"end":{"line":345,"column":79}},"125":{"start":{"line":346,"column":12},"end":{"line":346,"column":55}},"126":{"start":{"line":348,"column":12},"end":{"line":351,"column":14}},"127":{"start":{"line":352,"column":12},"end":{"line":352,"column":37}},"128":{"start":{"line":355,"column":10},"end":{"line":358,"column":12}},"129":{"start":{"line":359,"column":10},"end":{"line":359,"column":35}},"130":{"start":{"line":363,"column":10},"end":{"line":366,"column":12}},"131":{"start":{"line":367,"column":10},"end":{"line":367,"column":35}},"132":{"start":{"line":378,"column":4},"end":{"line":378,"column":43}},"133":{"start":{"line":379,"column":4},"end":{"line":379,"column":67}},"134":{"start":{"line":380,"column":4},"end":{"line":380,"column":50}},"135":{"start":{"line":381,"column":4},"end":{"line":383,"column":6}},"136":{"start":{"line":387,"column":4},"end":{"line":387,"column":40}},"137":{"start":{"line":388,"column":4},"end":{"line":388,"column":55}},"138":{"start":{"line":389,"column":4},"end":{"line":389,"column":38}},"139":{"start":{"line":390,"column":4},"end":{"line":390,"column":14}},"140":{"start":{"line":395,"column":0},"end":{"line":395,"column":32}},"141":{"start":{"line":397,"column":0},"end":{"line":397,"column":27}}},"branchMap":{"1":{"line":14,"type":"cond-expr","locations":[{"start":{"line":14,"column":70},"end":{"line":14,"column":73}},{"start":{"line":14,"column":76},"end":{"line":14,"column":92}}]},"2":{"line":14,"type":"binary-expr","locations":[{"start":{"line":14,"column":46},"end":{"line":14,"column":49}},{"start":{"line":14,"column":53},"end":{"line":14,"column":67}}]},"3":{"line":36,"type":"binary-expr","locations":[{"start":{"line":36,"column":14},"end":{"line":36,"column":17}},{"start":{"line":36,"column":21},"end":{"line":36,"column":24}}]},"4":{"line":82,"type":"if","locations":[{"start":{"line":82,"column":4},"end":{"line":82,"column":4}},{"start":{"line":82,"column":4},"end":{"line":82,"column":4}}]},"5":{"line":99,"type":"binary-expr","locations":[{"start":{"line":99,"column":16},"end":{"line":99,"column":27}},{"start":{"line":99,"column":31},"end":{"line":99,"column":42}}]},"6":{"line":113,"type":"if","locations":[{"start":{"line":113,"column":4},"end":{"line":113,"column":4}},{"start":{"line":113,"column":4},"end":{"line":113,"column":4}}]},"7":{"line":123,"type":"if","locations":[{"start":{"line":123,"column":6},"end":{"line":123,"column":6}},{"start":{"line":123,"column":6},"end":{"line":123,"column":6}}]},"8":{"line":130,"type":"if","locations":[{"start":{"line":130,"column":8},"end":{"line":130,"column":8}},{"start":{"line":130,"column":8},"end":{"line":130,"column":8}}]},"9":{"line":175,"type":"binary-expr","locations":[{"start":{"line":175,"column":36},"end":{"line":175,"column":76}},{"start":{"line":175,"column":82},"end":{"line":175,"column":120}}]},"10":{"line":185,"type":"if","locations":[{"start":{"line":185,"column":4},"end":{"line":185,"column":4}},{"start":{"line":185,"column":4},"end":{"line":185,"column":4}}]},"11":{"line":187,"type":"if","locations":[{"start":{"line":187,"column":11},"end":{"line":187,"column":11}},{"start":{"line":187,"column":11},"end":{"line":187,"column":11}}]},"12":{"line":227,"type":"binary-expr","locations":[{"start":{"line":227,"column":38},"end":{"line":227,"column":53}},{"start":{"line":227,"column":57},"end":{"line":227,"column":75}}]},"13":{"line":228,"type":"binary-expr","locations":[{"start":{"line":228,"column":39},"end":{"line":228,"column":55}},{"start":{"line":228,"column":59},"end":{"line":228,"column":78}}]},"14":{"line":229,"type":"binary-expr","locations":[{"start":{"line":229,"column":39},"end":{"line":229,"column":55}},{"start":{"line":229,"column":59},"end":{"line":229,"column":78}}]},"15":{"line":241,"type":"if","locations":[{"start":{"line":241,"column":4},"end":{"line":241,"column":4}},{"start":{"line":241,"column":4},"end":{"line":241,"column":4}}]},"16":{"line":249,"type":"if","locations":[{"start":{"line":249,"column":6},"end":{"line":249,"column":6}},{"start":{"line":249,"column":6},"end":{"line":249,"column":6}}]},"17":{"line":250,"type":"if","locations":[{"start":{"line":250,"column":8},"end":{"line":250,"column":8}},{"start":{"line":250,"column":8},"end":{"line":250,"column":8}}]},"18":{"line":255,"type":"if","locations":[{"start":{"line":255,"column":10},"end":{"line":255,"column":10}},{"start":{"line":255,"column":10},"end":{"line":255,"column":10}}]},"19":{"line":256,"type":"binary-expr","locations":[{"start":{"line":256,"column":66},"end":{"line":256,"column":87}},{"start":{"line":256,"column":91},"end":{"line":256,"column":115}},{"start":{"line":256,"column":119},"end":{"line":256,"column":147}}]},"20":{"line":298,"type":"if","locations":[{"start":{"line":298,"column":4},"end":{"line":298,"column":4}},{"start":{"line":298,"column":4},"end":{"line":298,"column":4}}]},"21":{"line":306,"type":"if","locations":[{"start":{"line":306,"column":6},"end":{"line":306,"column":6}},{"start":{"line":306,"column":6},"end":{"line":306,"column":6}}]},"22":{"line":307,"type":"if","locations":[{"start":{"line":307,"column":8},"end":{"line":307,"column":8}},{"start":{"line":307,"column":8},"end":{"line":307,"column":8}}]},"23":{"line":333,"type":"if","locations":[{"start":{"line":333,"column":4},"end":{"line":333,"column":4}},{"start":{"line":333,"column":4},"end":{"line":333,"column":4}}]},"24":{"line":341,"type":"if","locations":[{"start":{"line":341,"column":6},"end":{"line":341,"column":6}},{"start":{"line":341,"column":6},"end":{"line":341,"column":6}}]},"25":{"line":343,"type":"if","locations":[{"start":{"line":343,"column":8},"end":{"line":343,"column":8}},{"start":{"line":343,"column":8},"end":{"line":343,"column":8}}]},"26":{"line":344,"type":"if","locations":[{"start":{"line":344,"column":10},"end":{"line":344,"column":10}},{"start":{"line":344,"column":10},"end":{"line":344,"column":10}}]}}},"/home/mhashim/Desktop/NewWork/AutoMart/build/src/controllers/Orders.js":{"path":"/home/mhashim/Desktop/NewWork/AutoMart/build/src/controllers/Orders.js","s":{"1":1,"2":1,"3":1,"4":1,"5":1,"6":2,"7":1,"8":1,"9":0,"10":0,"11":0,"12":0,"13":0,"14":0,"15":0,"16":0,"17":0,"18":0,"19":0,"20":0,"21":0,"22":0,"23":0,"24":0,"25":1,"26":1,"27":0,"28":1,"29":1,"30":1,"31":1,"32":0,"33":0,"34":0,"35":0,"36":0,"37":0,"38":0,"39":1,"40":1,"41":0,"42":0,"43":0,"44":0,"45":1,"46":1,"47":0,"48":1,"49":0,"50":0,"51":0,"52":0,"53":0,"54":0,"55":0,"56":0,"57":0,"58":0,"59":0,"60":0,"61":0,"62":0,"63":0,"64":0,"65":0,"66":0,"67":0,"68":0,"69":0,"70":0,"71":0,"72":0,"73":0,"74":0,"75":0,"76":0,"77":0,"78":0,"79":0,"80":0,"81":0,"82":0,"83":0,"84":0,"85":0,"86":0,"87":0,"88":0,"89":0,"90":0,"91":0,"92":0,"93":0,"94":0,"95":0,"96"
[...]
2}},{"start":{"line":16,"column":96},"end":{"line":16,"column":122}}]},"5":{"line":32,"type":"if","locations":[{"start":{"line":32,"column":4},"end":{"line":32,"column":4}},{"start":{"line":32,"column":4},"end":{"line":32,"column":4}}]},"6":{"line":32,"type":"binary-expr","locations":[{"start":{"line":32,"column":8},"end":{"line":32,"column":28}},{"start":{"line":32,"column":32},"end":{"line":32,"column":57}},{"start":{"line":32,"column":61},"end":{"line":32,"column":84}}]},"7":{"line":62,"type":"if","locations":[{"start":{"line":62,"column":4},"end":{"line":62,"column":4}},{"start":{"line":62,"column":4},"end":{"line":62,"column":4}}]}}},"/home/mhashim/Desktop/NewWork/AutoMart/build/src/middlewares/authenticationMiddleware.js":{"path":"/home/mhashim/Desktop/NewWork/AutoMart/build/src/middlewares/authenticationMiddleware.js","s":{"1":1,"2":1,"3":1,"4":1,"5":1,"6":4,"7":1,"8":1,"9":1,"10":1,"11":6,"12":6,"13":6,"14":6,"15":0,"16":0,"17":6,"18":6,"19":0},"b":{"1":[2,2],"2":[4,4],"3":[6,0],"4":[0,6]},"f":{"1":4},"fnMap":{"1":{"name":"_interopRequireDefault","line":11,"loc":{"start":{"line":11,"column":0},"end":{"line":11,"column":37}}}},"statementMap":{"1":{"start":{"line":3,"column":0},"end":{"line":3,"column":58}},"2":{"start":{"line":5,"column":0},"end":{"line":5,"column":79}},"3":{"start":{"line":7,"column":0},"end":{"line":7,"column":67}},"4":{"start":{"line":9,"column":0},"end":{"line":9,"column":68}},"5":{"start":{"line":11,"column":0},"end":{"line":11,"column":95}},"6":{"start":{"line":11,"column":39},"end":{"line":11,"column":93}},"7":{"start":{"line":14,"column":0},"end":{"line":14,"column":29}},"8":{"start":{"line":16,"column":0},"end":{"line":16,"column":36}},"9":{"start":{"line":17,"column":0},"end":{"line":17,"column":33}},"10":{"start":{"line":19,"column":0},"end":{"line":53,"column":2}},"11":{"start":{"line":21,"column":2},"end":{"line":21,"column":42}},"12":{"start":{"line":23,"column":2},"end":{"line":52,"column":3}},"13":{"start":{"line":26,"column":4},"end":{"line":42,"column":7}},"14":{"start":{"line":28,"column":6},"end":{"line":41,"column":7}},"15":{"start":{"line":29,"column":8},"end":{"line":29,"column":27}},"16":{"start":{"line":30,"column":8},"end":{"line":36,"column":11}},"17":{"start":{"line":39,"column":8},"end":{"line":39,"column":30}},"18":{"start":{"line":40,"column":8},"end":{"line":40,"column":15}},"19":{"start":{"line":45,"column":4},"end":{"line":51,"column":7}}},"branchMap":{"1":{"line":11,"type":"cond-expr","locations":[{"start":{"line":11,"column":70},"end":{"line":11,"column":73}},{"start":{"line":11,"column":76},"end":{"line":11,"column":92}}]},"2":{"line":11,"type":"binary-expr","locations":[{"start":{"line":11,"column":46},"end":{"line":11,"column":49}},{"start":{"line":11,"column":53},"end":{"line":11,"column":67}}]},"3":{"line":23,"type":"if","locations":[{"start":{"line":23,"column":2},"end":{"line":23,"column":2}},{"start":{"line":23,"column":2},"end":{"line":23,"column":2}}]},"4":{"line":28,"type":"if","locations":[{"start":{"line":28,"column":6},"end":{"line":28,"column":6}},{"start":{"line":28,"column":6},"end":{"line":28,"column":6}}]}}},"/home/mhashim/Desktop/NewWork/AutoMart/build/src/middlewares/authenticonAdmin.js":{"path":"/home/mhashim/Desktop/NewWork/AutoMart/build/src/middlewares/authenticonAdmin.js","s":{"1":1,"2":1,"3":1,"4":1,"5":1,"6":1,"7":5,"8":1,"9":1,"10":1,"11":1,"12":1,"13":1,"14":1,"15":1,"16":1,"17":1,"18":0,"19":1,"20":1,"21":1,"22":1,"23":1,"24":1,"25":1,"26":0,"27":0,"28":0},"b":{"1":[3,2],"2":[5,5],"3":[1,0],"4":[0,1],"5":[1,0],"6":[1,0]},"f":{"1":5},"fnMap":{"1":{"name":"_interopRequireDefault","line":13,"loc":{"start":{"line":13,"column":0},"end":{"line":13,"column":37}}}},"statementMap":{"1":{"start":{"line":3,"column":0},"end":{"line":3,"column":58}},"2":{"start":{"line":5,"column":0},"end":{"line":5,"column":79}},"3":{"start":{"line":7,"column":0},"end":{"line":7,"column":67}},"4":{"start":{"line":9,"column":0},"end":{"line":9,"column":68}},"5":{"start":{"line":11,"column":0},"end":{"line":11,"column":63}},"6":{"start":{"line":13,"column":0},"end":{"line":13,"column":95}},"7":{"start":{"line":13,"column":39},"end":{"line":13,"column":93}},"8":{"start":{"line":16,"column":0},"end":{"line":16,"column":29}},"9":{"start":{"line":18,"column":0},"end":{"line":18,"column":36}},"10":{"start":{"line":19,"column":0},"end":{"line":19,"column":33}},"11":{"start":{"line":21,"column":0},"end":{"line":84,"column":2}},"12":{"start":{"line":23,"column":2},"end":{"line":23,"column":42}},"13":{"start":{"line":25,"column":2},"end":{"line":25,"column":89}},"14":{"start":{"line":25,"column":64},"end":{"line":25,"column":87}},"15":{"start":{"line":29,"column":2},"end":{"line":83,"column":3}},"16":{"start":{"line":32,"column":4},"end":{"line":73,"column":7}},"17":{"start":{"line":34,"column":6},"end":{"line":72,"column":7}},"18":{"start":{"line":36,"column":8},"end":{"line":42,"column":11}},"19":{"start":{"line":44,"column":8},"end":{"line":71,"column":9}},"20":{"start":{"line":45,"column":10},"end":{"line":45,"column":106}},"21":{"start":{"line":45,"column":76},"end":{"line":45,"column":104}},"22":{"start":{"line":47,"column":10},"end":{"line":47,"column":64}},"23":{"start":{"line":49,"column":10},"end":{"line":62,"column":11}},"24":{"start":{"line":52,"column":12},"end":{"line":52,"column":34}},"25":{"start":{"line":53,"column":12},"end":{"line":53,"column":19}},"26":{"start":{"line":55,"column":12},"end":{"line":61,"column":15}},"27":{"start":{"line":64,"column":10},"end":{"line":70,"column":13}},"28":{"start":{"line":76,"column":4},"end":{"line":82,"column":7}}},"branchMap":{"1":{"line":13,"type":"cond-expr","locations":[{"start":{"line":13,"column":70},"end":{"line":13,"column":73}},{"start":{"line":13,"column":76},"end":{"line":13,"column":92}}]},"2":{"line":13,"type":"binary-expr","locations":[{"start":{"line":13,"column":46},"end":{"line":13,"column":49}},{"start":{"line":13,"column":53},"end":{"line":13,"column":67}}]},"3":{"line":29,"type":"if","locations":[{"start":{"line":29,"column":2},"end":{"line":29,"column":2}},{"start":{"line":29,"column":2},"end":{"line":29,"column":2}}]},"4":{"line":34,"type":"if","locations":[{"start":{"line":34,"column":6},"end":{"line":34,"column":6}},{"start":{"line":34,"column":6},"end":{"line":34,"column":6}}]},"5":{"line":44,"type":"if","locations":[{"start":{"line":44,"column":8},"end":{"line":44,"column":8}},{"start":{"line":44,"column":8},"end":{"line":44,"column":8}}]},"6":{"line":49,"type":"if","locations":[{"start":{"line":49,"column":10},"end":{"line":49,"column":10}},{"start":{"line":49,"column":10},"end":{"line":49,"column":10}}]}}},"/home/mhashim/Desktop/NewWork/AutoMart/build/src/middlewares/createAdVali.js":{"path":"/home/mhashim/Desktop/NewWork/AutoMart/build/src/middlewares/createAdVali.js","s":{"1":1,"2":1,"3":1,"4":1,"5":1,"6":4,"7":1,"8":1,"9":1,"10":1,"11":1,"12":1,"13":1,"14":1,"15":1,"16":0,"17":0,"18":1},"b":{"1":[2,2],"2":[4,4],"3":[0,1]},"f":{"1":4},"fnMap":{"1":{"name":"_interopRequireDefault","line":11,"loc":{"start":{"line":11,"column":0},"end":{"line":11,"column":37}}}},"statementMap":{"1":{"start":{"line":3,"column":0},"end":{"line":3,"column":58}},"2":{"start":{"line":5,"column":0},"end":{"line":5,"column":79}},"3":{"start":{"line":7,"column":0},"end":{"line":7,"column":67}},"4":{"start":{"line":9,"column":0},"end":{"line":9,"column":68}},"5":{"start":{"line":11,"column":0},"end":{"line":11,"column":95}},"6":{"start":{"line":11,"column":39},"end":{"line":11,"column":93}},"7":{"start":{"line":14,"column":0},"end":{"line":14,"column":27}},"8":{"start":{"line":16,"column":0},"end":{"line":16,"column":29}},"9":{"start":{"line":18,"column":0},"end":{"line":18,"column":36}},"10":{"start":{"line":19,"column":0},"end":{"line":19,"column":33}},"11":{"start":{"line":21,"column":0},"end":{"line":39,"column":2}},"12":{"start":{"line":22,"column":2},"end":{"line":22,"column":24}},"13":{"start":{"line":23,"column":2},"end":{"line":26,"column":5}},"14":{"start":{"line":27,"column":2},"end":{"line":38,"column":5}},"15":{"start":{"line":28,"column":4},"end":{"line":37,"column":5}},"16":{"start":{"line":29,"column":6},"end":{"line":29,"column":32}},"17":{"start":{"line":31,"column":6},"end":{"line":34,"column":9}},"18":{"start":{"line":36,"column":6},"end":{"line":36,"column":13}}},"branchMap":{"1":{"line":11,"type":"cond-expr","locations":[{"start":{"line":11,"column":70},"end":{"line":11,"column":73}},{"start":{"line":11,"column":76},"end":{"line":11,"column":92}}]},"2":{"line":11,"type":"binary-expr","locations":[{"start":{"line":11,"column":46},"end":{"line":11,"column":49}},{"start":{"line":11,"column":53},"end":{"line":11,"column":67}}]},"3":{"line":28,"type":"if","locations":[{"start":{"line":28,"column":4},"end":{"line":28,"column":4}},{"start":{"line":28,"column":4},"end":{"line":28,"column":4}}]}}},"/home/mhashim/Desktop/NewWork/AutoMart/build/src/middlewares/createOrderVali.js":{"path":"/home/mhashim/Desktop/NewWork/AutoMart/build/src/middlewares/createOrderVali.js","s":{"1":1,"2":1,"3":1,"4":1,"5":1,"6":4,"7":1,"8":1,"9":1,"10":1,"11":1,"12":1,"13":1,"14":1,"15":1,"16":0,"17":0,"18":1},"b":{"1":[2,2],"2":[4,4],"3":[0,1]},"f":{"1":4},"fnMap":{"1":{"name":"_interopRequireDefault","line":11,"loc":{"start":{"line":11,"column":0},"end":{"line":11,"column":37}}}},"statementMap":{"1":{"start":{"line":3,"column":0},"end":{"line":3,"column":58}},"2":{"start":{"line":5,"column":0},"end":{"line":5,"column":79}},"3":{"start":{"line":7,"column":0},"end":{"line":7,"column":67}},"4":{"start":{"line":9,"column":0},"end":{"line":9,"column":68}},"5":{"start":{"line":11,"column":0},"end":{"line":11,"column":95}},"6":{"start":{"line":11,"column":39},"end":{"line":11,"column":93}},"7":{"start":{"line":14,"column":0},"end":{"line":14,"column":27}},"8":{"start":{"line":16,"column":0},"end":{"line":16,"column":29}},"9":{"start":{"line":18,"column":0},"end":{"line":18,"column":36}},"10":{"start":{"line":19,"column":0},"end":{"line":19,"column":33}},"11":{"start":{"line":21,"column":0},"end":{"line":38,"column":2}},"12":{"start":{"line":22,"column":2},"end":{"line":22,"column":24}},"13":{"start":{"line":23,"column":2},"end":{"line":25,"column":5}},"14":{"start":{"line":26,"column":2},"end":{"line":37,"column":5}},"15":{"start":{"line":27,"column":4},"end":{"line":36,"column":5}},"16":{"start":{"line":28,"column":6},"end":{"line":28,"column":32}},"17":{"start":{"line":30,"column":6},"end":{"line":33,"column":9}},"18":{"start":{"line":35,"column":6},"end":{"line":35,"column":13}}},"branchMap":{"1":{"line":11,"type":"cond-expr","locations":[{"start":{"line":11,"column":70},"end":{"line":11,"column":73}},{"start":{"line":11,"column":76},"end":{"line":11,"column":92}}]},"2":{"line":11,"type":"binary-expr","locations":[{"start":{"line":11,"column":46},"end":{"line":11,"column":49}},{"start":{"line":11,"column":53},"end":{"line":11,"column":67}}]},"3":{"line":27,"type":"if","locations":[{"start":{"line":27,"column":4},"end":{"line":27,"column":4}},{"start":{"line":27,"column":4},"end":{"line":27,"column":4}}]}}},"/home/mhashim/Desktop/NewWork/AutoMart/build/src/middlewares/UpdatecarAdVali.js":{"path":"/home/mhashim/Desktop/NewWork/AutoMart/build/src/middlewares/UpdatecarAdVali.js","s":{"1":1,"2":1,"3":1,"4":1,"5":1,"6":4,"7":1,"8":1,"9":1,"10":1,"11":1,"12":2,"13":2,"14":2,"15":2,"16":0,"17":0,"18":2},"b":{"1":[2,2],"2":[4,4],"3":[0,2]},"f":{"1":4},"fnMap":{"1":{"name":"_interopRequireDefault","line":11,"loc":{"start":{"line":11,"column":0},"end":{"line":11,"column":37}}}},"statementMap":{"1":{"start":{"line":3,"column":0},"end":{"line":3,"column":58}},"2":{"start":{"line":5,"column":0},"end":{"line":5,"column":79}},"3":{"start":{"line":7,"column":0},"end":{"line":7,"column":67}},"4":{"start":{"line":9,"column":0},"end":{"line":9,"column":68}},"5":{"start":{"line":11,"column":0},"end":{"line":11,"column":95}},"6":{"start":{"line":11,"column":39},"end":{"line":11,"column":93}},"7":{"start":{"line":14,"column":0},"end":{"line":14,"column":27}},"8":{"start":{"line":16,"column":0},"end":{"line":16,"column":29}},"9":{"start":{"line":18,"column":0},"end":{"line":18,"column":36}},"10":{"start":{"line":19,"column":0},"end":{"line":19,"column":33}},"11":{"start":{"line":21,"column":0},"end":{"line":38,"column":2}},"12":{"start":{"line":22,"column":2},"end":{"line":22,"column":24}},"13":{"start":{"line":23,"column":2},"end":{"line":25,"column":5}},"14":{"start":{"line":26,"column":2},"end":{"line":37,"column":5}},"15":{"start":{"line":27,"column":4},"end":{"line":36,"column":5}},"16":{"start":{"line":28,"column":6},"end":{"line":28,"column":32}},"17":{"start":{"line":30,"column":6},"end":{"line":33,"column":9}},"18":{"start":{"line":35,"column":6},"end":{"line":35,"column":13}}},"branchMap":{"1":{"line":11,"type":"cond-expr","locations":[{"start":{"line":11,"column":70},"end":{"line":11,"column":73}},{"start":{"line":11,"column":76},"end":{"line":11,"column":92}}]},"2":{"line":11,"type":"binary-expr","locations":[{"start":{"line":11,"column":46},"end":{"line":11,"column":49}},{"start":{"line":11,"column":53},"end":{"line":11,"column":67}}]},"3":{"line":27,"type":"if","locations":[{"start":{"line":27,"column":4},"end":{"line":27,"column":4}},{"start":{"line":27,"column":4},"end":{"line":27,"column":4}}]}}},"/home/mhashim/Desktop/NewWork/AutoMart/build/src/middlewares/UpdateOrderVali.js":{"path":"/home/mhashim/Desktop/NewWork/AutoMart/build/src/middlewares/UpdateOrderVali.js","s":{"1":1,"2":1,"3":1,"4":1,"5":1,"6":4,"7":1,"8":1,"9":1,"10":1,"11":1,"12":0,"13":0,"14":0,"15":0,"16":0,"17":0,"18":0},"b":{"1":[2,2],"2":[4,4],"3":[0,0]},"f":{"1":4},"fnMap":{"1":{"name":"_interopRequireDefault","line":11,"loc":{"start":{"line":11,"column":0},"end":{"line":11,"column":37}}}},"statementMap":{"1":{"start":{"line":3,"column":0},"end":{"line":3,"column":58}},"2":{"start":{"line":5,"column":0},"end":{"line":5,"column":79}},"3":{"start":{"line":7,"column":0},"end":{"line":7,"column":67}},"4":{"start":{"line":9,"column":0},"end":{"line":9,"column":68}},"5":{"start":{"line":11,"column":0},"end":{"line":11,"column":95}},"6":{"start":{"line":11,"column":39},"end":{"line":11,"column":93}},"7":{"start":{"line":14,"column":0},"end":{"line":14,"column":27}},"8":{"start":{"line":16,"column":0},"end":{"line":16,"column":29}},"9":{"start":{"line":18,"column":0},"end":{"line":18,"column":36}},"10":{"start":{"line":19,"column":0},"end":{"line":19,"column":33}},"11":{"start":{"line":21,"column":0},"end":{"line":38,"column":2}},"12":{"start":{"line":22,"column":2},"end":{"line":22,"column":24}},"13":{"start":{"line":23,"column":2},"end":{"line":25,"column":5}},"14":{"start":{"line":26,"column":2},"end":{"line":37,"column":5}},"15":{"start":{"line":27,"column":4},"end":{"line":36,"column":5}},"16":{"start":{"line":28,"column":6},"end":{"line":28,"column":32}},"17":{"start":{"line":30,"column":6},"end":{"line":33,"column":9}},"18":{"start":{"line":35,"column":6},"end":{"line":35,"column":13}}},"branchMap":{"1":{"line":11,"type":"cond-expr","locations":[{"start":{"line":11,"column":70},"end":{"line":11,"column":73}},{"start":{"line":11,"column":76},"end":{"line":11,"column":92}}]},"2":{"line":11,"type":"binary-expr","locations":[{"start":{"line":11,"column":46},"end":{"line":11,"column":49}},{"start":{"line":11,"column":53},"end":{"line":11,"column":67}}]},"3":{"line":27,"type":"if","locations":[{"start":{"line":27,"column":4},"end":{"line":27,"column":4}},{"start":{"line":27,"column":4},"end":{"line":27,"column":4}}]}}},"/home/mhashim/Desktop/NewWork/AutoMart/build/src/middlewares/SignupVali.js":{"path":"/home/mhashim/Desktop/NewWork/AutoMart/build/src/middlewares/SignupVali.js","s":{"1":1,"2":1,"3":1,"4":1,"5":1,"6":4,"7":1,"8":1,"9":1,"10":1,"11":1,"12":1,"13":1,"14":1,"15":1,"16":0,"17":0,"18":1},"b":{"1":[2,2],"2":[4,4],"3":[0,1]},"f":{"1":4},"fnMap":{"1":{"name":"_interopRequireDefault","line":11,"loc":{"start":{"line":11,"column":0},"end":{"line":11,"column":37}}}},"statementMap":{"1":{"start":{"line":3,"column":0},"end":{"line":3,"column":58}},"2":{"start":{"line":5,"column":0},"end":{"line":5,"column":79}},"3":{"start":{"line":7,"column":0},"end":{"line":7,"column":67}},"4":{"start":{"line":9,"column":0},"end":{"line":9,"column":68}},"5":{"start":{"line":11,"column":0},"end":{"line":11,"column":95}},"6":{"start":{"line":11,"column":39},"end":{"line":11,"column":93}},"7":{"start":{"line":14,"column":0},"end":{"line":14,"column":27}},"8":{"start":{"line":16,"column":0},"end":{"line":16,"column":29}},"9":{"start":{"line":18,"column":0},"end":{"line":18,"column":36}},"10":{"start":{"line":19,"column":0},"end":{"line":19,"column":33}},"11":{"start":{"line":21,"column":0},"end":{"line":43,"column":2}},"12":{"start":{"line":22,"column":2},"end":{"line":22,"column":24}},"13":{"start":{"line":23,"column":2},"end":{"line":30,"column":5}},"14":{"start":{"line":31,"column":2},"end":{"line":42,"column":5}},"15":{"start":{"line":32,"column":4},"end":{"line":41,"column":5}},"16":{"start":{"line":33,"column":6},"end":{"line":33,"column":32}},"17":{"start":{"line":35,"column":6},"end":{"line":38,"column":9}},"18":{"start":{"line":40,"column":6},"end":{"line":40,"column":13}}},"branchMap":{"1":{"line":11,"type":"cond-expr","locations":[{"start":{"line":11,"column":70},"end":{"line":11,"column":73}},{"start":{"line":11,"column":76},"end":{"line":11,"column":92}}]},"2":{"line":11,"type":"binary-expr","locations":[{"start":{"line":11,"column":46},"end":{"line":11,"column":49}},{"start":{"line":11,"column":53},"end":{"line":11,"column":67}}]},"3":{"line":32,"type":"if","locations":[{"start":{"line":32,"column":4},"end":{"line":32,"column":4}},{"start":{"line":32,"column":4},"end":{"line":32,"column":4}}]}}},"/home/mhashim/Desktop/NewWork/AutoMart/build/src/middlewares/SigninVali.js":{"path":"/home/mhashim/Desktop/NewWork/AutoMart/build/src/middlewares/SigninVali.js","s":{"1":1,"2":1,"3":1,"4":1,"5":1,"6":4,"7":1,"8":1,"9":1,"10":1,"11":1,"12":1,"13":1,"14":1,"15":1,"16":0,"17":0,"18":1},"b":{"1":[2,2],"2":[4,4],"3":[0,1]},"f":{"1":4},"fnMap":{"1":{"name":"_interopRequireDefault","line":11,"loc":{"start":{"line":11,"column":0},"end":{"line":11,"column":37}}}},"statementMap":{"1":{"start":{"line":3,"column":0},"end":{"line":3,"column":58}},"2":{"start":{"line":5,"column":0},"end":{"line":5,"column":79}},"3":{"start":{"line":7,"column":0},"end":{"line":7,"column":67}},"4":{"start":{"line":9,"column":0},"end":{"line":9,"column":68}},"5":{"start":{"line":11,"column":0},"end":{"line":11,"column":95}},"6":{"start":{"line":11,"column":39},"end":{"line":11,"column":93}},"7":{"start":{"line":14,"column":0},"end":{"line":14,"column":27}},"8":{"start":{"line":16,"column":0},"end":{"line":16,"column":29}},"9":{"start":{"line":18,"column":0},"end":{"line":18,"column":36}},"10":{"start":{"line":19,"column":0},"end":{"line":19,"column":33}},"11":{"start":{"line":21,"column":0},"end":{"line":39,"column":2}},"12":{"start":{"line":22,"column":2},"end":{"line":22,"column":24}},"13":{"start":{"line":23,"column":2},"end":{"line":26,"column":5}},"14":{"start":{"line":27,"column":2},"end":{"line":38,"column":5}},"15":{"start":{"line":28,"column":4},"end":{"line":37,"column":5}},"16":{"start":{"line":29,"column":6},"end":{"line":29,"column":32}},"17":{"start":{"line":31,"column":6},"end":{"line":34,"column":9}},"18":{"start":{"line":36,"column":6},"end":{"line":36,"column":13}}},"branchMap":{"1":{"line":11,"type":"cond-expr","locations":[{"start":{"line":11,"column":70},"end":{"line":11,"column":73}},{"start":{"line":11,"column":76},"end":{"line":11,"column":92}}]},"2":{"line":11,"type":"binary-expr","locations":[{"start":{"line":11,"column":46},"end":{"line":11,"column":49}},{"start":{"line":11,"column":53},"end":{"line":11,"column":67}}]},"3":{"line":28,"type":"if","locations":[{"start":{"line":28,"column":4},"end":{"line":28,"column":4}},{"start":{"line":28,"column":4},"end":{"line":28,"column":4}}]}}}}