TN:
SF:/home/mhashim/Desktop/NewWork/AutoMart/build/server.js
FN:34,_interopRequireDefault
FNF:1
FNH:1
FNDA:13,_interopRequireDefault
DA:3,1
DA:6,1
DA:8,1
DA:10,1
DA:12,1
DA:14,1
DA:16,1
DA:18,1
DA:20,1
DA:22,1
DA:24,1
DA:26,1
DA:28,1
DA:30,1
DA:32,1
DA:34,13
DA:37,1
DA:38,1
DA:39,1
DA:40,0
DA:45,1
DA:49,1
DA:53,1
DA:56,1
DA:58,1
DA:60,1
DA:62,1
DA:64,1
DA:66,1
DA:68,1
DA:70,1
DA:74,1
DA:76,1
DA:77,1
DA:78,1
DA:79,1
DA:80,1
DA:81,1
DA:82,1
DA:83,1
DA:84,1
LF:41
LH:40
BRDA:34,1,0,4
BRDA:34,1,1,9
BRDA:34,2,0,13
BRDA:34,2,1,13
BRF:4
BRH:4
end_of_record
TN:
SF:/home/mhashim/Desktop/NewWork/AutoMart/build/src/controllers/Reflection.js
FN:10,_interopRequireDefault
FN:21,(anonymous_2)
FN:33,(anonymous_3)
FN:45,(anonymous_4)
FN:74,(anonymous_5)
FN:109,(anonymous_6)
FN:115,(anonymous_7)
FN:121,(anonymous_8)
FN:131,(anonymous_9)
FN:147,(anonymous_10)
FN:159,(anonymous_11)
FN:175,(anonymous_12)
FN:191,(anonymous_13)
FN:203,(anonymous_14)
FN:219,(anonymous_15)
FN:237,(anonymous_16)
FN:251,(anonymous_17)
FN:284,(anonymous_18)
FN:315,(anonymous_19)
FN:352,(anonymous_20)
FN:371,(anonymous_21)
FNF:21
FNH:1
FNDA:1,_interopRequireDefault
FNDA:0,(anonymous_2)
FNDA:0,(anonymous_3)
FNDA:0,(anonymous_4)
FNDA:0,(anonymous_5)
FNDA:0,(anonymous_6)
FNDA:0,(anonymous_7)
FNDA:0,(anonymous_8)
FNDA:0,(anonymous_9)
FNDA:0,(anonymous_10)
FNDA:0,(anonymous_11)
FNDA:0,(anonymous_12)
FNDA:0,(anonymous_13)
FNDA:0,(anonymous_14)
FNDA:0,(anonymous_15)
FNDA:0,(anonymous_16)
FNDA:0,(anonymous_17)
FNDA:0,(anonymous_18)
FNDA:0,(anonymous_19)
FNDA:0,(anonymous_20)
FNDA:0,(anonymous_21)
DA:3,1
DA:6,1
DA:8,1
DA:10,1
DA:12,1
DA:14,1
DA:22,0
DA:23,0
DA:28,0
DA:30,0
DA:34,0
DA:35,0
DA:40,0
DA:42,0
DA:46,0
DA:48,0
DA:49,0
DA:54,0
DA:56,0
DA:58,0
DA:59,0
DA:65,0
DA:66,0
DA:75,0
DA:77,0
DA:78,0
DA:83,0
DA:85,0
DA:87,0
DA:88,0
DA:94,0
DA:110,0
DA:112,0
DA:116,0
DA:118,0
DA:122,0
DA:124,0
DA:132,0
DA:134,0
DA:148,0
DA:150,0
DA:151,0
DA:156,0
DA:160,0
DA:162,0
DA:163,0
DA:168,0
DA:176,0
DA:178,0
DA:179,0
DA:184,0
DA:192,0
DA:194,0
DA:195,0
DA:200,0
DA:204,0
DA:206,0
DA:207,0
DA:212,0
DA:220,0
DA:222,0
DA:223,0
DA:228,0
DA:238,0
DA:240,0
DA:241,0
DA:246,0
DA:248,0
DA:252,0
DA:253,0
DA:255,0
DA:263,0
DA:265,0
DA:266,0
DA:268,0
DA:269,0
DA:275,0
DA:285,0
DA:286,0
DA:288,0
DA:296,0
DA:298,0
DA:300,0
DA:301,0
DA:307,0
DA:316,0
DA:317,0
DA:319,0
DA:327,0
DA:329,0
DA:331,0
DA:332,0
DA:338,0
DA:353,0
DA:355,0
DA:356,0
DA:361,0
DA:363,0
DA:365,0
DA:372,0
DA:374,0
DA:375,0
DA:380,0
DA:382,0
DA:386,1
DA:387,1
LF:106
LH:8
BRDA:10,1,0,1
BRDA:10,1,1,0
BRDA:10,2,0,1
BRDA:10,2,1,1
BRDA:22,3,0,0
BRDA:22,3,1,0
BRDA:22,4,0,0
BRDA:22,4,1,0
BRDA:22,4,2,0
BRDA:34,5,0,0
BRDA:34,5,1,0
BRDA:34,6,0,0
BRDA:34,6,1,0
BRDA:34,6,2,0
BRDA:48,7,0,0
BRDA:48,7,1,0
BRDA:48,8,0,0
BRDA:48,8,1,0
BRDA:58,9,0,0
BRDA:58,9,1,0
BRDA:77,10,0,0
BRDA:77,10,1,0
BRDA:87,11,0,0
BRDA:87,11,1,0
BRDA:150,12,0,0
BRDA:150,12,1,0
BRDA:162,13,0,0
BRDA:162,13,1,0
BRDA:178,14,0,0
BRDA:178,14,1,0
BRDA:194,15,0,0
BRDA:194,15,1,0
BRDA:206,16,0,0
BRDA:206,16,1,0
BRDA:222,17,0,0
BRDA:222,17,1,0
BRDA:240,18,0,0
BRDA:240,18,1,0
BRDA:268,19,0,0
BRDA:268,19,1,0
BRDA:300,20,0,0
BRDA:300,20,1,0
BRDA:331,21,0,0
BRDA:331,21,1,0
BRDA:355,22,0,0
BRDA:355,22,1,0
BRDA:374,23,0,0
BRDA:374,23,1,0
BRF:48
BRH:3
end_of_record
TN:
SF:/home/mhashim/Desktop/NewWork/AutoMart/build/src/models/Reflection.js
FN:14,_interopRequireDefault
FN:21,(anonymous_2)
FN:34,(anonymous_3)
FN:56,(anonymous_4)
FN:78,(anonymous_5)
FN:110,(anonymous_6)
FN:162,(anonymous_7)
FN:166,(anonymous_8)
FN:170,(anonymous_9)
FN:174,(anonymous_10)
FN:178,(anonymous_11)
FN:194,(anonymous_12)
FN:202,(anonymous_13)
FN:206,(anonymous_14)
FN:210,(anonymous_15)
FN:214,(anonymous_16)
FN:224,(anonymous_17)
FN:234,(anonymous_18)
FN:292,(anonymous_19)
FN:327,(anonymous_20)
FN:377,(anonymous_21)
FN:386,(anonymous_22)
FNF:22
FNH:2
FNDA:3,_interopRequireDefault
FNDA:1,(anonymous_2)
FNDA:0,(anonymous_3)
FNDA:0,(anonymous_4)
FNDA:0,(anonymous_5)
FNDA:0,(anonymous_6)
FNDA:0,(anonymous_7)
FNDA:0,(anonymous_8)
FNDA:0,(anonymous_9)
FNDA:0,(anonymous_10)
FNDA:0,(anonymous_11)
FNDA:0,(anonymous_12)
FNDA:0,(anonymous_13)
FNDA:0,(anonymous_14)
FNDA:0,(anonymous_15)
FNDA:0,(anonymous_16)
FNDA:0,(anonymous_17)
FNDA:0,(anonymous_18)
FNDA:0,(anonymous_19)
FNDA:0,(anonymous_20)
FNDA:0,(anonymous_21)
FNDA:0,(anonymous_22)
DA:3,1
DA:6,1
DA:8,1
DA:10,1
DA:12,1
DA:14,3
DA:22,1
DA:23,1
DA:24,1
DA:25,1
DA:35,0
DA:50,0
DA:51,0
DA:57,0
DA:72,0
DA:73,0
DA:80,0
DA:82,0
DA:83,0
DA:88,0
DA:91,0
DA:103,0
DA:104,0
DA:111,0
DA:113,0
DA:114,0
DA:118,0
DA:120,0
DA:121,0
DA:123,0
DA:124,0
DA:128,0
DA:130,0
DA:131,0
DA:135,0
DA:138,0
DA:148,0
DA:149,0
DA:163,0
DA:167,0
DA:171,0
DA:175,0
DA:185,0
DA:186,0
DA:187,0
DA:188,0
DA:190,0
DA:195,0
DA:203,0
DA:207,0
DA:211,0
DA:215,0
DA:225,0
DA:226,0
DA:227,0
DA:228,0
DA:229,0
DA:230,0
DA:231,0
DA:236,0
DA:237,0
DA:239,0
DA:241,0
DA:242,0
DA:247,0
DA:249,0
DA:250,0
DA:251,0
DA:252,0
DA:253,0
DA:255,0
DA:256,0
DA:257,0
DA:258,0
DA:259,0
DA:266,0
DA:268,0
DA:272,0
DA:275,0
DA:279,0
DA:283,0
DA:287,0
DA:293,0
DA:294,0
DA:296,0
DA:298,0
DA:299,0
DA:304,0
DA:306,0
DA:307,0
DA:308,0
DA:309,0
DA:311,0
DA:315,0
DA:318,0
DA:322,0
DA:328,0
DA:329,0
DA:331,0
DA:333,0
DA:334,0
DA:339,0
DA:341,0
DA:343,0
DA:344,0
DA:345,0
DA:346,0
DA:348,0
DA:352,0
DA:355,0
DA:359,0
DA:363,0
DA:367,0
DA:378,0
DA:379,0
DA:380,0
DA:381,0
DA:387,0
DA:388,0
DA:389,0
DA:390,0
DA:395,1
DA:397,1
LF:123
LH:12
BRDA:14,1,0,1
BRDA:14,1,1,2
BRDA:14,2,0,3
BRDA:14,2,1,3
BRDA:36,3,0,0
BRDA:36,3,1,0
BRDA:82,4,0,0
BRDA:82,4,1,0
BRDA:99,5,0,0
BRDA:99,5,1,0
BRDA:113,6,0,0
BRDA:113,6,1,0
BRDA:123,7,0,0
BRDA:123,7,1,0
BRDA:130,8,0,0
BRDA:130,8,1,0
BRDA:175,9,0,0
BRDA:175,9,1,0
BRDA:185,10,0,0
BRDA:185,10,1,0
BRDA:187,11,0,0
BRDA:187,11,1,0
BRDA:227,12,0,0
BRDA:227,12,1,0
BRDA:228,13,0,0
BRDA:228,13,1,0
BRDA:229,14,0,0
BRDA:229,14,1,0
BRDA:241,15,0,0
BRDA:241,15,1,0
BRDA:249,16,0,0
BRDA:249,16,1,0
BRDA:250,17,0,0
BRDA:250,17,1,0
BRDA:255,18,0,0
BRDA:255,18,1,0
BRDA:256,19,0,0
BRDA:256,19,1,0
BRDA:256,19,2,0
BRDA:298,20,0,0
BRDA:298,20,1,0
BRDA:306,21,0,0
BRDA:306,21,1,0
BRDA:307,22,0,0
BRDA:307,22,1,0
BRDA:333,23,0,0
BRDA:333,23,1,0
BRDA:341,24,0,0
BRDA:341,24,1,0
BRDA:343,25,0,0
BRDA:343,25,1,0
BRDA:344,26,0,0
BRDA:344,26,1,0
BRF:53
BRH:4
end_of_record
TN:
SF:/home/mhashim/Desktop/NewWork/AutoMart/build/src/models/user.js
FN:14,_interopRequireDefault
FN:29,(anonymous_2)
FN:40,(anonymous_3)
FN:67,(anonymous_4)
FN:99,(anonymous_5)
FN:103,(anonymous_6)
FN:111,(anonymous_7)
FN:115,(anonymous_8)
FN:119,(anonymous_9)
FN:123,(anonymous_10)
FN:133,(anonymous_11)
FN:148,(anonymous_12)
FNF:12
FNH:4
FNDA:3,_interopRequireDefault
FNDA:1,(anonymous_2)
FNDA:1,(anonymous_3)
FNDA:1,(anonymous_4)
FNDA:0,(anonymous_5)
FNDA:0,(anonymous_6)
FNDA:0,(anonymous_7)
FNDA:0,(anonymous_8)
FNDA:0,(anonymous_9)
FNDA:0,(anonymous_10)
FNDA:0,(anonymous_11)
FNDA:0,(anonymous_12)
DA:3,1
DA:6,1
DA:8,1
DA:10,1
DA:12,1
DA:14,3
DA:17,1
DA:19,1
DA:22,1
DA:30,1
DA:31,1
DA:42,1
DA:44,1
DA:48,1
DA:61,1
DA:62,1
DA:68,1
DA:69,1
DA:74,1
DA:76,1
DA:77,1
DA:78,1
DA:79,1
DA:81,1
DA:82,1
DA:84,0
DA:90,0
DA:100,0
DA:104,0
DA:112,0
DA:116,0
DA:120,0
DA:124,0
DA:134,0
DA:135,0
DA:136,0
DA:137,0
DA:138,0
DA:139,0
DA:140,0
DA:149,0
DA:150,0
DA:151,0
DA:152,0
DA:157,1
DA:159,1
LF:46
LH:27
BRDA:14,1,0,0
BRDA:14,1,1,3
BRDA:14,2,0,3
BRDA:14,2,1,3
BRDA:76,3,0,1
BRDA:76,3,1,0
BRDA:81,4,0,1
BRDA:81,4,1,0
BRDA:81,5,0,1
BRDA:81,5,1,1
BRDA:104,6,0,0
BRDA:104,6,1,0
BRDA:136,7,0,0
BRDA:136,7,1,0
BRDA:137,8,0,0
BRDA:137,8,1,0
BRDA:138,9,0,0
BRDA:138,9,1,0
BRF:18
BRH:7
end_of_record
TN:
SF:/home/mhashim/Desktop/NewWork/AutoMart/build/src/middlewares/key.js
FNF:0
FNH:0
DA:3,1
DA:6,1
DA:7,1
DA:8,1
LF:4
LH:4
BRF:0
BRH:0
end_of_record
TN:
SF:/home/mhashim/Desktop/NewWork/AutoMart/build/src/controllers/Cars.js
FN:10,_interopRequireDefault
FN:22,(anonymous_2)
FN:34,(anonymous_3)
FN:46,(anonymous_4)
FN:75,(anonymous_5)
FN:110,(anonymous_6)
FN:116,(anonymous_7)
FN:122,(anonymous_8)
FN:132,(anonymous_9)
FN:148,(anonymous_10)
FN:160,(anonymous_11)
FN:176,(anonymous_12)
FN:192,(anonymous_13)
FN:204,(anonymous_14)
FN:220,(anonymous_15)
FN:238,(anonymous_16)
FN:252,(anonymous_17)
FN:285,(anonymous_18)
FN:316,(anonymous_19)
FN:353,(anonymous_20)
FN:372,(anonymous_21)
FNF:21
FNH:6
FNDA:1,_interopRequireDefault
FNDA:0,(anonymous_2)
FNDA:0,(anonymous_3)
FNDA:1,(anonymous_4)
FNDA:0,(anonymous_5)
FNDA:0,(anonymous_6)
FNDA:0,(anonymous_7)
FNDA:0,(anonymous_8)
FNDA:0,(anonymous_9)
FNDA:0,(anonymous_10)
FNDA:0,(anonymous_11)
FNDA:1,(anonymous_12)
FNDA:0,(anonymous_13)
FNDA:2,(anonymous_14)
FNDA:0,(anonymous_15)
FNDA:0,(anonymous_16)
FNDA:0,(anonymous_17)
FNDA:1,(anonymous_18)
FNDA:2,(anonymous_19)
FNDA:0,(anonymous_20)
FNDA:0,(anonymous_21)
DA:3,1
DA:6,1
DA:8,1
DA:10,1
DA:13,1
DA:15,1
DA:23,0
DA:24,0
DA:29,0
DA:31,0
DA:35,0
DA:36,0
DA:41,0
DA:43,0
DA:47,1
DA:49,1
DA:50,0
DA:55,1
DA:57,1
DA:59,1
DA:60,1
DA:67,0
DA:76,0
DA:78,0
DA:79,0
DA:84,0
DA:86,0
DA:88,0
DA:89,0
DA:95,0
DA:111,0
DA:113,0
DA:117,0
DA:119,0
DA:123,0
DA:125,0
DA:133,0
DA:135,0
DA:149,0
DA:151,0
DA:152,0
DA:157,0
DA:161,0
DA:163,0
DA:164,0
DA:169,0
DA:177,1
DA:179,1
DA:180,0
DA:185,1
DA:193,0
DA:195,0
DA:196,0
DA:201,0
DA:205,2
DA:207,2
DA:208,0
DA:213,2
DA:221,0
DA:223,0
DA:224,0
DA:229,0
DA:239,0
DA:241,0
DA:242,0
DA:247,0
DA:249,0
DA:253,0
DA:254,0
DA:256,0
DA:264,0
DA:266,0
DA:267,0
DA:269,0
DA:270,0
DA:276,0
DA:286,1
DA:287,1
DA:289,1
DA:297,1
DA:299,1
DA:301,1
DA:302,1
DA:308,0
DA:317,2
DA:318,2
DA:320,2
DA:328,2
DA:330,2
DA:332,2
DA:333,0
DA:339,2
DA:354,0
DA:356,0
DA:357,0
DA:362,0
DA:364,0
DA:366,0
DA:373,0
DA:375,0
DA:376,0
DA:381,0
DA:383,0
DA:387,1
DA:388,1
LF:105
LH:34
BRDA:10,1,0,1
BRDA:10,1,1,0
BRDA:10,2,0,1
BRDA:10,2,1,1
BRDA:23,3,0,0
BRDA:23,3,1,0
BRDA:23,4,0,0
BRDA:23,4,1,0
BRDA:23,4,2,0
BRDA:35,5,0,0
BRDA:35,5,1,0
BRDA:35,6,0,0
BRDA:35,6,1,0
BRDA:35,6,2,0
BRDA:49,7,0,0
BRDA:49,7,1,1
BRDA:49,8,0,1
BRDA:49,8,1,1
BRDA:59,9,0,1
BRDA:59,9,1,0
BRDA:78,10,0,0
BRDA:78,10,1,0
BRDA:88,11,0,0
BRDA:88,11,1,0
BRDA:151,12,0,0
BRDA:151,12,1,0
BRDA:163,13,0,0
BRDA:163,13,1,0
BRDA:179,14,0,0
BRDA:179,14,1,1
BRDA:195,15,0,0
BRDA:195,15,1,0
BRDA:207,16,0,0
BRDA:207,16,1,2
BRDA:223,17,0,0
BRDA:223,17,1,0
BRDA:241,18,0,0
BRDA:241,18,1,0
BRDA:269,19,0,0
BRDA:269,19,1,0
BRDA:301,20,0,1
BRDA:301,20,1,0
BRDA:332,21,0,0
BRDA:332,21,1,2
BRDA:356,22,0,0
BRDA:356,22,1,0
BRDA:375,23,0,0
BRDA:375,23,1,0
BRF:48
BRH:11
end_of_record
TN:
SF:/home/mhashim/Desktop/NewWork/AutoMart/build/src/models/Cars.js
FN:14,_interopRequireDefault
FN:21,(anonymous_2)
FN:34,(anonymous_3)
FN:56,(anonymous_4)
FN:78,(anonymous_5)
FN:110,(anonymous_6)
FN:162,(anonymous_7)
FN:166,(anonymous_8)
FN:170,(anonymous_9)
FN:174,(anonymous_10)
FN:178,(anonymous_11)
FN:194,(anonymous_12)
FN:202,(anonymous_13)
FN:206,(anonymous_14)
FN:210,(anonymous_15)
FN:214,(anonymous_16)
FN:224,(anonymous_17)
FN:234,(anonymous_18)
FN:292,(anonymous_19)
FN:327,(anonymous_20)
FN:377,(anonymous_21)
FN:386,(anonymous_22)
FNF:22
FNH:7
FNDA:3,_interopRequireDefault
FNDA:1,(anonymous_2)
FNDA:0,(anonymous_3)
FNDA:0,(anonymous_4)
FNDA:1,(anonymous_5)
FNDA:0,(anonymous_6)
FNDA:0,(anonymous_7)
FNDA:0,(anonymous_8)
FNDA:7,(anonymous_9)
FNDA:0,(anonymous_10)
FNDA:2,(anonymous_11)
FNDA:0,(anonymous_12)
FNDA:0,(anonymous_13)
FNDA:0,(anonymous_14)
FNDA:0,(anonymous_15)
FNDA:0,(anonymous_16)
FNDA:0,(anonymous_17)
FNDA:0,(anonymous_18)
FNDA:1,(anonymous_19)
FNDA:2,(anonymous_20)
FNDA:0,(anonymous_21)
FNDA:0,(anonymous_22)
DA:3,1
DA:6,1
DA:8,1
DA:10,1
DA:12,1
DA:14,3
DA:22,1
DA:23,1
DA:24,1
DA:25,1
DA:35,0
DA:50,0
DA:51,0
DA:57,0
DA:72,0
DA:73,0
DA:80,1
DA:82,1
DA:83,0
DA:88,0
DA:91,1
DA:103,1
DA:104,1
DA:111,0
DA:113,0
DA:114,0
DA:118,0
DA:120,0
DA:121,0
DA:123,0
DA:124,0
DA:128,0
DA:130,0
DA:131,0
DA:135,0
DA:138,0
DA:148,0
DA:149,0
DA:163,0
DA:167,0
DA:171,7
DA:175,0
DA:185,2
DA:186,2
DA:187,0
DA:188,0
DA:190,0
DA:195,0
DA:203,0
DA:207,0
DA:211,0
DA:215,0
DA:225,0
DA:226,0
DA:227,0
DA:228,0
DA:229,0
DA:230,0
DA:231,0
DA:236,0
DA:237,0
DA:239,0
DA:241,0
DA:242,0
DA:247,0
DA:249,0
DA:250,0
DA:251,0
DA:252,0
DA:253,0
DA:255,0
DA:256,0
DA:257,0
DA:258,0
DA:259,0
DA:266,0
DA:268,0
DA:272,0
DA:275,0
DA:279,0
DA:283,0
DA:287,0
DA:293,1
DA:294,1
DA:296,1
DA:298,1
DA:299,0
DA:304,0
DA:306,1
DA:307,1
DA:308,1
DA:309,1
DA:311,0
DA:315,0
DA:318,0
DA:322,0
DA:328,2
DA:329,2
DA:331,2
DA:333,2
DA:334,0
DA:339,0
DA:341,2
DA:343,1
DA:344,0
DA:345,0
DA:346,0
DA:348,0
DA:352,0
DA:355,1
DA:359,1
DA:363,1
DA:367,1
DA:378,0
DA:379,0
DA:380,0
DA:381,0
DA:387,0
DA:388,0
DA:389,0
DA:390,0
DA:395,1
DA:397,1
LF:123
LH:38
BRDA:14,1,0,1
BRDA:14,1,1,2
BRDA:14,2,0,3
BRDA:14,2,1,3
BRDA:36,3,0,0
BRDA:36,3,1,0
BRDA:82,4,0,0
BRDA:82,4,1,1
BRDA:99,5,0,1
BRDA:99,5,1,1
BRDA:113,6,0,0
BRDA:113,6,1,0
BRDA:123,7,0,0
BRDA:123,7,1,0
BRDA:130,8,0,0
BRDA:130,8,1,0
BRDA:175,9,0,0
BRDA:175,9,1,0
BRDA:185,10,0,2
BRDA:185,10,1,0
BRDA:187,11,0,0
BRDA:187,11,1,0
BRDA:227,12,0,0
BRDA:227,12,1,0
BRDA:228,13,0,0
BRDA:228,13,1,0
BRDA:229,14,0,0
BRDA:229,14,1,0
BRDA:241,15,0,0
BRDA:241,15,1,0
BRDA:249,16,0,0
BRDA:249,16,1,0
BRDA:250,17,0,0
BRDA:250,17,1,0
BRDA:255,18,0,0
BRDA:255,18,1,0
BRDA:256,19,0,0
BRDA:256,19,1,0
BRDA:256,19,2,0
BRDA:298,20,0,0
BRDA:298,20,1,1
BRDA:306,21,0,1
BRDA:306,21,1,0
BRDA:307,22,0,1
BRDA:307,22,1,0
BRDA:333,23,0,0
BRDA:333,23,1,2
BRDA:341,24,0,1
BRDA:341,24,1,1
BRDA:343,25,0,0
BRDA:343,25,1,1
BRDA:344,26,0,0
BRDA:344,26,1,0
BRF:53
BRH:15
end_of_record
TN:
SF:/home/mhashim/Desktop/NewWork/AutoMart/build/src/controllers/Orders.js
FN:12,_interopRequireDefault
FN:23,(anonymous_2)
FN:35,(anonymous_3)
FN:47,(anonymous_4)
FN:76,(anonymous_5)
FN:111,(anonymous_6)
FN:117,(anonymous_7)
FN:123,(anonymous_8)
FN:133,(anonymous_9)
FN:149,(anonymous_10)
FN:161,(anonymous_11)
FN:177,(anonymous_12)
FN:193,(anonymous_13)
FN:205,(anonymous_14)
FN:221,(anonymous_15)
FN:239,(anonymous_16)
FN:253,(anonymous_17)
FN:286,(anonymous_18)
FN:317,(anonymous_19)
FN:354,(anonymous_20)
FN:373,(anonymous_21)
FNF:21
FNH:4
FNDA:2,_interopRequireDefault
FNDA:0,(anonymous_2)
FNDA:0,(anonymous_3)
FNDA:0,(anonymous_4)
FNDA:1,(anonymous_5)
FNDA:0,(anonymous_6)
FNDA:0,(anonymous_7)
FNDA:0,(anonymous_8)
FNDA:1,(anonymous_9)
FNDA:0,(anonymous_10)
FNDA:1,(anonymous_11)
FNDA:0,(anonymous_12)
FNDA:0,(anonymous_13)
FNDA:0,(anonymous_14)
FNDA:0,(anonymous_15)
FNDA:0,(anonymous_16)
FNDA:0,(anonymous_17)
FNDA:0,(anonymous_18)
FNDA:0,(anonymous_19)
FNDA:0,(anonymous_20)
FNDA:0,(anonymous_21)
DA:3,1
DA:6,1
DA:8,1
DA:10,1
DA:12,2
DA:14,1
DA:16,1
DA:24,0
DA:25,0
DA:30,0
DA:32,0
DA:36,0
DA:37,0
DA:42,0
DA:44,0
DA:48,0
DA:50,0
DA:51,0
DA:56,0
DA:58,0
DA:60,0
DA:61,0
DA:68,0
DA:77,1
DA:79,1
DA:80,0
DA:85,1
DA:87,1
DA:89,1
DA:90,1
DA:96,0
DA:112,0
DA:114,0
DA:118,0
DA:120,0
DA:124,0
DA:126,0
DA:134,1
DA:136,1
DA:150,0
DA:152,0
DA:153,0
DA:158,0
DA:162,1
DA:164,1
DA:165,0
DA:170,1
DA:178,0
DA:180,0
DA:181,0
DA:186,0
DA:194,0
DA:196,0
DA:197,0
DA:202,0
DA:206,0
DA:208,0
DA:209,0
DA:214,0
DA:222,0
DA:224,0
DA:225,0
DA:230,0
DA:240,0
DA:242,0
DA:243,0
DA:248,0
DA:250,0
DA:254,0
DA:255,0
DA:257,0
DA:265,0
DA:267,0
DA:268,0
DA:270,0
DA:271,0
DA:277,0
DA:287,0
DA:288,0
DA:290,0
DA:298,0
DA:300,0
DA:302,0
DA:303,0
DA:309,0
DA:318,0
DA:319,0
DA:321,0
DA:329,0
DA:331,0
DA:333,0
DA:334,0
DA:340,0
DA:355,0
DA:357,0
DA:358,0
DA:363,0
DA:365,0
DA:367,0
DA:374,0
DA:376,0
DA:377,0
DA:382,0
DA:384,0
DA:388,1
DA:389,1
LF:106
LH:20
BRDA:12,1,0,2
BRDA:12,1,1,0
BRDA:12,2,0,2
BRDA:12,2,1,2
BRDA:24,3,0,0
BRDA:24,3,1,0
BRDA:24,4,0,0
BRDA:24,4,1,0
BRDA:24,4,2,0
BRDA:36,5,0,0
BRDA:36,5,1,0
BRDA:36,6,0,0
BRDA:36,6,1,0
BRDA:36,6,2,0
BRDA:50,7,0,0
BRDA:50,7,1,0
BRDA:50,8,0,0
BRDA:50,8,1,0
BRDA:60,9,0,0
BRDA:60,9,1,0
BRDA:79,10,0,0
BRDA:79,10,1,1
BRDA:89,11,0,1
BRDA:89,11,1,0
BRDA:152,12,0,0
BRDA:152,12,1,0
BRDA:164,13,0,0
BRDA:164,13,1,1
BRDA:180,14,0,0
BRDA:180,14,1,0
BRDA:196,15,0,0
BRDA:196,15,1,0
BRDA:208,16,0,0
BRDA:208,16,1,0
BRDA:224,17,0,0
BRDA:224,17,1,0
BRDA:242,18,0,0
BRDA:242,18,1,0
BRDA:270,19,0,0
BRDA:270,19,1,0
BRDA:302,20,0,0
BRDA:302,20,1,0
BRDA:333,21,0,0
BRDA:333,21,1,0
BRDA:357,22,0,0
BRDA:357,22,1,0
BRDA:376,23,0,0
BRDA:376,23,1,0
BRF:48
BRH:6
end_of_record
TN:
SF:/home/mhashim/Desktop/NewWork/AutoMart/build/src/models/Orders.js
FN:16,_interopRequireDefault
FN:23,(anonymous_2)
FN:36,(anonymous_3)
FN:58,(anonymous_4)
FN:80,(anonymous_5)
FN:112,(anonymous_6)
FN:167,(anonymous_7)
FN:171,(anonymous_8)
FN:175,(anonymous_9)
FN:179,(anonymous_10)
FN:183,(anonymous_11)
FN:199,(anonymous_12)
FN:207,(anonymous_13)
FN:211,(anonymous_14)
FN:215,(anonymous_15)
FN:219,(anonymous_16)
FN:229,(anonymous_17)
FN:239,(anonymous_18)
FN:298,(anonymous_19)
FN:333,(anonymous_20)
FN:383,(anonymous_21)
FN:392,(anonymous_22)
FNF:22
FNH:5
FNDA:4,_interopRequireDefault
FNDA:1,(anonymous_2)
FNDA:0,(anonymous_3)
FNDA:0,(anonymous_4)
FNDA:0,(anonymous_5)
FNDA:1,(anonymous_6)
FNDA:0,(anonymous_7)
FNDA:1,(anonymous_8)
FNDA:0,(anonymous_9)
FNDA:0,(anonymous_10)
FNDA:0,(anonymous_11)
FNDA:0,(anonymous_12)
FNDA:0,(anonymous_13)
FNDA:0,(anonymous_14)
FNDA:0,(anonymous_15)
FNDA:1,(anonymous_16)
FNDA:0,(anonymous_17)
FNDA:0,(anonymous_18)
FNDA:0,(anonymous_19)
FNDA:0,(anonymous_20)
FNDA:0,(anonymous_21)
FNDA:0,(anonymous_22)
DA:3,1
DA:6,1
DA:8,1
DA:10,1
DA:12,1
DA:14,1
DA:16,4
DA:24,1
DA:25,1
DA:26,1
DA:27,1
DA:37,0
DA:52,0
DA:53,0
DA:59,0
DA:74,0
DA:75,0
DA:82,0
DA:84,0
DA:85,0
DA:90,0
DA:93,0
DA:105,0
DA:106,0
DA:113,1
DA:115,1
DA:117,1
DA:118,0
DA:122,0
DA:124,1
DA:126,1
DA:128,1
DA:129,0
DA:133,0
DA:135,1
DA:136,0
DA:140,0
DA:143,1
DA:153,1
DA:154,1
DA:168,0
DA:172,1
DA:176,0
DA:180,0
DA:190,0
DA:191,0
DA:192,0
DA:193,0
DA:195,0
DA:200,0
DA:208,0
DA:212,0
DA:216,0
DA:220,1
DA:230,0
DA:231,0
DA:232,0
DA:233,0
DA:234,0
DA:235,0
DA:236,0
DA:241,0
DA:242,0
DA:244,0
DA:246,0
DA:247,0
DA:252,0
DA:254,0
DA:255,0
DA:256,0
DA:257,0
DA:259,0
DA:261,0
DA:262,0
DA:263,0
DA:264,0
DA:265,0
DA:272,0
DA:274,0
DA:278,0
DA:281,0
DA:285,0
DA:289,0
DA:293,0
DA:299,0
DA:300,0
DA:302,0
DA:304,0
DA:305,0
DA:310,0
DA:312,0
DA:313,0
DA:314,0
DA:315,0
DA:317,0
DA:321,0
DA:324,0
DA:328,0
DA:334,0
DA:335,0
DA:337,0
DA:339,0
DA:340,0
DA:345,0
DA:347,0
DA:349,0
DA:350,0
DA:351,0
DA:352,0
DA:354,0
DA:358,0
DA:361,0
DA:365,0
DA:369,0
DA:373,0
DA:384,0
DA:385,0
DA:386,0
DA:387,0
DA:393,0
DA:394,0
DA:395,0
DA:396,0
DA:401,1
DA:403,1
LF:125
LH:25
BRDA:16,1,0,2
BRDA:16,1,1,2
BRDA:16,2,0,4
BRDA:16,2,1,4
BRDA:38,3,0,0
BRDA:38,3,1,0
BRDA:84,4,0,0
BRDA:84,4,1,0
BRDA:101,5,0,0
BRDA:101,5,1,0
BRDA:117,6,0,0
BRDA:117,6,1,1
BRDA:128,7,0,0
BRDA:128,7,1,1
BRDA:135,8,0,0
BRDA:135,8,1,1
BRDA:180,9,0,0
BRDA:180,9,1,0
BRDA:190,10,0,0
BRDA:190,10,1,0
BRDA:192,11,0,0
BRDA:192,11,1,0
BRDA:232,12,0,0
BRDA:232,12,1,0
BRDA:233,13,0,0
BRDA:233,13,1,0
BRDA:234,14,0,0
BRDA:234,14,1,0
BRDA:246,15,0,0
BRDA:246,15,1,0
BRDA:254,16,0,0
BRDA:254,16,1,0
BRDA:255,17,0,0
BRDA:255,17,1,0
BRDA:261,18,0,0
BRDA:261,18,1,0
BRDA:262,19,0,0
BRDA:262,19,1,0
BRDA:262,19,2,0
BRDA:304,20,0,0
BRDA:304,20,1,0
BRDA:312,21,0,0
BRDA:312,21,1,0
BRDA:313,22,0,0
BRDA:313,22,1,0
BRDA:339,23,0,0
BRDA:339,23,1,0
BRDA:347,24,0,0
BRDA:347,24,1,0
BRDA:349,25,0,0
BRDA:349,25,1,0
BRDA:350,26,0,0
BRDA:350,26,1,0
BRF:53
BRH:7
end_of_record
TN:
SF:/home/mhashim/Desktop/NewWork/AutoMart/build/src/controllers/user.js
FN:10,_interopRequireDefault
FN:15,(anonymous_2)
FN:31,(anonymous_3)
FN:43,(anonymous_4)
FN:49,(anonymous_5)
FN:55,(anonymous_6)
FNF:6
FNH:3
FNDA:1,_interopRequireDefault
FNDA:1,(anonymous_2)
FNDA:0,(anonymous_3)
FNDA:0,(anonymous_4)
FNDA:0,(anonymous_5)
FNDA:1,(anonymous_6)
DA:3,1
DA:6,1
DA:8,1
DA:10,1
DA:12,1
DA:14,1
DA:16,1
DA:17,0
DA:22,1
DA:24,1
DA:32,0
DA:33,0
DA:38,0
DA:40,0
DA:44,0
DA:46,0
DA:50,0
DA:52,0
DA:57,1
DA:59,1
DA:60,1
DA:62,1
DA:63,0
DA:69,1
DA:80,1
DA:81,1
LF:26
LH:16
BRDA:10,1,0,1
BRDA:10,1,1,0
BRDA:10,2,0,1
BRDA:10,2,1,1
BRDA:16,3,0,0
BRDA:16,3,1,1
BRDA:16,4,0,1
BRDA:16,4,1,1
BRDA:16,4,2,1
BRDA:16,4,3,1
BRDA:16,4,4,1
BRDA:32,5,0,0
BRDA:32,5,1,0
BRDA:32,6,0,0
BRDA:32,6,1,0
BRDA:32,6,2,0
BRDA:62,7,0,0
BRDA:62,7,1,1
BRF:18
BRH:10
end_of_record
TN:
SF:/home/mhashim/Desktop/NewWork/AutoMart/build/src/middlewares/authenticationMiddleware.js
FN:11,_interopRequireDefault
FNF:1
FNH:1
FNDA:4,_interopRequireDefault
DA:3,1
DA:5,1
DA:7,1
DA:9,1
DA:11,4
DA:14,1
DA:16,1
DA:17,1
DA:19,1
DA:21,6
DA:23,6
DA:26,6
DA:28,6
DA:29,0
DA:30,0
DA:39,6
DA:40,6
DA:45,0
LF:18
LH:15
BRDA:11,1,0,2
BRDA:11,1,1,2
BRDA:11,2,0,4
BRDA:11,2,1,4
BRDA:23,3,0,6
BRDA:23,3,1,0
BRDA:28,4,0,0
BRDA:28,4,1,6
BRF:8
BRH:6
end_of_record
TN:
SF:/home/mhashim/Desktop/NewWork/AutoMart/build/src/middlewares/authenticonAdmin.js
FN:13,_interopRequireDefault
FNF:1
FNH:1
FNDA:5,_interopRequireDefault
DA:3,1
DA:5,1
DA:7,1
DA:9,1
DA:11,1
DA:13,5
DA:16,1
DA:18,1
DA:19,1
DA:21,1
DA:23,1
DA:25,1
DA:29,1
DA:32,1
DA:34,1
DA:36,0
DA:44,1
DA:45,1
DA:47,1
DA:49,1
DA:52,1
DA:53,1
DA:55,0
DA:64,0
DA:76,0
LF:25
LH:21
BRDA:13,1,0,3
BRDA:13,1,1,2
BRDA:13,2,0,5
BRDA:13,2,1,5
BRDA:29,3,0,1
BRDA:29,3,1,0
BRDA:34,4,0,0
BRDA:34,4,1,1
BRDA:44,5,0,1
BRDA:44,5,1,0
BRDA:49,6,0,1
BRDA:49,6,1,0
BRF:12
BRH:8
end_of_record
TN:
SF:/home/mhashim/Desktop/NewWork/AutoMart/build/src/middlewares/createAdVali.js
FN:11,_interopRequireDefault
FNF:1
FNH:1
FNDA:4,_interopRequireDefault
DA:3,1
DA:5,1
DA:7,1
DA:9,1
DA:11,4
DA:14,1
DA:16,1
DA:18,1
DA:19,1
DA:21,1
DA:22,1
DA:23,1
DA:27,1
DA:28,1
DA:29,0
DA:31,0
DA:36,1
LF:17
LH:15
BRDA:11,1,0,2
BRDA:11,1,1,2
BRDA:11,2,0,4
BRDA:11,2,1,4
BRDA:28,3,0,0
BRDA:28,3,1,1
BRF:6
BRH:5
end_of_record
TN:
SF:/home/mhashim/Desktop/NewWork/AutoMart/build/src/middlewares/createOrderVali.js
FN:11,_interopRequireDefault
FNF:1
FNH:1
FNDA:4,_interopRequireDefault
DA:3,1
DA:5,1
DA:7,1
DA:9,1
DA:11,4
DA:14,1
DA:16,1
DA:18,1
DA:19,1
DA:21,1
DA:22,1
DA:23,1
DA:26,1
DA:27,1
DA:28,0
DA:30,0
DA:35,1
LF:17
LH:15
BRDA:11,1,0,2
BRDA:11,1,1,2
BRDA:11,2,0,4
BRDA:11,2,1,4
BRDA:27,3,0,0
BRDA:27,3,1,1
BRF:6
BRH:5
end_of_record
TN:
SF:/home/mhashim/Desktop/NewWork/AutoMart/build/src/middlewares/UpdatecarAdVali.js
FN:11,_interopRequireDefault
FNF:1
FNH:1
FNDA:4,_interopRequireDefault
DA:3,1
DA:5,1
DA:7,1
DA:9,1
DA:11,4
DA:14,1
DA:16,1
DA:18,1
DA:19,1
DA:21,1
DA:22,2
DA:23,2
DA:26,2
DA:27,2
DA:28,0
DA:30,0
DA:35,2
LF:17
LH:15
BRDA:11,1,0,2
BRDA:11,1,1,2
BRDA:11,2,0,4
BRDA:11,2,1,4
BRDA:27,3,0,0
BRDA:27,3,1,2
BRF:6
BRH:5
end_of_record
TN:
SF:/home/mhashim/Desktop/NewWork/AutoMart/build/src/middlewares/UpdateOrderVali.js
FN:11,_interopRequireDefault
FNF:1
FNH:1
FNDA:4,_interopRequireDefault
DA:3,1
DA:5,1
DA:7,1
DA:9,1
DA:11,4
DA:14,1
DA:16,1
DA:18,1
DA:19,1
DA:21,1
DA:22,0
DA:23,0
DA:26,0
DA:27,0
DA:28,0
DA:30,0
DA:35,0
LF:17
LH:10
BRDA:11,1,0,2
BRDA:11,1,1,2
BRDA:11,2,0,4
BRDA:11,2,1,4
BRDA:27,3,0,0
BRDA:27,3,1,0
BRF:6
BRH:4
end_of_record
TN:
SF:/home/mhashim/Desktop/NewWork/AutoMart/build/src/middlewares/SignupVali.js
FN:11,_interopRequireDefault
FNF:1
FNH:1
FNDA:4,_interopRequireDefault
DA:3,1
DA:5,1
DA:7,1
DA:9,1
DA:11,4
DA:14,1
DA:16,1
DA:18,1
DA:19,1
DA:21,1
DA:22,1
DA:23,1
DA:31,1
DA:32,1
DA:33,0
DA:35,0
DA:40,1
LF:17
LH:15
BRDA:11,1,0,2
BRDA:11,1,1,2
BRDA:11,2,0,4
BRDA:11,2,1,4
BRDA:32,3,0,0
BRDA:32,3,1,1
BRF:6
BRH:5
end_of_record
TN:
SF:/home/mhashim/Desktop/NewWork/AutoMart/build/src/middlewares/SigninVali.js
FN:11,_interopRequireDefault
FNF:1
FNH:1
FNDA:4,_interopRequireDefault
DA:3,1
DA:5,1
DA:7,1
DA:9,1
DA:11,4
DA:14,1
DA:16,1
DA:18,1
DA:19,1
DA:21,1
DA:22,1
DA:23,1
DA:27,1
DA:28,1
DA:29,0
DA:31,0
DA:36,1
LF:17
LH:15
BRDA:11,1,0,2
BRDA:11,1,1,2
BRDA:11,2,0,4
BRDA:11,2,1,4
BRDA:28,3,0,0
BRDA:28,3,1,1
BRF:6
BRH:5
end_of_record
