TN:
SF:/home/mhashim/Desktop/NewWork/AutoMart/db.js
FN:11,(anonymous_0)
FN:16,(anonymous_1)
FNF:2
FNH:2
FNDA:2,(anonymous_0)
FNDA:1,(anonymous_1)
DA:1,1
DA:2,1
DA:4,1
DA:6,1
DA:11,1
DA:12,2
DA:16,1
DA:18,1
DA:58,1
DA:62,1
DA:66,1
LF:11
LH:11
BRF:0
BRH:0
end_of_record
TN:
SF:/home/mhashim/Desktop/NewWork/AutoMart/server.js
FN:19,(anonymous_1)
FNF:1
FNH:0
FNDA:0,(anonymous_1)
DA:2,1
DA:4,1
DA:5,1
DA:6,1
DA:7,1
DA:8,1
DA:9,1
DA:10,1
DA:11,1
DA:12,1
DA:13,1
DA:14,1
DA:15,1
DA:17,1
DA:19,1
DA:20,0
DA:23,1
DA:27,1
DA:31,1
DA:33,1
DA:34,1
DA:35,1
DA:36,1
DA:39,1
DA:40,1
DA:41,1
DA:42,1
DA:46,1
DA:56,1
DA:57,1
DA:59,1
LF:31
LH:30
BRF:0
BRH:0
end_of_record
TN:
SF:/home/mhashim/Desktop/NewWork/AutoMart/src/controllers/Cars.js
FN:15,(anonymous_1)
FN:67,(anonymous_2)
FN:91,(anonymous_3)
FN:96,(anonymous_4)
FN:101,(anonymous_5)
FN:107,(anonymous_6)
FN:118,(anonymous_7)
FN:126,(anonymous_8)
FN:134,(anonymous_9)
FN:142,(anonymous_10)
FN:152,(anonymous_11)
FN:161,(anonymous_12)
FN:177,(anonymous_13)
FN:186,(anonymous_14)
FN:210,(anonymous_15)
FN:234,(anonymous_16)
FN:267,(anonymous_17)
FN:282,(anonymous_18)
FNF:18
FNH:5
FNDA:1,(anonymous_1)
FNDA:0,(anonymous_2)
FNDA:0,(anonymous_3)
FNDA:0,(anonymous_4)
FNDA:0,(anonymous_5)
FNDA:0,(anonymous_6)
FNDA:0,(anonymous_7)
FNDA:0,(anonymous_8)
FNDA:1,(anonymous_9)
FNDA:0,(anonymous_10)
FNDA:2,(anonymous_11)
FNDA:0,(anonymous_12)
FNDA:0,(anonymous_13)
FNDA:0,(anonymous_14)
FNDA:1,(anonymous_15)
FNDA:2,(anonymous_16)
FNDA:0,(anonymous_17)
FNDA:0,(anonymous_18)
DA:2,1
DA:3,1
DA:5,1
DA:7,1
DA:16,1
DA:18,1
DA:19,0
DA:21,1
DA:22,1
DA:24,1
DA:26,1
DA:30,1
DA:42,1
DA:43,1
DA:44,1
DA:48,0
DA:61,0
DA:68,0
DA:70,0
DA:71,0
DA:73,0
DA:74,0
DA:75,0
DA:76,0
DA:79,0
DA:92,0
DA:93,0
DA:97,0
DA:98,0
DA:102,0
DA:103,0
DA:108,0
DA:109,0
DA:119,0
DA:120,0
DA:121,0
DA:123,0
DA:127,0
DA:128,0
DA:129,0
DA:131,0
DA:135,1
DA:136,1
DA:137,0
DA:139,1
DA:144,0
DA:145,0
DA:146,0
DA:148,0
DA:154,2
DA:155,2
DA:156,0
DA:158,2
DA:163,0
DA:164,0
DA:165,0
DA:167,0
DA:178,0
DA:179,0
DA:180,0
DA:182,0
DA:183,0
DA:187,0
DA:188,0
DA:189,0
DA:195,0
DA:196,0
DA:197,0
DA:198,0
DA:199,0
DA:202,0
DA:213,1
DA:214,1
DA:215,1
DA:221,1
DA:222,1
DA:223,1
DA:224,1
DA:227,0
DA:235,2
DA:236,2
DA:237,2
DA:243,2
DA:244,2
DA:245,2
DA:246,0
DA:249,2
DA:268,0
DA:269,0
DA:270,0
DA:273,0
DA:274,0
DA:275,0
DA:283,0
DA:284,0
DA:285,0
DA:287,0
DA:288,0
DA:292,1
LF:99
LH:35
BRDA:18,0,0,0
BRDA:18,0,1,1
BRDA:18,1,0,1
BRDA:18,1,1,1
BRDA:24,2,0,1
BRDA:24,2,1,0
BRDA:70,3,0,0
BRDA:70,3,1,0
BRDA:75,4,0,0
BRDA:75,4,1,0
BRDA:120,5,0,0
BRDA:120,5,1,0
BRDA:128,6,0,0
BRDA:128,6,1,0
BRDA:136,7,0,0
BRDA:136,7,1,1
BRDA:145,8,0,0
BRDA:145,8,1,0
BRDA:155,9,0,0
BRDA:155,9,1,2
BRDA:164,10,0,0
BRDA:164,10,1,0
BRDA:179,11,0,0
BRDA:179,11,1,0
BRDA:198,12,0,0
BRDA:198,12,1,0
BRDA:223,13,0,1
BRDA:223,13,1,0
BRDA:245,14,0,0
BRDA:245,14,1,2
BRDA:269,15,0,0
BRDA:269,15,1,0
BRDA:284,16,0,0
BRDA:284,16,1,0
BRF:34
BRH:8
end_of_record
TN:
SF:/home/mhashim/Desktop/NewWork/AutoMart/src/controllers/Orders.js
FN:13,(anonymous_1)
FN:34,(anonymous_2)
FN:89,(anonymous_3)
FN:94,(anonymous_4)
FN:99,(anonymous_5)
FN:105,(anonymous_6)
FN:116,(anonymous_7)
FN:124,(anonymous_8)
FN:132,(anonymous_9)
FN:140,(anonymous_10)
FN:150,(anonymous_11)
FN:159,(anonymous_12)
FN:175,(anonymous_13)
FN:184,(anonymous_14)
FN:208,(anonymous_15)
FN:232,(anonymous_16)
FN:265,(anonymous_17)
FN:280,(anonymous_18)
FNF:18
FNH:3
FNDA:0,(anonymous_1)
FNDA:1,(anonymous_2)
FNDA:0,(anonymous_3)
FNDA:0,(anonymous_4)
FNDA:0,(anonymous_5)
FNDA:1,(anonymous_6)
FNDA:0,(anonymous_7)
FNDA:1,(anonymous_8)
FNDA:0,(anonymous_9)
FNDA:0,(anonymous_10)
FNDA:0,(anonymous_11)
FNDA:0,(anonymous_12)
FNDA:0,(anonymous_13)
FNDA:0,(anonymous_14)
FNDA:0,(anonymous_15)
FNDA:0,(anonymous_16)
FNDA:0,(anonymous_17)
FNDA:0,(anonymous_18)
DA:1,1
DA:2,1
DA:3,1
DA:5,1
DA:14,0
DA:16,0
DA:17,0
DA:19,0
DA:20,0
DA:22,0
DA:23,0
DA:28,0
DA:35,1
DA:37,1
DA:38,0
DA:40,1
DA:41,1
DA:42,1
DA:45,1
DA:46,1
DA:50,1
DA:60,1
DA:61,1
DA:63,1
DA:67,0
DA:77,0
DA:90,0
DA:91,0
DA:95,0
DA:96,0
DA:100,0
DA:101,0
DA:106,1
DA:107,1
DA:117,0
DA:118,0
DA:119,0
DA:121,0
DA:125,1
DA:126,1
DA:127,0
DA:129,1
DA:133,0
DA:134,0
DA:135,0
DA:137,0
DA:142,0
DA:143,0
DA:144,0
DA:146,0
DA:152,0
DA:153,0
DA:154,0
DA:156,0
DA:161,0
DA:162,0
DA:163,0
DA:165,0
DA:176,0
DA:177,0
DA:178,0
DA:180,0
DA:181,0
DA:185,0
DA:186,0
DA:187,0
DA:193,0
DA:194,0
DA:195,0
DA:196,0
DA:197,0
DA:200,0
DA:211,0
DA:212,0
DA:213,0
DA:219,0
DA:220,0
DA:221,0
DA:222,0
DA:225,0
DA:233,0
DA:234,0
DA:235,0
DA:241,0
DA:242,0
DA:243,0
DA:244,0
DA:247,0
DA:266,0
DA:267,0
DA:268,0
DA:271,0
DA:272,0
DA:273,0
DA:281,0
DA:282,0
DA:283,0
DA:285,0
DA:286,0
DA:290,1
LF:100
LH:21
BRDA:16,0,0,0
BRDA:16,0,1,0
BRDA:16,1,0,0
BRDA:16,1,1,0
BRDA:22,2,0,0
BRDA:22,2,1,0
BRDA:37,3,0,0
BRDA:37,3,1,1
BRDA:42,4,0,1
BRDA:42,4,1,0
BRDA:118,5,0,0
BRDA:118,5,1,0
BRDA:126,6,0,0
BRDA:126,6,1,1
BRDA:134,7,0,0
BRDA:134,7,1,0
BRDA:143,8,0,0
BRDA:143,8,1,0
BRDA:153,9,0,0
BRDA:153,9,1,0
BRDA:162,10,0,0
BRDA:162,10,1,0
BRDA:177,11,0,0
BRDA:177,11,1,0
BRDA:196,12,0,0
BRDA:196,12,1,0
BRDA:221,13,0,0
BRDA:221,13,1,0
BRDA:243,14,0,0
BRDA:243,14,1,0
BRDA:267,15,0,0
BRDA:267,15,1,0
BRDA:282,16,0,0
BRDA:282,16,1,0
BRF:34
BRH:3
end_of_record
TN:
SF:/home/mhashim/Desktop/NewWork/AutoMart/src/controllers/user.js
FN:7,(anonymous_1)
FN:40,(anonymous_2)
FN:47,(anonymous_3)
FN:51,(anonymous_4)
FN:57,(anonymous_5)
FNF:5
FNH:2
FNDA:1,(anonymous_1)
FNDA:0,(anonymous_2)
FNDA:0,(anonymous_3)
FNDA:0,(anonymous_4)
FNDA:1,(anonymous_5)
DA:1,1
DA:2,1
DA:3,1
DA:4,1
DA:5,1
DA:8,1
DA:10,1
DA:14,1
DA:29,1
DA:30,1
DA:31,1
DA:35,0
DA:41,0
DA:42,0
DA:44,0
DA:45,0
DA:48,0
DA:49,0
DA:52,0
DA:53,0
DA:59,1
DA:60,1
DA:62,1
DA:70,1
DA:71,1
DA:72,1
DA:74,1
DA:75,1
DA:78,0
DA:92,1
LF:30
LH:20
BRDA:41,0,0,0
BRDA:41,0,1,0
BRDA:41,1,0,0
BRDA:41,1,1,0
BRDA:41,1,2,0
BRDA:74,2,0,1
BRDA:74,2,1,0
BRF:7
BRH:1
end_of_record
TN:
SF:/home/mhashim/Desktop/NewWork/AutoMart/src/middlewares/SigninVali.js
FN:16,(anonymous_1)
FN:24,(anonymous_2)
FNF:2
FNH:2
FNDA:1,(anonymous_1)
FNDA:1,(anonymous_2)
DA:1,1
DA:2,1
DA:3,1
DA:5,1
DA:8,1
DA:10,1
DA:11,1
DA:16,1
DA:17,1
DA:18,1
DA:24,1
DA:25,1
DA:26,0
DA:28,0
DA:37,1
LF:15
LH:13
BRDA:25,0,0,0
BRDA:25,0,1,1
BRF:2
BRH:1
end_of_record
TN:
SF:/home/mhashim/Desktop/NewWork/AutoMart/src/middlewares/SignupVali.js
FN:16,(anonymous_1)
FN:28,(anonymous_2)
FNF:2
FNH:2
FNDA:1,(anonymous_1)
FNDA:1,(anonymous_2)
DA:1,1
DA:2,1
DA:3,1
DA:5,1
DA:8,1
DA:10,1
DA:11,1
DA:16,1
DA:17,1
DA:18,1
DA:28,1
DA:29,1
DA:30,0
DA:32,0
DA:42,1
LF:15
LH:13
BRDA:29,0,0,0
BRDA:29,0,1,1
BRF:2
BRH:1
end_of_record
TN:
SF:/home/mhashim/Desktop/NewWork/AutoMart/src/middlewares/UpdateOrderVali.js
FN:16,(anonymous_1)
FN:22,(anonymous_2)
FNF:2
FNH:0
FNDA:0,(anonymous_1)
FNDA:0,(anonymous_2)
DA:1,1
DA:2,1
DA:3,1
DA:5,1
DA:8,1
DA:10,1
DA:11,1
DA:16,1
DA:17,0
DA:18,0
DA:22,0
DA:23,0
DA:24,0
DA:26,0
DA:35,0
LF:15
LH:8
BRDA:23,0,0,0
BRDA:23,0,1,0
BRF:2
BRH:0
end_of_record
TN:
SF:/home/mhashim/Desktop/NewWork/AutoMart/src/middlewares/UpdatecarAdVali.js
FN:16,(anonymous_1)
FN:22,(anonymous_2)
FNF:2
FNH:2
FNDA:2,(anonymous_1)
FNDA:2,(anonymous_2)
DA:1,1
DA:2,1
DA:3,1
DA:5,1
DA:8,1
DA:10,1
DA:11,1
DA:16,1
DA:17,2
DA:18,2
DA:22,2
DA:23,2
DA:24,0
DA:26,0
DA:35,2
LF:15
LH:13
BRDA:23,0,0,0
BRDA:23,0,1,2
BRF:2
BRH:1
end_of_record
TN:
SF:/home/mhashim/Desktop/NewWork/AutoMart/src/middlewares/authenticationMiddleware.js
FN:15,(anonymous_1)
FN:25,(anonymous_2)
FNF:2
FNH:2
FNDA:5,(anonymous_1)
FNDA:5,(anonymous_2)
DA:1,1
DA:2,1
DA:3,1
DA:7,1
DA:9,1
DA:10,1
DA:15,1
DA:19,5
DA:22,5
DA:25,5
DA:27,5
DA:28,0
DA:29,0
DA:37,5
DA:38,5
DA:46,0
LF:16
LH:13
BRDA:22,0,0,5
BRDA:22,0,1,0
BRDA:27,1,0,0
BRDA:27,1,1,5
BRF:4
BRH:2
end_of_record
TN:
SF:/home/mhashim/Desktop/NewWork/AutoMart/src/middlewares/authenticonAdmin.js
FN:16,(anonymous_1)
FN:21,(anonymous_2)
FN:28,(anonymous_3)
FN:40,(anonymous_4)
FNF:4
FNH:4
FNDA:1,(anonymous_1)
FNDA:1,(anonymous_2)
FNDA:1,(anonymous_3)
FNDA:1,(anonymous_4)
DA:1,1
DA:2,1
DA:3,1
DA:4,1
DA:8,1
DA:10,1
DA:11,1
DA:16,1
DA:20,1
DA:21,1
DA:25,1
DA:28,1
DA:30,1
DA:32,0
DA:39,1
DA:40,1
DA:41,1
DA:42,1
DA:45,1
DA:46,1
DA:49,0
DA:61,0
DA:74,0
LF:23
LH:19
BRDA:25,0,0,1
BRDA:25,0,1,0
BRDA:30,1,0,0
BRDA:30,1,1,1
BRDA:39,2,0,1
BRDA:39,2,1,0
BRDA:42,3,0,1
BRDA:42,3,1,0
BRF:8
BRH:4
end_of_record
TN:
SF:/home/mhashim/Desktop/NewWork/AutoMart/src/middlewares/createAdVali.js
FN:16,(anonymous_1)
FN:25,(anonymous_2)
FNF:2
FNH:2
FNDA:1,(anonymous_1)
FNDA:1,(anonymous_2)
DA:1,1
DA:2,1
DA:3,1
DA:5,1
DA:8,1
DA:10,1
DA:11,1
DA:16,1
DA:17,1
DA:19,1
DA:25,1
DA:26,1
DA:27,0
DA:29,0
DA:38,1
LF:15
LH:13
BRDA:26,0,0,0
BRDA:26,0,1,1
BRF:2
BRH:1
end_of_record
TN:
SF:/home/mhashim/Desktop/NewWork/AutoMart/src/middlewares/createOrderVali.js
FN:16,(anonymous_1)
FN:22,(anonymous_2)
FNF:2
FNH:0
FNDA:0,(anonymous_1)
FNDA:0,(anonymous_2)
DA:1,1
DA:2,1
DA:3,1
DA:5,1
DA:8,1
DA:10,1
DA:11,1
DA:16,1
DA:17,0
DA:18,0
DA:22,0
DA:23,0
DA:24,0
DA:26,0
DA:35,0
LF:15
LH:8
BRDA:23,0,0,0
BRDA:23,0,1,0
BRF:2
BRH:0
end_of_record
TN:
SF:/home/mhashim/Desktop/NewWork/AutoMart/src/middlewares/key.js
FNF:0
FNH:0
DA:1,1
LF:1
LH:1
BRF:0
BRH:0
end_of_record
TN:
SF:/home/mhashim/Desktop/NewWork/AutoMart/src/models/Cars.js
FN:9,(anonymous_1)
FN:23,(anonymous_2)
FN:25,(anonymous_3)
FN:71,(anonymous_4)
FN:72,(anonymous_5)
FN:82,(anonymous_6)
FN:83,(anonymous_7)
FN:86,(anonymous_8)
FN:87,(anonymous_9)
FN:92,(anonymous_10)
FN:93,(anonymous_11)
FN:93,(anonymous_12)
FN:96,(anonymous_13)
FN:110,(anonymous_14)
FN:116,(anonymous_15)
FN:116,(anonymous_16)
FN:116,(anonymous_17)
FN:121,(anonymous_18)
FN:123,(anonymous_19)
FN:130,(anonymous_20)
FN:134,(anonymous_21)
FN:138,(anonymous_22)
FN:142,(anonymous_23)
FN:150,(anonymous_24)
FN:163,(anonymous_25)
FN:166,(anonymous_26)
FN:196,(anonymous_27)
FN:200,(anonymous_28)
FN:248,(anonymous_29)
FN:254,(anonymous_30)
FNF:30
FNH:10
FNDA:1,(anonymous_1)
FNDA:1,(anonymous_2)
FNDA:1,(anonymous_3)
FNDA:0,(anonymous_4)
FNDA:0,(anonymous_5)
FNDA:0,(anonymous_6)
FNDA:0,(anonymous_7)
FNDA:7,(anonymous_8)
FNDA:7,(anonymous_9)
FNDA:0,(anonymous_10)
FNDA:0,(anonymous_11)
FNDA:0,(anonymous_12)
FNDA:2,(anonymous_13)
FNDA:0,(anonymous_14)
FNDA:0,(anonymous_15)
FNDA:0,(anonymous_16)
FNDA:0,(anonymous_17)
FNDA:0,(anonymous_18)
FNDA:0,(anonymous_19)
FNDA:0,(anonymous_20)
FNDA:0,(anonymous_21)
FNDA:0,(anonymous_22)
FNDA:0,(anonymous_23)
FNDA:0,(anonymous_24)
FNDA:1,(anonymous_25)
FNDA:1,(anonymous_26)
FNDA:2,(anonymous_27)
FNDA:2,(anonymous_28)
FNDA:0,(anonymous_29)
FNDA:0,(anonymous_30)
DA:1,1
DA:2,1
DA:3,1
DA:10,1
DA:11,1
DA:12,1
DA:13,1
DA:25,1
DA:27,1
DA:28,0
DA:30,0
DA:38,1
DA:39,1
DA:52,1
DA:53,1
DA:72,0
DA:83,0
DA:87,7
DA:93,0
DA:104,2
DA:105,2
DA:109,0
DA:110,0
DA:115,0
DA:116,0
DA:123,0
DA:131,0
DA:135,0
DA:139,0
DA:143,0
DA:151,0
DA:152,0
DA:153,0
DA:154,0
DA:155,0
DA:156,0
DA:157,0
DA:164,1
DA:165,1
DA:166,1
DA:167,1
DA:168,0
DA:170,0
DA:175,1
DA:176,1
DA:177,1
DA:179,1
DA:184,0
DA:185,0
DA:189,0
DA:190,0
DA:197,2
DA:198,2
DA:200,2
DA:201,2
DA:202,0
DA:204,0
DA:209,2
DA:211,1
DA:213,0
DA:215,0
DA:217,0
DA:221,0
DA:222,0
DA:228,1
DA:229,1
DA:235,1
DA:236,1
DA:249,0
DA:250,0
DA:251,0
DA:252,0
DA:255,0
DA:256,0
DA:257,0
DA:258,0
DA:261,1
LF:77
LH:35
BRDA:27,0,0,0
BRDA:27,0,1,1
BRDA:48,1,0,1
BRDA:48,1,1,1
BRDA:93,2,0,0
BRDA:93,2,1,0
BRDA:104,3,0,2
BRDA:104,3,1,0
BRDA:109,4,0,0
BRDA:109,4,1,0
BRDA:153,5,0,0
BRDA:153,5,1,0
BRDA:154,6,0,0
BRDA:154,6,1,0
BRDA:155,7,0,0
BRDA:155,7,1,0
BRDA:167,8,0,0
BRDA:167,8,1,1
BRDA:175,9,0,1
BRDA:175,9,1,0
BRDA:176,10,0,1
BRDA:176,10,1,0
BRDA:201,11,0,0
BRDA:201,11,1,2
BRDA:209,12,0,1
BRDA:209,12,1,1
BRDA:211,13,0,0
BRDA:211,13,1,1
BRDA:213,14,0,0
BRDA:213,14,1,0
BRF:30
BRH:11
end_of_record
TN:
SF:/home/mhashim/Desktop/NewWork/AutoMart/src/models/Orders.js
FN:10,(anonymous_1)
FN:24,(anonymous_2)
FN:26,(anonymous_3)
FN:62,(anonymous_4)
FN:65,(anonymous_5)
FN:76,(anonymous_6)
FN:77,(anonymous_7)
FN:128,(anonymous_8)
FN:129,(anonymous_9)
FN:139,(anonymous_10)
FN:140,(anonymous_11)
FN:143,(anonymous_12)
FN:144,(anonymous_13)
FN:149,(anonymous_14)
FN:150,(anonymous_15)
FN:150,(anonymous_16)
FN:153,(anonymous_17)
FN:167,(anonymous_18)
FN:173,(anonymous_19)
FN:173,(anonymous_20)
FN:173,(anonymous_21)
FN:178,(anonymous_22)
FN:180,(anonymous_23)
FN:187,(anonymous_24)
FN:191,(anonymous_25)
FN:195,(anonymous_26)
FN:199,(anonymous_27)
FN:207,(anonymous_28)
FN:218,(anonymous_29)
FN:222,(anonymous_30)
FN:285,(anonymous_31)
FN:288,(anonymous_32)
FN:318,(anonymous_33)
FN:322,(anonymous_34)
FN:370,(anonymous_35)
FN:376,(anonymous_36)
FNF:36
FNH:7
FNDA:1,(anonymous_1)
FNDA:0,(anonymous_2)
FNDA:0,(anonymous_3)
FNDA:1,(anonymous_4)
FNDA:1,(anonymous_5)
FNDA:1,(anonymous_6)
FNDA:0,(anonymous_7)
FNDA:0,(anonymous_8)
FNDA:0,(anonymous_9)
FNDA:1,(anonymous_10)
FNDA:1,(anonymous_11)
FNDA:0,(anonymous_12)
FNDA:0,(anonymous_13)
FNDA:0,(anonymous_14)
FNDA:0,(anonymous_15)
FNDA:0,(anonymous_16)
FNDA:0,(anonymous_17)
FNDA:0,(anonymous_18)
FNDA:0,(anonymous_19)
FNDA:0,(anonymous_20)
FNDA:0,(anonymous_21)
FNDA:0,(anonymous_22)
FNDA:0,(anonymous_23)
FNDA:0,(anonymous_24)
FNDA:0,(anonymous_25)
FNDA:0,(anonymous_26)
FNDA:1,(anonymous_27)
FNDA:0,(anonymous_28)
FNDA:0,(anonymous_29)
FNDA:0,(anonymous_30)
FNDA:0,(anonymous_31)
FNDA:0,(anonymous_32)
FNDA:0,(anonymous_33)
FNDA:0,(anonymous_34)
FNDA:0,(anonymous_35)
FNDA:0,(anonymous_36)
DA:1,1
DA:2,1
DA:3,1
DA:4,1
DA:11,1
DA:12,1
DA:13,1
DA:14,1
DA:26,0
DA:28,0
DA:29,0
DA:31,0
DA:39,0
DA:53,0
DA:54,0
DA:63,1
DA:64,1
DA:65,1
DA:67,1
DA:68,0
DA:69,0
DA:76,1
DA:77,1
DA:80,1
DA:81,0
DA:82,0
DA:88,1
DA:90,0
DA:91,0
DA:100,1
DA:113,1
DA:114,1
DA:129,0
DA:140,1
DA:144,0
DA:150,0
DA:161,0
DA:162,0
DA:166,0
DA:167,0
DA:172,0
DA:173,0
DA:180,0
DA:188,0
DA:192,0
DA:196,0
DA:200,1
DA:208,0
DA:209,0
DA:210,0
DA:211,0
DA:212,0
DA:213,0
DA:214,0
DA:220,0
DA:221,0
DA:222,0
DA:224,0
DA:225,0
DA:227,0
DA:233,0
DA:234,0
DA:235,0
DA:236,0
DA:237,0
DA:240,0
DA:242,0
DA:243,0
DA:244,0
DA:245,0
DA:251,0
DA:255,0
DA:256,0
DA:266,0
DA:267,0
DA:274,0
DA:275,0
DA:286,0
DA:287,0
DA:288,0
DA:289,0
DA:290,0
DA:292,0
DA:297,0
DA:298,0
DA:299,0
DA:301,0
DA:306,0
DA:307,0
DA:311,0
DA:312,0
DA:319,0
DA:320,0
DA:322,0
DA:323,0
DA:324,0
DA:326,0
DA:331,0
DA:333,0
DA:335,0
DA:337,0
DA:339,0
DA:343,0
DA:344,0
DA:350,0
DA:351,0
DA:357,0
DA:358,0
DA:371,0
DA:372,0
DA:373,0
DA:374,0
DA:377,0
DA:378,0
DA:379,0
DA:380,0
DA:383,1
LF:117
LH:22
BRDA:28,0,0,0
BRDA:28,0,1,0
BRDA:49,1,0,0
BRDA:49,1,1,0
BRDA:67,2,0,0
BRDA:67,2,1,1
BRDA:80,3,0,0
BRDA:80,3,1,1
BRDA:88,4,0,0
BRDA:88,4,1,1
BRDA:150,5,0,0
BRDA:150,5,1,0
BRDA:161,6,0,0
BRDA:161,6,1,0
BRDA:166,7,0,0
BRDA:166,7,1,0
BRDA:210,8,0,0
BRDA:210,8,1,0
BRDA:211,9,0,0
BRDA:211,9,1,0
BRDA:212,10,0,0
BRDA:212,10,1,0
BRDA:224,11,0,0
BRDA:224,11,1,0
BRDA:233,12,0,0
BRDA:233,12,1,0
BRDA:234,13,0,0
BRDA:234,13,1,0
BRDA:240,14,0,0
BRDA:240,14,1,0
BRDA:242,15,0,0
BRDA:242,15,1,0
BRDA:242,15,2,0
BRDA:289,16,0,0
BRDA:289,16,1,0
BRDA:297,17,0,0
BRDA:297,17,1,0
BRDA:298,18,0,0
BRDA:298,18,1,0
BRDA:323,19,0,0
BRDA:323,19,1,0
BRDA:331,20,0,0
BRDA:331,20,1,0
BRDA:333,21,0,0
BRDA:333,21,1,0
BRDA:335,22,0,0
BRDA:335,22,1,0
BRF:47
BRH:3
end_of_record
TN:
SF:/home/mhashim/Desktop/NewWork/AutoMart/src/models/user.js
FN:18,(anonymous_1)
FN:28,(anonymous_2)
FN:61,(anonymous_3)
FN:68,(anonymous_4)
FN:73,(anonymous_5)
FN:76,(anonymous_6)
FN:91,(anonymous_7)
FN:92,(anonymous_8)
FN:100,(anonymous_9)
FN:101,(anonymous_10)
FN:101,(anonymous_11)
FN:108,(anonymous_12)
FN:112,(anonymous_13)
FN:116,(anonymous_14)
FN:120,(anonymous_15)
FN:128,(anonymous_16)
FN:148,(anonymous_17)
FNF:17
FNH:6
FNDA:1,(anonymous_1)
FNDA:1,(anonymous_2)
FNDA:1,(anonymous_3)
FNDA:1,(anonymous_4)
FNDA:1,(anonymous_5)
FNDA:1,(anonymous_6)
FNDA:0,(anonymous_7)
FNDA:0,(anonymous_8)
FNDA:0,(anonymous_9)
FNDA:0,(anonymous_10)
FNDA:0,(anonymous_11)
FNDA:0,(anonymous_12)
FNDA:0,(anonymous_13)
FNDA:0,(anonymous_14)
FNDA:0,(anonymous_15)
FNDA:0,(anonymous_16)
FNDA:0,(anonymous_17)
DA:1,1
DA:2,1
DA:3,1
DA:8,1
DA:9,1
DA:11,1
DA:19,1
DA:20,1
DA:36,1
DA:37,1
DA:38,1
DA:39,1
DA:53,1
DA:54,1
DA:62,1
DA:63,1
DA:68,1
DA:69,1
DA:70,1
DA:71,1
DA:73,1
DA:74,1
DA:76,1
DA:80,0
DA:86,0
DA:92,0
DA:101,0
DA:109,0
DA:113,0
DA:117,0
DA:121,0
DA:129,0
DA:130,0
DA:131,0
DA:132,0
DA:133,0
DA:134,0
DA:135,0
DA:149,0
DA:150,0
DA:151,0
DA:152,0
DA:155,1
LF:43
LH:24
BRDA:69,0,0,1
BRDA:69,0,1,0
BRDA:74,1,0,1
BRDA:74,1,1,0
BRDA:74,2,0,1
BRDA:74,2,1,1
BRDA:101,3,0,0
BRDA:101,3,1,0
BRDA:131,4,0,0
BRDA:131,4,1,0
BRDA:132,5,0,0
BRDA:132,5,1,0
BRDA:133,6,0,0
BRDA:133,6,1,0
BRF:14
BRH:4
end_of_record
